#
# There is insufficient memory for the Java Runtime Environment to continue.
# Native memory allocation (malloc) failed to allocate 888656 bytes for Chunk::new
# Possible reasons:
#   The system is out of physical RAM or swap space
#   The process is running with CompressedOops enabled, and the Java Heap may be blocking the growth of the native heap
# Possible solutions:
#   Reduce memory load on the system
#   Increase physical memory or swap space
#   Check if swap backing store is full
#   Decrease Java heap size (-Xmx/-Xms)
#   Decrease number of Java threads
#   Decrease Java thread stack sizes (-Xss)
#   Set larger code cache with -XX:ReservedCodeCacheSize=
#   JVM is running with Unscaled Compressed Oops mode in which the Java heap is
#     placed in the first 4GB address space. The Java Heap base address is the
#     maximum limit for the native heap growth. Please use -XX:HeapBaseMinAddress
#     to set the Java Heap base and to place the Java Heap above 4GB virtual address.
# This output file may be truncated or incomplete.
#
#  Out of Memory Error (arena.cpp:184), pid=1656, tid=8784
#
# JRE version: Java(TM) SE Runtime Environment (19.0.2+7) (build 19.0.2+7-44)
# Java VM: Java HotSpot(TM) 64-Bit Server VM (19.0.2+7-44, mixed mode, sharing, tiered, compressed oops, compressed class ptrs, g1 gc, windows-amd64)
# No core dump will be written. Minidumps are not enabled by default on client versions of Windows
#

---------------  S U M M A R Y ------------

Command Line: --add-opens=java.base/java.util=ALL-UNNAMED --add-opens=java.base/java.lang=ALL-UNNAMED --add-opens=java.base/java.lang.invoke=ALL-UNNAMED --add-opens=java.prefs/java.util.prefs=ALL-UNNAMED --add-opens=java.base/java.nio.charset=ALL-UNNAMED --add-opens=java.base/java.net=ALL-UNNAMED --add-opens=java.base/java.util.concurrent.atomic=ALL-UNNAMED -Xmx2048m -Dfile.encoding=UTF-8 -Duser.country=IT -Duser.language=it -Duser.variant -javaagent:D:\wrapper\dists\gradle-8.4-bin\1w5dpkrfk8irigvoxmyhowfim\gradle-8.4\lib\agents\gradle-instrumentation-agent-8.4.jar org.gradle.launcher.daemon.bootstrap.GradleDaemon 8.4

Host: AMD 3020e with Radeon Graphics                 , 2 cores, 3G,  Windows 11 , 64 bit Build 22621 (10.0.22621.3085)
Time: Sat Feb  3 02:47:49 2024 ora solare Europa occidentale elapsed time: 102.391319 seconds (0d 0h 1m 42s)

---------------  T H R E A D  ---------------

Current thread (0x00000219ff538080):  JavaThread "C2 CompilerThread0" daemon [_thread_in_native, id=8784, stack(0x000000f587b00000,0x000000f587c00000)]


Current CompileTask:
C2: 102391 10412       4       org.gradle.internal.snapshot.MerkleDirectorySnapshotBuilder$Directory::fold (145 bytes)

Stack: [0x000000f587b00000,0x000000f587c00000]
Native frames: (J=compiled Java code, j=interpreted, Vv=VM code, C=native code)
V  [jvm.dll+0x6ee21a]
V  [jvm.dll+0x85765e]
V  [jvm.dll+0x85904e]
V  [jvm.dll+0x859703]
V  [jvm.dll+0x28298f]
V  [jvm.dll+0xc9adf]
V  [jvm.dll+0xc9e65]
V  [jvm.dll+0x3bca12]
V  [jvm.dll+0x3860e1]
V  [jvm.dll+0x38555a]
V  [jvm.dll+0x24c3d9]
V  [jvm.dll+0x24b781]
V  [jvm.dll+0x1d6ce1]
V  [jvm.dll+0x25b25a]
V  [jvm.dll+0x2596e8]
V  [jvm.dll+0x807588]
V  [jvm.dll+0x80125a]
V  [jvm.dll+0x6ecf0b]
C  [ucrtbase.dll+0x29363]
C  [KERNEL32.DLL+0x1257d]
C  [ntdll.dll+0x5aa58]


---------------  P R O C E S S  ---------------

Threads class SMR info:
_java_thread_list=0x000002198b8d9730, length=44, elements={
0x00000219e3a58960, 0x00000219ff530a90, 0x00000219ff531880, 0x00000219ff532670,
0x00000219ff5341b0, 0x00000219ff536af0, 0x00000219ff537420, 0x00000219ff538080,
0x00000219ff5a5a90, 0x00000219ff5a8020, 0x00000219ff504c40, 0x00000219ff87aff0,
0x00000219872d2020, 0x0000021987321190, 0x000002198738d6d0, 0x00000219ff747aa0,
0x00000219867b1fa0, 0x00000219871d4ae0, 0x00000219871d4590, 0x00000219871d4040,
0x00000219871d5030, 0x00000219871d2b00, 0x00000219871d5580, 0x00000219871d2060,
0x00000219871d3050, 0x00000219871d3af0, 0x0000021988262030, 0x0000021988263ac0,
0x000002198825f060, 0x00000219882605a0, 0x000002198825f5b0, 0x0000021988260050,
0x000002198825e070, 0x0000021988264010, 0x0000021988263020, 0x0000021988263570,
0x0000021988261ae0, 0x0000021988264560, 0x0000021988264ab0, 0x00000219890c1060,
0x00000219890c15b0, 0x00000219890c25a0, 0x00000219890c0070, 0x00000219890c3590
}

Java Threads: ( => current thread )
  0x00000219e3a58960 JavaThread "main" [_thread_blocked, id=7200, stack(0x000000f586e00000,0x000000f586f00000)]
  0x00000219ff530a90 JavaThread "Reference Handler" daemon [_thread_blocked, id=788, stack(0x000000f587500000,0x000000f587600000)]
  0x00000219ff531880 JavaThread "Finalizer" daemon [_thread_blocked, id=5956, stack(0x000000f587600000,0x000000f587700000)]
  0x00000219ff532670 JavaThread "Signal Dispatcher" daemon [_thread_blocked, id=2184, stack(0x000000f587700000,0x000000f587800000)]
  0x00000219ff5341b0 JavaThread "Attach Listener" daemon [_thread_blocked, id=7304, stack(0x000000f587800000,0x000000f587900000)]
  0x00000219ff536af0 JavaThread "Service Thread" daemon [_thread_blocked, id=6120, stack(0x000000f587900000,0x000000f587a00000)]
  0x00000219ff537420 JavaThread "Monitor Deflation Thread" daemon [_thread_blocked, id=4228, stack(0x000000f587a00000,0x000000f587b00000)]
=>0x00000219ff538080 JavaThread "C2 CompilerThread0" daemon [_thread_in_native, id=8784, stack(0x000000f587b00000,0x000000f587c00000)]
  0x00000219ff5a5a90 JavaThread "C1 CompilerThread0" daemon [_thread_blocked, id=4736, stack(0x000000f587c00000,0x000000f587d00000)]
  0x00000219ff5a8020 JavaThread "Sweeper thread" daemon [_thread_blocked, id=2204, stack(0x000000f587d00000,0x000000f587e00000)]
  0x00000219ff504c40 JavaThread "Common-Cleaner" daemon [_thread_blocked, id=5432, stack(0x000000f587e00000,0x000000f587f00000)]
  0x00000219ff87aff0 JavaThread "Notification Thread" daemon [_thread_blocked, id=8964, stack(0x000000f587f00000,0x000000f588000000)]
  0x00000219872d2020 JavaThread "Daemon health stats" [_thread_blocked, id=9356, stack(0x000000f588200000,0x000000f588300000)]
  0x0000021987321190 JavaThread "Incoming local TCP Connector on port 51973" [_thread_in_native, id=7824, stack(0x000000f588300000,0x000000f588400000)]
  0x000002198738d6d0 JavaThread "Daemon periodic checks" [_thread_blocked, id=10672, stack(0x000000f588400000,0x000000f588500000)]
  0x00000219ff747aa0 JavaThread "Daemon" [_thread_blocked, id=2596, stack(0x000000f588500000,0x000000f588600000)]
  0x00000219867b1fa0 JavaThread "Handler for socket connection from /127.0.0.1:51973 to /127.0.0.1:51974" [_thread_in_native, id=10480, stack(0x000000f588600000,0x000000f588700000)]
  0x00000219871d4ae0 JavaThread "Cancel handler" [_thread_blocked, id=10012, stack(0x000000f588700000,0x000000f588800000)]
  0x00000219871d4590 JavaThread "Daemon worker" [_thread_blocked, id=2156, stack(0x000000f588800000,0x000000f588900000)]
  0x00000219871d4040 JavaThread "Asynchronous log dispatcher for DefaultDaemonConnection: socket connection from /127.0.0.1:51973 to /127.0.0.1:51974" [_thread_blocked, id=6564, stack(0x000000f588900000,0x000000f588a00000)]
  0x00000219871d5030 JavaThread "Daemon client event forwarder" [_thread_blocked, id=10244, stack(0x000000f588b00000,0x000000f588c00000)]
  0x00000219871d2b00 JavaThread "Cache worker for journal cache (D:\caches\journal-1)" [_thread_blocked, id=10988, stack(0x000000f588c00000,0x000000f588d00000)]
  0x00000219871d5580 JavaThread "File lock request listener" [_thread_in_native, id=260, stack(0x000000f588d00000,0x000000f588e00000)]
  0x00000219871d2060 JavaThread "Cache worker for file hash cache (D:\caches\8.4\fileHashes)" [_thread_blocked, id=11120, stack(0x000000f588e00000,0x000000f588f00000)]
  0x00000219871d3050 JavaThread "File watcher server" daemon [_thread_in_native, id=1400, stack(0x000000f588f00000,0x000000f589000000)]
  0x00000219871d3af0 JavaThread "File watcher consumer" daemon [_thread_blocked, id=7176, stack(0x000000f589000000,0x000000f589100000)]
  0x0000021988262030 JavaThread "jar transforms" [_thread_blocked, id=4048, stack(0x000000f589100000,0x000000f589200000)]
  0x0000021988263ac0 JavaThread "jar transforms Thread 2" [_thread_blocked, id=6964, stack(0x000000f589200000,0x000000f589300000)]
  0x000002198825f060 JavaThread "Cache worker for checksums cache (D:\AndroidStudioProjects\ScanApp\.gradle\8.4\checksums)" [_thread_blocked, id=10836, stack(0x000000f589300000,0x000000f589400000)]
  0x00000219882605a0 JavaThread "Cache worker for file hash cache (D:\AndroidStudioProjects\ScanApp\.gradle\8.4\fileHashes)" [_thread_blocked, id=11108, stack(0x000000f589400000,0x000000f589500000)]
  0x000002198825f5b0 JavaThread "Cache worker for cache directory md-supplier (D:\caches\8.4\md-supplier)" [_thread_blocked, id=5208, stack(0x000000f589500000,0x000000f589600000)]
  0x0000021988260050 JavaThread "Cache worker for file content cache (D:\caches\8.4\fileContent)" [_thread_blocked, id=3972, stack(0x000000f589600000,0x000000f589700000)]
  0x000002198825e070 JavaThread "Cache worker for cache directory md-rule (D:\caches\8.4\md-rule)" [_thread_blocked, id=10596, stack(0x000000f589700000,0x000000f589800000)]
  0x0000021988264010 JavaThread "Cache worker for execution history cache (D:\caches\8.4\executionHistory)" [_thread_blocked, id=1156, stack(0x000000f589800000,0x000000f589900000)]
  0x0000021988263020 JavaThread "Cache worker for kotlin-dsl (D:\caches\8.4\kotlin-dsl)" [_thread_blocked, id=2000, stack(0x000000f589900000,0x000000f589a00000)]
  0x0000021988263570 JavaThread "Cache worker for dependencies-accessors (D:\AndroidStudioProjects\ScanApp\.gradle\8.4\dependencies-accessors)" [_thread_blocked, id=5524, stack(0x000000f589a00000,0x000000f589b00000)]
  0x0000021988261ae0 JavaThread "Cache worker for Build Output Cleanup Cache (D:\AndroidStudioProjects\ScanApp\.gradle\buildOutputCleanup)" [_thread_blocked, id=9620, stack(0x000000f589b00000,0x000000f589c00000)]
  0x0000021988264560 JavaThread "Unconstrained build operations" [_thread_blocked, id=6100, stack(0x000000f589e00000,0x000000f589f00000)]
  0x0000021988264ab0 JavaThread "Memory manager" [_thread_blocked, id=4376, stack(0x000000f589f00000,0x000000f58a000000)]
  0x00000219890c1060 JavaThread "included builds" [_thread_blocked, id=7148, stack(0x000000f586c00000,0x000000f586d00000)]
  0x00000219890c15b0 JavaThread "Execution worker" [_thread_blocked, id=6460, stack(0x000000f586d00000,0x000000f586e00000)]
  0x00000219890c25a0 JavaThread "Cache worker for execution history cache (D:\AndroidStudioProjects\ScanApp\.gradle\8.4\executionHistory)" [_thread_blocked, id=10136, stack(0x000000f588a00000,0x000000f588b00000)]
  0x00000219890c0070 JavaThread "idea-tooling-model-converter" [_thread_blocked, id=1564, stack(0x000000f58a000000,0x000000f58a100000)]
  0x00000219890c3590 JavaThread "Unconstrained build operations Thread 2" [_thread_in_native, id=5736, stack(0x000000f58a100000,0x000000f58a200000)]

Other Threads:
  0x00000219ff5153a0 VMThread "VM Thread" [stack: 0x000000f587400000,0x000000f587500000] [id=2092]
  0x00000219e3a59750 WatcherThread "VM Periodic Task Thread" [stack: 0x000000f588000000,0x000000f588100000] [id=1408]
  0x00000219e3ab5a60 WorkerThread "GC Thread#0" [stack: 0x000000f586f00000,0x000000f587000000] [id=2396]
  0x00000219ff913bc0 WorkerThread "GC Thread#1" [stack: 0x000000f588100000,0x000000f588200000] [id=9708]
  0x00000219e3ac63a0 ConcurrentGCThread "G1 Main Marker" [stack: 0x000000f587000000,0x000000f587100000] [id=2328]
  0x00000219e3ac7620 WorkerThread "G1 Conc#0" [stack: 0x000000f587100000,0x000000f587200000] [id=2460]
  0x00000219e3aff4e0 ConcurrentGCThread "G1 Refine#0" [stack: 0x000000f587200000,0x000000f587300000] [id=7636]
  0x00000219e3afff30 ConcurrentGCThread "G1 Service" [stack: 0x000000f587300000,0x000000f587400000] [id=6992]

Threads with active compile tasks:
C2 CompilerThread0   102500 10412       4       org.gradle.internal.snapshot.MerkleDirectorySnapshotBuilder$Directory::fold (145 bytes)

VM state: not at safepoint (normal execution)

VM Mutex/Monitor currently owned by a thread: None

Heap address: 0x0000000080000000, size: 2048 MB, Compressed Oops mode: 32-bit

CDS archive(s) mapped at: [0x0000000800000000-0x0000000800c40000-0x0000000800c40000), size 12845056, SharedBaseAddress: 0x0000000800000000, ArchiveRelocationMode: 0.
Compressed class space mapped at: 0x0000000801000000-0x0000000841000000, reserved size: 1073741824
Narrow klass base: 0x0000000800000000, Narrow klass shift: 0, Narrow klass range: 0x100000000

GC Precious Log:
 CardTable entry size: 512
 Card Set container configuration: InlinePtr #cards 5 size 8 Array Of Cards #cards 12 size 40 Howl #buckets 4 coarsen threshold 1843 Howl Bitmap #cards 512 size 80 coarsen threshold 460 Card regions per heap region 1 cards per card region 2048
 CPUs: 2 total, 2 available
 Memory: 3463M
 Large Page Support: Disabled
 NUMA Support: Disabled
 Compressed Oops: Enabled (32-bit)
 Heap Region Size: 1M
 Heap Min Capacity: 8M
 Heap Initial Capacity: 56M
 Heap Max Capacity: 2G
 Pre-touch: Disabled
 Parallel Workers: 2
 Concurrent Workers: 1
 Concurrent Refinement Workers: 2
 Periodic GC: Disabled

Heap:
 garbage-first heap   total 275456K, used 189181K [0x0000000080000000, 0x0000000100000000)
  region size 1024K, 38 young (38912K), 1 survivors (1024K)
 Metaspace       used 84926K, committed 86976K, reserved 1179648K
  class space    used 11641K, committed 12736K, reserved 1048576K

Heap Regions: E=young(eden), S=young(survivor), O=old, HS=humongous(starts), HC=humongous(continues), CS=collection set, F=free, OA=open archive, CA=closed archive, TAMS=top-at-mark-start (previous, next)
|   0|0x0000000080000000, 0x0000000080100000, 0x0000000080100000|100%| O|  |TAMS 0x0000000080100000, 0x0000000080000000| Untracked 
|   1|0x0000000080100000, 0x0000000080200000, 0x0000000080200000|100%| O|  |TAMS 0x0000000080200000, 0x0000000080100000| Untracked 
|   2|0x0000000080200000, 0x0000000080300000, 0x0000000080300000|100%|HS|  |TAMS 0x0000000080300000, 0x0000000080200000| Complete 
|   3|0x0000000080300000, 0x0000000080400000, 0x0000000080400000|100%|HC|  |TAMS 0x0000000080400000, 0x0000000080300000| Complete 
|   4|0x0000000080400000, 0x0000000080500000, 0x0000000080500000|100%|HC|  |TAMS 0x0000000080500000, 0x0000000080400000| Complete 
|   5|0x0000000080500000, 0x0000000080600000, 0x0000000080600000|100%|HC|  |TAMS 0x0000000080600000, 0x0000000080500000| Complete 
|   6|0x0000000080600000, 0x0000000080700000, 0x0000000080700000|100%| O|  |TAMS 0x0000000080700000, 0x0000000080600000| Untracked 
|   7|0x0000000080700000, 0x0000000080800000, 0x0000000080800000|100%| O|  |TAMS 0x0000000080800000, 0x0000000080700000| Untracked 
|   8|0x0000000080800000, 0x0000000080900000, 0x0000000080900000|100%| O|  |TAMS 0x0000000080900000, 0x0000000080800000| Untracked 
|   9|0x0000000080900000, 0x0000000080a00000, 0x0000000080a00000|100%|HS|  |TAMS 0x0000000080a00000, 0x0000000080900000| Complete 
|  10|0x0000000080a00000, 0x0000000080b00000, 0x0000000080b00000|100%| O|  |TAMS 0x0000000080b00000, 0x0000000080a00000| Untracked 
|  11|0x0000000080b00000, 0x0000000080c00000, 0x0000000080c00000|100%| O|  |TAMS 0x0000000080c00000, 0x0000000080b00000| Untracked 
|  12|0x0000000080c00000, 0x0000000080d00000, 0x0000000080d00000|100%| O|  |TAMS 0x0000000080d00000, 0x0000000080c00000| Untracked 
|  13|0x0000000080d00000, 0x0000000080e00000, 0x0000000080e00000|100%| O|  |TAMS 0x0000000080e00000, 0x0000000080d00000| Untracked 
|  14|0x0000000080e00000, 0x0000000080f00000, 0x0000000080f00000|100%| O|  |TAMS 0x0000000080f00000, 0x0000000080e00000| Untracked 
|  15|0x0000000080f00000, 0x0000000081000000, 0x0000000081000000|100%| O|  |TAMS 0x0000000081000000, 0x0000000080f00000| Untracked 
|  16|0x0000000081000000, 0x0000000081100000, 0x0000000081100000|100%| O|  |TAMS 0x0000000081100000, 0x0000000081000000| Untracked 
|  17|0x0000000081100000, 0x0000000081200000, 0x0000000081200000|100%| O|  |TAMS 0x0000000081200000, 0x0000000081100000| Untracked 
|  18|0x0000000081200000, 0x0000000081300000, 0x0000000081300000|100%| O|  |TAMS 0x0000000081300000, 0x0000000081200000| Untracked 
|  19|0x0000000081300000, 0x0000000081400000, 0x0000000081400000|100%| O|  |TAMS 0x0000000081400000, 0x0000000081300000| Untracked 
|  20|0x0000000081400000, 0x0000000081500000, 0x0000000081500000|100%| O|  |TAMS 0x0000000081500000, 0x0000000081400000| Untracked 
|  21|0x0000000081500000, 0x0000000081600000, 0x0000000081600000|100%|HS|  |TAMS 0x0000000081600000, 0x0000000081500000| Complete 
|  22|0x0000000081600000, 0x0000000081700000, 0x0000000081700000|100%|HC|  |TAMS 0x0000000081700000, 0x0000000081600000| Complete 
|  23|0x0000000081700000, 0x0000000081800000, 0x0000000081800000|100%|HS|  |TAMS 0x0000000081800000, 0x0000000081700000| Complete 
|  24|0x0000000081800000, 0x0000000081900000, 0x0000000081900000|100%|HC|  |TAMS 0x0000000081900000, 0x0000000081800000| Complete 
|  25|0x0000000081900000, 0x0000000081a00000, 0x0000000081a00000|100%|HC|  |TAMS 0x0000000081a00000, 0x0000000081900000| Complete 
|  26|0x0000000081a00000, 0x0000000081b00000, 0x0000000081b00000|100%|HS|  |TAMS 0x0000000081b00000, 0x0000000081a00000| Complete 
|  27|0x0000000081b00000, 0x0000000081c00000, 0x0000000081c00000|100%|HC|  |TAMS 0x0000000081c00000, 0x0000000081b00000| Complete 
|  28|0x0000000081c00000, 0x0000000081d00000, 0x0000000081d00000|100%|HS|  |TAMS 0x0000000081d00000, 0x0000000081c00000| Complete 
|  29|0x0000000081d00000, 0x0000000081e00000, 0x0000000081e00000|100%|HC|  |TAMS 0x0000000081e00000, 0x0000000081d00000| Complete 
|  30|0x0000000081e00000, 0x0000000081f00000, 0x0000000081f00000|100%| O|  |TAMS 0x0000000081f00000, 0x0000000081e00000| Untracked 
|  31|0x0000000081f00000, 0x0000000082000000, 0x0000000082000000|100%| O|  |TAMS 0x0000000082000000, 0x0000000081f00000| Untracked 
|  32|0x0000000082000000, 0x0000000082100000, 0x0000000082100000|100%| O|  |TAMS 0x0000000082100000, 0x0000000082000000| Untracked 
|  33|0x0000000082100000, 0x0000000082200000, 0x0000000082200000|100%| O|  |TAMS 0x0000000082200000, 0x0000000082100000| Untracked 
|  34|0x0000000082200000, 0x0000000082300000, 0x0000000082300000|100%| O|  |TAMS 0x0000000082300000, 0x0000000082200000| Untracked 
|  35|0x0000000082300000, 0x0000000082400000, 0x0000000082400000|100%| O|  |TAMS 0x0000000082400000, 0x0000000082300000| Untracked 
|  36|0x0000000082400000, 0x0000000082500000, 0x0000000082500000|100%| O|  |TAMS 0x0000000082500000, 0x0000000082400000| Untracked 
|  37|0x0000000082500000, 0x0000000082600000, 0x0000000082600000|100%| O|  |TAMS 0x0000000082600000, 0x0000000082500000| Untracked 
|  38|0x0000000082600000, 0x0000000082700000, 0x0000000082700000|100%| O|  |TAMS 0x0000000082700000, 0x0000000082600000| Untracked 
|  39|0x0000000082700000, 0x0000000082800000, 0x0000000082800000|100%| O|  |TAMS 0x0000000082800000, 0x0000000082700000| Untracked 
|  40|0x0000000082800000, 0x0000000082900000, 0x0000000082900000|100%|HS|  |TAMS 0x0000000082900000, 0x0000000082800000| Complete 
|  41|0x0000000082900000, 0x0000000082a00000, 0x0000000082a00000|100%|HC|  |TAMS 0x0000000082a00000, 0x0000000082900000| Complete 
|  42|0x0000000082a00000, 0x0000000082b00000, 0x0000000082b00000|100%|HC|  |TAMS 0x0000000082b00000, 0x0000000082a00000| Complete 
|  43|0x0000000082b00000, 0x0000000082c00000, 0x0000000082c00000|100%| O|  |TAMS 0x0000000082c00000, 0x0000000082b00000| Untracked 
|  44|0x0000000082c00000, 0x0000000082d00000, 0x0000000082d00000|100%| O|  |TAMS 0x0000000082d00000, 0x0000000082c00000| Untracked 
|  45|0x0000000082d00000, 0x0000000082e00000, 0x0000000082e00000|100%|HS|  |TAMS 0x0000000082e00000, 0x0000000082d00000| Complete 
|  46|0x0000000082e00000, 0x0000000082f00000, 0x0000000082f00000|100%|HS|  |TAMS 0x0000000082f00000, 0x0000000082e00000| Complete 
|  47|0x0000000082f00000, 0x0000000083000000, 0x0000000083000000|100%|HS|  |TAMS 0x0000000083000000, 0x0000000082f00000| Complete 
|  48|0x0000000083000000, 0x0000000083100000, 0x0000000083100000|100%| O|  |TAMS 0x0000000083100000, 0x0000000083000000| Untracked 
|  49|0x0000000083100000, 0x0000000083200000, 0x0000000083200000|100%| O|  |TAMS 0x0000000083200000, 0x0000000083100000| Untracked 
|  50|0x0000000083200000, 0x0000000083300000, 0x0000000083300000|100%| O|  |TAMS 0x0000000083300000, 0x0000000083200000| Untracked 
|  51|0x0000000083300000, 0x0000000083400000, 0x0000000083400000|100%| O|  |TAMS 0x0000000083400000, 0x0000000083300000| Untracked 
|  52|0x0000000083400000, 0x0000000083500000, 0x0000000083500000|100%| O|  |TAMS 0x0000000083500000, 0x0000000083400000| Untracked 
|  53|0x0000000083500000, 0x0000000083500000, 0x0000000083600000|  0%| F|  |TAMS 0x0000000083500000, 0x0000000083500000| Untracked 
|  54|0x0000000083600000, 0x0000000083700000, 0x0000000083700000|100%| O|  |TAMS 0x0000000083700000, 0x0000000083600000| Untracked 
|  55|0x0000000083700000, 0x0000000083800000, 0x0000000083800000|100%| O|  |TAMS 0x0000000083800000, 0x0000000083700000| Untracked 
|  56|0x0000000083800000, 0x0000000083900000, 0x0000000083900000|100%|HS|  |TAMS 0x0000000083900000, 0x0000000083800000| Complete 
|  57|0x0000000083900000, 0x0000000083a00000, 0x0000000083a00000|100%|HC|  |TAMS 0x0000000083a00000, 0x0000000083900000| Complete 
|  58|0x0000000083a00000, 0x0000000083b00000, 0x0000000083b00000|100%|HC|  |TAMS 0x0000000083b00000, 0x0000000083a00000| Complete 
|  59|0x0000000083b00000, 0x0000000083c00000, 0x0000000083c00000|100%|HC|  |TAMS 0x0000000083c00000, 0x0000000083b00000| Complete 
|  60|0x0000000083c00000, 0x0000000083d00000, 0x0000000083d00000|100%|HC|  |TAMS 0x0000000083d00000, 0x0000000083c00000| Complete 
|  61|0x0000000083d00000, 0x0000000083e00000, 0x0000000083e00000|100%|HC|  |TAMS 0x0000000083e00000, 0x0000000083d00000| Complete 
|  62|0x0000000083e00000, 0x0000000083f00000, 0x0000000083f00000|100%|HC|  |TAMS 0x0000000083f00000, 0x0000000083e00000| Complete 
|  63|0x0000000083f00000, 0x0000000084000000, 0x0000000084000000|100%|HC|  |TAMS 0x0000000084000000, 0x0000000083f00000| Complete 
|  64|0x0000000084000000, 0x0000000084100000, 0x0000000084100000|100%|HC|  |TAMS 0x0000000084100000, 0x0000000084000000| Complete 
|  65|0x0000000084100000, 0x0000000084200000, 0x0000000084200000|100%|HC|  |TAMS 0x0000000084200000, 0x0000000084100000| Complete 
|  66|0x0000000084200000, 0x0000000084300000, 0x0000000084300000|100%|HC|  |TAMS 0x0000000084300000, 0x0000000084200000| Complete 
|  67|0x0000000084300000, 0x0000000084400000, 0x0000000084400000|100%|HC|  |TAMS 0x0000000084400000, 0x0000000084300000| Complete 
|  68|0x0000000084400000, 0x0000000084500000, 0x0000000084500000|100%| O|  |TAMS 0x0000000084500000, 0x0000000084400000| Untracked 
|  69|0x0000000084500000, 0x0000000084600000, 0x0000000084600000|100%|HS|  |TAMS 0x0000000084600000, 0x0000000084500000| Complete 
|  70|0x0000000084600000, 0x0000000084700000, 0x0000000084700000|100%| O|  |TAMS 0x0000000084700000, 0x0000000084600000| Untracked 
|  71|0x0000000084700000, 0x0000000084800000, 0x0000000084800000|100%| O|  |TAMS 0x0000000084800000, 0x0000000084700000| Untracked 
|  72|0x0000000084800000, 0x0000000084900000, 0x0000000084900000|100%| O|  |TAMS 0x0000000084900000, 0x0000000084800000| Untracked 
|  73|0x0000000084900000, 0x0000000084a00000, 0x0000000084a00000|100%| O|  |TAMS 0x0000000084a00000, 0x0000000084900000| Untracked 
|  74|0x0000000084a00000, 0x0000000084b00000, 0x0000000084b00000|100%| O|  |TAMS 0x0000000084b00000, 0x0000000084a00000| Untracked 
|  75|0x0000000084b00000, 0x0000000084c00000, 0x0000000084c00000|100%| O|  |TAMS 0x0000000084c00000, 0x0000000084b00000| Untracked 
|  76|0x0000000084c00000, 0x0000000084d00000, 0x0000000084d00000|100%| O|  |TAMS 0x0000000084d00000, 0x0000000084c00000| Untracked 
|  77|0x0000000084d00000, 0x0000000084e00000, 0x0000000084e00000|100%| O|  |TAMS 0x0000000084e00000, 0x0000000084d00000| Untracked 
|  78|0x0000000084e00000, 0x0000000084f00000, 0x0000000084f00000|100%| O|  |TAMS 0x0000000084f00000, 0x0000000084e00000| Untracked 
|  79|0x0000000084f00000, 0x0000000085000000, 0x0000000085000000|100%| O|  |TAMS 0x0000000085000000, 0x0000000084f00000| Untracked 
|  80|0x0000000085000000, 0x0000000085100000, 0x0000000085100000|100%| O|  |TAMS 0x0000000085100000, 0x0000000085000000| Untracked 
|  81|0x0000000085100000, 0x0000000085200000, 0x0000000085200000|100%| O|  |TAMS 0x0000000085200000, 0x0000000085100000| Untracked 
|  82|0x0000000085200000, 0x0000000085300000, 0x0000000085300000|100%| O|  |TAMS 0x0000000085300000, 0x0000000085200000| Untracked 
|  83|0x0000000085300000, 0x0000000085400000, 0x0000000085400000|100%| O|  |TAMS 0x0000000085400000, 0x0000000085300000| Untracked 
|  84|0x0000000085400000, 0x0000000085500000, 0x0000000085500000|100%| O|  |TAMS 0x0000000085500000, 0x0000000085400000| Untracked 
|  85|0x0000000085500000, 0x0000000085600000, 0x0000000085600000|100%| O|  |TAMS 0x0000000085600000, 0x0000000085500000| Untracked 
|  86|0x0000000085600000, 0x0000000085700000, 0x0000000085700000|100%| O|  |TAMS 0x0000000085700000, 0x0000000085600000| Untracked 
|  87|0x0000000085700000, 0x0000000085800000, 0x0000000085800000|100%| O|  |TAMS 0x0000000085800000, 0x0000000085700000| Untracked 
|  88|0x0000000085800000, 0x0000000085900000, 0x0000000085900000|100%| O|  |TAMS 0x0000000085900000, 0x0000000085800000| Untracked 
|  89|0x0000000085900000, 0x0000000085a00000, 0x0000000085a00000|100%| O|  |TAMS 0x0000000085a00000, 0x0000000085900000| Untracked 
|  90|0x0000000085a00000, 0x0000000085b00000, 0x0000000085b00000|100%|HS|  |TAMS 0x0000000085b00000, 0x0000000085a00000| Complete 
|  91|0x0000000085b00000, 0x0000000085c00000, 0x0000000085c00000|100%|HC|  |TAMS 0x0000000085c00000, 0x0000000085b00000| Complete 
|  92|0x0000000085c00000, 0x0000000085d00000, 0x0000000085d00000|100%|HS|  |TAMS 0x0000000085d00000, 0x0000000085c00000| Complete 
|  93|0x0000000085d00000, 0x0000000085e00000, 0x0000000085e00000|100%|HC|  |TAMS 0x0000000085e00000, 0x0000000085d00000| Complete 
|  94|0x0000000085e00000, 0x0000000085f00000, 0x0000000085f00000|100%|HC|  |TAMS 0x0000000085f00000, 0x0000000085e00000| Complete 
|  95|0x0000000085f00000, 0x0000000086000000, 0x0000000086000000|100%|HS|  |TAMS 0x0000000086000000, 0x0000000085f00000| Complete 
|  96|0x0000000086000000, 0x0000000086100000, 0x0000000086100000|100%|HC|  |TAMS 0x0000000086100000, 0x0000000086000000| Complete 
|  97|0x0000000086100000, 0x0000000086200000, 0x0000000086200000|100%| O|  |TAMS 0x0000000086200000, 0x0000000086100000| Untracked 
|  98|0x0000000086200000, 0x0000000086300000, 0x0000000086300000|100%| O|  |TAMS 0x0000000086300000, 0x0000000086200000| Untracked 
|  99|0x0000000086300000, 0x0000000086400000, 0x0000000086400000|100%|HS|  |TAMS 0x0000000086400000, 0x0000000086300000| Complete 
| 100|0x0000000086400000, 0x0000000086500000, 0x0000000086500000|100%|HC|  |TAMS 0x0000000086500000, 0x0000000086400000| Complete 
| 101|0x0000000086500000, 0x0000000086600000, 0x0000000086600000|100%|HC|  |TAMS 0x0000000086600000, 0x0000000086500000| Complete 
| 102|0x0000000086600000, 0x0000000086700000, 0x0000000086700000|100%|HC|  |TAMS 0x0000000086700000, 0x0000000086600000| Complete 
| 103|0x0000000086700000, 0x0000000086800000, 0x0000000086800000|100%|HC|  |TAMS 0x0000000086800000, 0x0000000086700000| Complete 
| 104|0x0000000086800000, 0x0000000086900000, 0x0000000086900000|100%|HC|  |TAMS 0x0000000086900000, 0x0000000086800000| Complete 
| 105|0x0000000086900000, 0x0000000086a00000, 0x0000000086a00000|100%|HC|  |TAMS 0x0000000086a00000, 0x0000000086900000| Complete 
| 106|0x0000000086a00000, 0x0000000086b00000, 0x0000000086b00000|100%|HC|  |TAMS 0x0000000086b00000, 0x0000000086a00000| Complete 
| 107|0x0000000086b00000, 0x0000000086c00000, 0x0000000086c00000|100%|HC|  |TAMS 0x0000000086c00000, 0x0000000086b00000| Complete 
| 108|0x0000000086c00000, 0x0000000086d00000, 0x0000000086d00000|100%|HC|  |TAMS 0x0000000086d00000, 0x0000000086c00000| Complete 
| 109|0x0000000086d00000, 0x0000000086e00000, 0x0000000086e00000|100%|HC|  |TAMS 0x0000000086e00000, 0x0000000086d00000| Complete 
| 110|0x0000000086e00000, 0x0000000086f00000, 0x0000000086f00000|100%|HC|  |TAMS 0x0000000086f00000, 0x0000000086e00000| Complete 
| 111|0x0000000086f00000, 0x0000000087000000, 0x0000000087000000|100%| O|  |TAMS 0x0000000087000000, 0x0000000086f00000| Untracked 
| 112|0x0000000087000000, 0x0000000087100000, 0x0000000087100000|100%| O|  |TAMS 0x0000000087100000, 0x0000000087000000| Untracked 
| 113|0x0000000087100000, 0x0000000087200000, 0x0000000087200000|100%| O|  |TAMS 0x0000000087100000, 0x0000000087100000| Untracked 
| 114|0x0000000087200000, 0x0000000087300000, 0x0000000087300000|100%|HS|  |TAMS 0x0000000087300000, 0x0000000087200000| Complete 
| 115|0x0000000087300000, 0x0000000087400000, 0x0000000087400000|100%|HC|  |TAMS 0x0000000087400000, 0x0000000087300000| Complete 
| 116|0x0000000087400000, 0x0000000087500000, 0x0000000087500000|100%| O|  |TAMS 0x0000000087500000, 0x0000000087400000| Untracked 
| 117|0x0000000087500000, 0x0000000087600000, 0x0000000087600000|100%| O|  |TAMS 0x0000000087600000, 0x0000000087500000| Untracked 
| 118|0x0000000087600000, 0x0000000087700000, 0x0000000087700000|100%| O|  |TAMS 0x0000000087600000, 0x0000000087600000| Untracked 
| 119|0x0000000087700000, 0x0000000087800000, 0x0000000087800000|100%| O|  |TAMS 0x0000000087800000, 0x0000000087700000| Untracked 
| 120|0x0000000087800000, 0x0000000087900000, 0x0000000087900000|100%| O|  |TAMS 0x0000000087900000, 0x0000000087800000| Untracked 
| 121|0x0000000087900000, 0x0000000087a00000, 0x0000000087a00000|100%| O|  |TAMS 0x0000000087a00000, 0x0000000087900000| Untracked 
| 122|0x0000000087a00000, 0x0000000087b00000, 0x0000000087b00000|100%| O|  |TAMS 0x0000000087b00000, 0x0000000087a00000| Untracked 
| 123|0x0000000087b00000, 0x0000000087c00000, 0x0000000087c00000|100%| O|  |TAMS 0x0000000087c00000, 0x0000000087b00000| Untracked 
| 124|0x0000000087c00000, 0x0000000087d00000, 0x0000000087d00000|100%| O|  |TAMS 0x0000000087d00000, 0x0000000087c00000| Untracked 
| 125|0x0000000087d00000, 0x0000000087e00000, 0x0000000087e00000|100%| O|  |TAMS 0x0000000087e00000, 0x0000000087d00000| Untracked 
| 126|0x0000000087e00000, 0x0000000087f00000, 0x0000000087f00000|100%| O|  |TAMS 0x0000000087e00000, 0x0000000087e00000| Untracked 
| 127|0x0000000087f00000, 0x0000000088000000, 0x0000000088000000|100%| O|  |TAMS 0x0000000087f00000, 0x0000000087f00000| Untracked 
| 128|0x0000000088000000, 0x0000000088100000, 0x0000000088100000|100%| O|  |TAMS 0x0000000088100000, 0x0000000088000000| Untracked 
| 129|0x0000000088100000, 0x0000000088200000, 0x0000000088200000|100%| O|  |TAMS 0x0000000088200000, 0x0000000088100000| Untracked 
| 130|0x0000000088200000, 0x0000000088300000, 0x0000000088300000|100%| O|  |TAMS 0x0000000088300000, 0x0000000088200000| Untracked 
| 131|0x0000000088300000, 0x0000000088400000, 0x0000000088400000|100%| O|  |TAMS 0x0000000088400000, 0x0000000088300000| Untracked 
| 132|0x0000000088400000, 0x0000000088500000, 0x0000000088500000|100%| O|  |TAMS 0x0000000088500000, 0x0000000088400000| Untracked 
| 133|0x0000000088500000, 0x0000000088600000, 0x0000000088600000|100%| O|  |TAMS 0x0000000088600000, 0x0000000088500000| Untracked 
| 134|0x0000000088600000, 0x0000000088700000, 0x0000000088700000|100%| O|  |TAMS 0x0000000088700000, 0x0000000088600000| Untracked 
| 135|0x0000000088700000, 0x0000000088800000, 0x0000000088800000|100%| O|  |TAMS 0x0000000088800000, 0x0000000088700000| Untracked 
| 136|0x0000000088800000, 0x0000000088900000, 0x0000000088900000|100%| O|  |TAMS 0x0000000088900000, 0x0000000088800000| Untracked 
| 137|0x0000000088900000, 0x0000000088a00000, 0x0000000088a00000|100%| O|  |TAMS 0x0000000088a00000, 0x0000000088900000| Untracked 
| 138|0x0000000088a00000, 0x0000000088b00000, 0x0000000088b00000|100%| O|  |TAMS 0x0000000088b00000, 0x0000000088a00000| Untracked 
| 139|0x0000000088b00000, 0x0000000088c00000, 0x0000000088c00000|100%| O|  |TAMS 0x0000000088c00000, 0x0000000088b00000| Untracked 
| 140|0x0000000088c00000, 0x0000000088d00000, 0x0000000088d00000|100%| O|  |TAMS 0x0000000088d00000, 0x0000000088c00000| Untracked 
| 141|0x0000000088d00000, 0x0000000088e00000, 0x0000000088e00000|100%| O|  |TAMS 0x0000000088e00000, 0x0000000088d00000| Untracked 
| 142|0x0000000088e00000, 0x0000000088e00000, 0x0000000088f00000|  0%| F|  |TAMS 0x0000000088e00000, 0x0000000088e00000| Untracked 
| 143|0x0000000088f00000, 0x0000000089000000, 0x0000000089000000|100%| O|  |TAMS 0x0000000088f00000, 0x0000000088f00000| Untracked 
| 144|0x0000000089000000, 0x0000000089100000, 0x0000000089100000|100%| O|  |TAMS 0x0000000089000000, 0x0000000089000000| Untracked 
| 145|0x0000000089100000, 0x0000000089200000, 0x0000000089200000|100%| O|  |TAMS 0x0000000089100000, 0x0000000089100000| Untracked 
| 146|0x0000000089200000, 0x00000000892bf600, 0x0000000089300000| 74%| O|  |TAMS 0x0000000089200000, 0x0000000089200000| Untracked 
| 147|0x0000000089300000, 0x0000000089300000, 0x0000000089400000|  0%| F|  |TAMS 0x0000000089300000, 0x0000000089300000| Untracked 
| 148|0x0000000089400000, 0x0000000089400000, 0x0000000089500000|  0%| F|  |TAMS 0x0000000089400000, 0x0000000089400000| Untracked 
| 149|0x0000000089500000, 0x0000000089500000, 0x0000000089600000|  0%| F|  |TAMS 0x0000000089500000, 0x0000000089500000| Untracked 
| 150|0x0000000089600000, 0x0000000089600000, 0x0000000089700000|  0%| F|  |TAMS 0x0000000089600000, 0x0000000089600000| Untracked 
| 151|0x0000000089700000, 0x0000000089700000, 0x0000000089800000|  0%| F|  |TAMS 0x0000000089700000, 0x0000000089700000| Untracked 
| 152|0x0000000089800000, 0x0000000089800000, 0x0000000089900000|  0%| F|  |TAMS 0x0000000089800000, 0x0000000089800000| Untracked 
| 153|0x0000000089900000, 0x0000000089900000, 0x0000000089a00000|  0%| F|  |TAMS 0x0000000089900000, 0x0000000089900000| Untracked 
| 154|0x0000000089a00000, 0x0000000089a00000, 0x0000000089b00000|  0%| F|  |TAMS 0x0000000089a00000, 0x0000000089a00000| Untracked 
| 155|0x0000000089b00000, 0x0000000089b00000, 0x0000000089c00000|  0%| F|  |TAMS 0x0000000089b00000, 0x0000000089b00000| Untracked 
| 156|0x0000000089c00000, 0x0000000089c00000, 0x0000000089d00000|  0%| F|  |TAMS 0x0000000089c00000, 0x0000000089c00000| Untracked 
| 157|0x0000000089d00000, 0x0000000089d00000, 0x0000000089e00000|  0%| F|  |TAMS 0x0000000089d00000, 0x0000000089d00000| Untracked 
| 158|0x0000000089e00000, 0x0000000089e00000, 0x0000000089f00000|  0%| F|  |TAMS 0x0000000089e00000, 0x0000000089e00000| Untracked 
| 159|0x0000000089f00000, 0x0000000089f00000, 0x000000008a000000|  0%| F|  |TAMS 0x0000000089f00000, 0x0000000089f00000| Untracked 
| 160|0x000000008a000000, 0x000000008a000000, 0x000000008a100000|  0%| F|  |TAMS 0x000000008a000000, 0x000000008a000000| Untracked 
| 161|0x000000008a100000, 0x000000008a100000, 0x000000008a200000|  0%| F|  |TAMS 0x000000008a100000, 0x000000008a100000| Untracked 
| 162|0x000000008a200000, 0x000000008a200000, 0x000000008a300000|  0%| F|  |TAMS 0x000000008a200000, 0x000000008a200000| Untracked 
| 163|0x000000008a300000, 0x000000008a300000, 0x000000008a400000|  0%| F|  |TAMS 0x000000008a300000, 0x000000008a300000| Untracked 
| 164|0x000000008a400000, 0x000000008a400000, 0x000000008a500000|  0%| F|  |TAMS 0x000000008a400000, 0x000000008a400000| Untracked 
| 165|0x000000008a500000, 0x000000008a500000, 0x000000008a600000|  0%| F|  |TAMS 0x000000008a500000, 0x000000008a500000| Untracked 
| 166|0x000000008a600000, 0x000000008a600000, 0x000000008a700000|  0%| F|  |TAMS 0x000000008a600000, 0x000000008a600000| Untracked 
| 167|0x000000008a700000, 0x000000008a700000, 0x000000008a800000|  0%| F|  |TAMS 0x000000008a700000, 0x000000008a700000| Untracked 
| 168|0x000000008a800000, 0x000000008a800000, 0x000000008a900000|  0%| F|  |TAMS 0x000000008a800000, 0x000000008a800000| Untracked 
| 169|0x000000008a900000, 0x000000008a900000, 0x000000008aa00000|  0%| F|  |TAMS 0x000000008a900000, 0x000000008a900000| Untracked 
| 170|0x000000008aa00000, 0x000000008aa00000, 0x000000008ab00000|  0%| F|  |TAMS 0x000000008aa00000, 0x000000008aa00000| Untracked 
| 171|0x000000008ab00000, 0x000000008ab00000, 0x000000008ac00000|  0%| F|  |TAMS 0x000000008ab00000, 0x000000008ab00000| Untracked 
| 172|0x000000008ac00000, 0x000000008ac00000, 0x000000008ad00000|  0%| F|  |TAMS 0x000000008ac00000, 0x000000008ac00000| Untracked 
| 173|0x000000008ad00000, 0x000000008ad00000, 0x000000008ae00000|  0%| F|  |TAMS 0x000000008ad00000, 0x000000008ad00000| Untracked 
| 174|0x000000008ae00000, 0x000000008ae00000, 0x000000008af00000|  0%| F|  |TAMS 0x000000008ae00000, 0x000000008ae00000| Untracked 
| 175|0x000000008af00000, 0x000000008af00000, 0x000000008b000000|  0%| F|  |TAMS 0x000000008af00000, 0x000000008af00000| Untracked 
| 176|0x000000008b000000, 0x000000008b000000, 0x000000008b100000|  0%| F|  |TAMS 0x000000008b000000, 0x000000008b000000| Untracked 
| 177|0x000000008b100000, 0x000000008b100000, 0x000000008b200000|  0%| F|  |TAMS 0x000000008b100000, 0x000000008b100000| Untracked 
| 178|0x000000008b200000, 0x000000008b200000, 0x000000008b300000|  0%| F|  |TAMS 0x000000008b200000, 0x000000008b200000| Untracked 
| 179|0x000000008b300000, 0x000000008b300000, 0x000000008b400000|  0%| F|  |TAMS 0x000000008b300000, 0x000000008b300000| Untracked 
| 180|0x000000008b400000, 0x000000008b400000, 0x000000008b500000|  0%| F|  |TAMS 0x000000008b400000, 0x000000008b400000| Untracked 
| 181|0x000000008b500000, 0x000000008b500000, 0x000000008b600000|  0%| F|  |TAMS 0x000000008b500000, 0x000000008b500000| Untracked 
| 182|0x000000008b600000, 0x000000008b600000, 0x000000008b700000|  0%| F|  |TAMS 0x000000008b600000, 0x000000008b600000| Untracked 
| 183|0x000000008b700000, 0x000000008b700000, 0x000000008b800000|  0%| F|  |TAMS 0x000000008b700000, 0x000000008b700000| Untracked 
| 184|0x000000008b800000, 0x000000008b800000, 0x000000008b900000|  0%| F|  |TAMS 0x000000008b800000, 0x000000008b800000| Untracked 
| 185|0x000000008b900000, 0x000000008b900000, 0x000000008ba00000|  0%| F|  |TAMS 0x000000008b900000, 0x000000008b900000| Untracked 
| 186|0x000000008ba00000, 0x000000008ba00000, 0x000000008bb00000|  0%| F|  |TAMS 0x000000008ba00000, 0x000000008ba00000| Untracked 
| 187|0x000000008bb00000, 0x000000008bb00000, 0x000000008bc00000|  0%| F|  |TAMS 0x000000008bb00000, 0x000000008bb00000| Untracked 
| 188|0x000000008bc00000, 0x000000008bc00000, 0x000000008bd00000|  0%| F|  |TAMS 0x000000008bc00000, 0x000000008bc00000| Untracked 
| 189|0x000000008bd00000, 0x000000008bd00000, 0x000000008be00000|  0%| F|  |TAMS 0x000000008bd00000, 0x000000008bd00000| Untracked 
| 190|0x000000008be00000, 0x000000008be00000, 0x000000008bf00000|  0%| F|  |TAMS 0x000000008be00000, 0x000000008be00000| Untracked 
| 191|0x000000008bf00000, 0x000000008bf00000, 0x000000008c000000|  0%| F|  |TAMS 0x000000008bf00000, 0x000000008bf00000| Untracked 
| 192|0x000000008c000000, 0x000000008c000000, 0x000000008c100000|  0%| F|  |TAMS 0x000000008c000000, 0x000000008c000000| Untracked 
| 193|0x000000008c100000, 0x000000008c100000, 0x000000008c200000|  0%| F|  |TAMS 0x000000008c100000, 0x000000008c100000| Untracked 
| 194|0x000000008c200000, 0x000000008c200000, 0x000000008c300000|  0%| F|  |TAMS 0x000000008c200000, 0x000000008c200000| Untracked 
| 195|0x000000008c300000, 0x000000008c300000, 0x000000008c400000|  0%| F|  |TAMS 0x000000008c300000, 0x000000008c300000| Untracked 
| 196|0x000000008c400000, 0x000000008c400000, 0x000000008c500000|  0%| F|  |TAMS 0x000000008c400000, 0x000000008c400000| Untracked 
| 197|0x000000008c500000, 0x000000008c500000, 0x000000008c600000|  0%| F|  |TAMS 0x000000008c500000, 0x000000008c500000| Untracked 
| 198|0x000000008c600000, 0x000000008c600000, 0x000000008c700000|  0%| F|  |TAMS 0x000000008c600000, 0x000000008c600000| Untracked 
| 199|0x000000008c700000, 0x000000008c700000, 0x000000008c800000|  0%| F|  |TAMS 0x000000008c700000, 0x000000008c700000| Untracked 
| 200|0x000000008c800000, 0x000000008c800000, 0x000000008c900000|  0%| F|  |TAMS 0x000000008c800000, 0x000000008c800000| Untracked 
| 201|0x000000008c900000, 0x000000008c900000, 0x000000008ca00000|  0%| F|  |TAMS 0x000000008c900000, 0x000000008c900000| Untracked 
| 202|0x000000008ca00000, 0x000000008ca00000, 0x000000008cb00000|  0%| F|  |TAMS 0x000000008ca00000, 0x000000008ca00000| Untracked 
| 203|0x000000008cb00000, 0x000000008cb00000, 0x000000008cc00000|  0%| F|  |TAMS 0x000000008cb00000, 0x000000008cb00000| Untracked 
| 204|0x000000008cc00000, 0x000000008cc00000, 0x000000008cd00000|  0%| F|  |TAMS 0x000000008cc00000, 0x000000008cc00000| Untracked 
| 205|0x000000008cd00000, 0x000000008cd00000, 0x000000008ce00000|  0%| F|  |TAMS 0x000000008cd00000, 0x000000008cd00000| Untracked 
| 206|0x000000008ce00000, 0x000000008ce00000, 0x000000008cf00000|  0%| F|  |TAMS 0x000000008ce00000, 0x000000008ce00000| Untracked 
| 207|0x000000008cf00000, 0x000000008cf00000, 0x000000008d000000|  0%| F|  |TAMS 0x000000008cf00000, 0x000000008cf00000| Untracked 
| 208|0x000000008d000000, 0x000000008d000000, 0x000000008d100000|  0%| F|  |TAMS 0x000000008d000000, 0x000000008d000000| Untracked 
| 209|0x000000008d100000, 0x000000008d100000, 0x000000008d200000|  0%| F|  |TAMS 0x000000008d100000, 0x000000008d100000| Untracked 
| 210|0x000000008d200000, 0x000000008d200000, 0x000000008d300000|  0%| F|  |TAMS 0x000000008d200000, 0x000000008d200000| Untracked 
| 211|0x000000008d300000, 0x000000008d300000, 0x000000008d400000|  0%| F|  |TAMS 0x000000008d300000, 0x000000008d300000| Untracked 
| 212|0x000000008d400000, 0x000000008d400000, 0x000000008d500000|  0%| F|  |TAMS 0x000000008d400000, 0x000000008d400000| Untracked 
| 213|0x000000008d500000, 0x000000008d500000, 0x000000008d600000|  0%| F|  |TAMS 0x000000008d500000, 0x000000008d500000| Untracked 
| 214|0x000000008d600000, 0x000000008d600000, 0x000000008d700000|  0%| F|  |TAMS 0x000000008d600000, 0x000000008d600000| Untracked 
| 215|0x000000008d700000, 0x000000008d700000, 0x000000008d800000|  0%| F|  |TAMS 0x000000008d700000, 0x000000008d700000| Untracked 
| 216|0x000000008d800000, 0x000000008d800000, 0x000000008d900000|  0%| F|  |TAMS 0x000000008d800000, 0x000000008d800000| Untracked 
| 217|0x000000008d900000, 0x000000008d900000, 0x000000008da00000|  0%| F|  |TAMS 0x000000008d900000, 0x000000008d900000| Untracked 
| 218|0x000000008da00000, 0x000000008da00000, 0x000000008db00000|  0%| F|  |TAMS 0x000000008da00000, 0x000000008da00000| Untracked 
| 219|0x000000008db00000, 0x000000008db00000, 0x000000008dc00000|  0%| F|  |TAMS 0x000000008db00000, 0x000000008db00000| Untracked 
| 220|0x000000008dc00000, 0x000000008dc00000, 0x000000008dd00000|  0%| F|  |TAMS 0x000000008dc00000, 0x000000008dc00000| Untracked 
| 221|0x000000008dd00000, 0x000000008dd00000, 0x000000008de00000|  0%| F|  |TAMS 0x000000008dd00000, 0x000000008dd00000| Untracked 
| 222|0x000000008de00000, 0x000000008de00000, 0x000000008df00000|  0%| F|  |TAMS 0x000000008de00000, 0x000000008de00000| Untracked 
| 223|0x000000008df00000, 0x000000008df00000, 0x000000008e000000|  0%| F|  |TAMS 0x000000008df00000, 0x000000008df00000| Untracked 
| 224|0x000000008e000000, 0x000000008e000000, 0x000000008e100000|  0%| F|  |TAMS 0x000000008e000000, 0x000000008e000000| Untracked 
| 225|0x000000008e100000, 0x000000008e100000, 0x000000008e200000|  0%| F|  |TAMS 0x000000008e100000, 0x000000008e100000| Untracked 
| 226|0x000000008e200000, 0x000000008e200000, 0x000000008e300000|  0%| F|  |TAMS 0x000000008e200000, 0x000000008e200000| Untracked 
| 227|0x000000008e300000, 0x000000008e300000, 0x000000008e400000|  0%| F|  |TAMS 0x000000008e300000, 0x000000008e300000| Untracked 
| 228|0x000000008e400000, 0x000000008e4aac68, 0x000000008e500000| 66%| E|  |TAMS 0x000000008e400000, 0x000000008e400000| Complete 
| 229|0x000000008e500000, 0x000000008e600000, 0x000000008e600000|100%| E|CS|TAMS 0x000000008e500000, 0x000000008e500000| Complete 
| 230|0x000000008e600000, 0x000000008e700000, 0x000000008e700000|100%| E|CS|TAMS 0x000000008e600000, 0x000000008e600000| Complete 
| 231|0x000000008e700000, 0x000000008e800000, 0x000000008e800000|100%| E|CS|TAMS 0x000000008e700000, 0x000000008e700000| Complete 
| 232|0x000000008e800000, 0x000000008e900000, 0x000000008e900000|100%| E|CS|TAMS 0x000000008e800000, 0x000000008e800000| Complete 
| 233|0x000000008e900000, 0x000000008ea00000, 0x000000008ea00000|100%| E|CS|TAMS 0x000000008e900000, 0x000000008e900000| Complete 
| 234|0x000000008ea00000, 0x000000008eb00000, 0x000000008eb00000|100%| E|CS|TAMS 0x000000008ea00000, 0x000000008ea00000| Complete 
| 235|0x000000008eb00000, 0x000000008ec00000, 0x000000008ec00000|100%| E|CS|TAMS 0x000000008eb00000, 0x000000008eb00000| Complete 
| 236|0x000000008ec00000, 0x000000008ed00000, 0x000000008ed00000|100%| E|CS|TAMS 0x000000008ec00000, 0x000000008ec00000| Complete 
| 237|0x000000008ed00000, 0x000000008ee00000, 0x000000008ee00000|100%| E|CS|TAMS 0x000000008ed00000, 0x000000008ed00000| Complete 
| 238|0x000000008ee00000, 0x000000008ef00000, 0x000000008ef00000|100%| E|CS|TAMS 0x000000008ee00000, 0x000000008ee00000| Complete 
| 239|0x000000008ef00000, 0x000000008f000000, 0x000000008f000000|100%| E|CS|TAMS 0x000000008ef00000, 0x000000008ef00000| Complete 
| 240|0x000000008f000000, 0x000000008f100000, 0x000000008f100000|100%| E|CS|TAMS 0x000000008f000000, 0x000000008f000000| Complete 
| 241|0x000000008f100000, 0x000000008f200000, 0x000000008f200000|100%| E|CS|TAMS 0x000000008f100000, 0x000000008f100000| Complete 
| 242|0x000000008f200000, 0x000000008f300000, 0x000000008f300000|100%| E|CS|TAMS 0x000000008f200000, 0x000000008f200000| Complete 
| 243|0x000000008f300000, 0x000000008f400000, 0x000000008f400000|100%| E|CS|TAMS 0x000000008f300000, 0x000000008f300000| Complete 
| 244|0x000000008f400000, 0x000000008f500000, 0x000000008f500000|100%| E|CS|TAMS 0x000000008f400000, 0x000000008f400000| Complete 
| 245|0x000000008f500000, 0x000000008f600000, 0x000000008f600000|100%| E|CS|TAMS 0x000000008f500000, 0x000000008f500000| Complete 
| 246|0x000000008f600000, 0x000000008f700000, 0x000000008f700000|100%| E|CS|TAMS 0x000000008f600000, 0x000000008f600000| Complete 
| 247|0x000000008f700000, 0x000000008f800000, 0x000000008f800000|100%| E|CS|TAMS 0x000000008f700000, 0x000000008f700000| Complete 
| 248|0x000000008f800000, 0x000000008f900000, 0x000000008f900000|100%| E|CS|TAMS 0x000000008f800000, 0x000000008f800000| Complete 
| 249|0x000000008f900000, 0x000000008fa00000, 0x000000008fa00000|100%| E|CS|TAMS 0x000000008f900000, 0x000000008f900000| Complete 
| 250|0x000000008fa00000, 0x000000008fb00000, 0x000000008fb00000|100%| E|CS|TAMS 0x000000008fa00000, 0x000000008fa00000| Complete 
| 251|0x000000008fb00000, 0x000000008fc00000, 0x000000008fc00000|100%| E|CS|TAMS 0x000000008fb00000, 0x000000008fb00000| Complete 
| 252|0x000000008fc00000, 0x000000008fd00000, 0x000000008fd00000|100%| E|CS|TAMS 0x000000008fc00000, 0x000000008fc00000| Complete 
| 253|0x000000008fd00000, 0x000000008fe00000, 0x000000008fe00000|100%| E|CS|TAMS 0x000000008fd00000, 0x000000008fd00000| Complete 
| 254|0x000000008fe00000, 0x000000008ff00000, 0x000000008ff00000|100%| E|CS|TAMS 0x000000008fe00000, 0x000000008fe00000| Complete 
| 255|0x000000008ff00000, 0x0000000090000000, 0x0000000090000000|100%| E|CS|TAMS 0x000000008ff00000, 0x000000008ff00000| Complete 
| 256|0x0000000090000000, 0x0000000090100000, 0x0000000090100000|100%| E|CS|TAMS 0x0000000090000000, 0x0000000090000000| Complete 
| 257|0x0000000090100000, 0x0000000090200000, 0x0000000090200000|100%| E|CS|TAMS 0x0000000090100000, 0x0000000090100000| Complete 
| 258|0x0000000090200000, 0x0000000090300000, 0x0000000090300000|100%| S|CS|TAMS 0x0000000090200000, 0x0000000090200000| Complete 
| 259|0x0000000090300000, 0x0000000090400000, 0x0000000090400000|100%| E|CS|TAMS 0x0000000090300000, 0x0000000090300000| Complete 
| 260|0x0000000090400000, 0x0000000090500000, 0x0000000090500000|100%| E|CS|TAMS 0x0000000090400000, 0x0000000090400000| Complete 
| 261|0x0000000090500000, 0x0000000090600000, 0x0000000090600000|100%| E|CS|TAMS 0x0000000090500000, 0x0000000090500000| Complete 
| 262|0x0000000090600000, 0x0000000090700000, 0x0000000090700000|100%| E|CS|TAMS 0x0000000090600000, 0x0000000090600000| Complete 
| 263|0x0000000090700000, 0x0000000090800000, 0x0000000090800000|100%| E|CS|TAMS 0x0000000090700000, 0x0000000090700000| Complete 
| 264|0x0000000090800000, 0x0000000090900000, 0x0000000090900000|100%| E|CS|TAMS 0x0000000090800000, 0x0000000090800000| Complete 
| 265|0x0000000090900000, 0x0000000090a00000, 0x0000000090a00000|100%| E|CS|TAMS 0x0000000090900000, 0x0000000090900000| Complete 
|2045|0x00000000ffd00000, 0x00000000ffe00000, 0x00000000ffe00000|100%| O|  |TAMS 0x00000000ffe00000, 0x00000000ffd00000| Untracked 
|2046|0x00000000ffe00000, 0x00000000fff00000, 0x00000000fff00000|100%| O|  |TAMS 0x00000000fff00000, 0x00000000ffe00000| Untracked 
|2047|0x00000000fff00000, 0x0000000100000000, 0x0000000100000000|100%| O|  |TAMS 0x0000000100000000, 0x00000000fff00000| Untracked 

Card table byte_map: [0x00000219fa9b0000,0x00000219fadb0000] _byte_map_base: 0x00000219fa5b0000

Marking Bits (Prev, Next): (CMBitMap*) 0x00000219e193e880, (CMBitMap*) 0x00000219e193e8c0
 Prev Bits: [0x00000219fb1b0000, 0x00000219fd1b0000)
 Next Bits: [0x00000219fd1b0000, 0x00000219ff1b0000)

Polling page: 0x00000219e1800000

Metaspace:

Usage:
  Non-class:     71.57 MB used.
      Class:     11.37 MB used.
       Both:     82.94 MB used.

Virtual space:
  Non-class space:      128.00 MB reserved,      72.50 MB ( 57%) committed,  2 nodes.
      Class space:        1.00 GB reserved,      12.44 MB (  1%) committed,  1 nodes.
             Both:        1.12 GB reserved,      84.94 MB (  7%) committed. 

Chunk freelists:
   Non-Class:  3.39 MB
       Class:  3.55 MB
        Both:  6.93 MB

MaxMetaspaceSize: unlimited
CompressedClassSpaceSize: 1.00 GB
Initial GC threshold: 21.00 MB
Current GC threshold: 141.56 MB
CDS: on
MetaspaceReclaimPolicy: balanced
 - commit_granule_bytes: 65536.
 - commit_granule_words: 8192.
 - virtual_space_node_default_size: 8388608.
 - enlarge_chunks_in_place: 1.
 - new_chunks_are_fully_committed: 0.
 - uncommit_free_chunks: 1.
 - use_allocation_guard: 0.


Internal statistics:

num_allocs_failed_limit: 6.
num_arena_births: 3792.
num_arena_deaths: 0.
num_vsnodes_births: 3.
num_vsnodes_deaths: 0.
num_space_committed: 1359.
num_space_uncommitted: 0.
num_chunks_returned_to_freelist: 6.
num_chunks_taken_from_freelist: 7833.
num_chunk_merges: 6.
num_chunk_splits: 5083.
num_chunks_enlarged: 3155.
num_inconsistent_stats: 0.

CodeHeap 'non-profiled nmethods': size=120064Kb used=5238Kb max_used=5238Kb free=114825Kb
 bounds [0x00000219f3470000, 0x00000219f3990000, 0x00000219fa9b0000]
CodeHeap 'profiled nmethods': size=120000Kb used=16872Kb max_used=17438Kb free=103127Kb
 bounds [0x00000219eb9b0000, 0x00000219ecac0000, 0x00000219f2ee0000]
CodeHeap 'non-nmethods': size=5696Kb used=2487Kb max_used=2538Kb free=3208Kb
 bounds [0x00000219f2ee0000, 0x00000219f3170000, 0x00000219f3470000]
 total_blobs=9814 nmethods=8876 adapters=848
 compilation: enabled
              stopped_count=0, restarted_count=0
 full_count=0

Compilation events (20 events):
Event: 99.537 Thread 0x00000219ff538080 nmethod 10402 0x00000219f398a490 code [0x00000219f398a620, 0x00000219f398a9f8]
Event: 100.353 Thread 0x00000219ff538080 10403       4       java.util.TimSort::binarySort (223 bytes)
Event: 100.366 Thread 0x00000219ff538080 nmethod 10403 0x00000219f398ab90 code [0x00000219f398ad40, 0x00000219f398b758]
Event: 100.433 Thread 0x00000219ff538080 10404       4       jdk.internal.misc.Unsafe::copyMemory (33 bytes)
Event: 100.437 Thread 0x00000219ff538080 nmethod 10404 0x00000219f398bb90 code [0x00000219f398bd20, 0x00000219f398c018]
Event: 101.271 Thread 0x00000219ff5a5a90 10405       3       com.google.common.cache.LocalCache$Segment::enqueueNotification (67 bytes)
Event: 101.272 Thread 0x00000219ff5a5a90 nmethod 10405 0x00000219ec886910 code [0x00000219ec886b00, 0x00000219ec886f58]
Event: 101.272 Thread 0x00000219ff5a5a90 10409       3       com.google.common.cache.LocalCache$Segment::removeEntryFromChain (73 bytes)
Event: 101.272 Thread 0x00000219ff5a5a90 nmethod 10409 0x00000219ec886110 code [0x00000219ec886300, 0x00000219ec886778]
Event: 101.272 Thread 0x00000219ff5a5a90 10406       3       com.google.common.cache.CacheBuilder$1::recordEviction (1 bytes)
Event: 101.272 Thread 0x00000219ff5a5a90 nmethod 10406 0x00000219ec0e3a90 code [0x00000219ec0e3c20, 0x00000219ec0e3d38]
Event: 101.272 Thread 0x00000219ff5a5a90 10407       3       com.google.common.cache.LocalCache$2::iterator (7 bytes)
Event: 101.272 Thread 0x00000219ff5a5a90 nmethod 10407 0x00000219ebe34b10 code [0x00000219ebe34ce0, 0x00000219ebe34f68]
Event: 101.272 Thread 0x00000219ff5a5a90 10408       3       com.google.common.cache.LocalCache$AccessQueue::remove (44 bytes)
Event: 101.273 Thread 0x00000219ff5a5a90 nmethod 10408 0x00000219ebe33e10 code [0x00000219ebe34040, 0x00000219ebe348b8]
Event: 101.661 Thread 0x00000219ff538080 10410   !   4       java.lang.Thread::sleep (103 bytes)
Event: 101.708 Thread 0x00000219ff538080 nmethod 10410 0x00000219f398c310 code [0x00000219f398c4a0, 0x00000219f398c568]
Event: 101.708 Thread 0x00000219ff538080 10411   !   4       java.util.concurrent.LinkedBlockingQueue::poll (128 bytes)
Event: 101.725 Thread 0x00000219ff538080 nmethod 10411 0x00000219f398c690 code [0x00000219f398c8c0, 0x00000219f398d1f0]
Event: 102.250 Thread 0x00000219ff538080 10412       4       org.gradle.internal.snapshot.MerkleDirectorySnapshotBuilder$Directory::fold (145 bytes)

GC Heap History (20 events):
Event: 74.413 GC heap before
{Heap before GC invocations=36 (full 0):
 garbage-first heap   total 184320K, used 120271K [0x0000000080000000, 0x0000000100000000)
  region size 1024K, 20 young (20480K), 5 survivors (5120K)
 Metaspace       used 80318K, committed 82368K, reserved 1179648K
  class space    used 11006K, committed 12096K, reserved 1048576K
}
Event: 74.446 GC heap after
{Heap after GC invocations=37 (full 0):
 garbage-first heap   total 184320K, used 109471K [0x0000000080000000, 0x0000000100000000)
  region size 1024K, 5 young (5120K), 5 survivors (5120K)
 Metaspace       used 80318K, committed 82368K, reserved 1179648K
  class space    used 11006K, committed 12096K, reserved 1048576K
}
Event: 74.563 GC heap before
{Heap before GC invocations=37 (full 0):
 garbage-first heap   total 184320K, used 121759K [0x0000000080000000, 0x0000000100000000)
  region size 1024K, 6 young (6144K), 5 survivors (5120K)
 Metaspace       used 80318K, committed 82368K, reserved 1179648K
  class space    used 11006K, committed 12096K, reserved 1048576K
}
Event: 74.586 GC heap after
{Heap after GC invocations=38 (full 0):
 garbage-first heap   total 184320K, used 121913K [0x0000000080000000, 0x0000000100000000)
  region size 1024K, 3 young (3072K), 3 survivors (3072K)
 Metaspace       used 80318K, committed 82368K, reserved 1179648K
  class space    used 11006K, committed 12096K, reserved 1048576K
}
Event: 81.119 GC heap before
{Heap before GC invocations=39 (full 0):
 garbage-first heap   total 209920K, used 157753K [0x0000000080000000, 0x0000000100000000)
  region size 1024K, 36 young (36864K), 3 survivors (3072K)
 Metaspace       used 83515K, committed 85568K, reserved 1179648K
  class space    used 11470K, committed 12544K, reserved 1048576K
}
Event: 81.132 GC heap after
{Heap after GC invocations=40 (full 0):
 garbage-first heap   total 209920K, used 129487K [0x0000000080000000, 0x0000000100000000)
  region size 1024K, 5 young (5120K), 5 survivors (5120K)
 Metaspace       used 83515K, committed 85568K, reserved 1179648K
  class space    used 11470K, committed 12544K, reserved 1048576K
}
Event: 83.295 GC heap before
{Heap before GC invocations=40 (full 0):
 garbage-first heap   total 209920K, used 134607K [0x0000000080000000, 0x0000000100000000)
  region size 1024K, 10 young (10240K), 5 survivors (5120K)
 Metaspace       used 83563K, committed 85568K, reserved 1179648K
  class space    used 11470K, committed 12544K, reserved 1048576K
}
Event: 83.302 GC heap after
{Heap after GC invocations=41 (full 0):
 garbage-first heap   total 209920K, used 129407K [0x0000000080000000, 0x0000000100000000)
  region size 1024K, 1 young (1024K), 1 survivors (1024K)
 Metaspace       used 83563K, committed 85568K, reserved 1179648K
  class space    used 11470K, committed 12544K, reserved 1048576K
}
Event: 84.776 GC heap before
{Heap before GC invocations=41 (full 0):
 garbage-first heap   total 209920K, used 151935K [0x0000000080000000, 0x0000000100000000)
  region size 1024K, 25 young (25600K), 1 survivors (1024K)
 Metaspace       used 84866K, committed 86976K, reserved 1179648K
  class space    used 11639K, committed 12736K, reserved 1048576K
}
Event: 84.790 GC heap after
{Heap after GC invocations=42 (full 0):
 garbage-first heap   total 209920K, used 131399K [0x0000000080000000, 0x0000000100000000)
  region size 1024K, 3 young (3072K), 3 survivors (3072K)
 Metaspace       used 84866K, committed 86976K, reserved 1179648K
  class space    used 11639K, committed 12736K, reserved 1048576K
}
Event: 85.273 GC heap before
{Heap before GC invocations=43 (full 0):
 garbage-first heap   total 229376K, used 173383K [0x0000000080000000, 0x0000000100000000)
  region size 1024K, 41 young (41984K), 3 survivors (3072K)
 Metaspace       used 84872K, committed 86976K, reserved 1179648K
  class space    used 11639K, committed 12736K, reserved 1048576K
}
Event: 85.320 GC heap after
{Heap after GC invocations=44 (full 0):
 garbage-first heap   total 229376K, used 148169K [0x0000000080000000, 0x0000000100000000)
  region size 1024K, 6 young (6144K), 6 survivors (6144K)
 Metaspace       used 84872K, committed 86976K, reserved 1179648K
  class space    used 11639K, committed 12736K, reserved 1048576K
}
Event: 85.370 GC heap before
{Heap before GC invocations=44 (full 0):
 garbage-first heap   total 229376K, used 153289K [0x0000000080000000, 0x0000000100000000)
  region size 1024K, 11 young (11264K), 6 survivors (6144K)
 Metaspace       used 84872K, committed 86976K, reserved 1179648K
  class space    used 11639K, committed 12736K, reserved 1048576K
}
Event: 85.394 GC heap after
{Heap after GC invocations=45 (full 0):
 garbage-first heap   total 229376K, used 149504K [0x0000000080000000, 0x0000000100000000)
  region size 1024K, 2 young (2048K), 2 survivors (2048K)
 Metaspace       used 84872K, committed 86976K, reserved 1179648K
  class space    used 11639K, committed 12736K, reserved 1048576K
}
Event: 90.687 GC heap before
{Heap before GC invocations=45 (full 0):
 garbage-first heap   total 229376K, used 183296K [0x0000000080000000, 0x0000000100000000)
  region size 1024K, 36 young (36864K), 2 survivors (2048K)
 Metaspace       used 84917K, committed 86976K, reserved 1179648K
  class space    used 11640K, committed 12736K, reserved 1048576K
}
Event: 90.703 GC heap after
{Heap after GC invocations=46 (full 0):
 garbage-first heap   total 275456K, used 152091K [0x0000000080000000, 0x0000000100000000)
  region size 1024K, 5 young (5120K), 5 survivors (5120K)
 Metaspace       used 84917K, committed 86976K, reserved 1179648K
  class space    used 11640K, committed 12736K, reserved 1048576K
}
Event: 97.482 GC heap before
{Heap before GC invocations=47 (full 0):
 garbage-first heap   total 275456K, used 208411K [0x0000000080000000, 0x0000000100000000)
  region size 1024K, 62 young (63488K), 5 survivors (5120K)
 Metaspace       used 84921K, committed 86976K, reserved 1179648K
  class space    used 11641K, committed 12736K, reserved 1048576K
}
Event: 97.497 GC heap after
{Heap after GC invocations=48 (full 0):
 garbage-first heap   total 275456K, used 152965K [0x0000000080000000, 0x0000000100000000)
  region size 1024K, 6 young (6144K), 6 survivors (6144K)
 Metaspace       used 84921K, committed 86976K, reserved 1179648K
  class space    used 11641K, committed 12736K, reserved 1048576K
}
Event: 97.852 GC heap before
{Heap before GC invocations=48 (full 0):
 garbage-first heap   total 275456K, used 160133K [0x0000000080000000, 0x0000000100000000)
  region size 1024K, 13 young (13312K), 6 survivors (6144K)
 Metaspace       used 84924K, committed 86976K, reserved 1179648K
  class space    used 11641K, committed 12736K, reserved 1048576K
}
Event: 97.863 GC heap after
{Heap after GC invocations=49 (full 0):
 garbage-first heap   total 275456K, used 152317K [0x0000000080000000, 0x0000000100000000)
  region size 1024K, 1 young (1024K), 1 survivors (1024K)
 Metaspace       used 84924K, committed 86976K, reserved 1179648K
  class space    used 11641K, committed 12736K, reserved 1048576K
}

Dll operation events (15 events):
Event: 0.109 Loaded shared library C:\Program Files\Java\jdk-19\bin\java.dll
Event: 0.120 Loaded shared library C:\Program Files\Java\jdk-19\bin\jsvml.dll
Event: 1.955 Loaded shared library C:\Program Files\Java\jdk-19\bin\zip.dll
Event: 2.016 Loaded shared library C:\Program Files\Java\jdk-19\bin\instrument.dll
Event: 2.126 Loaded shared library C:\Program Files\Java\jdk-19\bin\net.dll
Event: 2.149 Loaded shared library C:\Program Files\Java\jdk-19\bin\nio.dll
Event: 2.209 Loaded shared library C:\Program Files\Java\jdk-19\bin\zip.dll
Event: 2.771 Loaded shared library C:\Program Files\Java\jdk-19\bin\jimage.dll
Event: 3.027 Loaded shared library C:\Program Files\Java\jdk-19\bin\verify.dll
Event: 3.935 Loaded shared library D:\native\c067742578af261105cb4f569cf0c3c89f3d7b1fecec35dd04571415982c5e48\windows-amd64\native-platform.dll
Event: 4.007 Loaded shared library D:\native\38dada09dfb8b06ba9b0570ebf7e218e3eb74d4ef43ca46872605cf95ebc2f47\windows-amd64\native-platform-file-events.dll
Event: 6.362 Loaded shared library C:\Program Files\Java\jdk-19\bin\management.dll
Event: 6.379 Loaded shared library C:\Program Files\Java\jdk-19\bin\management_ext.dll
Event: 7.071 Loaded shared library C:\Program Files\Java\jdk-19\bin\extnet.dll
Event: 7.863 Loaded shared library C:\Program Files\Java\jdk-19\bin\sunmscapi.dll

Deoptimization events (20 events):
Event: 84.386 Thread 0x00000219871d4590 DEOPT PACKING pc=0x00000219f38ebc88 sp=0x000000f5888f9ee0
Event: 84.386 Thread 0x00000219871d4590 DEOPT UNPACKING pc=0x00000219f2f46da3 sp=0x000000f5888f9e70 mode 2
Event: 84.416 Thread 0x00000219871d4590 Uncommon trap: trap_request=0xffffffde fr.pc=0x00000219f365e25c relative=0x00000000000009dc
Event: 84.416 Thread 0x00000219871d4590 Uncommon trap: reason=class_check action=maybe_recompile pc=0x00000219f365e25c method=com.google.common.collect.ImmutableSet.copyOf(Ljava/util/Collection;)Lcom/google/common/collect/ImmutableSet; @ 15 c2
Event: 84.416 Thread 0x00000219871d4590 DEOPT PACKING pc=0x00000219f365e25c sp=0x000000f5888f97b0
Event: 84.416 Thread 0x00000219871d4590 DEOPT UNPACKING pc=0x00000219f2f46da3 sp=0x000000f5888f9798 mode 2
Event: 84.448 Thread 0x00000219871d4590 Uncommon trap: trap_request=0xffffff45 fr.pc=0x00000219f38aeab8 relative=0x0000000000000d98
Event: 84.448 Thread 0x00000219871d4590 Uncommon trap: reason=unstable_if action=reinterpret pc=0x00000219f38aeab8 method=com.esotericsoftware.kryo.io.Input.readString()Ljava/lang/String; @ 38 c2
Event: 84.448 Thread 0x00000219871d4590 DEOPT PACKING pc=0x00000219f38aeab8 sp=0x000000f5888f9200
Event: 84.448 Thread 0x00000219871d4590 DEOPT UNPACKING pc=0x00000219f2f46da3 sp=0x000000f5888f91c8 mode 2
Event: 84.830 Thread 0x0000021988264010 Uncommon trap: trap_request=0xffffff45 fr.pc=0x00000219f3857e8c relative=0x00000000000039ec
Event: 84.830 Thread 0x0000021988264010 Uncommon trap: reason=unstable_if action=reinterpret pc=0x00000219f3857e8c method=org.gradle.internal.io.StreamByteBuffer.allocateSpace()I @ 43 c2
Event: 84.830 Thread 0x0000021988264010 DEOPT PACKING pc=0x00000219f3857e8c sp=0x000000f5898fe570
Event: 84.830 Thread 0x0000021988264010 DEOPT UNPACKING pc=0x00000219f2f46da3 sp=0x000000f5898fe280 mode 2
Event: 90.665 Thread 0x00000219871d2060 DEOPT PACKING pc=0x00000219ec50ded8 sp=0x000000f588efe650
Event: 90.665 Thread 0x00000219871d2060 DEOPT UNPACKING pc=0x00000219f2f47543 sp=0x000000f588efdb10 mode 0
Event: 94.052 Thread 0x00000219890c3590 Uncommon trap: trap_request=0xffffff45 fr.pc=0x00000219f395dcac relative=0x00000000000014ec
Event: 94.052 Thread 0x00000219890c3590 Uncommon trap: reason=unstable_if action=reinterpret pc=0x00000219f395dcac method=java.util.concurrent.locks.ReentrantLock$FairSync.initialTryLock()Z @ 10 c2
Event: 94.052 Thread 0x00000219890c3590 DEOPT PACKING pc=0x00000219f395dcac sp=0x000000f58a1fba00
Event: 94.052 Thread 0x00000219890c3590 DEOPT UNPACKING pc=0x00000219f2f46da3 sp=0x000000f58a1fb6a0 mode 2

Classes loaded (20 events):
Event: 84.086 Loading class java/util/AbstractListBeanInfo
Event: 84.086 Loading class java/util/AbstractListBeanInfo done
Event: 84.086 Loading class java/util/AbstractListCustomizer
Event: 84.086 Loading class java/util/AbstractListCustomizer done
Event: 84.086 Loading class java/util/AbstractListCustomizer
Event: 84.087 Loading class java/util/AbstractListCustomizer done
Event: 84.108 Loading class java/io/FileBeanInfo
Event: 84.108 Loading class java/io/FileBeanInfo done
Event: 84.108 Loading class java/io/FileBeanInfo
Event: 84.108 Loading class java/io/FileBeanInfo done
Event: 84.108 Loading class java/io/FileCustomizer
Event: 84.108 Loading class java/io/FileCustomizer done
Event: 84.108 Loading class java/io/FileCustomizer
Event: 84.108 Loading class java/io/FileCustomizer done
Event: 84.313 Loading class java/util/AbstractList$ListItr
Event: 84.314 Loading class java/util/AbstractList$ListItr done
Event: 86.093 Loading class java/lang/foreign/MemorySegment
Event: 86.094 Loading class java/lang/foreign/Addressable
Event: 86.094 Loading class java/lang/foreign/Addressable done
Event: 86.094 Loading class java/lang/foreign/MemorySegment done

Classes unloaded (0 events):
No events

Classes redefined (0 events):
No events

Internal exceptions (20 events):
Event: 84.058 Thread 0x00000219871d4590 Exception <a 'java/lang/ClassNotFoundException'{0x000000008bdd4158}: org/gradle/api/internal/catalog/DefaultDependenciesAccessors_DecoratedBeanInfo> (0x000000008bdd4158) 
thrown [s\open\src\hotspot\share\classfile\systemDictionary.cpp, line 255]
Event: 84.060 Thread 0x00000219871d4590 Exception <a 'java/lang/ClassNotFoundException'{0x000000008bc14c20}: org/gradle/api/internal/catalog/DefaultDependenciesAccessorsBeanInfo> (0x000000008bc14c20) 
thrown [s\open\src\hotspot\share\classfile\systemDictionary.cpp, line 255]
Event: 84.061 Thread 0x00000219871d4590 Exception <a 'java/lang/ClassNotFoundException'{0x000000008bc1e4b0}: org/gradle/api/internal/catalog/DefaultDependenciesAccessorsCustomizer> (0x000000008bc1e4b0) 
thrown [s\open\src\hotspot\share\classfile\systemDictionary.cpp, line 255]
Event: 84.061 Thread 0x00000219871d4590 Exception <a 'java/lang/ClassNotFoundException'{0x000000008bc2d390}: org/gradle/api/internal/catalog/DefaultDependenciesAccessors_DecoratedCustomizer> (0x000000008bc2d390) 
thrown [s\open\src\hotspot\share\classfile\systemDictionary.cpp, line 255]
Event: 84.063 Thread 0x00000219871d4590 Exception <a 'java/lang/ClassNotFoundException'{0x000000008bc56cc0}: org/gradle/internal/classpath/DefaultClassPathBeanInfo> (0x000000008bc56cc0) 
thrown [s\open\src\hotspot\share\classfile\systemDictionary.cpp, line 255]
Event: 84.064 Thread 0x00000219871d4590 Exception <a 'java/lang/ClassNotFoundException'{0x000000008bc5d8b8}: org/gradle/internal/classpath/DefaultClassPathCustomizer> (0x000000008bc5d8b8) 
thrown [s\open\src\hotspot\share\classfile\systemDictionary.cpp, line 255]
Event: 84.086 Thread 0x00000219871d4590 Exception <a 'java/lang/ClassNotFoundException'{0x000000008bb74850}: org/gradle/internal/classpath/DefaultClassPath$ImmutableUniqueListBeanInfo> (0x000000008bb74850) 
thrown [s\open\src\hotspot\share\classfile\systemDictionary.cpp, line 255]
Event: 84.086 Thread 0x00000219871d4590 Exception <a 'java/lang/ClassNotFoundException'{0x000000008bb78a28}: java/util/AbstractListBeanInfo> (0x000000008bb78a28) 
thrown [s\open\src\hotspot\share\classfile\systemDictionary.cpp, line 255]
Event: 84.087 Thread 0x00000219871d4590 Exception <a 'java/lang/ClassNotFoundException'{0x000000008bb7c8e0}: java/util/AbstractListCustomizer> (0x000000008bb7c8e0) 
thrown [s\open\src\hotspot\share\classfile\systemDictionary.cpp, line 255]
Event: 84.088 Thread 0x00000219871d4590 Exception <a 'java/lang/ClassNotFoundException'{0x000000008bb8eb40}: org/gradle/internal/classpath/DefaultClassPath$ImmutableUniqueListCustomizer> (0x000000008bb8eb40) 
thrown [s\open\src\hotspot\share\classfile\systemDictionary.cpp, line 255]
Event: 84.108 Thread 0x00000219871d4590 Exception <a 'java/lang/ClassNotFoundException'{0x000000008bbc9cd0}: java/io/FileBeanInfo> (0x000000008bbc9cd0) 
thrown [s\open\src\hotspot\share\classfile\systemDictionary.cpp, line 255]
Event: 84.108 Thread 0x00000219871d4590 Exception <a 'java/lang/ClassNotFoundException'{0x000000008bbce590}: java/io/FileCustomizer> (0x000000008bbce590) 
thrown [s\open\src\hotspot\share\classfile\systemDictionary.cpp, line 255]
Event: 84.121 Thread 0x00000219871d4590 Exception <a 'java/lang/ClassNotFoundException'{0x000000008ba1a3a8}: org/jetbrains/plugins/gradle/model/DefaultDependencyAccessorsModelBeanInfo> (0x000000008ba1a3a8) 
thrown [s\open\src\hotspot\share\classfile\systemDictionary.cpp, line 255]
Event: 84.121 Thread 0x00000219871d4590 Exception <a 'java/lang/ClassNotFoundException'{0x000000008ba21d48}: org/jetbrains/plugins/gradle/model/DefaultDependencyAccessorsModelCustomizer> (0x000000008ba21d48) 
thrown [s\open\src\hotspot\share\classfile\systemDictionary.cpp, line 255]
Event: 84.141 Thread 0x00000219890c0070 Exception <a 'java/lang/NoSuchMethodError'{0x000000008ba86668}: static Lorg/jetbrains/plugins/gradle/tooling/internal/VersionCatalogsModelImpl;.<clinit>()V> (0x000000008ba86668) 
thrown [s\open\src\hotspot\share\prims\jni.cpp, line 1107]
Event: 84.163 Thread 0x00000219871d4590 Exception <a 'java/lang/ClassNotFoundException'{0x000000008b8a6048}: org/gradle/api/internal/tasks/DefaultSourceSetContainer_DecoratedBeanInfo> (0x000000008b8a6048) 
thrown [s\open\src\hotspot\share\classfile\systemDictionary.cpp, line 255]
Event: 84.164 Thread 0x00000219871d4590 Exception <a 'java/lang/ClassNotFoundException'{0x000000008b8ae590}: org/gradle/api/internal/tasks/DefaultSourceSetContainerBeanInfo> (0x000000008b8ae590) 
thrown [s\open\src\hotspot\share\classfile\systemDictionary.cpp, line 255]
Event: 84.164 Thread 0x00000219871d4590 Exception <a 'java/lang/ClassNotFoundException'{0x000000008b8b6ae8}: org/gradle/api/internal/tasks/DefaultSourceSetContainerCustomizer> (0x000000008b8b6ae8) 
thrown [s\open\src\hotspot\share\classfile\systemDictionary.cpp, line 255]
Event: 84.165 Thread 0x00000219871d4590 Exception <a 'java/lang/ClassNotFoundException'{0x000000008b8caec0}: org/gradle/api/internal/tasks/DefaultSourceSetContainer_DecoratedCustomizer> (0x000000008b8caec0) 
thrown [s\open\src\hotspot\share\classfile\systemDictionary.cpp, line 255]
Event: 84.578 Thread 0x00000219890c3590 Exception <a 'java/lang/NoSuchMethodError'{0x000000008b1be8a0}: 'java.lang.Object java.lang.invoke.DirectMethodHandle$Holder.invokeSpecialIFC(java.lang.Object, java.lang.Object, java.lang.Object)'> (0x000000008b1be8a0) 
thrown [s\open\src\hotspot\share\interpreter\linkResolver.cpp, line 774]

VM Operations (20 events):
Event: 90.870 Executing VM operation: G1PauseRemark
Event: 90.880 Executing VM operation: G1PauseRemark done
Event: 90.965 Executing VM operation: G1PauseCleanup
Event: 90.987 Executing VM operation: G1PauseCleanup done
Event: 91.998 Executing VM operation: Cleanup
Event: 91.998 Executing VM operation: Cleanup done
Event: 93.014 Executing VM operation: Cleanup
Event: 93.014 Executing VM operation: Cleanup done
Event: 94.028 Executing VM operation: Cleanup
Event: 94.028 Executing VM operation: Cleanup done
Event: 96.037 Executing VM operation: Cleanup
Event: 96.037 Executing VM operation: Cleanup done
Event: 97.040 Executing VM operation: Cleanup
Event: 97.040 Executing VM operation: Cleanup done
Event: 97.482 Executing VM operation: G1CollectForAllocation
Event: 97.497 Executing VM operation: G1CollectForAllocation done
Event: 97.852 Executing VM operation: G1CollectForAllocation
Event: 97.863 Executing VM operation: G1CollectForAllocation done
Event: 101.892 Executing VM operation: Cleanup
Event: 101.892 Executing VM operation: Cleanup done

Events (20 events):
Event: 77.039 Thread 0x00000219ff5a8020 flushing nmethod 0x00000219ec7c2790
Event: 77.039 Thread 0x00000219ff5a8020 flushing nmethod 0x00000219ec7cfe90
Event: 77.039 Thread 0x00000219ff5a8020 flushing nmethod 0x00000219ec7e8290
Event: 77.039 Thread 0x00000219ff5a8020 flushing nmethod 0x00000219ec7ea090
Event: 77.039 Thread 0x00000219ff5a8020 flushing nmethod 0x00000219ec7f1610
Event: 77.039 Thread 0x00000219ff5a8020 flushing nmethod 0x00000219ec7f4d10
Event: 77.039 Thread 0x00000219ff5a8020 flushing nmethod 0x00000219ec7fe210
Event: 77.039 Thread 0x00000219ff5a8020 flushing nmethod 0x00000219ec853290
Event: 77.040 Thread 0x00000219ff5a8020 flushing nmethod 0x00000219ec85fa10
Event: 77.040 Thread 0x00000219ff5a8020 flushing nmethod 0x00000219ec877010
Event: 77.040 Thread 0x00000219ff5a8020 flushing nmethod 0x00000219ec886110
Event: 77.040 Thread 0x00000219ff5a8020 flushing nmethod 0x00000219ec889410
Event: 77.040 Thread 0x00000219ff5a8020 flushing nmethod 0x00000219ec8aa790
Event: 77.040 Thread 0x00000219ff5a8020 flushing nmethod 0x00000219ec8c9810
Event: 77.040 Thread 0x00000219ff5a8020 flushing nmethod 0x00000219ec8d0e10
Event: 77.040 Thread 0x00000219ff5a8020 flushing nmethod 0x00000219ec8d5910
Event: 77.041 Thread 0x00000219ff5a8020 flushing nmethod 0x00000219ec992d90
Event: 77.041 Thread 0x00000219ff5a8020 flushing nmethod 0x00000219eca36790
Event: 77.149 Thread 0x00000219890c0070 Thread added: 0x00000219890c0070
Event: 84.510 Thread 0x00000219890c3590 Thread added: 0x00000219890c3590


Dynamic libraries:
0x00007ff70fbc0000 - 0x00007ff70fbd0000 	C:\Program Files\Java\jdk-19\bin\java.exe
0x00007ff898f50000 - 0x00007ff899167000 	C:\WINDOWS\SYSTEM32\ntdll.dll
0x00007ff897190000 - 0x00007ff897254000 	C:\WINDOWS\System32\KERNEL32.DLL
0x00007ff896360000 - 0x00007ff896706000 	C:\WINDOWS\System32\KERNELBASE.dll
0x00007ff881f50000 - 0x00007ff881f6b000 	C:\Program Files\Java\jdk-19\bin\VCRUNTIME140.dll
0x00007ff891030000 - 0x00007ff891048000 	C:\Program Files\Java\jdk-19\bin\jli.dll
0x00007ff896b00000 - 0x00007ff896c11000 	C:\WINDOWS\System32\ucrtbase.dll
0x00007ff898800000 - 0x00007ff8988b3000 	C:\WINDOWS\System32\ADVAPI32.dll
0x00007ff898670000 - 0x00007ff898717000 	C:\WINDOWS\System32\msvcrt.dll
0x00007ff897510000 - 0x00007ff8975b8000 	C:\WINDOWS\System32\sechost.dll
0x00007ff8968f0000 - 0x00007ff896918000 	C:\WINDOWS\System32\bcrypt.dll
0x00007ff898210000 - 0x00007ff898327000 	C:\WINDOWS\System32\RPCRT4.dll
0x00007ff897260000 - 0x00007ff89740e000 	C:\WINDOWS\System32\USER32.dll
0x00007ff896330000 - 0x00007ff896356000 	C:\WINDOWS\System32\win32u.dll
0x00007ff898430000 - 0x00007ff898459000 	C:\WINDOWS\System32\GDI32.dll
0x00007ff8969e0000 - 0x00007ff896af8000 	C:\WINDOWS\System32\gdi32full.dll
0x00007ff896290000 - 0x00007ff89632a000 	C:\WINDOWS\System32\msvcp_win.dll
0x00007ff88ff00000 - 0x00007ff88ff0a000 	C:\WINDOWS\SYSTEM32\VERSION.dll
0x00007ff881a50000 - 0x00007ff881ce3000 	C:\WINDOWS\WinSxS\amd64_microsoft.windows.common-controls_6595b64144ccf1df_6.0.22621.2506_none_270c5ae97388e100\COMCTL32.dll
0x00007ff898140000 - 0x00007ff898171000 	C:\WINDOWS\System32\IMM32.DLL
0x00007ff882140000 - 0x00007ff88214c000 	C:\Program Files\Java\jdk-19\bin\vcruntime140_1.dll
0x00007ff87ed40000 - 0x00007ff87edce000 	C:\Program Files\Java\jdk-19\bin\msvcp140.dll
0x00007ff8480f0000 - 0x00007ff848db0000 	C:\Program Files\Java\jdk-19\bin\server\jvm.dll
0x00007ff890470000 - 0x00007ff8904a4000 	C:\WINDOWS\SYSTEM32\WINMM.dll
0x00007ff8802d0000 - 0x00007ff8802d9000 	C:\WINDOWS\SYSTEM32\WSOCK32.dll
0x00007ff898a10000 - 0x00007ff898a81000 	C:\WINDOWS\System32\WS2_32.dll
0x00007ff8952d0000 - 0x00007ff8952e8000 	C:\WINDOWS\SYSTEM32\kernel.appcore.dll
0x00007ff881f40000 - 0x00007ff881f4a000 	C:\Program Files\Java\jdk-19\bin\jimage.dll
0x00007ff8808f0000 - 0x00007ff880b23000 	C:\WINDOWS\SYSTEM32\DBGHELP.DLL
0x00007ff896e00000 - 0x00007ff897189000 	C:\WINDOWS\System32\combase.dll
0x00007ff898720000 - 0x00007ff8987f7000 	C:\WINDOWS\System32\OLEAUT32.dll
0x00007ff880720000 - 0x00007ff880752000 	C:\WINDOWS\SYSTEM32\dbgcore.DLL
0x00007ff896c20000 - 0x00007ff896c9a000 	C:\WINDOWS\System32\bcryptPrimitives.dll
0x00007ff87feb0000 - 0x00007ff87febe000 	C:\Program Files\Java\jdk-19\bin\instrument.dll
0x00007ff87ed10000 - 0x00007ff87ed36000 	C:\Program Files\Java\jdk-19\bin\java.dll
0x00007ff85d610000 - 0x00007ff85d6e7000 	C:\Program Files\Java\jdk-19\bin\jsvml.dll
0x00007ff897600000 - 0x00007ff897e5b000 	C:\WINDOWS\System32\SHELL32.dll
0x00007ff8941f0000 - 0x00007ff894ae6000 	C:\WINDOWS\SYSTEM32\windows.storage.dll
0x00007ff8940b0000 - 0x00007ff8941ee000 	C:\WINDOWS\SYSTEM32\wintypes.dll
0x00007ff898330000 - 0x00007ff898423000 	C:\WINDOWS\System32\SHCORE.dll
0x00007ff898190000 - 0x00007ff8981ee000 	C:\WINDOWS\System32\shlwapi.dll
0x00007ff8961c0000 - 0x00007ff8961e6000 	C:\WINDOWS\SYSTEM32\profapi.dll
0x00007ff87ecf0000 - 0x00007ff87ed08000 	C:\Program Files\Java\jdk-19\bin\zip.dll
0x00007ff873730000 - 0x00007ff873743000 	C:\Program Files\Java\jdk-19\bin\net.dll
0x00007ff8906a0000 - 0x00007ff8907d7000 	C:\WINDOWS\SYSTEM32\WINHTTP.dll
0x00007ff895750000 - 0x00007ff8957b9000 	C:\WINDOWS\system32\mswsock.dll
0x00007ff86bdf0000 - 0x00007ff86be06000 	C:\Program Files\Java\jdk-19\bin\nio.dll
0x00007ff87c450000 - 0x00007ff87c460000 	C:\Program Files\Java\jdk-19\bin\verify.dll
0x00007ff8752a0000 - 0x00007ff8752c7000 	D:\native\c067742578af261105cb4f569cf0c3c89f3d7b1fecec35dd04571415982c5e48\windows-amd64\native-platform.dll
0x00007ff85d7b0000 - 0x00007ff85d8f4000 	D:\native\38dada09dfb8b06ba9b0570ebf7e218e3eb74d4ef43ca46872605cf95ebc2f47\windows-amd64\native-platform-file-events.dll
0x00007ff8790b0000 - 0x00007ff8790ba000 	C:\Program Files\Java\jdk-19\bin\management.dll
0x00007ff873df0000 - 0x00007ff873dfb000 	C:\Program Files\Java\jdk-19\bin\management_ext.dll
0x00007ff8981f0000 - 0x00007ff8981f8000 	C:\WINDOWS\System32\PSAPI.DLL
0x00007ff8959a0000 - 0x00007ff8959bb000 	C:\WINDOWS\SYSTEM32\CRYPTSP.dll
0x00007ff895230000 - 0x00007ff895265000 	C:\WINDOWS\system32\rsaenh.dll
0x00007ff895840000 - 0x00007ff89586c000 	C:\WINDOWS\SYSTEM32\USERENV.dll
0x00007ff8959c0000 - 0x00007ff8959cc000 	C:\WINDOWS\SYSTEM32\CRYPTBASE.dll
0x00007ff894de0000 - 0x00007ff894e0d000 	C:\WINDOWS\SYSTEM32\IPHLPAPI.DLL
0x00007ff898180000 - 0x00007ff898189000 	C:\WINDOWS\System32\NSI.dll
0x00007ff890450000 - 0x00007ff890469000 	C:\WINDOWS\SYSTEM32\dhcpcsvc6.DLL
0x00007ff890430000 - 0x00007ff89044f000 	C:\WINDOWS\SYSTEM32\dhcpcsvc.DLL
0x00007ff894e10000 - 0x00007ff894f09000 	C:\WINDOWS\SYSTEM32\DNSAPI.dll
0x00007ff8712b0000 - 0x00007ff8712b8000 	C:\Program Files\Java\jdk-19\bin\extnet.dll
0x00007ff86cbf0000 - 0x00007ff86cbfe000 	C:\Program Files\Java\jdk-19\bin\sunmscapi.dll
0x00007ff896710000 - 0x00007ff896876000 	C:\WINDOWS\System32\CRYPT32.dll
0x00007ff895b60000 - 0x00007ff895b8e000 	C:\WINDOWS\SYSTEM32\ncrypt.dll
0x00007ff895b20000 - 0x00007ff895b57000 	C:\WINDOWS\SYSTEM32\NTASN1.dll
0x00007ff87e940000 - 0x00007ff87e948000 	C:\WINDOWS\system32\wshunix.dll

dbghelp: loaded successfully - version: 4.0.5 - missing functions: none
symbol engine: initialized successfully - sym options: 0x614 - pdb path: .;C:\Program Files\Java\jdk-19\bin;C:\WINDOWS\SYSTEM32;C:\WINDOWS\WinSxS\amd64_microsoft.windows.common-controls_6595b64144ccf1df_6.0.22621.2506_none_270c5ae97388e100;C:\Program Files\Java\jdk-19\bin\server;D:\native\c067742578af261105cb4f569cf0c3c89f3d7b1fecec35dd04571415982c5e48\windows-amd64;D:\native\38dada09dfb8b06ba9b0570ebf7e218e3eb74d4ef43ca46872605cf95ebc2f47\windows-amd64

VM Arguments:
jvm_args: --add-opens=java.base/java.util=ALL-UNNAMED --add-opens=java.base/java.lang=ALL-UNNAMED --add-opens=java.base/java.lang.invoke=ALL-UNNAMED --add-opens=java.prefs/java.util.prefs=ALL-UNNAMED --add-opens=java.base/java.nio.charset=ALL-UNNAMED --add-opens=java.base/java.net=ALL-UNNAMED --add-opens=java.base/java.util.concurrent.atomic=ALL-UNNAMED -Xmx2048m -Dfile.encoding=UTF-8 -Duser.country=IT -Duser.language=it -Duser.variant -javaagent:D:\wrapper\dists\gradle-8.4-bin\1w5dpkrfk8irigvoxmyhowfim\gradle-8.4\lib\agents\gradle-instrumentation-agent-8.4.jar 
java_command: org.gradle.launcher.daemon.bootstrap.GradleDaemon 8.4
java_class_path (initial): D:\wrapper\dists\gradle-8.4-bin\1w5dpkrfk8irigvoxmyhowfim\gradle-8.4\lib\gradle-launcher-8.4.jar
Launcher Type: SUN_STANDARD

[Global flags]
     intx CICompilerCount                          = 2                                         {product} {ergonomic}
     uint ConcGCThreads                            = 1                                         {product} {ergonomic}
     uint G1ConcRefinementThreads                  = 2                                         {product} {ergonomic}
   size_t G1HeapRegionSize                         = 1048576                                   {product} {ergonomic}
    uintx GCDrainStackTargetSize                   = 64                                        {product} {ergonomic}
   size_t InitialHeapSize                          = 58720256                                  {product} {ergonomic}
   size_t MarkStackSize                            = 4194304                                   {product} {ergonomic}
   size_t MaxHeapSize                              = 2147483648                                {product} {command line}
   size_t MaxNewSize                               = 1287651328                                {product} {ergonomic}
   size_t MinHeapDeltaBytes                        = 1048576                                   {product} {ergonomic}
   size_t MinHeapSize                              = 8388608                                   {product} {ergonomic}
    uintx NonNMethodCodeHeapSize                   = 5826188                                {pd product} {ergonomic}
    uintx NonProfiledCodeHeapSize                  = 122916026                              {pd product} {ergonomic}
    uintx ProfiledCodeHeapSize                     = 122916026                              {pd product} {ergonomic}
    uintx ReservedCodeCacheSize                    = 251658240                              {pd product} {ergonomic}
     bool SegmentedCodeCache                       = true                                      {product} {ergonomic}
   size_t SoftMaxHeapSize                          = 2147483648                             {manageable} {ergonomic}
     bool UseCompressedClassPointers               = true                           {product lp64_product} {ergonomic}
     bool UseCompressedOops                        = true                           {product lp64_product} {ergonomic}
     bool UseG1GC                                  = true                                      {product} {ergonomic}
     bool UseLargePagesIndividualAllocation        = false                                  {pd product} {ergonomic}

Logging:
Log output configuration:
 #0: stdout all=warning uptime,level,tags foldmultilines=false
 #1: stderr all=off uptime,level,tags foldmultilines=false

Environment Variables:
JAVA_HOME=C:\Program Files\Java\jdk-19
PATH=C:\Program Files\Java\jdk-19\bin;C:\Program Files\Common Files\Oracle\Java\javapath;C:\Program Files (x86)\Common Files\Oracle\Java\javapath;C:\ProgramData\Oracle\Java\javapath;C:\WINDOWS\system32;C:\WINDOWS;C:\WINDOWS\System32\Wbem;C:\WINDOWS\System32\WindowsPowerShell\v1.0\;C:\WINDOWS\System32\OpenSSH\;C:\Program Files\Microsoft SQL Server\130\Tools\Binn\;C:\msys64\mingw64\bin;C:\Users\pc\OneDrive\Desktop\apache-maven-3.9.5\bin;C:\Program Files\TortoiseSVN\bin;C:\Users\pc\OneDrive\Desktop\FLCLI;C:\Users\pc\.fortify\tools\sc-client\23.1.0\bin;C:\Users\pc\.fortify\tools\sc-client\23.1.0\bin;C:\Users\pc\AppData\Local\Programs\Python\Python312;C:\Program Files\Git\cmd;C:\Users\pc\AppData\Local\Programs\Python\Python312\Scripts\;C:\Users\pc\AppData\Local\Programs\Python\Python312\;C:\Users\pc\AppData\Local\Microsoft\WindowsApps
USERNAME=pc
OS=Windows_NT
PROCESSOR_IDENTIFIER=AMD64 Family 23 Model 32 Stepping 1, AuthenticAMD
TMP=C:\Users\pc\AppData\Local\Temp
TEMP=C:\Users\pc\AppData\Local\Temp



---------------  S Y S T E M  ---------------

OS:
 Windows 11 , 64 bit Build 22621 (10.0.22621.3085)
OS uptime: 0 days 5:29 hours

CPU: total 2 (initial active 2) (2 cores per cpu, 1 threads per core) family 23 model 32 stepping 1 microcode 0x0, cx8, cmov, fxsr, mmx, 3dnowpref, sse, sse2, sse3, ssse3, sse4a, sse4.1, sse4.2, popcnt, lzcnt, tsc, tscinvbit, avx, avx2, aes, clmul, bmi1, bmi2, adx, sha, fma, vzeroupper, clflush, clflushopt, rdtscp

Memory: 4k page, system-wide physical 3463M (266M free)
TotalPageFile size 10808M (AvailPageFile size 5M)
current process WorkingSet (physical memory assigned to process): 389M, peak: 409M
current process commit charge ("private bytes"): 522M, peak: 527M

vm_info: Java HotSpot(TM) 64-Bit Server VM (19.0.2+7-44) for windows-amd64 JRE (19.0.2+7-44), built on 2022-11-30T18:02:09Z by "mach5one" with MS VC++ 17.1 (VS2022)

END.
