#
# There is insufficient memory for the Java Runtime Environment to continue.
# Native memory allocation (malloc) failed to allocate 1698416 bytes for Chunk::new
# Possible reasons:
#   The system is out of physical RAM or swap space
#   The process is running with CompressedOops enabled, and the Java Heap may be blocking the growth of the native heap
# Possible solutions:
#   Reduce memory load on the system
#   Increase physical memory or swap space
#   Check if swap backing store is full
#   Decrease Java heap size (-Xmx/-Xms)
#   Decrease number of Java threads
#   Decrease Java thread stack sizes (-Xss)
#   Set larger code cache with -XX:ReservedCodeCacheSize=
#   JVM is running with Unscaled Compressed Oops mode in which the Java heap is
#     placed in the first 4GB address space. The Java Heap base address is the
#     maximum limit for the native heap growth. Please use -XX:HeapBaseMinAddress
#     to set the Java Heap base and to place the Java Heap above 4GB virtual address.
# This output file may be truncated or incomplete.
#
#  Out of Memory Error (arena.cpp:184), pid=7656, tid=6400
#
# JRE version: Java(TM) SE Runtime Environment (19.0.2+7) (build 19.0.2+7-44)
# Java VM: Java HotSpot(TM) 64-Bit Server VM (19.0.2+7-44, mixed mode, sharing, tiered, compressed oops, compressed class ptrs, g1 gc, windows-amd64)
# No core dump will be written. Minidumps are not enabled by default on client versions of Windows
#

---------------  S U M M A R Y ------------

Command Line: --add-opens=java.base/java.util=ALL-UNNAMED --add-opens=java.base/java.lang=ALL-UNNAMED --add-opens=java.base/java.lang.invoke=ALL-UNNAMED --add-opens=java.prefs/java.util.prefs=ALL-UNNAMED --add-opens=java.base/java.nio.charset=ALL-UNNAMED --add-opens=java.base/java.net=ALL-UNNAMED --add-opens=java.base/java.util.concurrent.atomic=ALL-UNNAMED -Xmx2048m -Dfile.encoding=UTF-8 -Duser.country=IT -Duser.language=it -Duser.variant -javaagent:D:\wrapper\dists\gradle-8.4-bin\1w5dpkrfk8irigvoxmyhowfim\gradle-8.4\lib\agents\gradle-instrumentation-agent-8.4.jar org.gradle.launcher.daemon.bootstrap.GradleDaemon 8.4

Host: AMD 3020e with Radeon Graphics                 , 2 cores, 3G,  Windows 11 , 64 bit Build 22621 (10.0.22621.3085)
Time: Sat Feb  3 01:56:29 2024 ora solare Europa occidentale elapsed time: 187.013772 seconds (0d 0h 3m 7s)

---------------  T H R E A D  ---------------

Current thread (0x000001a020ac5d20):  JavaThread "C2 CompilerThread0" daemon [_thread_in_native, id=6400, stack(0x00000083f9600000,0x00000083f9700000)]


Current CompileTask:
C2: 187013 15587       4       org.gradle.cache.internal.DefaultCacheCoordinator$UnitOfWorkFileAccess::readFile (14 bytes)

Stack: [0x00000083f9600000,0x00000083f9700000]
Native frames: (J=compiled Java code, j=interpreted, Vv=VM code, C=native code)
V  [jvm.dll+0x6ee21a]
V  [jvm.dll+0x85765e]
V  [jvm.dll+0x85904e]
V  [jvm.dll+0x859703]
V  [jvm.dll+0x28298f]
V  [jvm.dll+0xc9adf]
V  [jvm.dll+0xc9e65]
V  [jvm.dll+0x3bca12]
V  [jvm.dll+0x3860e1]
V  [jvm.dll+0x38555a]
V  [jvm.dll+0x24c3d9]
V  [jvm.dll+0x24b781]
V  [jvm.dll+0x1d6ce1]
V  [jvm.dll+0x25b25a]
V  [jvm.dll+0x2596e8]
V  [jvm.dll+0x807588]
V  [jvm.dll+0x80125a]
V  [jvm.dll+0x6ecf0b]
C  [ucrtbase.dll+0x29363]
C  [KERNEL32.DLL+0x1257d]
C  [ntdll.dll+0x5aa58]


---------------  P R O C E S S  ---------------

Threads class SMR info:
_java_thread_list=0x000001a037966d00, length=44, elements={
0x000001a002f929c0, 0x000001a020abe690, 0x000001a020abf520, 0x000001a020ac0310,
0x000001a020ac1e50, 0x000001a020ac4790, 0x000001a020ac50c0, 0x000001a020ac5d20,
0x000001a020b321c0, 0x000001a020b35760, 0x000001a020b5e6e0, 0x000001a024f02f40,
0x000001a0261ea810, 0x000001a0263d0e40, 0x000001a024df2460, 0x000001a02578a050,
0x000001a020b110f0, 0x000001a026368030, 0x000001a025853a50, 0x000001a025852a60,
0x000001a025852510, 0x000001a025852fb0, 0x000001a025853fa0, 0x000001a025851fc0,
0x000001a0258544f0, 0x000001a025854f90, 0x000001a0258554e0, 0x000001a0262f8150,
0x000001a0262fcbb0, 0x000001a0262fbbc0, 0x000001a0262f76b0, 0x000001a0262fd100,
0x000001a0262fe0f0, 0x000001a0262fd650, 0x000001a0262fdba0, 0x000001a0262fb670,
0x000001a0262f6c10, 0x000001a0262f9140, 0x000001a02882b030, 0x000001a037071210,
0x000001a0370751d0, 0x000001a037071760, 0x000001a037075720, 0x000001a037071cb0
}

Java Threads: ( => current thread )
  0x000001a002f929c0 JavaThread "main" [_thread_blocked, id=10012, stack(0x00000083f8900000,0x00000083f8a00000)]
  0x000001a020abe690 JavaThread "Reference Handler" daemon [_thread_blocked, id=9540, stack(0x00000083f9000000,0x00000083f9100000)]
  0x000001a020abf520 JavaThread "Finalizer" daemon [_thread_blocked, id=9600, stack(0x00000083f9100000,0x00000083f9200000)]
  0x000001a020ac0310 JavaThread "Signal Dispatcher" daemon [_thread_blocked, id=7000, stack(0x00000083f9200000,0x00000083f9300000)]
  0x000001a020ac1e50 JavaThread "Attach Listener" daemon [_thread_blocked, id=3584, stack(0x00000083f9300000,0x00000083f9400000)]
  0x000001a020ac4790 JavaThread "Service Thread" daemon [_thread_blocked, id=4228, stack(0x00000083f9400000,0x00000083f9500000)]
  0x000001a020ac50c0 JavaThread "Monitor Deflation Thread" daemon [_thread_blocked, id=3220, stack(0x00000083f9500000,0x00000083f9600000)]
=>0x000001a020ac5d20 JavaThread "C2 CompilerThread0" daemon [_thread_in_native, id=6400, stack(0x00000083f9600000,0x00000083f9700000)]
  0x000001a020b321c0 JavaThread "C1 CompilerThread0" daemon [_thread_blocked, id=8076, stack(0x00000083f9700000,0x00000083f9800000)]
  0x000001a020b35760 JavaThread "Sweeper thread" daemon [_thread_blocked, id=7320, stack(0x00000083f9800000,0x00000083f9900000)]
  0x000001a020b5e6e0 JavaThread "Common-Cleaner" daemon [_thread_blocked, id=2464, stack(0x00000083f9900000,0x00000083f9a00000)]
  0x000001a024f02f40 JavaThread "Notification Thread" daemon [_thread_blocked, id=2960, stack(0x00000083f9a00000,0x00000083f9b00000)]
  0x000001a0261ea810 JavaThread "Daemon health stats" [_thread_blocked, id=10528, stack(0x00000083f9d00000,0x00000083f9e00000)]
  0x000001a0263d0e40 JavaThread "Incoming local TCP Connector on port 51786" [_thread_in_native, id=7456, stack(0x00000083f9e00000,0x00000083f9f00000)]
  0x000001a024df2460 JavaThread "Daemon periodic checks" [_thread_blocked, id=9788, stack(0x00000083f9f00000,0x00000083fa000000)]
  0x000001a02578a050 JavaThread "Daemon" [_thread_blocked, id=9888, stack(0x00000083fa000000,0x00000083fa100000)]
  0x000001a020b110f0 JavaThread "Handler for socket connection from /127.0.0.1:51786 to /127.0.0.1:51787" [_thread_in_native, id=6084, stack(0x00000083fa100000,0x00000083fa200000)]
  0x000001a026368030 JavaThread "Cancel handler" [_thread_blocked, id=11016, stack(0x00000083fa200000,0x00000083fa300000)]
  0x000001a025853a50 JavaThread "Daemon worker" [_thread_blocked, id=11140, stack(0x00000083fa300000,0x00000083fa400000)]
  0x000001a025852a60 JavaThread "Asynchronous log dispatcher for DefaultDaemonConnection: socket connection from /127.0.0.1:51786 to /127.0.0.1:51787" [_thread_blocked, id=8940, stack(0x00000083fa400000,0x00000083fa500000)]
  0x000001a025852510 JavaThread "Daemon client event forwarder" [_thread_blocked, id=2360, stack(0x00000083fa600000,0x00000083fa700000)]
  0x000001a025852fb0 JavaThread "Cache worker for journal cache (D:\caches\journal-1)" [_thread_blocked, id=10932, stack(0x00000083fa700000,0x00000083fa800000)]
  0x000001a025853fa0 JavaThread "File lock request listener" [_thread_in_native, id=3228, stack(0x00000083fa800000,0x00000083fa900000)]
  0x000001a025851fc0 JavaThread "Cache worker for file hash cache (D:\caches\8.4\fileHashes)" [_thread_blocked, id=7492, stack(0x00000083fa900000,0x00000083faa00000)]
  0x000001a0258544f0 JavaThread "File watcher server" daemon [_thread_in_native, id=6052, stack(0x00000083faa00000,0x00000083fab00000)]
  0x000001a025854f90 JavaThread "File watcher consumer" daemon [_thread_blocked, id=5676, stack(0x00000083fab00000,0x00000083fac00000)]
  0x000001a0258554e0 JavaThread "jar transforms" [_thread_blocked, id=10056, stack(0x00000083fac00000,0x00000083fad00000)]
  0x000001a0262f8150 JavaThread "jar transforms Thread 2" [_thread_blocked, id=2396, stack(0x00000083fad00000,0x00000083fae00000)]
  0x000001a0262fcbb0 JavaThread "Cache worker for checksums cache (D:\AndroidStudioProjects\ScanApp\.gradle\8.4\checksums)" [_thread_blocked, id=8776, stack(0x00000083fae00000,0x00000083faf00000)]
  0x000001a0262fbbc0 JavaThread "Cache worker for file hash cache (D:\AndroidStudioProjects\ScanApp\.gradle\8.4\fileHashes)" [_thread_blocked, id=5404, stack(0x00000083faf00000,0x00000083fb000000)]
  0x000001a0262f76b0 JavaThread "Cache worker for cache directory md-supplier (D:\caches\8.4\md-supplier)" [_thread_blocked, id=8116, stack(0x00000083fb000000,0x00000083fb100000)]
  0x000001a0262fd100 JavaThread "Cache worker for file content cache (D:\caches\8.4\fileContent)" [_thread_blocked, id=3632, stack(0x00000083fb100000,0x00000083fb200000)]
  0x000001a0262fe0f0 JavaThread "Cache worker for cache directory md-rule (D:\caches\8.4\md-rule)" [_thread_blocked, id=7008, stack(0x00000083fb200000,0x00000083fb300000)]
  0x000001a0262fd650 JavaThread "Cache worker for execution history cache (D:\caches\8.4\executionHistory)" [_thread_blocked, id=1564, stack(0x00000083fb300000,0x00000083fb400000)]
  0x000001a0262fdba0 JavaThread "Cache worker for kotlin-dsl (D:\caches\8.4\kotlin-dsl)" [_thread_blocked, id=9828, stack(0x00000083fb600000,0x00000083fb700000)]
  0x000001a0262fb670 JavaThread "Cache worker for dependencies-accessors (D:\AndroidStudioProjects\ScanApp\.gradle\8.4\dependencies-accessors)" [_thread_blocked, id=3372, stack(0x00000083fb700000,0x00000083fb800000)]
  0x000001a0262f6c10 JavaThread "Cache worker for Build Output Cleanup Cache (D:\AndroidStudioProjects\ScanApp\.gradle\buildOutputCleanup)" [_thread_blocked, id=3168, stack(0x00000083fb800000,0x00000083fb900000)]
  0x000001a0262f9140 JavaThread "Unconstrained build operations" [_thread_blocked, id=10764, stack(0x00000083f8700000,0x00000083f8800000)]
  0x000001a02882b030 JavaThread "Memory manager" [_thread_blocked, id=10284, stack(0x00000083f8800000,0x00000083f8900000)]
  0x000001a037071210 JavaThread "included builds" [_thread_blocked, id=2852, stack(0x00000083fa500000,0x00000083fa600000)]
  0x000001a0370751d0 JavaThread "Execution worker" [_thread_blocked, id=5212, stack(0x00000083fb400000,0x00000083fb500000)]
  0x000001a037071760 JavaThread "Cache worker for execution history cache (D:\AndroidStudioProjects\ScanApp\.gradle\8.4\executionHistory)" [_thread_blocked, id=10008, stack(0x00000083fb500000,0x00000083fb600000)]
  0x000001a037075720 JavaThread "idea-tooling-model-converter" [_thread_blocked, id=10272, stack(0x00000083fb900000,0x00000083fba00000)]
  0x000001a037071cb0 JavaThread "Unconstrained build operations Thread 2" [_thread_in_native, id=4488, stack(0x00000083fba00000,0x00000083fbb00000)]

Other Threads:
  0x000001a020aa3a40 VMThread "VM Thread" [stack: 0x00000083f8f00000,0x00000083f9000000] [id=3196]
  0x000001a024f05e50 WatcherThread "VM Periodic Task Thread" [stack: 0x00000083f9b00000,0x00000083f9c00000] [id=1352]
  0x000001a002ff1b70 WorkerThread "GC Thread#0" [stack: 0x00000083f8a00000,0x00000083f8b00000] [id=5812]
  0x000001a024f07910 WorkerThread "GC Thread#1" [stack: 0x00000083f9c00000,0x00000083f9d00000] [id=11080]
  0x000001a003002ad0 ConcurrentGCThread "G1 Main Marker" [stack: 0x00000083f8b00000,0x00000083f8c00000] [id=10320]
  0x000001a0030036a0 WorkerThread "G1 Conc#0" [stack: 0x00000083f8c00000,0x00000083f8d00000] [id=9400]
  0x000001a00304a460 ConcurrentGCThread "G1 Refine#0" [stack: 0x00000083f8d00000,0x00000083f8e00000] [id=9820]
  0x000001a00304b140 ConcurrentGCThread "G1 Service" [stack: 0x00000083f8e00000,0x00000083f8f00000] [id=8456]

Threads with active compile tasks:
C2 CompilerThread0   187130 15587       4       org.gradle.cache.internal.DefaultCacheCoordinator$UnitOfWorkFileAccess::readFile (14 bytes)

VM state: not at safepoint (normal execution)

VM Mutex/Monitor currently owned by a thread: None

Heap address: 0x0000000080000000, size: 2048 MB, Compressed Oops mode: 32-bit

CDS archive(s) mapped at: [0x0000000800000000-0x0000000800c40000-0x0000000800c40000), size 12845056, SharedBaseAddress: 0x0000000800000000, ArchiveRelocationMode: 0.
Compressed class space mapped at: 0x0000000801000000-0x0000000841000000, reserved size: 1073741824
Narrow klass base: 0x0000000800000000, Narrow klass shift: 0, Narrow klass range: 0x100000000

GC Precious Log:
 CardTable entry size: 512
 Card Set container configuration: InlinePtr #cards 5 size 8 Array Of Cards #cards 12 size 40 Howl #buckets 4 coarsen threshold 1843 Howl Bitmap #cards 512 size 80 coarsen threshold 460 Card regions per heap region 1 cards per card region 2048
 CPUs: 2 total, 2 available
 Memory: 3463M
 Large Page Support: Disabled
 NUMA Support: Disabled
 Compressed Oops: Enabled (32-bit)
 Heap Region Size: 1M
 Heap Min Capacity: 8M
 Heap Initial Capacity: 56M
 Heap Max Capacity: 2G
 Pre-touch: Disabled
 Parallel Workers: 2
 Concurrent Workers: 1
 Concurrent Refinement Workers: 2
 Periodic GC: Disabled

Heap:
 garbage-first heap   total 326656K, used 207319K [0x0000000080000000, 0x0000000100000000)
  region size 1024K, 20 young (20480K), 2 survivors (2048K)
 Metaspace       used 142221K, committed 144704K, reserved 1179648K
  class space    used 18203K, committed 19584K, reserved 1048576K

Heap Regions: E=young(eden), S=young(survivor), O=old, HS=humongous(starts), HC=humongous(continues), CS=collection set, F=free, OA=open archive, CA=closed archive, TAMS=top-at-mark-start (previous, next)
|   0|0x0000000080000000, 0x0000000080100000, 0x0000000080100000|100%| O|  |TAMS 0x0000000080100000, 0x0000000080000000| Untracked 
|   1|0x0000000080100000, 0x0000000080200000, 0x0000000080200000|100%| O|  |TAMS 0x0000000080200000, 0x0000000080100000| Untracked 
|   2|0x0000000080200000, 0x0000000080300000, 0x0000000080300000|100%|HS|  |TAMS 0x0000000080300000, 0x0000000080200000| Complete 
|   3|0x0000000080300000, 0x0000000080400000, 0x0000000080400000|100%|HC|  |TAMS 0x0000000080400000, 0x0000000080300000| Complete 
|   4|0x0000000080400000, 0x0000000080500000, 0x0000000080500000|100%|HC|  |TAMS 0x0000000080500000, 0x0000000080400000| Complete 
|   5|0x0000000080500000, 0x0000000080600000, 0x0000000080600000|100%|HC|  |TAMS 0x0000000080600000, 0x0000000080500000| Complete 
|   6|0x0000000080600000, 0x0000000080700000, 0x0000000080700000|100%| O|  |TAMS 0x0000000080700000, 0x0000000080600000| Untracked 
|   7|0x0000000080700000, 0x0000000080800000, 0x0000000080800000|100%| O|  |TAMS 0x0000000080800000, 0x0000000080700000| Untracked 
|   8|0x0000000080800000, 0x0000000080900000, 0x0000000080900000|100%| O|  |TAMS 0x0000000080900000, 0x0000000080800000| Untracked 
|   9|0x0000000080900000, 0x0000000080a00000, 0x0000000080a00000|100%| O|  |TAMS 0x0000000080a00000, 0x0000000080900000| Untracked 
|  10|0x0000000080a00000, 0x0000000080b00000, 0x0000000080b00000|100%| O|  |TAMS 0x0000000080b00000, 0x0000000080a00000| Untracked 
|  11|0x0000000080b00000, 0x0000000080c00000, 0x0000000080c00000|100%| O|  |TAMS 0x0000000080c00000, 0x0000000080b00000| Untracked 
|  12|0x0000000080c00000, 0x0000000080d00000, 0x0000000080d00000|100%| O|  |TAMS 0x0000000080d00000, 0x0000000080c00000| Untracked 
|  13|0x0000000080d00000, 0x0000000080e00000, 0x0000000080e00000|100%| O|  |TAMS 0x0000000080e00000, 0x0000000080d00000| Untracked 
|  14|0x0000000080e00000, 0x0000000080f00000, 0x0000000080f00000|100%| O|  |TAMS 0x0000000080f00000, 0x0000000080e00000| Untracked 
|  15|0x0000000080f00000, 0x0000000081000000, 0x0000000081000000|100%| O|  |TAMS 0x0000000081000000, 0x0000000080f00000| Untracked 
|  16|0x0000000081000000, 0x0000000081100000, 0x0000000081100000|100%| O|  |TAMS 0x0000000081100000, 0x0000000081000000| Untracked 
|  17|0x0000000081100000, 0x0000000081200000, 0x0000000081200000|100%| O|  |TAMS 0x0000000081200000, 0x0000000081100000| Untracked 
|  18|0x0000000081200000, 0x0000000081300000, 0x0000000081300000|100%| O|  |TAMS 0x0000000081300000, 0x0000000081200000| Untracked 
|  19|0x0000000081300000, 0x0000000081400000, 0x0000000081400000|100%| O|  |TAMS 0x0000000081400000, 0x0000000081300000| Untracked 
|  20|0x0000000081400000, 0x0000000081500000, 0x0000000081500000|100%| O|  |TAMS 0x0000000081500000, 0x0000000081400000| Untracked 
|  21|0x0000000081500000, 0x0000000081600000, 0x0000000081600000|100%|HS|  |TAMS 0x0000000081600000, 0x0000000081500000| Complete 
|  22|0x0000000081600000, 0x0000000081700000, 0x0000000081700000|100%|HC|  |TAMS 0x0000000081700000, 0x0000000081600000| Complete 
|  23|0x0000000081700000, 0x0000000081800000, 0x0000000081800000|100%|HS|  |TAMS 0x0000000081800000, 0x0000000081700000| Complete 
|  24|0x0000000081800000, 0x0000000081900000, 0x0000000081900000|100%|HC|  |TAMS 0x0000000081900000, 0x0000000081800000| Complete 
|  25|0x0000000081900000, 0x0000000081a00000, 0x0000000081a00000|100%|HC|  |TAMS 0x0000000081a00000, 0x0000000081900000| Complete 
|  26|0x0000000081a00000, 0x0000000081b00000, 0x0000000081b00000|100%|HS|  |TAMS 0x0000000081b00000, 0x0000000081a00000| Complete 
|  27|0x0000000081b00000, 0x0000000081c00000, 0x0000000081c00000|100%|HC|  |TAMS 0x0000000081c00000, 0x0000000081b00000| Complete 
|  28|0x0000000081c00000, 0x0000000081d00000, 0x0000000081d00000|100%|HS|  |TAMS 0x0000000081d00000, 0x0000000081c00000| Complete 
|  29|0x0000000081d00000, 0x0000000081e00000, 0x0000000081e00000|100%|HC|  |TAMS 0x0000000081e00000, 0x0000000081d00000| Complete 
|  30|0x0000000081e00000, 0x0000000081f00000, 0x0000000081f00000|100%| O|  |TAMS 0x0000000081f00000, 0x0000000081e00000| Untracked 
|  31|0x0000000081f00000, 0x0000000082000000, 0x0000000082000000|100%| O|  |TAMS 0x0000000082000000, 0x0000000081f00000| Untracked 
|  32|0x0000000082000000, 0x0000000082100000, 0x0000000082100000|100%| O|  |TAMS 0x0000000082100000, 0x0000000082000000| Untracked 
|  33|0x0000000082100000, 0x0000000082200000, 0x0000000082200000|100%| O|  |TAMS 0x0000000082200000, 0x0000000082100000| Untracked 
|  34|0x0000000082200000, 0x0000000082300000, 0x0000000082300000|100%| O|  |TAMS 0x0000000082300000, 0x0000000082200000| Untracked 
|  35|0x0000000082300000, 0x0000000082400000, 0x0000000082400000|100%| O|  |TAMS 0x0000000082400000, 0x0000000082300000| Untracked 
|  36|0x0000000082400000, 0x0000000082500000, 0x0000000082500000|100%| O|  |TAMS 0x0000000082500000, 0x0000000082400000| Untracked 
|  37|0x0000000082500000, 0x0000000082600000, 0x0000000082600000|100%| O|  |TAMS 0x0000000082600000, 0x0000000082500000| Untracked 
|  38|0x0000000082600000, 0x0000000082700000, 0x0000000082700000|100%| O|  |TAMS 0x0000000082700000, 0x0000000082600000| Untracked 
|  39|0x0000000082700000, 0x0000000082800000, 0x0000000082800000|100%| O|  |TAMS 0x0000000082800000, 0x0000000082700000| Untracked 
|  40|0x0000000082800000, 0x0000000082900000, 0x0000000082900000|100%| O|  |TAMS 0x0000000082900000, 0x0000000082800000| Untracked 
|  41|0x0000000082900000, 0x0000000082a00000, 0x0000000082a00000|100%| O|  |TAMS 0x0000000082a00000, 0x0000000082900000| Untracked 
|  42|0x0000000082a00000, 0x0000000082b00000, 0x0000000082b00000|100%| O|  |TAMS 0x0000000082b00000, 0x0000000082a00000| Untracked 
|  43|0x0000000082b00000, 0x0000000082c00000, 0x0000000082c00000|100%| O|  |TAMS 0x0000000082c00000, 0x0000000082b00000| Untracked 
|  44|0x0000000082c00000, 0x0000000082d00000, 0x0000000082d00000|100%| O|  |TAMS 0x0000000082d00000, 0x0000000082c00000| Untracked 
|  45|0x0000000082d00000, 0x0000000082e00000, 0x0000000082e00000|100%|HS|  |TAMS 0x0000000082e00000, 0x0000000082d00000| Complete 
|  46|0x0000000082e00000, 0x0000000082f00000, 0x0000000082f00000|100%|HC|  |TAMS 0x0000000082f00000, 0x0000000082e00000| Complete 
|  47|0x0000000082f00000, 0x0000000083000000, 0x0000000083000000|100%|HC|  |TAMS 0x0000000083000000, 0x0000000082f00000| Complete 
|  48|0x0000000083000000, 0x0000000083100000, 0x0000000083100000|100%| O|  |TAMS 0x0000000083100000, 0x0000000083000000| Untracked 
|  49|0x0000000083100000, 0x0000000083200000, 0x0000000083200000|100%| O|  |TAMS 0x0000000083200000, 0x0000000083100000| Untracked 
|  50|0x0000000083200000, 0x0000000083300000, 0x0000000083300000|100%| O|  |TAMS 0x0000000083300000, 0x0000000083200000| Untracked 
|  51|0x0000000083300000, 0x0000000083400000, 0x0000000083400000|100%| O|  |TAMS 0x0000000083400000, 0x0000000083300000| Untracked 
|  52|0x0000000083400000, 0x0000000083500000, 0x0000000083500000|100%| O|  |TAMS 0x0000000083500000, 0x0000000083400000| Untracked 
|  53|0x0000000083500000, 0x0000000083600000, 0x0000000083600000|100%| O|  |TAMS 0x0000000083600000, 0x0000000083500000| Untracked 
|  54|0x0000000083600000, 0x0000000083700000, 0x0000000083700000|100%| O|  |TAMS 0x0000000083700000, 0x0000000083600000| Untracked 
|  55|0x0000000083700000, 0x0000000083800000, 0x0000000083800000|100%| O|  |TAMS 0x0000000083800000, 0x0000000083700000| Untracked 
|  56|0x0000000083800000, 0x0000000083900000, 0x0000000083900000|100%|HS|  |TAMS 0x0000000083900000, 0x0000000083800000| Complete 
|  57|0x0000000083900000, 0x0000000083a00000, 0x0000000083a00000|100%|HC|  |TAMS 0x0000000083a00000, 0x0000000083900000| Complete 
|  58|0x0000000083a00000, 0x0000000083b00000, 0x0000000083b00000|100%|HC|  |TAMS 0x0000000083b00000, 0x0000000083a00000| Complete 
|  59|0x0000000083b00000, 0x0000000083c00000, 0x0000000083c00000|100%|HC|  |TAMS 0x0000000083c00000, 0x0000000083b00000| Complete 
|  60|0x0000000083c00000, 0x0000000083d00000, 0x0000000083d00000|100%|HC|  |TAMS 0x0000000083d00000, 0x0000000083c00000| Complete 
|  61|0x0000000083d00000, 0x0000000083e00000, 0x0000000083e00000|100%|HC|  |TAMS 0x0000000083e00000, 0x0000000083d00000| Complete 
|  62|0x0000000083e00000, 0x0000000083f00000, 0x0000000083f00000|100%|HC|  |TAMS 0x0000000083f00000, 0x0000000083e00000| Complete 
|  63|0x0000000083f00000, 0x0000000084000000, 0x0000000084000000|100%|HC|  |TAMS 0x0000000084000000, 0x0000000083f00000| Complete 
|  64|0x0000000084000000, 0x0000000084100000, 0x0000000084100000|100%|HC|  |TAMS 0x0000000084100000, 0x0000000084000000| Complete 
|  65|0x0000000084100000, 0x0000000084200000, 0x0000000084200000|100%|HC|  |TAMS 0x0000000084200000, 0x0000000084100000| Complete 
|  66|0x0000000084200000, 0x0000000084300000, 0x0000000084300000|100%|HC|  |TAMS 0x0000000084300000, 0x0000000084200000| Complete 
|  67|0x0000000084300000, 0x0000000084400000, 0x0000000084400000|100%|HC|  |TAMS 0x0000000084400000, 0x0000000084300000| Complete 
|  68|0x0000000084400000, 0x0000000084500000, 0x0000000084500000|100%| O|  |TAMS 0x0000000084500000, 0x0000000084400000| Untracked 
|  69|0x0000000084500000, 0x0000000084600000, 0x0000000084600000|100%| O|  |TAMS 0x0000000084600000, 0x0000000084500000| Untracked 
|  70|0x0000000084600000, 0x0000000084700000, 0x0000000084700000|100%|HS|  |TAMS 0x0000000084700000, 0x0000000084600000| Complete 
|  71|0x0000000084700000, 0x0000000084800000, 0x0000000084800000|100%| O|  |TAMS 0x0000000084800000, 0x0000000084700000| Untracked 
|  72|0x0000000084800000, 0x0000000084900000, 0x0000000084900000|100%| O|  |TAMS 0x0000000084900000, 0x0000000084800000| Untracked 
|  73|0x0000000084900000, 0x0000000084a00000, 0x0000000084a00000|100%| O|  |TAMS 0x0000000084a00000, 0x0000000084900000| Untracked 
|  74|0x0000000084a00000, 0x0000000084b00000, 0x0000000084b00000|100%| O|  |TAMS 0x0000000084b00000, 0x0000000084a00000| Untracked 
|  75|0x0000000084b00000, 0x0000000084c00000, 0x0000000084c00000|100%| O|  |TAMS 0x0000000084c00000, 0x0000000084b00000| Untracked 
|  76|0x0000000084c00000, 0x0000000084d00000, 0x0000000084d00000|100%| O|  |TAMS 0x0000000084d00000, 0x0000000084c00000| Untracked 
|  77|0x0000000084d00000, 0x0000000084e00000, 0x0000000084e00000|100%| O|  |TAMS 0x0000000084e00000, 0x0000000084d00000| Untracked 
|  78|0x0000000084e00000, 0x0000000084f00000, 0x0000000084f00000|100%| O|  |TAMS 0x0000000084f00000, 0x0000000084e00000| Untracked 
|  79|0x0000000084f00000, 0x0000000085000000, 0x0000000085000000|100%| O|  |TAMS 0x0000000085000000, 0x0000000084f00000| Untracked 
|  80|0x0000000085000000, 0x0000000085100000, 0x0000000085100000|100%| O|  |TAMS 0x0000000085100000, 0x0000000085000000| Untracked 
|  81|0x0000000085100000, 0x0000000085200000, 0x0000000085200000|100%| O|  |TAMS 0x0000000085200000, 0x0000000085100000| Untracked 
|  82|0x0000000085200000, 0x0000000085300000, 0x0000000085300000|100%| O|  |TAMS 0x0000000085300000, 0x0000000085200000| Untracked 
|  83|0x0000000085300000, 0x0000000085400000, 0x0000000085400000|100%| O|  |TAMS 0x0000000085400000, 0x0000000085300000| Untracked 
|  84|0x0000000085400000, 0x0000000085500000, 0x0000000085500000|100%| O|  |TAMS 0x0000000085500000, 0x0000000085400000| Untracked 
|  85|0x0000000085500000, 0x0000000085600000, 0x0000000085600000|100%| O|  |TAMS 0x0000000085600000, 0x0000000085500000| Untracked 
|  86|0x0000000085600000, 0x0000000085700000, 0x0000000085700000|100%| O|  |TAMS 0x0000000085700000, 0x0000000085600000| Untracked 
|  87|0x0000000085700000, 0x0000000085800000, 0x0000000085800000|100%| O|  |TAMS 0x0000000085800000, 0x0000000085700000| Untracked 
|  88|0x0000000085800000, 0x0000000085900000, 0x0000000085900000|100%| O|  |TAMS 0x0000000085900000, 0x0000000085800000| Untracked 
|  89|0x0000000085900000, 0x0000000085a00000, 0x0000000085a00000|100%| O|  |TAMS 0x0000000085a00000, 0x0000000085900000| Untracked 
|  90|0x0000000085a00000, 0x0000000085b00000, 0x0000000085b00000|100%| O|  |TAMS 0x0000000085b00000, 0x0000000085a00000| Untracked 
|  91|0x0000000085b00000, 0x0000000085c00000, 0x0000000085c00000|100%| O|  |TAMS 0x0000000085c00000, 0x0000000085b00000| Untracked 
|  92|0x0000000085c00000, 0x0000000085d00000, 0x0000000085d00000|100%| O|  |TAMS 0x0000000085d00000, 0x0000000085c00000| Untracked 
|  93|0x0000000085d00000, 0x0000000085e00000, 0x0000000085e00000|100%|HS|  |TAMS 0x0000000085e00000, 0x0000000085d00000| Complete 
|  94|0x0000000085e00000, 0x0000000085f00000, 0x0000000085f00000|100%|HC|  |TAMS 0x0000000085f00000, 0x0000000085e00000| Complete 
|  95|0x0000000085f00000, 0x0000000086000000, 0x0000000086000000|100%|HS|  |TAMS 0x0000000086000000, 0x0000000085f00000| Complete 
|  96|0x0000000086000000, 0x0000000086100000, 0x0000000086100000|100%|HC|  |TAMS 0x0000000086100000, 0x0000000086000000| Complete 
|  97|0x0000000086100000, 0x0000000086200000, 0x0000000086200000|100%|HC|  |TAMS 0x0000000086200000, 0x0000000086100000| Complete 
|  98|0x0000000086200000, 0x0000000086300000, 0x0000000086300000|100%| O|  |TAMS 0x0000000086300000, 0x0000000086200000| Untracked 
|  99|0x0000000086300000, 0x0000000086400000, 0x0000000086400000|100%|HS|  |TAMS 0x0000000086400000, 0x0000000086300000| Complete 
| 100|0x0000000086400000, 0x0000000086500000, 0x0000000086500000|100%|HS|  |TAMS 0x0000000086500000, 0x0000000086400000| Complete 
| 101|0x0000000086500000, 0x0000000086600000, 0x0000000086600000|100%|HS|  |TAMS 0x0000000086600000, 0x0000000086500000| Complete 
| 102|0x0000000086600000, 0x0000000086700000, 0x0000000086700000|100%| O|  |TAMS 0x0000000086700000, 0x0000000086600000| Untracked 
| 103|0x0000000086700000, 0x0000000086800000, 0x0000000086800000|100%| O|  |TAMS 0x0000000086800000, 0x0000000086700000| Untracked 
| 104|0x0000000086800000, 0x0000000086900000, 0x0000000086900000|100%| O|  |TAMS 0x0000000086900000, 0x0000000086800000| Untracked 
| 105|0x0000000086900000, 0x0000000086a00000, 0x0000000086a00000|100%| O|  |TAMS 0x0000000086900000, 0x0000000086900000| Untracked 
| 106|0x0000000086a00000, 0x0000000086b00000, 0x0000000086b00000|100%| O|  |TAMS 0x0000000086b00000, 0x0000000086a00000| Untracked 
| 107|0x0000000086b00000, 0x0000000086c00000, 0x0000000086c00000|100%| O|  |TAMS 0x0000000086c00000, 0x0000000086b00000| Untracked 
| 108|0x0000000086c00000, 0x0000000086d00000, 0x0000000086d00000|100%| O|  |TAMS 0x0000000086d00000, 0x0000000086c00000| Untracked 
| 109|0x0000000086d00000, 0x0000000086e00000, 0x0000000086e00000|100%| O|  |TAMS 0x0000000086e00000, 0x0000000086d00000| Untracked 
| 110|0x0000000086e00000, 0x0000000086f00000, 0x0000000086f00000|100%| O|  |TAMS 0x0000000086f00000, 0x0000000086e00000| Untracked 
| 111|0x0000000086f00000, 0x0000000087000000, 0x0000000087000000|100%| O|  |TAMS 0x0000000087000000, 0x0000000086f00000| Untracked 
| 112|0x0000000087000000, 0x0000000087100000, 0x0000000087100000|100%| O|  |TAMS 0x0000000087100000, 0x0000000087000000| Untracked 
| 113|0x0000000087100000, 0x0000000087200000, 0x0000000087200000|100%| O|  |TAMS 0x0000000087200000, 0x0000000087100000| Untracked 
| 114|0x0000000087200000, 0x0000000087300000, 0x0000000087300000|100%| O|  |TAMS 0x0000000087300000, 0x0000000087200000| Untracked 
| 115|0x0000000087300000, 0x0000000087400000, 0x0000000087400000|100%| O|  |TAMS 0x0000000087400000, 0x0000000087300000| Untracked 
| 116|0x0000000087400000, 0x0000000087500000, 0x0000000087500000|100%| O|  |TAMS 0x0000000087500000, 0x0000000087400000| Untracked 
| 117|0x0000000087500000, 0x0000000087600000, 0x0000000087600000|100%| O|  |TAMS 0x0000000087600000, 0x0000000087500000| Untracked 
| 118|0x0000000087600000, 0x0000000087600000, 0x0000000087700000|  0%| F|  |TAMS 0x0000000087600000, 0x0000000087600000| Untracked 
| 119|0x0000000087700000, 0x0000000087800000, 0x0000000087800000|100%| O|  |TAMS 0x0000000087700000, 0x0000000087700000| Untracked 
| 120|0x0000000087800000, 0x0000000087900000, 0x0000000087900000|100%| O|  |TAMS 0x0000000087900000, 0x0000000087800000| Untracked 
| 121|0x0000000087900000, 0x0000000087a00000, 0x0000000087a00000|100%|HS|  |TAMS 0x0000000087a00000, 0x0000000087900000| Complete 
| 122|0x0000000087a00000, 0x0000000087b00000, 0x0000000087b00000|100%| O|  |TAMS 0x0000000087b00000, 0x0000000087a00000| Untracked 
| 123|0x0000000087b00000, 0x0000000087c00000, 0x0000000087c00000|100%| O|  |TAMS 0x0000000087c00000, 0x0000000087b00000| Untracked 
| 124|0x0000000087c00000, 0x0000000087d00000, 0x0000000087d00000|100%| O|  |TAMS 0x0000000087d00000, 0x0000000087c00000| Untracked 
| 125|0x0000000087d00000, 0x0000000087e00000, 0x0000000087e00000|100%| O|  |TAMS 0x0000000087e00000, 0x0000000087d00000| Untracked 
| 126|0x0000000087e00000, 0x0000000087f00000, 0x0000000087f00000|100%| O|  |TAMS 0x0000000087f00000, 0x0000000087e00000| Untracked 
| 127|0x0000000087f00000, 0x0000000088000000, 0x0000000088000000|100%| O|  |TAMS 0x0000000088000000, 0x0000000087f00000| Untracked 
| 128|0x0000000088000000, 0x0000000088100000, 0x0000000088100000|100%| O|  |TAMS 0x0000000088100000, 0x0000000088000000| Untracked 
| 129|0x0000000088100000, 0x0000000088200000, 0x0000000088200000|100%| O|  |TAMS 0x0000000088100000, 0x0000000088100000| Untracked 
| 130|0x0000000088200000, 0x0000000088300000, 0x0000000088300000|100%| O|  |TAMS 0x0000000088300000, 0x0000000088200000| Untracked 
| 131|0x0000000088300000, 0x0000000088400000, 0x0000000088400000|100%| O|  |TAMS 0x0000000088400000, 0x0000000088300000| Untracked 
| 132|0x0000000088400000, 0x0000000088500000, 0x0000000088500000|100%| O|  |TAMS 0x0000000088500000, 0x0000000088400000| Untracked 
| 133|0x0000000088500000, 0x0000000088600000, 0x0000000088600000|100%| O|  |TAMS 0x0000000088600000, 0x0000000088500000| Untracked 
| 134|0x0000000088600000, 0x0000000088700000, 0x0000000088700000|100%| O|  |TAMS 0x0000000088700000, 0x0000000088600000| Untracked 
| 135|0x0000000088700000, 0x0000000088800000, 0x0000000088800000|100%| O|  |TAMS 0x0000000088800000, 0x0000000088700000| Untracked 
| 136|0x0000000088800000, 0x0000000088900000, 0x0000000088900000|100%| O|  |TAMS 0x0000000088900000, 0x0000000088800000| Untracked 
| 137|0x0000000088900000, 0x0000000088a00000, 0x0000000088a00000|100%| O|  |TAMS 0x0000000088a00000, 0x0000000088900000| Untracked 
| 138|0x0000000088a00000, 0x0000000088b00000, 0x0000000088b00000|100%| O|  |TAMS 0x0000000088b00000, 0x0000000088a00000| Untracked 
| 139|0x0000000088b00000, 0x0000000088c00000, 0x0000000088c00000|100%| O|  |TAMS 0x0000000088c00000, 0x0000000088b00000| Untracked 
| 140|0x0000000088c00000, 0x0000000088c00000, 0x0000000088d00000|  0%| F|  |TAMS 0x0000000088c00000, 0x0000000088c00000| Untracked 
| 141|0x0000000088d00000, 0x0000000088e00000, 0x0000000088e00000|100%| O|  |TAMS 0x0000000088e00000, 0x0000000088d00000| Untracked 
| 142|0x0000000088e00000, 0x0000000088e00000, 0x0000000088f00000|  0%| F|  |TAMS 0x0000000088e00000, 0x0000000088e00000| Untracked 
| 143|0x0000000088f00000, 0x0000000089000000, 0x0000000089000000|100%| O|  |TAMS 0x0000000088f00000, 0x0000000088f00000| Untracked 
| 144|0x0000000089000000, 0x0000000089100000, 0x0000000089100000|100%| O|  |TAMS 0x0000000089100000, 0x0000000089000000| Untracked 
| 145|0x0000000089100000, 0x0000000089100000, 0x0000000089200000|  0%| F|  |TAMS 0x0000000089100000, 0x0000000089100000| Untracked 
| 146|0x0000000089200000, 0x0000000089300000, 0x0000000089300000|100%| O|  |TAMS 0x0000000089200000, 0x0000000089200000| Untracked 
| 147|0x0000000089300000, 0x0000000089300000, 0x0000000089400000|  0%| F|  |TAMS 0x0000000089300000, 0x0000000089300000| Untracked 
| 148|0x0000000089400000, 0x0000000089500000, 0x0000000089500000|100%| O|  |TAMS 0x0000000089400000, 0x0000000089400000| Untracked 
| 149|0x0000000089500000, 0x0000000089600000, 0x0000000089600000|100%| O|  |TAMS 0x0000000089600000, 0x0000000089500000| Untracked 
| 150|0x0000000089600000, 0x0000000089700000, 0x0000000089700000|100%| O|  |TAMS 0x0000000089700000, 0x0000000089600000| Untracked 
| 151|0x0000000089700000, 0x0000000089800000, 0x0000000089800000|100%| O|  |TAMS 0x0000000089800000, 0x0000000089700000| Untracked 
| 152|0x0000000089800000, 0x0000000089900000, 0x0000000089900000|100%|HS|  |TAMS 0x0000000089900000, 0x0000000089800000| Complete 
| 153|0x0000000089900000, 0x0000000089a00000, 0x0000000089a00000|100%|HC|  |TAMS 0x0000000089a00000, 0x0000000089900000| Complete 
| 154|0x0000000089a00000, 0x0000000089b00000, 0x0000000089b00000|100%|HS|  |TAMS 0x0000000089b00000, 0x0000000089a00000| Complete 
| 155|0x0000000089b00000, 0x0000000089c00000, 0x0000000089c00000|100%|HC|  |TAMS 0x0000000089c00000, 0x0000000089b00000| Complete 
| 156|0x0000000089c00000, 0x0000000089d00000, 0x0000000089d00000|100%|HC|  |TAMS 0x0000000089d00000, 0x0000000089c00000| Complete 
| 157|0x0000000089d00000, 0x0000000089e00000, 0x0000000089e00000|100%|HC|  |TAMS 0x0000000089e00000, 0x0000000089d00000| Complete 
| 158|0x0000000089e00000, 0x0000000089f00000, 0x0000000089f00000|100%|HC|  |TAMS 0x0000000089f00000, 0x0000000089e00000| Complete 
| 159|0x0000000089f00000, 0x000000008a000000, 0x000000008a000000|100%|HC|  |TAMS 0x000000008a000000, 0x0000000089f00000| Complete 
| 160|0x000000008a000000, 0x000000008a100000, 0x000000008a100000|100%|HC|  |TAMS 0x000000008a100000, 0x000000008a000000| Complete 
| 161|0x000000008a100000, 0x000000008a200000, 0x000000008a200000|100%|HC|  |TAMS 0x000000008a200000, 0x000000008a100000| Complete 
| 162|0x000000008a200000, 0x000000008a300000, 0x000000008a300000|100%|HC|  |TAMS 0x000000008a300000, 0x000000008a200000| Complete 
| 163|0x000000008a300000, 0x000000008a400000, 0x000000008a400000|100%|HC|  |TAMS 0x000000008a400000, 0x000000008a300000| Complete 
| 164|0x000000008a400000, 0x000000008a500000, 0x000000008a500000|100%|HC|  |TAMS 0x000000008a500000, 0x000000008a400000| Complete 
| 165|0x000000008a500000, 0x000000008a600000, 0x000000008a600000|100%|HC|  |TAMS 0x000000008a600000, 0x000000008a500000| Complete 
| 166|0x000000008a600000, 0x000000008a700000, 0x000000008a700000|100%|HS|  |TAMS 0x000000008a700000, 0x000000008a600000| Complete 
| 167|0x000000008a700000, 0x000000008a800000, 0x000000008a800000|100%|HC|  |TAMS 0x000000008a800000, 0x000000008a700000| Complete 
| 168|0x000000008a800000, 0x000000008a900000, 0x000000008a900000|100%| O|  |TAMS 0x000000008a800000, 0x000000008a800000| Untracked 
| 169|0x000000008a900000, 0x000000008aa00000, 0x000000008aa00000|100%| O|  |TAMS 0x000000008a900000, 0x000000008a900000| Untracked 
| 170|0x000000008aa00000, 0x000000008ab00000, 0x000000008ab00000|100%| O|  |TAMS 0x000000008aa00000, 0x000000008aa00000| Untracked 
| 171|0x000000008ab00000, 0x000000008ac00000, 0x000000008ac00000|100%| O|  |TAMS 0x000000008ab00000, 0x000000008ab00000| Untracked 
| 172|0x000000008ac00000, 0x000000008ad00000, 0x000000008ad00000|100%| O|  |TAMS 0x000000008ad00000, 0x000000008ac00000| Untracked 
| 173|0x000000008ad00000, 0x000000008ae00000, 0x000000008ae00000|100%| O|  |TAMS 0x000000008ad00000, 0x000000008ad00000| Untracked 
| 174|0x000000008ae00000, 0x000000008af00000, 0x000000008af00000|100%| O|  |TAMS 0x000000008ae00000, 0x000000008ae00000| Untracked 
| 175|0x000000008af00000, 0x000000008b000000, 0x000000008b000000|100%| O|  |TAMS 0x000000008af00000, 0x000000008af00000| Untracked 
| 176|0x000000008b000000, 0x000000008b100000, 0x000000008b100000|100%| O|  |TAMS 0x000000008b000000, 0x000000008b000000| Untracked 
| 177|0x000000008b100000, 0x000000008b200000, 0x000000008b200000|100%| O|  |TAMS 0x000000008b100000, 0x000000008b100000| Untracked 
| 178|0x000000008b200000, 0x000000008b300000, 0x000000008b300000|100%| O|  |TAMS 0x000000008b200000, 0x000000008b200000| Untracked 
| 179|0x000000008b300000, 0x000000008b400000, 0x000000008b400000|100%| O|  |TAMS 0x000000008b300000, 0x000000008b300000| Untracked 
| 180|0x000000008b400000, 0x000000008b400000, 0x000000008b500000|  0%| F|  |TAMS 0x000000008b400000, 0x000000008b400000| Untracked 
| 181|0x000000008b500000, 0x000000008b500000, 0x000000008b600000|  0%| F|  |TAMS 0x000000008b500000, 0x000000008b500000| Untracked 
| 182|0x000000008b600000, 0x000000008b700000, 0x000000008b700000|100%| O|  |TAMS 0x000000008b700000, 0x000000008b600000| Untracked 
| 183|0x000000008b700000, 0x000000008b800000, 0x000000008b800000|100%| O|  |TAMS 0x000000008b800000, 0x000000008b700000| Untracked 
| 184|0x000000008b800000, 0x000000008b900000, 0x000000008b900000|100%| O|  |TAMS 0x000000008b900000, 0x000000008b800000| Untracked 
| 185|0x000000008b900000, 0x000000008ba00000, 0x000000008ba00000|100%| O|  |TAMS 0x000000008ba00000, 0x000000008b900000| Untracked 
| 186|0x000000008ba00000, 0x000000008bb00000, 0x000000008bb00000|100%| O|  |TAMS 0x000000008bb00000, 0x000000008ba00000| Untracked 
| 187|0x000000008bb00000, 0x000000008bc00000, 0x000000008bc00000|100%| O|  |TAMS 0x000000008bb4a200, 0x000000008bb00000| Untracked 
| 188|0x000000008bc00000, 0x000000008bc00000, 0x000000008bd00000|  0%| F|  |TAMS 0x000000008bc00000, 0x000000008bc00000| Untracked 
| 189|0x000000008bd00000, 0x000000008bd00000, 0x000000008be00000|  0%| F|  |TAMS 0x000000008bd00000, 0x000000008bd00000| Untracked 
| 190|0x000000008be00000, 0x000000008be00000, 0x000000008bf00000|  0%| F|  |TAMS 0x000000008be00000, 0x000000008be00000| Untracked 
| 191|0x000000008bf00000, 0x000000008bf00000, 0x000000008c000000|  0%| F|  |TAMS 0x000000008bf00000, 0x000000008bf00000| Untracked 
| 192|0x000000008c000000, 0x000000008c000000, 0x000000008c100000|  0%| F|  |TAMS 0x000000008c000000, 0x000000008c000000| Untracked 
| 193|0x000000008c100000, 0x000000008c100000, 0x000000008c200000|  0%| F|  |TAMS 0x000000008c100000, 0x000000008c100000| Untracked 
| 194|0x000000008c200000, 0x000000008c200000, 0x000000008c300000|  0%| F|  |TAMS 0x000000008c200000, 0x000000008c200000| Untracked 
| 195|0x000000008c300000, 0x000000008c300000, 0x000000008c400000|  0%| F|  |TAMS 0x000000008c300000, 0x000000008c300000| Untracked 
| 196|0x000000008c400000, 0x000000008c400000, 0x000000008c500000|  0%| F|  |TAMS 0x000000008c400000, 0x000000008c400000| Untracked 
| 197|0x000000008c500000, 0x000000008c500000, 0x000000008c600000|  0%| F|  |TAMS 0x000000008c500000, 0x000000008c500000| Untracked 
| 198|0x000000008c600000, 0x000000008c600000, 0x000000008c700000|  0%| F|  |TAMS 0x000000008c600000, 0x000000008c600000| Untracked 
| 199|0x000000008c700000, 0x000000008c700000, 0x000000008c800000|  0%| F|  |TAMS 0x000000008c700000, 0x000000008c700000| Untracked 
| 200|0x000000008c800000, 0x000000008c800000, 0x000000008c900000|  0%| F|  |TAMS 0x000000008c800000, 0x000000008c800000| Untracked 
| 201|0x000000008c900000, 0x000000008c900000, 0x000000008ca00000|  0%| F|  |TAMS 0x000000008c900000, 0x000000008c900000| Untracked 
| 202|0x000000008ca00000, 0x000000008ca00000, 0x000000008cb00000|  0%| F|  |TAMS 0x000000008ca00000, 0x000000008ca00000| Untracked 
| 203|0x000000008cb00000, 0x000000008cb00000, 0x000000008cc00000|  0%| F|  |TAMS 0x000000008cb00000, 0x000000008cb00000| Untracked 
| 204|0x000000008cc00000, 0x000000008cc00000, 0x000000008cd00000|  0%| F|  |TAMS 0x000000008cc00000, 0x000000008cc00000| Untracked 
| 205|0x000000008cd00000, 0x000000008cd00000, 0x000000008ce00000|  0%| F|  |TAMS 0x000000008cd00000, 0x000000008cd00000| Untracked 
| 206|0x000000008ce00000, 0x000000008ce00000, 0x000000008cf00000|  0%| F|  |TAMS 0x000000008ce00000, 0x000000008ce00000| Untracked 
| 207|0x000000008cf00000, 0x000000008cf00000, 0x000000008d000000|  0%| F|  |TAMS 0x000000008cf00000, 0x000000008cf00000| Untracked 
| 208|0x000000008d000000, 0x000000008d000000, 0x000000008d100000|  0%| F|  |TAMS 0x000000008d000000, 0x000000008d000000| Untracked 
| 209|0x000000008d100000, 0x000000008d100000, 0x000000008d200000|  0%| F|  |TAMS 0x000000008d100000, 0x000000008d100000| Untracked 
| 210|0x000000008d200000, 0x000000008d200000, 0x000000008d300000|  0%| F|  |TAMS 0x000000008d200000, 0x000000008d200000| Untracked 
| 211|0x000000008d300000, 0x000000008d300000, 0x000000008d400000|  0%| F|  |TAMS 0x000000008d300000, 0x000000008d300000| Untracked 
| 212|0x000000008d400000, 0x000000008d400000, 0x000000008d500000|  0%| F|  |TAMS 0x000000008d400000, 0x000000008d400000| Untracked 
| 213|0x000000008d500000, 0x000000008d500000, 0x000000008d600000|  0%| F|  |TAMS 0x000000008d500000, 0x000000008d500000| Untracked 
| 214|0x000000008d600000, 0x000000008d600000, 0x000000008d700000|  0%| F|  |TAMS 0x000000008d600000, 0x000000008d600000| Untracked 
| 215|0x000000008d700000, 0x000000008d700000, 0x000000008d800000|  0%| F|  |TAMS 0x000000008d700000, 0x000000008d700000| Untracked 
| 216|0x000000008d800000, 0x000000008d800000, 0x000000008d900000|  0%| F|  |TAMS 0x000000008d800000, 0x000000008d800000| Untracked 
| 217|0x000000008d900000, 0x000000008d900000, 0x000000008da00000|  0%| F|  |TAMS 0x000000008d900000, 0x000000008d900000| Untracked 
| 218|0x000000008da00000, 0x000000008da00000, 0x000000008db00000|  0%| F|  |TAMS 0x000000008da00000, 0x000000008da00000| Untracked 
| 219|0x000000008db00000, 0x000000008db00000, 0x000000008dc00000|  0%| F|  |TAMS 0x000000008db00000, 0x000000008db00000| Untracked 
| 220|0x000000008dc00000, 0x000000008dc00000, 0x000000008dd00000|  0%| F|  |TAMS 0x000000008dc00000, 0x000000008dc00000| Untracked 
| 221|0x000000008dd00000, 0x000000008dd00000, 0x000000008de00000|  0%| F|  |TAMS 0x000000008dd00000, 0x000000008dd00000| Untracked 
| 222|0x000000008de00000, 0x000000008de00000, 0x000000008df00000|  0%| F|  |TAMS 0x000000008de00000, 0x000000008de00000| Untracked 
| 223|0x000000008df00000, 0x000000008df00000, 0x000000008e000000|  0%| F|  |TAMS 0x000000008df00000, 0x000000008df00000| Untracked 
| 224|0x000000008e000000, 0x000000008e000000, 0x000000008e100000|  0%| F|  |TAMS 0x000000008e000000, 0x000000008e000000| Untracked 
| 225|0x000000008e100000, 0x000000008e100000, 0x000000008e200000|  0%| F|  |TAMS 0x000000008e100000, 0x000000008e100000| Untracked 
| 226|0x000000008e200000, 0x000000008e200000, 0x000000008e300000|  0%| F|  |TAMS 0x000000008e200000, 0x000000008e200000| Untracked 
| 227|0x000000008e300000, 0x000000008e300000, 0x000000008e400000|  0%| F|  |TAMS 0x000000008e300000, 0x000000008e300000| Untracked 
| 228|0x000000008e400000, 0x000000008e400000, 0x000000008e500000|  0%| F|  |TAMS 0x000000008e400000, 0x000000008e400000| Untracked 
| 229|0x000000008e500000, 0x000000008e500000, 0x000000008e600000|  0%| F|  |TAMS 0x000000008e500000, 0x000000008e500000| Untracked 
| 230|0x000000008e600000, 0x000000008e600000, 0x000000008e700000|  0%| F|  |TAMS 0x000000008e600000, 0x000000008e600000| Untracked 
| 231|0x000000008e700000, 0x000000008e700000, 0x000000008e800000|  0%| F|  |TAMS 0x000000008e700000, 0x000000008e700000| Untracked 
| 232|0x000000008e800000, 0x000000008e800000, 0x000000008e900000|  0%| F|  |TAMS 0x000000008e800000, 0x000000008e800000| Untracked 
| 233|0x000000008e900000, 0x000000008e900000, 0x000000008ea00000|  0%| F|  |TAMS 0x000000008e900000, 0x000000008e900000| Untracked 
| 234|0x000000008ea00000, 0x000000008ea00000, 0x000000008eb00000|  0%| F|  |TAMS 0x000000008ea00000, 0x000000008ea00000| Untracked 
| 235|0x000000008eb00000, 0x000000008eb00000, 0x000000008ec00000|  0%| F|  |TAMS 0x000000008eb00000, 0x000000008eb00000| Untracked 
| 236|0x000000008ec00000, 0x000000008ec00000, 0x000000008ed00000|  0%| F|  |TAMS 0x000000008ec00000, 0x000000008ec00000| Untracked 
| 237|0x000000008ed00000, 0x000000008ed00000, 0x000000008ee00000|  0%| F|  |TAMS 0x000000008ed00000, 0x000000008ed00000| Untracked 
| 238|0x000000008ee00000, 0x000000008ee00000, 0x000000008ef00000|  0%| F|  |TAMS 0x000000008ee00000, 0x000000008ee00000| Untracked 
| 239|0x000000008ef00000, 0x000000008ef00000, 0x000000008f000000|  0%| F|  |TAMS 0x000000008ef00000, 0x000000008ef00000| Untracked 
| 240|0x000000008f000000, 0x000000008f000000, 0x000000008f100000|  0%| F|  |TAMS 0x000000008f000000, 0x000000008f000000| Untracked 
| 241|0x000000008f100000, 0x000000008f100000, 0x000000008f200000|  0%| F|  |TAMS 0x000000008f100000, 0x000000008f100000| Untracked 
| 242|0x000000008f200000, 0x000000008f200000, 0x000000008f300000|  0%| F|  |TAMS 0x000000008f200000, 0x000000008f200000| Untracked 
| 243|0x000000008f300000, 0x000000008f300000, 0x000000008f400000|  0%| F|  |TAMS 0x000000008f300000, 0x000000008f300000| Untracked 
| 244|0x000000008f400000, 0x000000008f400000, 0x000000008f500000|  0%| F|  |TAMS 0x000000008f400000, 0x000000008f400000| Untracked 
| 245|0x000000008f500000, 0x000000008f500000, 0x000000008f600000|  0%| F|  |TAMS 0x000000008f500000, 0x000000008f500000| Untracked 
| 246|0x000000008f600000, 0x000000008f600000, 0x000000008f700000|  0%| F|  |TAMS 0x000000008f600000, 0x000000008f600000| Untracked 
| 247|0x000000008f700000, 0x000000008f700000, 0x000000008f800000|  0%| F|  |TAMS 0x000000008f700000, 0x000000008f700000| Untracked 
| 248|0x000000008f800000, 0x000000008f800000, 0x000000008f900000|  0%| F|  |TAMS 0x000000008f800000, 0x000000008f800000| Untracked 
| 249|0x000000008f900000, 0x000000008f900000, 0x000000008fa00000|  0%| F|  |TAMS 0x000000008f900000, 0x000000008f900000| Untracked 
| 250|0x000000008fa00000, 0x000000008fa00000, 0x000000008fb00000|  0%| F|  |TAMS 0x000000008fa00000, 0x000000008fa00000| Untracked 
| 251|0x000000008fb00000, 0x000000008fb00000, 0x000000008fc00000|  0%| F|  |TAMS 0x000000008fb00000, 0x000000008fb00000| Untracked 
| 252|0x000000008fc00000, 0x000000008fc00000, 0x000000008fd00000|  0%| F|  |TAMS 0x000000008fc00000, 0x000000008fc00000| Untracked 
| 253|0x000000008fd00000, 0x000000008fd00000, 0x000000008fe00000|  0%| F|  |TAMS 0x000000008fd00000, 0x000000008fd00000| Untracked 
| 254|0x000000008fe00000, 0x000000008fe00000, 0x000000008ff00000|  0%| F|  |TAMS 0x000000008fe00000, 0x000000008fe00000| Untracked 
| 255|0x000000008ff00000, 0x000000008ff00000, 0x0000000090000000|  0%| F|  |TAMS 0x000000008ff00000, 0x000000008ff00000| Untracked 
| 256|0x0000000090000000, 0x0000000090000000, 0x0000000090100000|  0%| F|  |TAMS 0x0000000090000000, 0x0000000090000000| Untracked 
| 257|0x0000000090100000, 0x0000000090100000, 0x0000000090200000|  0%| F|  |TAMS 0x0000000090100000, 0x0000000090100000| Untracked 
| 258|0x0000000090200000, 0x0000000090200000, 0x0000000090300000|  0%| F|  |TAMS 0x0000000090200000, 0x0000000090200000| Untracked 
| 259|0x0000000090300000, 0x0000000090300000, 0x0000000090400000|  0%| F|  |TAMS 0x0000000090300000, 0x0000000090300000| Untracked 
| 260|0x0000000090400000, 0x0000000090400000, 0x0000000090500000|  0%| F|  |TAMS 0x0000000090400000, 0x0000000090400000| Untracked 
| 261|0x0000000090500000, 0x0000000090500000, 0x0000000090600000|  0%| F|  |TAMS 0x0000000090500000, 0x0000000090500000| Untracked 
| 262|0x0000000090600000, 0x0000000090600000, 0x0000000090700000|  0%| F|  |TAMS 0x0000000090600000, 0x0000000090600000| Untracked 
| 263|0x0000000090700000, 0x0000000090700000, 0x0000000090800000|  0%| F|  |TAMS 0x0000000090700000, 0x0000000090700000| Untracked 
| 264|0x0000000090800000, 0x0000000090800000, 0x0000000090900000|  0%| F|  |TAMS 0x0000000090800000, 0x0000000090800000| Untracked 
| 265|0x0000000090900000, 0x0000000090900000, 0x0000000090a00000|  0%| F|  |TAMS 0x0000000090900000, 0x0000000090900000| Untracked 
| 266|0x0000000090a00000, 0x0000000090a00000, 0x0000000090b00000|  0%| F|  |TAMS 0x0000000090a00000, 0x0000000090a00000| Untracked 
| 267|0x0000000090b00000, 0x0000000090b00000, 0x0000000090c00000|  0%| F|  |TAMS 0x0000000090b00000, 0x0000000090b00000| Untracked 
| 268|0x0000000090c00000, 0x0000000090c00000, 0x0000000090d00000|  0%| F|  |TAMS 0x0000000090c00000, 0x0000000090c00000| Untracked 
| 269|0x0000000090d00000, 0x0000000090d00000, 0x0000000090e00000|  0%| F|  |TAMS 0x0000000090d00000, 0x0000000090d00000| Untracked 
| 270|0x0000000090e00000, 0x0000000090e00000, 0x0000000090f00000|  0%| F|  |TAMS 0x0000000090e00000, 0x0000000090e00000| Untracked 
| 271|0x0000000090f00000, 0x0000000090f00000, 0x0000000091000000|  0%| F|  |TAMS 0x0000000090f00000, 0x0000000090f00000| Untracked 
| 272|0x0000000091000000, 0x0000000091000000, 0x0000000091100000|  0%| F|  |TAMS 0x0000000091000000, 0x0000000091000000| Untracked 
| 273|0x0000000091100000, 0x0000000091100000, 0x0000000091200000|  0%| F|  |TAMS 0x0000000091100000, 0x0000000091100000| Untracked 
| 274|0x0000000091200000, 0x0000000091200000, 0x0000000091300000|  0%| F|  |TAMS 0x0000000091200000, 0x0000000091200000| Untracked 
| 275|0x0000000091300000, 0x0000000091300000, 0x0000000091400000|  0%| F|  |TAMS 0x0000000091300000, 0x0000000091300000| Untracked 
| 276|0x0000000091400000, 0x0000000091400000, 0x0000000091500000|  0%| F|  |TAMS 0x0000000091400000, 0x0000000091400000| Untracked 
| 277|0x0000000091500000, 0x0000000091500000, 0x0000000091600000|  0%| F|  |TAMS 0x0000000091500000, 0x0000000091500000| Untracked 
| 278|0x0000000091600000, 0x0000000091600000, 0x0000000091700000|  0%| F|  |TAMS 0x0000000091600000, 0x0000000091600000| Untracked 
| 279|0x0000000091700000, 0x0000000091700000, 0x0000000091800000|  0%| F|  |TAMS 0x0000000091700000, 0x0000000091700000| Untracked 
| 280|0x0000000091800000, 0x0000000091800000, 0x0000000091900000|  0%| F|  |TAMS 0x0000000091800000, 0x0000000091800000| Untracked 
| 281|0x0000000091900000, 0x0000000091900000, 0x0000000091a00000|  0%| F|  |TAMS 0x0000000091900000, 0x0000000091900000| Untracked 
| 282|0x0000000091a00000, 0x0000000091a00000, 0x0000000091b00000|  0%| F|  |TAMS 0x0000000091a00000, 0x0000000091a00000| Untracked 
| 283|0x0000000091b00000, 0x0000000091b00000, 0x0000000091c00000|  0%| F|  |TAMS 0x0000000091b00000, 0x0000000091b00000| Untracked 
| 284|0x0000000091c00000, 0x0000000091c00000, 0x0000000091d00000|  0%| F|  |TAMS 0x0000000091c00000, 0x0000000091c00000| Untracked 
| 285|0x0000000091d00000, 0x0000000091d00000, 0x0000000091e00000|  0%| F|  |TAMS 0x0000000091d00000, 0x0000000091d00000| Untracked 
| 286|0x0000000091e00000, 0x0000000091e00000, 0x0000000091f00000|  0%| F|  |TAMS 0x0000000091e00000, 0x0000000091e00000| Untracked 
| 287|0x0000000091f00000, 0x0000000091f00000, 0x0000000092000000|  0%| F|  |TAMS 0x0000000091f00000, 0x0000000091f00000| Untracked 
| 288|0x0000000092000000, 0x0000000092000000, 0x0000000092100000|  0%| F|  |TAMS 0x0000000092000000, 0x0000000092000000| Untracked 
| 289|0x0000000092100000, 0x0000000092100000, 0x0000000092200000|  0%| F|  |TAMS 0x0000000092100000, 0x0000000092100000| Untracked 
| 290|0x0000000092200000, 0x0000000092200000, 0x0000000092300000|  0%| F|  |TAMS 0x0000000092200000, 0x0000000092200000| Untracked 
| 291|0x0000000092300000, 0x0000000092300000, 0x0000000092400000|  0%| F|  |TAMS 0x0000000092300000, 0x0000000092300000| Untracked 
| 292|0x0000000092400000, 0x0000000092400000, 0x0000000092500000|  0%| F|  |TAMS 0x0000000092400000, 0x0000000092400000| Untracked 
| 293|0x0000000092500000, 0x0000000092500000, 0x0000000092600000|  0%| F|  |TAMS 0x0000000092500000, 0x0000000092500000| Untracked 
| 294|0x0000000092600000, 0x0000000092600000, 0x0000000092700000|  0%| F|  |TAMS 0x0000000092600000, 0x0000000092600000| Untracked 
| 295|0x0000000092700000, 0x0000000092700000, 0x0000000092800000|  0%| F|  |TAMS 0x0000000092700000, 0x0000000092700000| Untracked 
| 296|0x0000000092800000, 0x00000000928d0808, 0x0000000092900000| 81%| E|  |TAMS 0x0000000092800000, 0x0000000092800000| Complete 
| 297|0x0000000092900000, 0x0000000092a00000, 0x0000000092a00000|100%| E|CS|TAMS 0x0000000092900000, 0x0000000092900000| Complete 
| 298|0x0000000092a00000, 0x0000000092b00000, 0x0000000092b00000|100%| E|CS|TAMS 0x0000000092a00000, 0x0000000092a00000| Complete 
| 299|0x0000000092b00000, 0x0000000092c00000, 0x0000000092c00000|100%| E|CS|TAMS 0x0000000092b00000, 0x0000000092b00000| Complete 
| 300|0x0000000092c00000, 0x0000000092d00000, 0x0000000092d00000|100%| E|CS|TAMS 0x0000000092c00000, 0x0000000092c00000| Complete 
| 301|0x0000000092d00000, 0x0000000092d75e70, 0x0000000092e00000| 46%| S|CS|TAMS 0x0000000092d00000, 0x0000000092d00000| Complete 
| 302|0x0000000092e00000, 0x0000000092f00000, 0x0000000092f00000|100%| S|CS|TAMS 0x0000000092e00000, 0x0000000092e00000| Complete 
| 303|0x0000000092f00000, 0x0000000093000000, 0x0000000093000000|100%| E|CS|TAMS 0x0000000092f00000, 0x0000000092f00000| Complete 
| 304|0x0000000093000000, 0x0000000093100000, 0x0000000093100000|100%| E|CS|TAMS 0x0000000093000000, 0x0000000093000000| Complete 
| 305|0x0000000093100000, 0x0000000093200000, 0x0000000093200000|100%| E|CS|TAMS 0x0000000093100000, 0x0000000093100000| Complete 
| 306|0x0000000093200000, 0x0000000093300000, 0x0000000093300000|100%| E|CS|TAMS 0x0000000093200000, 0x0000000093200000| Complete 
| 307|0x0000000093300000, 0x0000000093400000, 0x0000000093400000|100%| E|CS|TAMS 0x0000000093300000, 0x0000000093300000| Complete 
| 308|0x0000000093400000, 0x0000000093500000, 0x0000000093500000|100%| E|CS|TAMS 0x0000000093400000, 0x0000000093400000| Complete 
| 309|0x0000000093500000, 0x0000000093600000, 0x0000000093600000|100%| E|CS|TAMS 0x0000000093500000, 0x0000000093500000| Complete 
| 310|0x0000000093600000, 0x0000000093700000, 0x0000000093700000|100%| E|CS|TAMS 0x0000000093600000, 0x0000000093600000| Complete 
| 311|0x0000000093700000, 0x0000000093800000, 0x0000000093800000|100%| E|CS|TAMS 0x0000000093700000, 0x0000000093700000| Complete 
| 312|0x0000000093800000, 0x0000000093900000, 0x0000000093900000|100%| E|CS|TAMS 0x0000000093800000, 0x0000000093800000| Complete 
| 313|0x0000000093900000, 0x0000000093a00000, 0x0000000093a00000|100%| E|CS|TAMS 0x0000000093900000, 0x0000000093900000| Complete 
| 314|0x0000000093a00000, 0x0000000093b00000, 0x0000000093b00000|100%| E|CS|TAMS 0x0000000093a00000, 0x0000000093a00000| Complete 
| 315|0x0000000093b00000, 0x0000000093c00000, 0x0000000093c00000|100%| E|CS|TAMS 0x0000000093b00000, 0x0000000093b00000| Complete 
|2045|0x00000000ffd00000, 0x00000000ffe00000, 0x00000000ffe00000|100%| O|  |TAMS 0x00000000ffe00000, 0x00000000ffd00000| Untracked 
|2046|0x00000000ffe00000, 0x00000000fff00000, 0x00000000fff00000|100%| O|  |TAMS 0x00000000fff00000, 0x00000000ffe00000| Untracked 
|2047|0x00000000fff00000, 0x0000000100000000, 0x0000000100000000|100%| O|  |TAMS 0x0000000100000000, 0x00000000fff00000| Untracked 

Card table byte_map: [0x000001a019ef0000,0x000001a01a2f0000] _byte_map_base: 0x000001a019af0000

Marking Bits (Prev, Next): (CMBitMap*) 0x000001a002ff21a0, (CMBitMap*) 0x000001a002ff21e0
 Prev Bits: [0x000001a01a6f0000, 0x000001a01c6f0000)
 Next Bits: [0x000001a01c6f0000, 0x000001a01e6f0000)

Polling page: 0x000001a000d90000

Metaspace:

Usage:
  Non-class:    121.11 MB used.
      Class:     17.78 MB used.
       Both:    138.89 MB used.

Virtual space:
  Non-class space:      128.00 MB reserved,     122.19 MB ( 95%) committed,  2 nodes.
      Class space:        1.00 GB reserved,      19.12 MB (  2%) committed,  1 nodes.
             Both:        1.12 GB reserved,     141.31 MB ( 12%) committed. 

Chunk freelists:
   Non-Class:  1.56 MB
       Class:  831.00 KB
        Both:  2.38 MB

MaxMetaspaceSize: unlimited
CompressedClassSpaceSize: 1.00 GB
Initial GC threshold: 21.00 MB
Current GC threshold: 235.56 MB
CDS: on
MetaspaceReclaimPolicy: balanced
 - commit_granule_bytes: 65536.
 - commit_granule_words: 8192.
 - virtual_space_node_default_size: 8388608.
 - enlarge_chunks_in_place: 1.
 - new_chunks_are_fully_committed: 0.
 - uncommit_free_chunks: 1.
 - use_allocation_guard: 0.


Internal statistics:

num_allocs_failed_limit: 9.
num_arena_births: 4614.
num_arena_deaths: 0.
num_vsnodes_births: 3.
num_vsnodes_deaths: 0.
num_space_committed: 2259.
num_space_uncommitted: 0.
num_chunks_returned_to_freelist: 9.
num_chunks_taken_from_freelist: 10774.
num_chunk_merges: 9.
num_chunk_splits: 7532.
num_chunks_enlarged: 5134.
num_inconsistent_stats: 0.

CodeHeap 'non-profiled nmethods': size=120064Kb used=7726Kb max_used=7726Kb free=112338Kb
 bounds [0x000001a0129b0000, 0x000001a013140000, 0x000001a019ef0000]
CodeHeap 'profiled nmethods': size=120000Kb used=28609Kb max_used=28609Kb free=91391Kb
 bounds [0x000001a00aef0000, 0x000001a00caf0000, 0x000001a012420000]
CodeHeap 'non-nmethods': size=5696Kb used=2656Kb max_used=2709Kb free=3040Kb
 bounds [0x000001a012420000, 0x000001a0126d0000, 0x000001a0129b0000]
 total_blobs=14533 nmethods=13395 adapters=1046
 compilation: enabled
              stopped_count=0, restarted_count=0
 full_count=0

Compilation events (20 events):
Event: 186.483 Thread 0x000001a020ac5d20 nmethod 15577 0x000001a013137490 code [0x000001a013137600, 0x000001a013137678]
Event: 186.505 Thread 0x000001a020ac5d20 15578       4       org.gradle.internal.serialize.kryo.KryoBackedDecoder::<init> (26 bytes)
Event: 186.512 Thread 0x000001a020ac5d20 nmethod 15578 0x000001a013137790 code [0x000001a013137920, 0x000001a013137ff8]
Event: 186.567 Thread 0x000001a020ac5d20 15579       4       java.io.DataInputStream::read (11 bytes)
Event: 186.572 Thread 0x000001a020ac5d20 nmethod 15579 0x000001a013138190 code [0x000001a013138340, 0x000001a013138828]
Event: 186.572 Thread 0x000001a020ac5d20 15580       4       sun.security.provider.DigestBase::implCompressMultiBlockCheck (58 bytes)
Event: 186.573 Thread 0x000001a020ac5d20 nmethod 15580 0x000001a013138b90 code [0x000001a013138d20, 0x000001a013138e58]
Event: 186.637 Thread 0x000001a020ac5d20 15581       4       org.gradle.cache.internal.btree.FreeListBlockStore$2::create (29 bytes)
Event: 186.646 Thread 0x000001a020ac5d20 nmethod 15581 0x000001a013138f90 code [0x000001a013139180, 0x000001a0131398b8]
Event: 186.646 Thread 0x000001a020ac5d20 15582       4       org.gradle.cache.internal.btree.BTreePersistentIndexedCache$1::create (65 bytes)
Event: 186.652 Thread 0x000001a020ac5d20 nmethod 15582 0x000001a013139b90 code [0x000001a013139d40, 0x000001a01313a218]
Event: 186.689 Thread 0x000001a020ac5d20 15583       4       org.gradle.cache.internal.filelock.DefaultLockStateSerializer$SequenceNumberLockState::isDirty (27 bytes)
Event: 186.690 Thread 0x000001a020ac5d20 nmethod 15583 0x000001a01313a410 code [0x000001a01313a5a0, 0x000001a01313a678]
Event: 186.715 Thread 0x000001a020ac5d20 15584       4       org.gradle.cache.internal.DefaultFileLockManager$DefaultFileLock::assertOpenAndIntegral (41 bytes)
Event: 186.717 Thread 0x000001a020ac5d20 nmethod 15584 0x000001a01313a710 code [0x000001a01313a8a0, 0x000001a01313a9b8]
Event: 186.750 Thread 0x000001a020ac5d20 15585       4       java.util.concurrent.locks.AbstractQueuedSynchronizer$ConditionObject::doSignal (54 bytes)
Event: 186.761 Thread 0x000001a020ac5d20 nmethod 15585 0x000001a01313ab10 code [0x000001a01313aca0, 0x000001a01313b2a8]
Event: 186.761 Thread 0x000001a020ac5d20 15586       4       org.gradle.internal.file.FileHierarchySet$PrefixFileSet::contains (10 bytes)
Event: 186.762 Thread 0x000001a020ac5d20 nmethod 15586 0x000001a01313b490 code [0x000001a01313b620, 0x000001a01313b6e8]
Event: 186.833 Thread 0x000001a020ac5d20 15587       4       org.gradle.cache.internal.DefaultCacheCoordinator$UnitOfWorkFileAccess::readFile (14 bytes)

GC Heap History (20 events):
Event: 139.117 GC heap before
{Heap before GC invocations=54 (full 0):
 garbage-first heap   total 260096K, used 157438K [0x0000000080000000, 0x0000000100000000)
  region size 1024K, 12 young (12288K), 7 survivors (7168K)
 Metaspace       used 126078K, committed 128448K, reserved 1179648K
  class space    used 16115K, committed 17408K, reserved 1048576K
}
Event: 139.146 GC heap after
{Heap after GC invocations=55 (full 0):
 garbage-first heap   total 260096K, used 150994K [0x0000000080000000, 0x0000000100000000)
  region size 1024K, 2 young (2048K), 2 survivors (2048K)
 Metaspace       used 126078K, committed 128448K, reserved 1179648K
  class space    used 16115K, committed 17408K, reserved 1048576K
}
Event: 145.448 GC heap before
{Heap before GC invocations=55 (full 0):
 garbage-first heap   total 260096K, used 214482K [0x0000000080000000, 0x0000000100000000)
  region size 1024K, 65 young (66560K), 2 survivors (2048K)
 Metaspace       used 131134K, committed 133504K, reserved 1179648K
  class space    used 16541K, committed 17792K, reserved 1048576K
}
Event: 145.465 GC heap after
{Heap after GC invocations=56 (full 0):
 garbage-first heap   total 260096K, used 155477K [0x0000000080000000, 0x0000000100000000)
  region size 1024K, 6 young (6144K), 6 survivors (6144K)
 Metaspace       used 131134K, committed 133504K, reserved 1179648K
  class space    used 16541K, committed 17792K, reserved 1048576K
}
Event: 150.989 GC heap before
{Heap before GC invocations=57 (full 0):
 garbage-first heap   total 261120K, used 217941K [0x0000000080000000, 0x0000000100000000)
  region size 1024K, 66 young (67584K), 6 survivors (6144K)
 Metaspace       used 135495K, committed 137920K, reserved 1179648K
  class space    used 17292K, committed 18560K, reserved 1048576K
}
Event: 151.029 GC heap after
{Heap after GC invocations=58 (full 0):
 garbage-first heap   total 261120K, used 157783K [0x0000000080000000, 0x0000000100000000)
  region size 1024K, 3 young (3072K), 3 survivors (3072K)
 Metaspace       used 135495K, committed 137920K, reserved 1179648K
  class space    used 17292K, committed 18560K, reserved 1048576K
}
Event: 151.460 GC heap before
{Heap before GC invocations=58 (full 0):
 garbage-first heap   total 261120K, used 166999K [0x0000000080000000, 0x0000000100000000)
  region size 1024K, 12 young (12288K), 3 survivors (3072K)
 Metaspace       used 136119K, committed 138624K, reserved 1179648K
  class space    used 17381K, committed 18688K, reserved 1048576K
}
Event: 151.476 GC heap after
{Heap after GC invocations=59 (full 0):
 garbage-first heap   total 261120K, used 156382K [0x0000000080000000, 0x0000000100000000)
  region size 1024K, 1 young (1024K), 1 survivors (1024K)
 Metaspace       used 136119K, committed 138624K, reserved 1179648K
  class space    used 17381K, committed 18688K, reserved 1048576K
}
Event: 152.878 GC heap before
{Heap before GC invocations=59 (full 0):
 garbage-first heap   total 261120K, used 170718K [0x0000000080000000, 0x0000000100000000)
  region size 1024K, 17 young (17408K), 1 survivors (1024K)
 Metaspace       used 137712K, committed 140160K, reserved 1179648K
  class space    used 17571K, committed 18880K, reserved 1048576K
}
Event: 152.889 GC heap after
{Heap after GC invocations=60 (full 0):
 garbage-first heap   total 261120K, used 149732K [0x0000000080000000, 0x0000000100000000)
  region size 1024K, 2 young (2048K), 2 survivors (2048K)
 Metaspace       used 137712K, committed 140160K, reserved 1179648K
  class space    used 17571K, committed 18880K, reserved 1048576K
}
Event: 177.588 GC heap before
{Heap before GC invocations=61 (full 0):
 garbage-first heap   total 261120K, used 242916K [0x0000000080000000, 0x0000000100000000)
  region size 1024K, 70 young (71680K), 2 survivors (2048K)
 Metaspace       used 142200K, committed 144704K, reserved 1179648K
  class space    used 18203K, committed 19584K, reserved 1048576K
}
Event: 177.701 GC heap after
{Heap after GC invocations=62 (full 0):
 garbage-first heap   total 261120K, used 186054K [0x0000000080000000, 0x0000000100000000)
  region size 1024K, 9 young (9216K), 9 survivors (9216K)
 Metaspace       used 142200K, committed 144704K, reserved 1179648K
  class space    used 18203K, committed 19584K, reserved 1048576K
}
Event: 177.726 GC heap before
{Heap before GC invocations=62 (full 0):
 garbage-first heap   total 261120K, used 189126K [0x0000000080000000, 0x0000000100000000)
  region size 1024K, 12 young (12288K), 9 survivors (9216K)
 Metaspace       used 142200K, committed 144704K, reserved 1179648K
  class space    used 18203K, committed 19584K, reserved 1048576K
}
Event: 177.760 GC heap after
{Heap after GC invocations=63 (full 0):
 garbage-first heap   total 261120K, used 181027K [0x0000000080000000, 0x0000000100000000)
  region size 1024K, 2 young (2048K), 2 survivors (2048K)
 Metaspace       used 142200K, committed 144704K, reserved 1179648K
  class space    used 18203K, committed 19584K, reserved 1048576K
}
Event: 178.565 GC heap before
{Heap before GC invocations=63 (full 0):
 garbage-first heap   total 261120K, used 220963K [0x0000000080000000, 0x0000000100000000)
  region size 1024K, 42 young (43008K), 2 survivors (2048K)
 Metaspace       used 142201K, committed 144704K, reserved 1179648K
  class space    used 18203K, committed 19584K, reserved 1048576K
}
Event: 178.660 GC heap after
{Heap after GC invocations=64 (full 0):
 garbage-first heap   total 261120K, used 195343K [0x0000000080000000, 0x0000000100000000)
  region size 1024K, 6 young (6144K), 6 survivors (6144K)
 Metaspace       used 142201K, committed 144704K, reserved 1179648K
  class space    used 18203K, committed 19584K, reserved 1048576K
}
Event: 183.122 GC heap before
{Heap before GC invocations=65 (full 0):
 garbage-first heap   total 326656K, used 210703K [0x0000000080000000, 0x0000000100000000)
  region size 1024K, 26 young (26624K), 6 survivors (6144K)
 Metaspace       used 142221K, committed 144704K, reserved 1179648K
  class space    used 18203K, committed 19584K, reserved 1048576K
}
Event: 183.145 GC heap after
{Heap after GC invocations=66 (full 0):
 garbage-first heap   total 326656K, used 193464K [0x0000000080000000, 0x0000000100000000)
  region size 1024K, 2 young (2048K), 2 survivors (2048K)
 Metaspace       used 142221K, committed 144704K, reserved 1179648K
  class space    used 18203K, committed 19584K, reserved 1048576K
}
Event: 184.882 GC heap before
{Heap before GC invocations=66 (full 0):
 garbage-first heap   total 326656K, used 205752K [0x0000000080000000, 0x0000000100000000)
  region size 1024K, 15 young (15360K), 2 survivors (2048K)
 Metaspace       used 142221K, committed 144704K, reserved 1179648K
  class space    used 18203K, committed 19584K, reserved 1048576K
}
Event: 184.891 GC heap after
{Heap after GC invocations=67 (full 0):
 garbage-first heap   total 326656K, used 189911K [0x0000000080000000, 0x0000000100000000)
  region size 1024K, 2 young (2048K), 2 survivors (2048K)
 Metaspace       used 142221K, committed 144704K, reserved 1179648K
  class space    used 18203K, committed 19584K, reserved 1048576K
}

Dll operation events (15 events):
Event: 0.015 Loaded shared library C:\Program Files\Java\jdk-19\bin\java.dll
Event: 0.027 Loaded shared library C:\Program Files\Java\jdk-19\bin\jsvml.dll
Event: 0.293 Loaded shared library C:\Program Files\Java\jdk-19\bin\zip.dll
Event: 0.300 Loaded shared library C:\Program Files\Java\jdk-19\bin\instrument.dll
Event: 0.324 Loaded shared library C:\Program Files\Java\jdk-19\bin\net.dll
Event: 0.327 Loaded shared library C:\Program Files\Java\jdk-19\bin\nio.dll
Event: 0.388 Loaded shared library C:\Program Files\Java\jdk-19\bin\zip.dll
Event: 1.069 Loaded shared library C:\Program Files\Java\jdk-19\bin\jimage.dll
Event: 1.457 Loaded shared library C:\Program Files\Java\jdk-19\bin\verify.dll
Event: 2.288 Loaded shared library D:\native\c067742578af261105cb4f569cf0c3c89f3d7b1fecec35dd04571415982c5e48\windows-amd64\native-platform.dll
Event: 2.375 Loaded shared library D:\native\38dada09dfb8b06ba9b0570ebf7e218e3eb74d4ef43ca46872605cf95ebc2f47\windows-amd64\native-platform-file-events.dll
Event: 6.230 Loaded shared library C:\Program Files\Java\jdk-19\bin\management.dll
Event: 6.238 Loaded shared library C:\Program Files\Java\jdk-19\bin\management_ext.dll
Event: 6.906 Loaded shared library C:\Program Files\Java\jdk-19\bin\extnet.dll
Event: 7.459 Loaded shared library C:\Program Files\Java\jdk-19\bin\sunmscapi.dll

Deoptimization events (20 events):
Event: 175.765 Thread 0x000001a025853a50 DEOPT PACKING pc=0x000001a0130a27fc sp=0x00000083fa3fa1f0
Event: 175.765 Thread 0x000001a025853a50 DEOPT UNPACKING pc=0x000001a012486da3 sp=0x00000083fa3fa178 mode 2
Event: 176.340 Thread 0x000001a025853a50 Uncommon trap: trap_request=0xffffffc6 fr.pc=0x000001a012ac5424 relative=0x0000000000000064
Event: 176.340 Thread 0x000001a025853a50 Uncommon trap: reason=bimorphic_or_optimized_type_check action=maybe_recompile pc=0x000001a012ac5424 method=com.google.common.collect.ImmutableList.copyOf(Ljava/util/Collection;)Lcom/google/common/collect/ImmutableList; @ 16 c2
Event: 176.340 Thread 0x000001a025853a50 DEOPT PACKING pc=0x000001a012ac5424 sp=0x00000083fa3f9f60
Event: 176.340 Thread 0x000001a025853a50 DEOPT UNPACKING pc=0x000001a012486da3 sp=0x00000083fa3f9f08 mode 2
Event: 176.556 Thread 0x000001a025853a50 Uncommon trap: trap_request=0xffffffde fr.pc=0x000001a01309a9ec relative=0x000000000000124c
Event: 176.556 Thread 0x000001a025853a50 Uncommon trap: reason=class_check action=maybe_recompile pc=0x000001a01309a9ec method=com.google.common.collect.ImmutableSet.copyOf(Ljava/util/Collection;)Lcom/google/common/collect/ImmutableSet; @ 15 c2
Event: 176.556 Thread 0x000001a025853a50 DEOPT PACKING pc=0x000001a01309a9ec sp=0x00000083fa3f9840
Event: 176.556 Thread 0x000001a025853a50 DEOPT UNPACKING pc=0x000001a012486da3 sp=0x00000083fa3f9848 mode 2
Event: 176.595 Thread 0x000001a025853a50 Uncommon trap: trap_request=0xffffff45 fr.pc=0x000001a013094038 relative=0x0000000000000d98
Event: 176.595 Thread 0x000001a025853a50 Uncommon trap: reason=unstable_if action=reinterpret pc=0x000001a013094038 method=com.esotericsoftware.kryo.io.Input.readString()Ljava/lang/String; @ 38 c2
Event: 176.595 Thread 0x000001a025853a50 DEOPT PACKING pc=0x000001a013094038 sp=0x00000083fa3f9260
Event: 176.595 Thread 0x000001a025853a50 DEOPT UNPACKING pc=0x000001a012486da3 sp=0x00000083fa3f9228 mode 2
Event: 177.225 Thread 0x000001a0262fd650 Uncommon trap: trap_request=0xffffff45 fr.pc=0x000001a012f39c9c relative=0x00000000000044bc
Event: 177.225 Thread 0x000001a0262fd650 Uncommon trap: reason=unstable_if action=reinterpret pc=0x000001a012f39c9c method=org.gradle.internal.io.StreamByteBuffer.allocateSpace()I @ 43 c2
Event: 177.225 Thread 0x000001a0262fd650 DEOPT PACKING pc=0x000001a012f39c9c sp=0x00000083fb3feb70
Event: 177.225 Thread 0x000001a0262fd650 DEOPT UNPACKING pc=0x000001a012486da3 sp=0x00000083fb3fe880 mode 2
Event: 184.469 Thread 0x000001a025851fc0 DEOPT PACKING pc=0x000001a00bd1c058 sp=0x00000083fa9fe5b0
Event: 184.469 Thread 0x000001a025851fc0 DEOPT UNPACKING pc=0x000001a012487543 sp=0x00000083fa9fda70 mode 0

Classes loaded (20 events):
Event: 175.768 Loading class java/lang/IntegerCustomizer
Event: 175.768 Loading class java/lang/IntegerCustomizer done
Event: 175.768 Loading class jdk/internal/ValueBased
Event: 175.769 Loading class jdk/internal/ValueBased done
Event: 175.946 Loading class java/util/AbstractListBeanInfo
Event: 175.946 Loading class java/util/AbstractListBeanInfo done
Event: 175.946 Loading class java/util/AbstractListBeanInfo
Event: 175.946 Loading class java/util/AbstractListBeanInfo done
Event: 175.946 Loading class java/util/AbstractListCustomizer
Event: 175.946 Loading class java/util/AbstractListCustomizer done
Event: 175.946 Loading class java/util/AbstractListCustomizer
Event: 175.946 Loading class java/util/AbstractListCustomizer done
Event: 175.958 Loading class java/io/FileBeanInfo
Event: 175.958 Loading class java/io/FileBeanInfo done
Event: 175.958 Loading class java/io/FileBeanInfo
Event: 175.958 Loading class java/io/FileBeanInfo done
Event: 175.958 Loading class java/io/FileCustomizer
Event: 175.958 Loading class java/io/FileCustomizer done
Event: 175.959 Loading class java/io/FileCustomizer
Event: 175.959 Loading class java/io/FileCustomizer done

Classes unloaded (0 events):
No events

Classes redefined (0 events):
No events

Internal exceptions (20 events):
Event: 175.912 Thread 0x000001a025853a50 Exception <a 'java/lang/ClassNotFoundException'{0x000000008c6cd7b0}: org/gradle/api/internal/catalog/DefaultDependenciesAccessors_DecoratedBeanInfo> (0x000000008c6cd7b0) 
thrown [s\open\src\hotspot\share\classfile\systemDictionary.cpp, line 255]
Event: 175.914 Thread 0x000001a025853a50 Exception <a 'java/lang/ClassNotFoundException'{0x000000008c6d6fd8}: org/gradle/api/internal/catalog/DefaultDependenciesAccessorsBeanInfo> (0x000000008c6d6fd8) 
thrown [s\open\src\hotspot\share\classfile\systemDictionary.cpp, line 255]
Event: 175.916 Thread 0x000001a025853a50 Exception <a 'java/lang/ClassNotFoundException'{0x000000008c5045b0}: org/gradle/api/internal/catalog/DefaultDependenciesAccessorsCustomizer> (0x000000008c5045b0) 
thrown [s\open\src\hotspot\share\classfile\systemDictionary.cpp, line 255]
Event: 175.920 Thread 0x000001a025853a50 Exception <a 'java/lang/ClassNotFoundException'{0x000000008c513430}: org/gradle/api/internal/catalog/DefaultDependenciesAccessors_DecoratedCustomizer> (0x000000008c513430) 
thrown [s\open\src\hotspot\share\classfile\systemDictionary.cpp, line 255]
Event: 175.924 Thread 0x000001a025853a50 Exception <a 'java/lang/ClassNotFoundException'{0x000000008c53ca88}: org/gradle/internal/classpath/DefaultClassPathBeanInfo> (0x000000008c53ca88) 
thrown [s\open\src\hotspot\share\classfile\systemDictionary.cpp, line 255]
Event: 175.926 Thread 0x000001a025853a50 Exception <a 'java/lang/ClassNotFoundException'{0x000000008c543620}: org/gradle/internal/classpath/DefaultClassPathCustomizer> (0x000000008c543620) 
thrown [s\open\src\hotspot\share\classfile\systemDictionary.cpp, line 255]
Event: 175.946 Thread 0x000001a025853a50 Exception <a 'java/lang/ClassNotFoundException'{0x000000008c459930}: org/gradle/internal/classpath/DefaultClassPath$ImmutableUniqueListBeanInfo> (0x000000008c459930) 
thrown [s\open\src\hotspot\share\classfile\systemDictionary.cpp, line 255]
Event: 175.946 Thread 0x000001a025853a50 Exception <a 'java/lang/ClassNotFoundException'{0x000000008c45dad8}: java/util/AbstractListBeanInfo> (0x000000008c45dad8) 
thrown [s\open\src\hotspot\share\classfile\systemDictionary.cpp, line 255]
Event: 175.946 Thread 0x000001a025853a50 Exception <a 'java/lang/ClassNotFoundException'{0x000000008c4616f8}: java/util/AbstractListCustomizer> (0x000000008c4616f8) 
thrown [s\open\src\hotspot\share\classfile\systemDictionary.cpp, line 255]
Event: 175.949 Thread 0x000001a025853a50 Exception <a 'java/lang/ClassNotFoundException'{0x000000008c4738f8}: org/gradle/internal/classpath/DefaultClassPath$ImmutableUniqueListCustomizer> (0x000000008c4738f8) 
thrown [s\open\src\hotspot\share\classfile\systemDictionary.cpp, line 255]
Event: 175.958 Thread 0x000001a025853a50 Exception <a 'java/lang/ClassNotFoundException'{0x000000008c4ae978}: java/io/FileBeanInfo> (0x000000008c4ae978) 
thrown [s\open\src\hotspot\share\classfile\systemDictionary.cpp, line 255]
Event: 175.959 Thread 0x000001a025853a50 Exception <a 'java/lang/ClassNotFoundException'{0x000000008c4b2fc0}: java/io/FileCustomizer> (0x000000008c4b2fc0) 
thrown [s\open\src\hotspot\share\classfile\systemDictionary.cpp, line 255]
Event: 175.985 Thread 0x000001a025853a50 Exception <a 'java/lang/ClassNotFoundException'{0x000000008c4fe488}: org/jetbrains/plugins/gradle/model/DefaultDependencyAccessorsModelBeanInfo> (0x000000008c4fe488) 
thrown [s\open\src\hotspot\share\classfile\systemDictionary.cpp, line 255]
Event: 175.985 Thread 0x000001a025853a50 Exception <a 'java/lang/ClassNotFoundException'{0x000000008c3068c0}: org/jetbrains/plugins/gradle/model/DefaultDependencyAccessorsModelCustomizer> (0x000000008c3068c0) 
thrown [s\open\src\hotspot\share\classfile\systemDictionary.cpp, line 255]
Event: 176.008 Thread 0x000001a037075720 Exception <a 'java/lang/NoSuchMethodError'{0x000000008c6f8658}: static Lorg/jetbrains/plugins/gradle/tooling/internal/VersionCatalogsModelImpl;.<clinit>()V> (0x000000008c6f8658) 
thrown [s\open\src\hotspot\share\prims\jni.cpp, line 1107]
Event: 176.103 Thread 0x000001a025853a50 Exception <a 'java/lang/ClassNotFoundException'{0x000000008c168f58}: org/gradle/api/internal/tasks/DefaultSourceSetContainer_DecoratedBeanInfo> (0x000000008c168f58) 
thrown [s\open\src\hotspot\share\classfile\systemDictionary.cpp, line 255]
Event: 176.103 Thread 0x000001a025853a50 Exception <a 'java/lang/ClassNotFoundException'{0x000000008c171440}: org/gradle/api/internal/tasks/DefaultSourceSetContainerBeanInfo> (0x000000008c171440) 
thrown [s\open\src\hotspot\share\classfile\systemDictionary.cpp, line 255]
Event: 176.104 Thread 0x000001a025853a50 Exception <a 'java/lang/ClassNotFoundException'{0x000000008c179938}: org/gradle/api/internal/tasks/DefaultSourceSetContainerCustomizer> (0x000000008c179938) 
thrown [s\open\src\hotspot\share\classfile\systemDictionary.cpp, line 255]
Event: 176.106 Thread 0x000001a025853a50 Exception <a 'java/lang/ClassNotFoundException'{0x000000008c18dc20}: org/gradle/api/internal/tasks/DefaultSourceSetContainer_DecoratedCustomizer> (0x000000008c18dc20) 
thrown [s\open\src\hotspot\share\classfile\systemDictionary.cpp, line 255]
Event: 176.737 Thread 0x000001a037071cb0 Exception <a 'java/lang/NoSuchMethodError'{0x000000008ba827f0}: 'java.lang.Object java.lang.invoke.DirectMethodHandle$Holder.invokeSpecialIFC(java.lang.Object, java.lang.Object, java.lang.Object)'> (0x000000008ba827f0) 
thrown [s\open\src\hotspot\share\interpreter\linkResolver.cpp, line 774]

VM Operations (20 events):
Event: 179.634 Executing VM operation: G1PauseRemark
Event: 179.655 Executing VM operation: G1PauseRemark done
Event: 179.887 Executing VM operation: G1PauseCleanup
Event: 179.887 Executing VM operation: G1PauseCleanup done
Event: 180.893 Executing VM operation: Cleanup
Event: 180.893 Executing VM operation: Cleanup done
Event: 181.895 Executing VM operation: Cleanup
Event: 181.895 Executing VM operation: Cleanup done
Event: 182.896 Executing VM operation: Cleanup
Event: 182.896 Executing VM operation: Cleanup done
Event: 183.122 Executing VM operation: G1CollectForAllocation
Event: 183.145 Executing VM operation: G1CollectForAllocation done
Event: 184.159 Executing VM operation: Cleanup
Event: 184.159 Executing VM operation: Cleanup done
Event: 184.882 Executing VM operation: G1CollectForAllocation
Event: 184.891 Executing VM operation: G1CollectForAllocation done
Event: 185.904 Executing VM operation: Cleanup
Event: 185.904 Executing VM operation: Cleanup done
Event: 186.906 Executing VM operation: Cleanup
Event: 186.906 Executing VM operation: Cleanup done

Events (20 events):
Event: 141.005 Thread 0x000001a020b35760 flushing nmethod 0x000001a00c2a8090
Event: 141.006 Thread 0x000001a020b35760 flushing nmethod 0x000001a00c315390
Event: 141.006 Thread 0x000001a020b35760 flushing nmethod 0x000001a00c322c10
Event: 141.006 Thread 0x000001a020b35760 flushing nmethod 0x000001a00c322f90
Event: 141.006 Thread 0x000001a020b35760 flushing nmethod 0x000001a00c324a10
Event: 141.006 Thread 0x000001a020b35760 flushing nmethod 0x000001a00c345f90
Event: 141.006 Thread 0x000001a020b35760 flushing nmethod 0x000001a00c354910
Event: 141.006 Thread 0x000001a020b35760 flushing nmethod 0x000001a00c3b1d10
Event: 141.006 Thread 0x000001a020b35760 flushing nmethod 0x000001a00c3d3c90
Event: 141.006 Thread 0x000001a020b35760 flushing nmethod 0x000001a00c3e1690
Event: 141.007 Thread 0x000001a020b35760 flushing nmethod 0x000001a00c467610
Event: 141.007 Thread 0x000001a020b35760 flushing nmethod 0x000001a00c4c5210
Event: 155.892 Thread 0x000001a037071210 Thread added: 0x000001a037071210
Event: 156.004 Thread 0x000001a0370751d0 Thread added: 0x000001a0370751d0
Event: 156.547 Thread 0x000001a037071760 Thread added: 0x000001a037071760
Event: 160.430 Thread 0x000001a037075720 Thread added: 0x000001a037075720
Event: 176.635 Thread 0x000001a037071cb0 Thread added: 0x000001a037071cb0
Event: 177.471 Thread 0x000001a020b35760 flushing nmethod 0x000001a00bcc9b10
Event: 177.481 Thread 0x000001a020b35760 flushing nmethod 0x000001a00bf54a10
Event: 177.481 Thread 0x000001a020b35760 flushing nmethod 0x000001a00bf54e90


Dynamic libraries:
0x00007ff70fbc0000 - 0x00007ff70fbd0000 	C:\Program Files\Java\jdk-19\bin\java.exe
0x00007ff898f50000 - 0x00007ff899167000 	C:\WINDOWS\SYSTEM32\ntdll.dll
0x00007ff897190000 - 0x00007ff897254000 	C:\WINDOWS\System32\KERNEL32.DLL
0x00007ff896360000 - 0x00007ff896706000 	C:\WINDOWS\System32\KERNELBASE.dll
0x00007ff896b00000 - 0x00007ff896c11000 	C:\WINDOWS\System32\ucrtbase.dll
0x00007ff891030000 - 0x00007ff891048000 	C:\Program Files\Java\jdk-19\bin\jli.dll
0x00007ff898800000 - 0x00007ff8988b3000 	C:\WINDOWS\System32\ADVAPI32.dll
0x00007ff898670000 - 0x00007ff898717000 	C:\WINDOWS\System32\msvcrt.dll
0x00007ff897510000 - 0x00007ff8975b8000 	C:\WINDOWS\System32\sechost.dll
0x00007ff8968f0000 - 0x00007ff896918000 	C:\WINDOWS\System32\bcrypt.dll
0x00007ff898210000 - 0x00007ff898327000 	C:\WINDOWS\System32\RPCRT4.dll
0x00007ff897260000 - 0x00007ff89740e000 	C:\WINDOWS\System32\USER32.dll
0x00007ff896330000 - 0x00007ff896356000 	C:\WINDOWS\System32\win32u.dll
0x00007ff898430000 - 0x00007ff898459000 	C:\WINDOWS\System32\GDI32.dll
0x00007ff8969e0000 - 0x00007ff896af8000 	C:\WINDOWS\System32\gdi32full.dll
0x00007ff896290000 - 0x00007ff89632a000 	C:\WINDOWS\System32\msvcp_win.dll
0x00007ff881f50000 - 0x00007ff881f6b000 	C:\Program Files\Java\jdk-19\bin\VCRUNTIME140.dll
0x00007ff881a50000 - 0x00007ff881ce3000 	C:\WINDOWS\WinSxS\amd64_microsoft.windows.common-controls_6595b64144ccf1df_6.0.22621.2506_none_270c5ae97388e100\COMCTL32.dll
0x00007ff88ff00000 - 0x00007ff88ff0a000 	C:\WINDOWS\SYSTEM32\VERSION.dll
0x00007ff898140000 - 0x00007ff898171000 	C:\WINDOWS\System32\IMM32.DLL
0x00007ff882140000 - 0x00007ff88214c000 	C:\Program Files\Java\jdk-19\bin\vcruntime140_1.dll
0x00007ff87ed40000 - 0x00007ff87edce000 	C:\Program Files\Java\jdk-19\bin\msvcp140.dll
0x00007ff8480f0000 - 0x00007ff848db0000 	C:\Program Files\Java\jdk-19\bin\server\jvm.dll
0x00007ff8802d0000 - 0x00007ff8802d9000 	C:\WINDOWS\SYSTEM32\WSOCK32.dll
0x00007ff898a10000 - 0x00007ff898a81000 	C:\WINDOWS\System32\WS2_32.dll
0x00007ff890470000 - 0x00007ff8904a4000 	C:\WINDOWS\SYSTEM32\WINMM.dll
0x00007ff8952d0000 - 0x00007ff8952e8000 	C:\WINDOWS\SYSTEM32\kernel.appcore.dll
0x00007ff881f40000 - 0x00007ff881f4a000 	C:\Program Files\Java\jdk-19\bin\jimage.dll
0x00007ff8808f0000 - 0x00007ff880b23000 	C:\WINDOWS\SYSTEM32\DBGHELP.DLL
0x00007ff896e00000 - 0x00007ff897189000 	C:\WINDOWS\System32\combase.dll
0x00007ff898720000 - 0x00007ff8987f7000 	C:\WINDOWS\System32\OLEAUT32.dll
0x00007ff880720000 - 0x00007ff880752000 	C:\WINDOWS\SYSTEM32\dbgcore.DLL
0x00007ff896c20000 - 0x00007ff896c9a000 	C:\WINDOWS\System32\bcryptPrimitives.dll
0x00007ff87feb0000 - 0x00007ff87febe000 	C:\Program Files\Java\jdk-19\bin\instrument.dll
0x00007ff87ed10000 - 0x00007ff87ed36000 	C:\Program Files\Java\jdk-19\bin\java.dll
0x00007ff85d610000 - 0x00007ff85d6e7000 	C:\Program Files\Java\jdk-19\bin\jsvml.dll
0x00007ff897600000 - 0x00007ff897e5b000 	C:\WINDOWS\System32\SHELL32.dll
0x00007ff8941f0000 - 0x00007ff894ae6000 	C:\WINDOWS\SYSTEM32\windows.storage.dll
0x00007ff8940b0000 - 0x00007ff8941ee000 	C:\WINDOWS\SYSTEM32\wintypes.dll
0x00007ff898330000 - 0x00007ff898423000 	C:\WINDOWS\System32\SHCORE.dll
0x00007ff898190000 - 0x00007ff8981ee000 	C:\WINDOWS\System32\shlwapi.dll
0x00007ff8961c0000 - 0x00007ff8961e6000 	C:\WINDOWS\SYSTEM32\profapi.dll
0x00007ff87ecf0000 - 0x00007ff87ed08000 	C:\Program Files\Java\jdk-19\bin\zip.dll
0x00007ff873730000 - 0x00007ff873743000 	C:\Program Files\Java\jdk-19\bin\net.dll
0x00007ff8906a0000 - 0x00007ff8907d7000 	C:\WINDOWS\SYSTEM32\WINHTTP.dll
0x00007ff895750000 - 0x00007ff8957b9000 	C:\WINDOWS\system32\mswsock.dll
0x00007ff86bdf0000 - 0x00007ff86be06000 	C:\Program Files\Java\jdk-19\bin\nio.dll
0x00007ff87c450000 - 0x00007ff87c460000 	C:\Program Files\Java\jdk-19\bin\verify.dll
0x00007ff8752a0000 - 0x00007ff8752c7000 	D:\native\c067742578af261105cb4f569cf0c3c89f3d7b1fecec35dd04571415982c5e48\windows-amd64\native-platform.dll
0x00007ff85d7b0000 - 0x00007ff85d8f4000 	D:\native\38dada09dfb8b06ba9b0570ebf7e218e3eb74d4ef43ca46872605cf95ebc2f47\windows-amd64\native-platform-file-events.dll
0x00007ff8790b0000 - 0x00007ff8790ba000 	C:\Program Files\Java\jdk-19\bin\management.dll
0x00007ff873df0000 - 0x00007ff873dfb000 	C:\Program Files\Java\jdk-19\bin\management_ext.dll
0x00007ff8981f0000 - 0x00007ff8981f8000 	C:\WINDOWS\System32\PSAPI.DLL
0x00007ff8959a0000 - 0x00007ff8959bb000 	C:\WINDOWS\SYSTEM32\CRYPTSP.dll
0x00007ff895230000 - 0x00007ff895265000 	C:\WINDOWS\system32\rsaenh.dll
0x00007ff895840000 - 0x00007ff89586c000 	C:\WINDOWS\SYSTEM32\USERENV.dll
0x00007ff8959c0000 - 0x00007ff8959cc000 	C:\WINDOWS\SYSTEM32\CRYPTBASE.dll
0x00007ff894de0000 - 0x00007ff894e0d000 	C:\WINDOWS\SYSTEM32\IPHLPAPI.DLL
0x00007ff898180000 - 0x00007ff898189000 	C:\WINDOWS\System32\NSI.dll
0x00007ff890450000 - 0x00007ff890469000 	C:\WINDOWS\SYSTEM32\dhcpcsvc6.DLL
0x00007ff890430000 - 0x00007ff89044f000 	C:\WINDOWS\SYSTEM32\dhcpcsvc.DLL
0x00007ff894e10000 - 0x00007ff894f09000 	C:\WINDOWS\SYSTEM32\DNSAPI.dll
0x00007ff8712b0000 - 0x00007ff8712b8000 	C:\Program Files\Java\jdk-19\bin\extnet.dll
0x00007ff86cbf0000 - 0x00007ff86cbfe000 	C:\Program Files\Java\jdk-19\bin\sunmscapi.dll
0x00007ff896710000 - 0x00007ff896876000 	C:\WINDOWS\System32\CRYPT32.dll
0x00007ff895b60000 - 0x00007ff895b8e000 	C:\WINDOWS\SYSTEM32\ncrypt.dll
0x00007ff895b20000 - 0x00007ff895b57000 	C:\WINDOWS\SYSTEM32\NTASN1.dll
0x00007ff87e940000 - 0x00007ff87e948000 	C:\WINDOWS\system32\wshunix.dll

dbghelp: loaded successfully - version: 4.0.5 - missing functions: none
symbol engine: initialized successfully - sym options: 0x614 - pdb path: .;C:\Program Files\Java\jdk-19\bin;C:\WINDOWS\SYSTEM32;C:\WINDOWS\WinSxS\amd64_microsoft.windows.common-controls_6595b64144ccf1df_6.0.22621.2506_none_270c5ae97388e100;C:\Program Files\Java\jdk-19\bin\server;D:\native\c067742578af261105cb4f569cf0c3c89f3d7b1fecec35dd04571415982c5e48\windows-amd64;D:\native\38dada09dfb8b06ba9b0570ebf7e218e3eb74d4ef43ca46872605cf95ebc2f47\windows-amd64

VM Arguments:
jvm_args: --add-opens=java.base/java.util=ALL-UNNAMED --add-opens=java.base/java.lang=ALL-UNNAMED --add-opens=java.base/java.lang.invoke=ALL-UNNAMED --add-opens=java.prefs/java.util.prefs=ALL-UNNAMED --add-opens=java.base/java.nio.charset=ALL-UNNAMED --add-opens=java.base/java.net=ALL-UNNAMED --add-opens=java.base/java.util.concurrent.atomic=ALL-UNNAMED -Xmx2048m -Dfile.encoding=UTF-8 -Duser.country=IT -Duser.language=it -Duser.variant -javaagent:D:\wrapper\dists\gradle-8.4-bin\1w5dpkrfk8irigvoxmyhowfim\gradle-8.4\lib\agents\gradle-instrumentation-agent-8.4.jar 
java_command: org.gradle.launcher.daemon.bootstrap.GradleDaemon 8.4
java_class_path (initial): D:\wrapper\dists\gradle-8.4-bin\1w5dpkrfk8irigvoxmyhowfim\gradle-8.4\lib\gradle-launcher-8.4.jar
Launcher Type: SUN_STANDARD

[Global flags]
     intx CICompilerCount                          = 2                                         {product} {ergonomic}
     uint ConcGCThreads                            = 1                                         {product} {ergonomic}
     uint G1ConcRefinementThreads                  = 2                                         {product} {ergonomic}
   size_t G1HeapRegionSize                         = 1048576                                   {product} {ergonomic}
    uintx GCDrainStackTargetSize                   = 64                                        {product} {ergonomic}
   size_t InitialHeapSize                          = 58720256                                  {product} {ergonomic}
   size_t MarkStackSize                            = 4194304                                   {product} {ergonomic}
   size_t MaxHeapSize                              = 2147483648                                {product} {command line}
   size_t MaxNewSize                               = 1287651328                                {product} {ergonomic}
   size_t MinHeapDeltaBytes                        = 1048576                                   {product} {ergonomic}
   size_t MinHeapSize                              = 8388608                                   {product} {ergonomic}
    uintx NonNMethodCodeHeapSize                   = 5826188                                {pd product} {ergonomic}
    uintx NonProfiledCodeHeapSize                  = 122916026                              {pd product} {ergonomic}
    uintx ProfiledCodeHeapSize                     = 122916026                              {pd product} {ergonomic}
    uintx ReservedCodeCacheSize                    = 251658240                              {pd product} {ergonomic}
     bool SegmentedCodeCache                       = true                                      {product} {ergonomic}
   size_t SoftMaxHeapSize                          = 2147483648                             {manageable} {ergonomic}
     bool UseCompressedClassPointers               = true                           {product lp64_product} {ergonomic}
     bool UseCompressedOops                        = true                           {product lp64_product} {ergonomic}
     bool UseG1GC                                  = true                                      {product} {ergonomic}
     bool UseLargePagesIndividualAllocation        = false                                  {pd product} {ergonomic}

Logging:
Log output configuration:
 #0: stdout all=warning uptime,level,tags foldmultilines=false
 #1: stderr all=off uptime,level,tags foldmultilines=false

Environment Variables:
JAVA_HOME=C:\Program Files\Java\jdk-19
PATH=C:\Program Files\Java\jdk-19\bin;C:\Program Files\Common Files\Oracle\Java\javapath;C:\Program Files (x86)\Common Files\Oracle\Java\javapath;C:\ProgramData\Oracle\Java\javapath;C:\WINDOWS\system32;C:\WINDOWS;C:\WINDOWS\System32\Wbem;C:\WINDOWS\System32\WindowsPowerShell\v1.0\;C:\WINDOWS\System32\OpenSSH\;C:\Program Files\Microsoft SQL Server\130\Tools\Binn\;C:\msys64\mingw64\bin;C:\Users\pc\OneDrive\Desktop\apache-maven-3.9.5\bin;C:\Program Files\TortoiseSVN\bin;C:\Users\pc\OneDrive\Desktop\FLCLI;C:\Users\pc\.fortify\tools\sc-client\23.1.0\bin;C:\Users\pc\.fortify\tools\sc-client\23.1.0\bin;C:\Users\pc\AppData\Local\Programs\Python\Python312;C:\Program Files\Git\cmd;C:\Users\pc\AppData\Local\Programs\Python\Python312\Scripts\;C:\Users\pc\AppData\Local\Programs\Python\Python312\;C:\Users\pc\AppData\Local\Microsoft\WindowsApps
USERNAME=pc
OS=Windows_NT
PROCESSOR_IDENTIFIER=AMD64 Family 23 Model 32 Stepping 1, AuthenticAMD
TMP=C:\Users\pc\AppData\Local\Temp
TEMP=C:\Users\pc\AppData\Local\Temp



---------------  S Y S T E M  ---------------

OS:
 Windows 11 , 64 bit Build 22621 (10.0.22621.3085)
OS uptime: 0 days 4:38 hours

CPU: total 2 (initial active 2) (2 cores per cpu, 1 threads per core) family 23 model 32 stepping 1 microcode 0x0, cx8, cmov, fxsr, mmx, 3dnowpref, sse, sse2, sse3, ssse3, sse4a, sse4.1, sse4.2, popcnt, lzcnt, tsc, tscinvbit, avx, avx2, aes, clmul, bmi1, bmi2, adx, sha, fma, vzeroupper, clflush, clflushopt, rdtscp

Memory: 4k page, system-wide physical 3463M (242M free)
TotalPageFile size 10808M (AvailPageFile size 3M)
current process WorkingSet (physical memory assigned to process): 379M, peak: 424M
current process commit charge ("private bytes"): 672M, peak: 673M

vm_info: Java HotSpot(TM) 64-Bit Server VM (19.0.2+7-44) for windows-amd64 JRE (19.0.2+7-44), built on 2022-11-30T18:02:09Z by "mach5one" with MS VC++ 17.1 (VS2022)

END.
