#
# There is insufficient memory for the Java Runtime Environment to continue.
# Native memory allocation (mmap) failed to map 66060288 bytes for G1 virtual space
# Possible reasons:
#   The system is out of physical RAM or swap space
#   The process is running with CompressedOops enabled, and the Java Heap may be blocking the growth of the native heap
# Possible solutions:
#   Reduce memory load on the system
#   Increase physical memory or swap space
#   Check if swap backing store is full
#   Decrease Java heap size (-Xmx/-Xms)
#   Decrease number of Java threads
#   Decrease Java thread stack sizes (-Xss)
#   Set larger code cache with -XX:ReservedCodeCacheSize=
#   JVM is running with Unscaled Compressed Oops mode in which the Java heap is
#     placed in the first 4GB address space. The Java Heap base address is the
#     maximum limit for the native heap growth. Please use -XX:HeapBaseMinAddress
#     to set the Java Heap base and to place the Java Heap above 4GB virtual address.
# This output file may be truncated or incomplete.
#
#  Out of Memory Error (os_windows.cpp:3536), pid=980, tid=6464
#
# JRE version: Java(TM) SE Runtime Environment (19.0.2+7) (build 19.0.2+7-44)
# Java VM: Java HotSpot(TM) 64-Bit Server VM (19.0.2+7-44, mixed mode, sharing, tiered, compressed oops, compressed class ptrs, g1 gc, windows-amd64)
# No core dump will be written. Minidumps are not enabled by default on client versions of Windows
#

---------------  S U M M A R Y ------------

Command Line: --add-opens=java.base/java.util=ALL-UNNAMED --add-opens=java.base/java.lang=ALL-UNNAMED --add-opens=java.base/java.lang.invoke=ALL-UNNAMED --add-opens=java.prefs/java.util.prefs=ALL-UNNAMED --add-opens=java.base/java.nio.charset=ALL-UNNAMED --add-opens=java.base/java.net=ALL-UNNAMED --add-opens=java.base/java.util.concurrent.atomic=ALL-UNNAMED -Xmx2048m -Dfile.encoding=UTF-8 -Duser.country=IT -Duser.language=it -Duser.variant -javaagent:D:\wrapper\dists\gradle-8.4-bin\1w5dpkrfk8irigvoxmyhowfim\gradle-8.4\lib\agents\gradle-instrumentation-agent-8.4.jar org.gradle.launcher.daemon.bootstrap.GradleDaemon 8.4

Host: AMD 3020e with Radeon Graphics                 , 2 cores, 3G,  Windows 11 , 64 bit Build 22621 (10.0.22621.3085)
Time: Sat Feb  3 03:50:33 2024 ora solare Europa occidentale elapsed time: 264.026320 seconds (0d 0h 4m 24s)

---------------  T H R E A D  ---------------

Current thread (0x000001e43be14330):  VMThread "VM Thread" [stack: 0x00000036c8800000,0x00000036c8900000] [id=6464]

Stack: [0x00000036c8800000,0x00000036c8900000]
Native frames: (J=compiled Java code, j=interpreted, Vv=VM code, C=native code)
V  [jvm.dll+0x6ee21a]
V  [jvm.dll+0x85765e]
V  [jvm.dll+0x85904e]
V  [jvm.dll+0x859703]
V  [jvm.dll+0x28298f]
V  [jvm.dll+0x6eb009]
V  [jvm.dll+0x6dfbaa]
V  [jvm.dll+0x3573f6]
V  [jvm.dll+0x35ee56]
V  [jvm.dll+0x3b541e]
V  [jvm.dll+0x3b564f]
V  [jvm.dll+0x32c9ea]
V  [jvm.dll+0x32f576]
V  [jvm.dll+0x33a0f5]
V  [jvm.dll+0x372bc0]
V  [jvm.dll+0x85ebc3]
V  [jvm.dll+0x85f989]
V  [jvm.dll+0x85febd]
V  [jvm.dll+0x86034b]
V  [jvm.dll+0x860407]
V  [jvm.dll+0x80125a]
V  [jvm.dll+0x6ecf0b]
C  [ucrtbase.dll+0x29363]
C  [KERNEL32.DLL+0x1257d]
C  [ntdll.dll+0x5aa58]

VM_Operation (0x00000036c84ff460): G1PauseRemark, mode: safepoint, requested by thread 0x000001e41e1e2930


---------------  P R O C E S S  ---------------

Threads class SMR info:
_java_thread_list=0x000001e452d3ead0, length=57, elements={
0x000001e41e171e30, 0x000001e43be2d6f0, 0x000001e43be2e680, 0x000001e43be327e0,
0x000001e43be34320, 0x000001e43be36d60, 0x000001e43be38310, 0x000001e43be3dcf0,
0x000001e43be40fb0, 0x000001e43be450e0, 0x000001e43be01ea0, 0x000001e4401d0a20,
0x000001e43beabdf0, 0x000001e4410a2610, 0x000001e440b4c820, 0x000001e441636c50,
0x000001e441825300, 0x000001e4414d12e0, 0x000001e4414cdef0, 0x000001e4412715b0,
0x000001e4412725a0, 0x000001e441270b10, 0x000001e441272af0, 0x000001e4412705c0,
0x000001e44126fb20, 0x000001e442300f50, 0x000001e4422fc4f0, 0x000001e4422fda30,
0x000001e4422fcf90, 0x000001e4423019f0, 0x000001e4422fff60, 0x000001e4422fba50,
0x000001e4422fdf80, 0x000001e4422fef70, 0x000001e4423014a0, 0x000001e4422f9fc0,
0x000001e4422fea20, 0x000001e4422fa510, 0x000001e4439db050, 0x000001e451f5f980,
0x000001e4439db5a0, 0x000001e4439dc040, 0x000001e451f5eee0, 0x000001e440b9dd90,
0x000001e440b9cda0, 0x000001e440b978a0, 0x000001e440b99880, 0x000001e440b9a320,
0x000001e440b97df0, 0x000001e440b98340, 0x000001e440b9c850, 0x000001e440b98890,
0x000001e440b9d2f0, 0x000001e440b98de0, 0x000001e440b9e830, 0x000001e440b9adc0,
0x000001e440b99330
}

Java Threads: ( => current thread )
  0x000001e41e171e30 JavaThread "main" [_thread_blocked, id=7632, stack(0x00000036c8200000,0x00000036c8300000)]
  0x000001e43be2d6f0 JavaThread "Reference Handler" daemon [_thread_blocked, id=9100, stack(0x00000036c8900000,0x00000036c8a00000)]
  0x000001e43be2e680 JavaThread "Finalizer" daemon [_thread_blocked, id=8952, stack(0x00000036c8a00000,0x00000036c8b00000)]
  0x000001e43be327e0 JavaThread "Signal Dispatcher" daemon [_thread_blocked, id=8244, stack(0x00000036c8b00000,0x00000036c8c00000)]
  0x000001e43be34320 JavaThread "Attach Listener" daemon [_thread_blocked, id=10020, stack(0x00000036c8c00000,0x00000036c8d00000)]
  0x000001e43be36d60 JavaThread "Service Thread" daemon [_thread_blocked, id=3912, stack(0x00000036c8d00000,0x00000036c8e00000)]
  0x000001e43be38310 JavaThread "Monitor Deflation Thread" daemon [_thread_blocked, id=8756, stack(0x00000036c8e00000,0x00000036c8f00000)]
  0x000001e43be3dcf0 JavaThread "C2 CompilerThread0" daemon [_thread_blocked, id=8772, stack(0x00000036c8f00000,0x00000036c9000000)]
  0x000001e43be40fb0 JavaThread "C1 CompilerThread0" daemon [_thread_blocked, id=296, stack(0x00000036c9000000,0x00000036c9100000)]
  0x000001e43be450e0 JavaThread "Sweeper thread" daemon [_thread_blocked, id=3132, stack(0x00000036c9100000,0x00000036c9200000)]
  0x000001e43be01ea0 JavaThread "Common-Cleaner" daemon [_thread_blocked, id=4108, stack(0x00000036c9200000,0x00000036c9300000)]
  0x000001e4401d0a20 JavaThread "Notification Thread" daemon [_thread_blocked, id=9440, stack(0x00000036c9300000,0x00000036c9400000)]
  0x000001e43beabdf0 JavaThread "Daemon health stats" [_thread_blocked, id=4600, stack(0x00000036c8000000,0x00000036c8100000)]
  0x000001e4410a2610 JavaThread "Incoming local TCP Connector on port 52281" [_thread_in_native, id=9052, stack(0x00000036c8100000,0x00000036c8200000)]
  0x000001e440b4c820 JavaThread "Daemon periodic checks" [_thread_blocked, id=10184, stack(0x00000036c9600000,0x00000036c9700000)]
  0x000001e441636c50 JavaThread "Daemon" [_thread_blocked, id=7280, stack(0x00000036c9800000,0x00000036c9900000)]
  0x000001e441825300 JavaThread "Handler for socket connection from /127.0.0.1:52281 to /127.0.0.1:52282" [_thread_in_native, id=2304, stack(0x00000036c9900000,0x00000036c9a00000)]
  0x000001e4414d12e0 JavaThread "Cancel handler" [_thread_blocked, id=6096, stack(0x00000036c9a00000,0x00000036c9b00000)]
  0x000001e4414cdef0 JavaThread "Daemon worker" [_thread_blocked, id=9692, stack(0x00000036c9b00000,0x00000036c9c00000)]
  0x000001e4412715b0 JavaThread "Asynchronous log dispatcher for DefaultDaemonConnection: socket connection from /127.0.0.1:52281 to /127.0.0.1:52282" [_thread_blocked, id=4968, stack(0x00000036c9c00000,0x00000036c9d00000)]
  0x000001e4412725a0 JavaThread "Daemon client event forwarder" [_thread_blocked, id=3256, stack(0x00000036c9e00000,0x00000036c9f00000)]
  0x000001e441270b10 JavaThread "Cache worker for journal cache (D:\caches\journal-1)" [_thread_blocked, id=600, stack(0x00000036c9f00000,0x00000036ca000000)]
  0x000001e441272af0 JavaThread "File lock request listener" [_thread_in_native, id=1976, stack(0x00000036ca000000,0x00000036ca100000)]
  0x000001e4412705c0 JavaThread "Cache worker for file hash cache (D:\caches\8.4\fileHashes)" [_thread_blocked, id=8280, stack(0x00000036ca100000,0x00000036ca200000)]
  0x000001e44126fb20 JavaThread "File watcher server" daemon [_thread_in_native, id=8936, stack(0x00000036ca200000,0x00000036ca300000)]
  0x000001e442300f50 JavaThread "File watcher consumer" daemon [_thread_blocked, id=5736, stack(0x00000036ca300000,0x00000036ca400000)]
  0x000001e4422fc4f0 JavaThread "Cache worker for checksums cache (D:\AndroidStudioProjects\ScanApp\.gradle\8.4\checksums)" [_thread_blocked, id=6400, stack(0x00000036ca400000,0x00000036ca500000)]
  0x000001e4422fda30 JavaThread "Cache worker for file hash cache (D:\AndroidStudioProjects\ScanApp\.gradle\8.4\fileHashes)" [_thread_blocked, id=6980, stack(0x00000036ca500000,0x00000036ca600000)]
  0x000001e4422fcf90 JavaThread "Cache worker for cache directory md-supplier (D:\caches\8.4\md-supplier)" [_thread_blocked, id=4620, stack(0x00000036ca600000,0x00000036ca700000)]
  0x000001e4423019f0 JavaThread "Cache worker for file content cache (D:\caches\8.4\fileContent)" [_thread_blocked, id=7956, stack(0x00000036ca700000,0x00000036ca800000)]
  0x000001e4422fff60 JavaThread "Cache worker for cache directory md-rule (D:\caches\8.4\md-rule)" [_thread_blocked, id=8160, stack(0x00000036ca800000,0x00000036ca900000)]
  0x000001e4422fba50 JavaThread "Cache worker for execution history cache (D:\caches\8.4\executionHistory)" [_thread_blocked, id=4616, stack(0x00000036ca900000,0x00000036caa00000)]
  0x000001e4422fdf80 JavaThread "jar transforms" [_thread_blocked, id=8308, stack(0x00000036caa00000,0x00000036cab00000)]
  0x000001e4422fef70 JavaThread "jar transforms Thread 2" [_thread_blocked, id=6232, stack(0x00000036cab00000,0x00000036cac00000)]
  0x000001e4423014a0 JavaThread "Cache worker for kotlin-dsl (D:\caches\8.4\kotlin-dsl)" [_thread_blocked, id=7020, stack(0x00000036cac00000,0x00000036cad00000)]
  0x000001e4422f9fc0 JavaThread "Cache worker for dependencies-accessors (D:\AndroidStudioProjects\ScanApp\.gradle\8.4\dependencies-accessors)" [_thread_blocked, id=220, stack(0x00000036cad00000,0x00000036cae00000)]
  0x000001e4422fea20 JavaThread "Cache worker for Build Output Cleanup Cache (D:\AndroidStudioProjects\ScanApp\.gradle\buildOutputCleanup)" [_thread_blocked, id=1320, stack(0x00000036cae00000,0x00000036caf00000)]
  0x000001e4422fa510 JavaThread "Unconstrained build operations" [_thread_blocked, id=9164, stack(0x00000036caf00000,0x00000036cb000000)]
  0x000001e4439db050 JavaThread "build event listener" [_thread_blocked, id=9608, stack(0x00000036c7f00000,0x00000036c8000000)]
  0x000001e451f5f980 JavaThread "Memory manager" [_thread_blocked, id=1160, stack(0x00000036c9700000,0x00000036c9800000)]
  0x000001e4439db5a0 JavaThread "included builds" [_thread_blocked, id=6700, stack(0x00000036c9d00000,0x00000036c9e00000)]
  0x000001e4439dc040 JavaThread "Execution worker" [_thread_blocked, id=8228, stack(0x00000036cb000000,0x00000036cb100000)]
  0x000001e451f5eee0 JavaThread "Cache worker for execution history cache (D:\AndroidStudioProjects\ScanApp\.gradle\8.4\executionHistory)" [_thread_blocked, id=2976, stack(0x00000036cb100000,0x00000036cb200000)]
  0x000001e440b9dd90 JavaThread "Unconstrained build operations Thread 2" [_thread_blocked, id=2068, stack(0x00000036cb200000,0x00000036cb300000)]
  0x000001e440b9cda0 JavaThread "Unconstrained build operations Thread 3" [_thread_blocked, id=4200, stack(0x00000036cb300000,0x00000036cb400000)]
  0x000001e440b978a0 JavaThread "Unconstrained build operations Thread 4" [_thread_blocked, id=8164, stack(0x00000036cb400000,0x00000036cb500000)]
  0x000001e440b99880 JavaThread "Unconstrained build operations Thread 5" [_thread_blocked, id=7284, stack(0x00000036cb500000,0x00000036cb600000)]
  0x000001e440b9a320 JavaThread "Unconstrained build operations Thread 6" [_thread_blocked, id=1216, stack(0x00000036cb600000,0x00000036cb700000)]
  0x000001e440b97df0 JavaThread "WorkerExecutor Queue" [_thread_blocked, id=2480, stack(0x00000036cb700000,0x00000036cb800000)]
  0x000001e440b98340 JavaThread "Unconstrained build operations Thread 7" [_thread_blocked, id=9800, stack(0x00000036cb800000,0x00000036cb900000)]
  0x000001e440b9c850 JavaThread "WorkerExecutor Queue Thread 2" [_thread_blocked, id=9804, stack(0x00000036cb900000,0x00000036cba00000)]
  0x000001e440b98890 JavaThread "Unconstrained build operations Thread 8" [_thread_blocked, id=7964, stack(0x00000036cba00000,0x00000036cbb00000)]
  0x000001e440b9d2f0 JavaThread "Unconstrained build operations Thread 9" [_thread_blocked, id=1640, stack(0x00000036cbb00000,0x00000036cbc00000)]
  0x000001e440b98de0 JavaThread "Unconstrained build operations Thread 10" [_thread_blocked, id=6652, stack(0x00000036cbc00000,0x00000036cbd00000)]
  0x000001e440b9e830 JavaThread "Unconstrained build operations Thread 11" [_thread_blocked, id=5960, stack(0x00000036cbd00000,0x00000036cbe00000)]
  0x000001e440b9adc0 JavaThread "Unconstrained build operations Thread 12" [_thread_blocked, id=7948, stack(0x00000036cbf00000,0x00000036cc000000)]
  0x000001e440b99330 JavaThread "Unconstrained build operations Thread 13" [_thread_blocked, id=7244, stack(0x00000036cbe00000,0x00000036cbf00000)]

Other Threads:
=>0x000001e43be14330 VMThread "VM Thread" [stack: 0x00000036c8800000,0x00000036c8900000] [id=6464]
  0x000001e41e172d10 WatcherThread "VM Periodic Task Thread" [stack: 0x00000036c9400000,0x00000036c9500000] [id=2240]
  0x000001e41e1d19d0 WorkerThread "GC Thread#0" [stack: 0x00000036c8300000,0x00000036c8400000] [id=9916]
  0x000001e44022fe00 WorkerThread "GC Thread#1" [stack: 0x00000036c9500000,0x00000036c9600000] [id=9536]
  0x000001e41e1e2930 ConcurrentGCThread "G1 Main Marker" [stack: 0x00000036c8400000,0x00000036c8500000] [id=6056]
  0x000001e41e1e3500 WorkerThread "G1 Conc#0" [stack: 0x00000036c8500000,0x00000036c8600000] [id=3620]
  0x000001e41e22c040 ConcurrentGCThread "G1 Refine#0" [stack: 0x00000036c8600000,0x00000036c8700000] [id=2060]
  0x000001e41e22cd20 ConcurrentGCThread "G1 Service" [stack: 0x00000036c8700000,0x00000036c8800000] [id=7196]

Threads with active compile tasks:

VM state: at safepoint (normal execution)

VM Mutex/Monitor currently owned by a thread:  ([mutex/lock_event])
[0x000001e41e16e140] Threads_lock - owner thread: 0x000001e43be14330
[0x000001e41e16c9a0] Heap_lock - owner thread: 0x000001e41e1e2930

Heap address: 0x0000000080000000, size: 2048 MB, Compressed Oops mode: 32-bit

CDS archive(s) mapped at: [0x0000000800000000-0x0000000800c40000-0x0000000800c40000), size 12845056, SharedBaseAddress: 0x0000000800000000, ArchiveRelocationMode: 0.
Compressed class space mapped at: 0x0000000801000000-0x0000000841000000, reserved size: 1073741824
Narrow klass base: 0x0000000800000000, Narrow klass shift: 0, Narrow klass range: 0x100000000

GC Precious Log:
 CardTable entry size: 512
 Card Set container configuration: InlinePtr #cards 5 size 8 Array Of Cards #cards 12 size 40 Howl #buckets 4 coarsen threshold 1843 Howl Bitmap #cards 512 size 80 coarsen threshold 460 Card regions per heap region 1 cards per card region 2048
 CPUs: 2 total, 2 available
 Memory: 3463M
 Large Page Support: Disabled
 NUMA Support: Disabled
 Compressed Oops: Enabled (32-bit)
 Heap Region Size: 1M
 Heap Min Capacity: 8M
 Heap Initial Capacity: 56M
 Heap Max Capacity: 2G
 Pre-touch: Disabled
 Parallel Workers: 2
 Concurrent Workers: 1
 Concurrent Refinement Workers: 2
 Periodic GC: Disabled

Heap:
 garbage-first heap   total 362496K, used 253440K [0x0000000080000000, 0x0000000100000000)
  region size 1024K, 36 young (36864K), 6 survivors (6144K)
 Metaspace       used 155386K, committed 157952K, reserved 1245184K
  class space    used 19715K, committed 21056K, reserved 1048576K

Heap Regions: E=young(eden), S=young(survivor), O=old, HS=humongous(starts), HC=humongous(continues), CS=collection set, F=free, OA=open archive, CA=closed archive, TAMS=top-at-mark-start (previous, next)
|   0|0x0000000080000000, 0x0000000080100000, 0x0000000080100000|100%| O|  |TAMS 0x0000000080100000, 0x0000000080000000| Untracked 
|   1|0x0000000080100000, 0x0000000080200000, 0x0000000080200000|100%| O|  |TAMS 0x0000000080200000, 0x0000000080100000| Untracked 
|   2|0x0000000080200000, 0x0000000080300000, 0x0000000080300000|100%|HS|  |TAMS 0x0000000080300000, 0x0000000080200000| Complete 
|   3|0x0000000080300000, 0x0000000080400000, 0x0000000080400000|100%|HC|  |TAMS 0x0000000080400000, 0x0000000080300000| Complete 
|   4|0x0000000080400000, 0x0000000080500000, 0x0000000080500000|100%|HC|  |TAMS 0x0000000080500000, 0x0000000080400000| Complete 
|   5|0x0000000080500000, 0x0000000080600000, 0x0000000080600000|100%|HC|  |TAMS 0x0000000080600000, 0x0000000080500000| Complete 
|   6|0x0000000080600000, 0x0000000080700000, 0x0000000080700000|100%| O|  |TAMS 0x0000000080700000, 0x0000000080600000| Untracked 
|   7|0x0000000080700000, 0x0000000080800000, 0x0000000080800000|100%| O|  |TAMS 0x0000000080800000, 0x0000000080700000| Untracked 
|   8|0x0000000080800000, 0x0000000080900000, 0x0000000080900000|100%| O|  |TAMS 0x0000000080900000, 0x0000000080800000| Untracked 
|   9|0x0000000080900000, 0x0000000080a00000, 0x0000000080a00000|100%| O|  |TAMS 0x0000000080a00000, 0x0000000080900000| Untracked 
|  10|0x0000000080a00000, 0x0000000080b00000, 0x0000000080b00000|100%| O|  |TAMS 0x0000000080b00000, 0x0000000080a00000| Untracked 
|  11|0x0000000080b00000, 0x0000000080c00000, 0x0000000080c00000|100%| O|  |TAMS 0x0000000080c00000, 0x0000000080b00000| Untracked 
|  12|0x0000000080c00000, 0x0000000080d00000, 0x0000000080d00000|100%| O|  |TAMS 0x0000000080d00000, 0x0000000080c00000| Untracked 
|  13|0x0000000080d00000, 0x0000000080e00000, 0x0000000080e00000|100%| O|  |TAMS 0x0000000080e00000, 0x0000000080d00000| Untracked 
|  14|0x0000000080e00000, 0x0000000080f00000, 0x0000000080f00000|100%| O|  |TAMS 0x0000000080f00000, 0x0000000080e00000| Untracked 
|  15|0x0000000080f00000, 0x0000000081000000, 0x0000000081000000|100%| O|  |TAMS 0x0000000081000000, 0x0000000080f00000| Untracked 
|  16|0x0000000081000000, 0x0000000081100000, 0x0000000081100000|100%| O|  |TAMS 0x0000000081100000, 0x0000000081000000| Updating 
|  17|0x0000000081100000, 0x0000000081200000, 0x0000000081200000|100%| O|  |TAMS 0x0000000081200000, 0x0000000081100000| Untracked 
|  18|0x0000000081200000, 0x0000000081300000, 0x0000000081300000|100%| O|  |TAMS 0x0000000081300000, 0x0000000081200000| Untracked 
|  19|0x0000000081300000, 0x0000000081400000, 0x0000000081400000|100%| O|  |TAMS 0x0000000081400000, 0x0000000081300000| Untracked 
|  20|0x0000000081400000, 0x0000000081500000, 0x0000000081500000|100%| O|  |TAMS 0x0000000081500000, 0x0000000081400000| Untracked 
|  21|0x0000000081500000, 0x0000000081600000, 0x0000000081600000|100%| O|  |TAMS 0x0000000081600000, 0x0000000081500000| Updating 
|  22|0x0000000081600000, 0x0000000081700000, 0x0000000081700000|100%| O|  |TAMS 0x0000000081700000, 0x0000000081600000| Untracked 
|  23|0x0000000081700000, 0x0000000081800000, 0x0000000081800000|100%| O|  |TAMS 0x0000000081800000, 0x0000000081700000| Untracked 
|  24|0x0000000081800000, 0x0000000081900000, 0x0000000081900000|100%| O|  |TAMS 0x0000000081900000, 0x0000000081800000| Untracked 
|  25|0x0000000081900000, 0x0000000081a00000, 0x0000000081a00000|100%| O|  |TAMS 0x0000000081a00000, 0x0000000081900000| Updating 
|  26|0x0000000081a00000, 0x0000000081b00000, 0x0000000081b00000|100%| O|  |TAMS 0x0000000081b00000, 0x0000000081a00000| Untracked 
|  27|0x0000000081b00000, 0x0000000081c00000, 0x0000000081c00000|100%| O|  |TAMS 0x0000000081c00000, 0x0000000081b00000| Untracked 
|  28|0x0000000081c00000, 0x0000000081d00000, 0x0000000081d00000|100%| O|  |TAMS 0x0000000081d00000, 0x0000000081c00000| Updating 
|  29|0x0000000081d00000, 0x0000000081e00000, 0x0000000081e00000|100%| O|  |TAMS 0x0000000081e00000, 0x0000000081d00000| Updating 
|  30|0x0000000081e00000, 0x0000000081f00000, 0x0000000081f00000|100%| O|  |TAMS 0x0000000081f00000, 0x0000000081e00000| Untracked 
|  31|0x0000000081f00000, 0x0000000082000000, 0x0000000082000000|100%| O|  |TAMS 0x0000000082000000, 0x0000000081f00000| Untracked 
|  32|0x0000000082000000, 0x0000000082100000, 0x0000000082100000|100%| O|  |TAMS 0x0000000082100000, 0x0000000082000000| Updating 
|  33|0x0000000082100000, 0x0000000082200000, 0x0000000082200000|100%| O|  |TAMS 0x0000000082200000, 0x0000000082100000| Updating 
|  34|0x0000000082200000, 0x0000000082300000, 0x0000000082300000|100%| O|  |TAMS 0x0000000082300000, 0x0000000082200000| Untracked 
|  35|0x0000000082300000, 0x0000000082400000, 0x0000000082400000|100%| O|  |TAMS 0x0000000082400000, 0x0000000082300000| Untracked 
|  36|0x0000000082400000, 0x0000000082500000, 0x0000000082500000|100%| O|  |TAMS 0x0000000082500000, 0x0000000082400000| Updating 
|  37|0x0000000082500000, 0x0000000082600000, 0x0000000082600000|100%| O|  |TAMS 0x0000000082600000, 0x0000000082500000| Untracked 
|  38|0x0000000082600000, 0x0000000082700000, 0x0000000082700000|100%|HS|  |TAMS 0x0000000082700000, 0x0000000082600000| Complete 
|  39|0x0000000082700000, 0x0000000082800000, 0x0000000082800000|100%|HS|  |TAMS 0x0000000082800000, 0x0000000082700000| Complete 
|  40|0x0000000082800000, 0x0000000082900000, 0x0000000082900000|100%| O|  |TAMS 0x0000000082900000, 0x0000000082800000| Untracked 
|  41|0x0000000082900000, 0x0000000082a00000, 0x0000000082a00000|100%| O|  |TAMS 0x0000000082a00000, 0x0000000082900000| Untracked 
|  42|0x0000000082a00000, 0x0000000082b00000, 0x0000000082b00000|100%| O|  |TAMS 0x0000000082b00000, 0x0000000082a00000| Untracked 
|  43|0x0000000082b00000, 0x0000000082c00000, 0x0000000082c00000|100%| O|  |TAMS 0x0000000082c00000, 0x0000000082b00000| Updating 
|  44|0x0000000082c00000, 0x0000000082d00000, 0x0000000082d00000|100%|HS|  |TAMS 0x0000000082d00000, 0x0000000082c00000| Complete 
|  45|0x0000000082d00000, 0x0000000082e00000, 0x0000000082e00000|100%| O|  |TAMS 0x0000000082e00000, 0x0000000082d00000| Updating 
|  46|0x0000000082e00000, 0x0000000082f00000, 0x0000000082f00000|100%| O|  |TAMS 0x0000000082f00000, 0x0000000082e00000| Updating 
|  47|0x0000000082f00000, 0x0000000083000000, 0x0000000083000000|100%| O|  |TAMS 0x0000000083000000, 0x0000000082f00000| Untracked 
|  48|0x0000000083000000, 0x0000000083100000, 0x0000000083100000|100%| O|  |TAMS 0x0000000083100000, 0x0000000083000000| Untracked 
|  49|0x0000000083100000, 0x0000000083200000, 0x0000000083200000|100%| O|  |TAMS 0x0000000083200000, 0x0000000083100000| Updating 
|  50|0x0000000083200000, 0x0000000083300000, 0x0000000083300000|100%| O|  |TAMS 0x0000000083300000, 0x0000000083200000| Untracked 
|  51|0x0000000083300000, 0x0000000083400000, 0x0000000083400000|100%| O|  |TAMS 0x0000000083400000, 0x0000000083300000| Untracked 
|  52|0x0000000083400000, 0x0000000083500000, 0x0000000083500000|100%| O|  |TAMS 0x0000000083500000, 0x0000000083400000| Untracked 
|  53|0x0000000083500000, 0x0000000083600000, 0x0000000083600000|100%| O|  |TAMS 0x0000000083600000, 0x0000000083500000| Untracked 
|  54|0x0000000083600000, 0x0000000083700000, 0x0000000083700000|100%| O|  |TAMS 0x0000000083700000, 0x0000000083600000| Untracked 
|  55|0x0000000083700000, 0x0000000083800000, 0x0000000083800000|100%| O|  |TAMS 0x0000000083800000, 0x0000000083700000| Untracked 
|  56|0x0000000083800000, 0x0000000083900000, 0x0000000083900000|100%| O|  |TAMS 0x0000000083900000, 0x0000000083800000| Untracked 
|  57|0x0000000083900000, 0x0000000083a00000, 0x0000000083a00000|100%| O|  |TAMS 0x0000000083a00000, 0x0000000083900000| Untracked 
|  58|0x0000000083a00000, 0x0000000083b00000, 0x0000000083b00000|100%| O|  |TAMS 0x0000000083b00000, 0x0000000083a00000| Untracked 
|  59|0x0000000083b00000, 0x0000000083c00000, 0x0000000083c00000|100%| O|  |TAMS 0x0000000083c00000, 0x0000000083b00000| Untracked 
|  60|0x0000000083c00000, 0x0000000083d00000, 0x0000000083d00000|100%| O|  |TAMS 0x0000000083d00000, 0x0000000083c00000| Untracked 
|  61|0x0000000083d00000, 0x0000000083e00000, 0x0000000083e00000|100%| O|  |TAMS 0x0000000083e00000, 0x0000000083d00000| Untracked 
|  62|0x0000000083e00000, 0x0000000083f00000, 0x0000000083f00000|100%| O|  |TAMS 0x0000000083f00000, 0x0000000083e00000| Untracked 
|  63|0x0000000083f00000, 0x0000000084000000, 0x0000000084000000|100%| O|  |TAMS 0x0000000084000000, 0x0000000083f00000| Untracked 
|  64|0x0000000084000000, 0x0000000084100000, 0x0000000084100000|100%| O|  |TAMS 0x0000000084100000, 0x0000000084000000| Untracked 
|  65|0x0000000084100000, 0x0000000084200000, 0x0000000084200000|100%| O|  |TAMS 0x0000000084200000, 0x0000000084100000| Untracked 
|  66|0x0000000084200000, 0x0000000084300000, 0x0000000084300000|100%| O|  |TAMS 0x0000000084300000, 0x0000000084200000| Untracked 
|  67|0x0000000084300000, 0x0000000084400000, 0x0000000084400000|100%| O|  |TAMS 0x0000000084400000, 0x0000000084300000| Untracked 
|  68|0x0000000084400000, 0x0000000084500000, 0x0000000084500000|100%| O|  |TAMS 0x0000000084500000, 0x0000000084400000| Untracked 
|  69|0x0000000084500000, 0x0000000084600000, 0x0000000084600000|100%| O|  |TAMS 0x0000000084600000, 0x0000000084500000| Updating 
|  70|0x0000000084600000, 0x0000000084700000, 0x0000000084700000|100%| O|  |TAMS 0x0000000084700000, 0x0000000084600000| Untracked 
|  71|0x0000000084700000, 0x0000000084800000, 0x0000000084800000|100%| O|  |TAMS 0x0000000084800000, 0x0000000084700000| Untracked 
|  72|0x0000000084800000, 0x0000000084900000, 0x0000000084900000|100%| O|  |TAMS 0x0000000084900000, 0x0000000084800000| Untracked 
|  73|0x0000000084900000, 0x0000000084a00000, 0x0000000084a00000|100%| O|  |TAMS 0x0000000084a00000, 0x0000000084900000| Updating 
|  74|0x0000000084a00000, 0x0000000084b00000, 0x0000000084b00000|100%| O|  |TAMS 0x0000000084b00000, 0x0000000084a00000| Untracked 
|  75|0x0000000084b00000, 0x0000000084c00000, 0x0000000084c00000|100%| O|  |TAMS 0x0000000084c00000, 0x0000000084b00000| Updating 
|  76|0x0000000084c00000, 0x0000000084d00000, 0x0000000084d00000|100%| O|  |TAMS 0x0000000084d00000, 0x0000000084c00000| Updating 
|  77|0x0000000084d00000, 0x0000000084e00000, 0x0000000084e00000|100%| O|  |TAMS 0x0000000084e00000, 0x0000000084d00000| Updating 
|  78|0x0000000084e00000, 0x0000000084f00000, 0x0000000084f00000|100%| O|  |TAMS 0x0000000084f00000, 0x0000000084e00000| Untracked 
|  79|0x0000000084f00000, 0x0000000085000000, 0x0000000085000000|100%| O|  |TAMS 0x0000000085000000, 0x0000000084f00000| Untracked 
|  80|0x0000000085000000, 0x0000000085100000, 0x0000000085100000|100%|HS|  |TAMS 0x0000000085100000, 0x0000000085000000| Complete 
|  81|0x0000000085100000, 0x0000000085200000, 0x0000000085200000|100%|HS|  |TAMS 0x0000000085200000, 0x0000000085100000| Complete 
|  82|0x0000000085200000, 0x0000000085300000, 0x0000000085300000|100%| O|  |TAMS 0x0000000085300000, 0x0000000085200000| Untracked 
|  83|0x0000000085300000, 0x0000000085400000, 0x0000000085400000|100%| O|  |TAMS 0x0000000085400000, 0x0000000085300000| Untracked 
|  84|0x0000000085400000, 0x0000000085500000, 0x0000000085500000|100%| O|  |TAMS 0x0000000085500000, 0x0000000085400000| Untracked 
|  85|0x0000000085500000, 0x0000000085600000, 0x0000000085600000|100%| O|  |TAMS 0x0000000085600000, 0x0000000085500000| Untracked 
|  86|0x0000000085600000, 0x0000000085700000, 0x0000000085700000|100%| O|  |TAMS 0x0000000085700000, 0x0000000085600000| Untracked 
|  87|0x0000000085700000, 0x0000000085800000, 0x0000000085800000|100%| O|  |TAMS 0x0000000085800000, 0x0000000085700000| Untracked 
|  88|0x0000000085800000, 0x0000000085900000, 0x0000000085900000|100%| O|  |TAMS 0x0000000085900000, 0x0000000085800000| Untracked 
|  89|0x0000000085900000, 0x0000000085a00000, 0x0000000085a00000|100%| O|  |TAMS 0x0000000085a00000, 0x0000000085900000| Untracked 
|  90|0x0000000085a00000, 0x0000000085b00000, 0x0000000085b00000|100%| O|  |TAMS 0x0000000085b00000, 0x0000000085a00000| Untracked 
|  91|0x0000000085b00000, 0x0000000085c00000, 0x0000000085c00000|100%| O|  |TAMS 0x0000000085c00000, 0x0000000085b00000| Untracked 
|  92|0x0000000085c00000, 0x0000000085d00000, 0x0000000085d00000|100%| O|  |TAMS 0x0000000085d00000, 0x0000000085c00000| Untracked 
|  93|0x0000000085d00000, 0x0000000085e00000, 0x0000000085e00000|100%| O|  |TAMS 0x0000000085e00000, 0x0000000085d00000| Updating 
|  94|0x0000000085e00000, 0x0000000085f00000, 0x0000000085f00000|100%| O|  |TAMS 0x0000000085f00000, 0x0000000085e00000| Untracked 
|  95|0x0000000085f00000, 0x0000000086000000, 0x0000000086000000|100%| O|  |TAMS 0x0000000086000000, 0x0000000085f00000| Updating 
|  96|0x0000000086000000, 0x0000000086100000, 0x0000000086100000|100%| O|  |TAMS 0x0000000086100000, 0x0000000086000000| Updating 
|  97|0x0000000086100000, 0x0000000086200000, 0x0000000086200000|100%| O|  |TAMS 0x0000000086200000, 0x0000000086100000| Updating 
|  98|0x0000000086200000, 0x0000000086300000, 0x0000000086300000|100%| O|  |TAMS 0x0000000086300000, 0x0000000086200000| Updating 
|  99|0x0000000086300000, 0x0000000086400000, 0x0000000086400000|100%| O|  |TAMS 0x0000000086400000, 0x0000000086300000| Updating 
| 100|0x0000000086400000, 0x0000000086500000, 0x0000000086500000|100%| O|  |TAMS 0x0000000086500000, 0x0000000086400000| Updating 
| 101|0x0000000086500000, 0x0000000086600000, 0x0000000086600000|100%| O|  |TAMS 0x0000000086600000, 0x0000000086500000| Updating 
| 102|0x0000000086600000, 0x0000000086700000, 0x0000000086700000|100%| O|  |TAMS 0x0000000086700000, 0x0000000086600000| Updating 
| 103|0x0000000086700000, 0x0000000086800000, 0x0000000086800000|100%| O|  |TAMS 0x0000000086800000, 0x0000000086700000| Updating 
| 104|0x0000000086800000, 0x0000000086900000, 0x0000000086900000|100%| O|  |TAMS 0x0000000086900000, 0x0000000086800000| Updating 
| 105|0x0000000086900000, 0x0000000086a00000, 0x0000000086a00000|100%| O|  |TAMS 0x0000000086a00000, 0x0000000086900000| Updating 
| 106|0x0000000086a00000, 0x0000000086b00000, 0x0000000086b00000|100%| O|  |TAMS 0x0000000086b00000, 0x0000000086a00000| Updating 
| 107|0x0000000086b00000, 0x0000000086c00000, 0x0000000086c00000|100%| O|  |TAMS 0x0000000086c00000, 0x0000000086b00000| Updating 
| 108|0x0000000086c00000, 0x0000000086d00000, 0x0000000086d00000|100%| O|  |TAMS 0x0000000086d00000, 0x0000000086c00000| Updating 
| 109|0x0000000086d00000, 0x0000000086e00000, 0x0000000086e00000|100%| O|  |TAMS 0x0000000086e00000, 0x0000000086d00000| Untracked 
| 110|0x0000000086e00000, 0x0000000086f00000, 0x0000000086f00000|100%| O|  |TAMS 0x0000000086f00000, 0x0000000086e00000| Untracked 
| 111|0x0000000086f00000, 0x0000000087000000, 0x0000000087000000|100%| O|  |TAMS 0x0000000087000000, 0x0000000086f00000| Updating 
| 112|0x0000000087000000, 0x0000000087100000, 0x0000000087100000|100%| O|  |TAMS 0x0000000087100000, 0x0000000087000000| Updating 
| 113|0x0000000087100000, 0x0000000087200000, 0x0000000087200000|100%| O|  |TAMS 0x0000000087200000, 0x0000000087100000| Updating 
| 114|0x0000000087200000, 0x0000000087300000, 0x0000000087300000|100%| O|  |TAMS 0x0000000087300000, 0x0000000087200000| Updating 
| 115|0x0000000087300000, 0x0000000087300000, 0x0000000087400000|  0%| F|  |TAMS 0x0000000087300000, 0x0000000087300000| Untracked 
| 116|0x0000000087400000, 0x0000000087500000, 0x0000000087500000|100%| O|  |TAMS 0x0000000087500000, 0x0000000087400000| Updating 
| 117|0x0000000087500000, 0x0000000087600000, 0x0000000087600000|100%| O|  |TAMS 0x0000000087600000, 0x0000000087500000| Updating 
| 118|0x0000000087600000, 0x0000000087700000, 0x0000000087700000|100%| O|  |TAMS 0x0000000087700000, 0x0000000087600000| Updating 
| 119|0x0000000087700000, 0x0000000087800000, 0x0000000087800000|100%| O|  |TAMS 0x0000000087800000, 0x0000000087700000| Updating 
| 120|0x0000000087800000, 0x0000000087900000, 0x0000000087900000|100%| O|  |TAMS 0x0000000087900000, 0x0000000087800000| Updating 
| 121|0x0000000087900000, 0x0000000087a00000, 0x0000000087a00000|100%| O|  |TAMS 0x0000000087a00000, 0x0000000087900000| Updating 
| 122|0x0000000087a00000, 0x0000000087b00000, 0x0000000087b00000|100%| O|  |TAMS 0x0000000087b00000, 0x0000000087a00000| Untracked 
| 123|0x0000000087b00000, 0x0000000087c00000, 0x0000000087c00000|100%| O|  |TAMS 0x0000000087c00000, 0x0000000087b00000| Untracked 
| 124|0x0000000087c00000, 0x0000000087d00000, 0x0000000087d00000|100%| O|  |TAMS 0x0000000087d00000, 0x0000000087c00000| Untracked 
| 125|0x0000000087d00000, 0x0000000087e00000, 0x0000000087e00000|100%| O|  |TAMS 0x0000000087e00000, 0x0000000087d00000| Updating 
| 126|0x0000000087e00000, 0x0000000087f00000, 0x0000000087f00000|100%| O|  |TAMS 0x0000000087f00000, 0x0000000087e00000| Updating 
| 127|0x0000000087f00000, 0x0000000087f00000, 0x0000000088000000|  0%| F|  |TAMS 0x0000000087f00000, 0x0000000087f00000| Untracked 
| 128|0x0000000088000000, 0x0000000088100000, 0x0000000088100000|100%| O|  |TAMS 0x0000000088100000, 0x0000000088000000| Updating 
| 129|0x0000000088100000, 0x0000000088200000, 0x0000000088200000|100%| O|  |TAMS 0x0000000088200000, 0x0000000088100000| Updating 
| 130|0x0000000088200000, 0x0000000088300000, 0x0000000088300000|100%| O|  |TAMS 0x0000000088300000, 0x0000000088200000| Untracked 
| 131|0x0000000088300000, 0x0000000088400000, 0x0000000088400000|100%| O|  |TAMS 0x0000000088400000, 0x0000000088300000| Updating 
| 132|0x0000000088400000, 0x0000000088500000, 0x0000000088500000|100%| O|  |TAMS 0x0000000088500000, 0x0000000088400000| Untracked 
| 133|0x0000000088500000, 0x0000000088600000, 0x0000000088600000|100%| O|  |TAMS 0x0000000088600000, 0x0000000088500000| Untracked 
| 134|0x0000000088600000, 0x0000000088700000, 0x0000000088700000|100%| O|  |TAMS 0x0000000088700000, 0x0000000088600000| Updating 
| 135|0x0000000088700000, 0x0000000088800000, 0x0000000088800000|100%|HS|  |TAMS 0x0000000088800000, 0x0000000088700000| Complete 
| 136|0x0000000088800000, 0x0000000088900000, 0x0000000088900000|100%|HC|  |TAMS 0x0000000088900000, 0x0000000088800000| Complete 
| 137|0x0000000088900000, 0x0000000088a00000, 0x0000000088a00000|100%|HS|  |TAMS 0x0000000088a00000, 0x0000000088900000| Complete 
| 138|0x0000000088a00000, 0x0000000088b00000, 0x0000000088b00000|100%|HS|  |TAMS 0x0000000088b00000, 0x0000000088a00000| Complete 
| 139|0x0000000088b00000, 0x0000000088c00000, 0x0000000088c00000|100%|HS|  |TAMS 0x0000000088c00000, 0x0000000088b00000| Complete 
| 140|0x0000000088c00000, 0x0000000088d00000, 0x0000000088d00000|100%|HC|  |TAMS 0x0000000088d00000, 0x0000000088c00000| Complete 
| 141|0x0000000088d00000, 0x0000000088e00000, 0x0000000088e00000|100%|HS|  |TAMS 0x0000000088e00000, 0x0000000088d00000| Complete 
| 142|0x0000000088e00000, 0x0000000088f00000, 0x0000000088f00000|100%|HC|  |TAMS 0x0000000088f00000, 0x0000000088e00000| Complete 
| 143|0x0000000088f00000, 0x0000000089000000, 0x0000000089000000|100%|HS|  |TAMS 0x0000000089000000, 0x0000000088f00000| Complete 
| 144|0x0000000089000000, 0x0000000089100000, 0x0000000089100000|100%|HC|  |TAMS 0x0000000089100000, 0x0000000089000000| Complete 
| 145|0x0000000089100000, 0x0000000089200000, 0x0000000089200000|100%| O|  |TAMS 0x0000000089200000, 0x0000000089100000| Untracked 
| 146|0x0000000089200000, 0x0000000089300000, 0x0000000089300000|100%| O|  |TAMS 0x0000000089300000, 0x0000000089200000| Untracked 
| 147|0x0000000089300000, 0x0000000089400000, 0x0000000089400000|100%| O|  |TAMS 0x0000000089400000, 0x0000000089300000| Untracked 
| 148|0x0000000089400000, 0x0000000089500000, 0x0000000089500000|100%| O|  |TAMS 0x0000000089500000, 0x0000000089400000| Untracked 
| 149|0x0000000089500000, 0x0000000089600000, 0x0000000089600000|100%| O|  |TAMS 0x0000000089600000, 0x0000000089500000| Untracked 
| 150|0x0000000089600000, 0x0000000089700000, 0x0000000089700000|100%| O|  |TAMS 0x0000000089700000, 0x0000000089600000| Untracked 
| 151|0x0000000089700000, 0x0000000089800000, 0x0000000089800000|100%| O|  |TAMS 0x0000000089780000, 0x0000000089700000| Untracked 
| 152|0x0000000089800000, 0x0000000089900000, 0x0000000089900000|100%|HS|  |TAMS 0x0000000089900000, 0x0000000089800000| Complete 
| 153|0x0000000089900000, 0x0000000089a00000, 0x0000000089a00000|100%|HC|  |TAMS 0x0000000089a00000, 0x0000000089900000| Complete 
| 154|0x0000000089a00000, 0x0000000089b00000, 0x0000000089b00000|100%|HC|  |TAMS 0x0000000089b00000, 0x0000000089a00000| Complete 
| 155|0x0000000089b00000, 0x0000000089c00000, 0x0000000089c00000|100%|HS|  |TAMS 0x0000000089c00000, 0x0000000089b00000| Complete 
| 156|0x0000000089c00000, 0x0000000089d00000, 0x0000000089d00000|100%|HS|  |TAMS 0x0000000089d00000, 0x0000000089c00000| Complete 
| 157|0x0000000089d00000, 0x0000000089e00000, 0x0000000089e00000|100%|HC|  |TAMS 0x0000000089e00000, 0x0000000089d00000| Complete 
| 158|0x0000000089e00000, 0x0000000089f00000, 0x0000000089f00000|100%|HC|  |TAMS 0x0000000089f00000, 0x0000000089e00000| Complete 
| 159|0x0000000089f00000, 0x000000008a000000, 0x000000008a000000|100%|HS|  |TAMS 0x000000008a000000, 0x0000000089f00000| Complete 
| 160|0x000000008a000000, 0x000000008a100000, 0x000000008a100000|100%|HS|  |TAMS 0x000000008a100000, 0x000000008a000000| Complete 
| 161|0x000000008a100000, 0x000000008a200000, 0x000000008a200000|100%|HS|  |TAMS 0x000000008a100000, 0x000000008a100000| Complete 
| 162|0x000000008a200000, 0x000000008a300000, 0x000000008a300000|100%|HC|  |TAMS 0x000000008a200000, 0x000000008a200000| Complete 
| 163|0x000000008a300000, 0x000000008a400000, 0x000000008a400000|100%|HS|  |TAMS 0x000000008a300000, 0x000000008a300000| Complete 
| 164|0x000000008a400000, 0x000000008a500000, 0x000000008a500000|100%|HS|  |TAMS 0x000000008a500000, 0x000000008a400000| Complete 
| 165|0x000000008a500000, 0x000000008a600000, 0x000000008a600000|100%|HC|  |TAMS 0x000000008a600000, 0x000000008a500000| Complete 
| 166|0x000000008a600000, 0x000000008a700000, 0x000000008a700000|100%|HS|  |TAMS 0x000000008a600000, 0x000000008a600000| Complete 
| 167|0x000000008a700000, 0x000000008a800000, 0x000000008a800000|100%|HS|  |TAMS 0x000000008a800000, 0x000000008a700000| Complete 
| 168|0x000000008a800000, 0x000000008a900000, 0x000000008a900000|100%|HS|  |TAMS 0x000000008a800000, 0x000000008a800000| Complete 
| 169|0x000000008a900000, 0x000000008aa00000, 0x000000008aa00000|100%|HS|  |TAMS 0x000000008aa00000, 0x000000008a900000| Complete 
| 170|0x000000008aa00000, 0x000000008ab00000, 0x000000008ab00000|100%|HS|  |TAMS 0x000000008ab00000, 0x000000008aa00000| Complete 
| 171|0x000000008ab00000, 0x000000008ac00000, 0x000000008ac00000|100%|HS|  |TAMS 0x000000008ac00000, 0x000000008ab00000| Complete 
| 172|0x000000008ac00000, 0x000000008ad00000, 0x000000008ad00000|100%|HC|  |TAMS 0x000000008ad00000, 0x000000008ac00000| Complete 
| 173|0x000000008ad00000, 0x000000008ae00000, 0x000000008ae00000|100%| O|  |TAMS 0x000000008ad00000, 0x000000008ad00000| Untracked 
| 174|0x000000008ae00000, 0x000000008af00000, 0x000000008af00000|100%| O|  |TAMS 0x000000008ae00000, 0x000000008ae00000| Untracked 
| 175|0x000000008af00000, 0x000000008b000000, 0x000000008b000000|100%| O|  |TAMS 0x000000008af00000, 0x000000008af00000| Untracked 
| 176|0x000000008b000000, 0x000000008b100000, 0x000000008b100000|100%| O|  |TAMS 0x000000008b000000, 0x000000008b000000| Untracked 
| 177|0x000000008b100000, 0x000000008b200000, 0x000000008b200000|100%| O|  |TAMS 0x000000008b100000, 0x000000008b100000| Untracked 
| 178|0x000000008b200000, 0x000000008b300000, 0x000000008b300000|100%| O|  |TAMS 0x000000008b200000, 0x000000008b200000| Untracked 
| 179|0x000000008b300000, 0x000000008b400000, 0x000000008b400000|100%| O|  |TAMS 0x000000008b300000, 0x000000008b300000| Untracked 
| 180|0x000000008b400000, 0x000000008b500000, 0x000000008b500000|100%| O|  |TAMS 0x000000008b400000, 0x000000008b400000| Untracked 
| 181|0x000000008b500000, 0x000000008b600000, 0x000000008b600000|100%| O|  |TAMS 0x000000008b500000, 0x000000008b500000| Untracked 
| 182|0x000000008b600000, 0x000000008b700000, 0x000000008b700000|100%|HS|  |TAMS 0x000000008b600000, 0x000000008b600000| Complete 
| 183|0x000000008b700000, 0x000000008b800000, 0x000000008b800000|100%|HC|  |TAMS 0x000000008b700000, 0x000000008b700000| Complete 
| 184|0x000000008b800000, 0x000000008b900000, 0x000000008b900000|100%|HS|  |TAMS 0x000000008b800000, 0x000000008b800000| Complete 
| 185|0x000000008b900000, 0x000000008ba00000, 0x000000008ba00000|100%|HC|  |TAMS 0x000000008b900000, 0x000000008b900000| Complete 
| 186|0x000000008ba00000, 0x000000008bb00000, 0x000000008bb00000|100%|HS|  |TAMS 0x000000008ba00000, 0x000000008ba00000| Complete 
| 187|0x000000008bb00000, 0x000000008bc00000, 0x000000008bc00000|100%|HC|  |TAMS 0x000000008bb00000, 0x000000008bb00000| Complete 
| 188|0x000000008bc00000, 0x000000008bd00000, 0x000000008bd00000|100%|HS|  |TAMS 0x000000008bc00000, 0x000000008bc00000| Complete 
| 189|0x000000008bd00000, 0x000000008be00000, 0x000000008be00000|100%|HC|  |TAMS 0x000000008bd00000, 0x000000008bd00000| Complete 
| 190|0x000000008be00000, 0x000000008bf00000, 0x000000008bf00000|100%|HS|  |TAMS 0x000000008be00000, 0x000000008be00000| Complete 
| 191|0x000000008bf00000, 0x000000008c000000, 0x000000008c000000|100%|HC|  |TAMS 0x000000008bf00000, 0x000000008bf00000| Complete 
| 192|0x000000008c000000, 0x000000008c100000, 0x000000008c100000|100%|HS|  |TAMS 0x000000008c000000, 0x000000008c000000| Complete 
| 193|0x000000008c100000, 0x000000008c200000, 0x000000008c200000|100%|HS|  |TAMS 0x000000008c100000, 0x000000008c100000| Complete 
| 194|0x000000008c200000, 0x000000008c300000, 0x000000008c300000|100%| O|  |TAMS 0x000000008c200000, 0x000000008c200000| Untracked 
| 195|0x000000008c300000, 0x000000008c400000, 0x000000008c400000|100%| O|  |TAMS 0x000000008c300000, 0x000000008c300000| Untracked 
| 196|0x000000008c400000, 0x000000008c480000, 0x000000008c500000| 50%| O|  |TAMS 0x000000008c400000, 0x000000008c400000| Updating 
| 197|0x000000008c500000, 0x000000008c600000, 0x000000008c600000|100%|HS|  |TAMS 0x000000008c500000, 0x000000008c500000| Complete 
| 198|0x000000008c600000, 0x000000008c700000, 0x000000008c700000|100%|HC|  |TAMS 0x000000008c600000, 0x000000008c600000| Complete 
| 199|0x000000008c700000, 0x000000008c800000, 0x000000008c800000|100%|HC|  |TAMS 0x000000008c700000, 0x000000008c700000| Complete 
| 200|0x000000008c800000, 0x000000008c900000, 0x000000008c900000|100%|HS|  |TAMS 0x000000008c800000, 0x000000008c800000| Complete 
| 201|0x000000008c900000, 0x000000008ca00000, 0x000000008ca00000|100%|HC|  |TAMS 0x000000008c900000, 0x000000008c900000| Complete 
| 202|0x000000008ca00000, 0x000000008cb00000, 0x000000008cb00000|100%|HC|  |TAMS 0x000000008ca00000, 0x000000008ca00000| Complete 
| 203|0x000000008cb00000, 0x000000008cc00000, 0x000000008cc00000|100%|HS|  |TAMS 0x000000008cb00000, 0x000000008cb00000| Complete 
| 204|0x000000008cc00000, 0x000000008cd00000, 0x000000008cd00000|100%|HS|  |TAMS 0x000000008cc00000, 0x000000008cc00000| Complete 
| 205|0x000000008cd00000, 0x000000008ce00000, 0x000000008ce00000|100%|HC|  |TAMS 0x000000008cd00000, 0x000000008cd00000| Complete 
| 206|0x000000008ce00000, 0x000000008cf00000, 0x000000008cf00000|100%|HS|  |TAMS 0x000000008ce00000, 0x000000008ce00000| Complete 
| 207|0x000000008cf00000, 0x000000008d000000, 0x000000008d000000|100%|HC|  |TAMS 0x000000008cf00000, 0x000000008cf00000| Complete 
| 208|0x000000008d000000, 0x000000008d100000, 0x000000008d100000|100%|HC|  |TAMS 0x000000008d000000, 0x000000008d000000| Complete 
| 209|0x000000008d100000, 0x000000008d200000, 0x000000008d200000|100%|HS|  |TAMS 0x000000008d100000, 0x000000008d100000| Complete 
| 210|0x000000008d200000, 0x000000008d300000, 0x000000008d300000|100%|HC|  |TAMS 0x000000008d200000, 0x000000008d200000| Complete 
| 211|0x000000008d300000, 0x000000008d400000, 0x000000008d400000|100%|HC|  |TAMS 0x000000008d300000, 0x000000008d300000| Complete 
| 212|0x000000008d400000, 0x000000008d500000, 0x000000008d500000|100%|HS|  |TAMS 0x000000008d400000, 0x000000008d400000| Complete 
| 213|0x000000008d500000, 0x000000008d600000, 0x000000008d600000|100%|HS|  |TAMS 0x000000008d500000, 0x000000008d500000| Complete 
| 214|0x000000008d600000, 0x000000008d700000, 0x000000008d700000|100%|HS|  |TAMS 0x000000008d600000, 0x000000008d600000| Complete 
| 215|0x000000008d700000, 0x000000008d800000, 0x000000008d800000|100%|HS|  |TAMS 0x000000008d700000, 0x000000008d700000| Complete 
| 216|0x000000008d800000, 0x000000008d800000, 0x000000008d900000|  0%| F|  |TAMS 0x000000008d800000, 0x000000008d800000| Untracked 
| 217|0x000000008d900000, 0x000000008d900000, 0x000000008da00000|  0%| F|  |TAMS 0x000000008d900000, 0x000000008d900000| Untracked 
| 218|0x000000008da00000, 0x000000008da00000, 0x000000008db00000|  0%| F|  |TAMS 0x000000008da00000, 0x000000008da00000| Untracked 
| 219|0x000000008db00000, 0x000000008db00000, 0x000000008dc00000|  0%| F|  |TAMS 0x000000008db00000, 0x000000008db00000| Untracked 
| 220|0x000000008dc00000, 0x000000008dc00000, 0x000000008dd00000|  0%| F|  |TAMS 0x000000008dc00000, 0x000000008dc00000| Untracked 
| 221|0x000000008dd00000, 0x000000008dd00000, 0x000000008de00000|  0%| F|  |TAMS 0x000000008dd00000, 0x000000008dd00000| Untracked 
| 222|0x000000008de00000, 0x000000008de00000, 0x000000008df00000|  0%| F|  |TAMS 0x000000008de00000, 0x000000008de00000| Untracked 
| 223|0x000000008df00000, 0x000000008df00000, 0x000000008e000000|  0%| F|  |TAMS 0x000000008df00000, 0x000000008df00000| Untracked 
| 224|0x000000008e000000, 0x000000008e000000, 0x000000008e100000|  0%| F|  |TAMS 0x000000008e000000, 0x000000008e000000| Untracked 
| 225|0x000000008e100000, 0x000000008e100000, 0x000000008e200000|  0%| F|  |TAMS 0x000000008e100000, 0x000000008e100000| Untracked 
| 226|0x000000008e200000, 0x000000008e200000, 0x000000008e300000|  0%| F|  |TAMS 0x000000008e200000, 0x000000008e200000| Untracked 
| 227|0x000000008e300000, 0x000000008e300000, 0x000000008e400000|  0%| F|  |TAMS 0x000000008e300000, 0x000000008e300000| Untracked 
| 228|0x000000008e400000, 0x000000008e400000, 0x000000008e500000|  0%| F|  |TAMS 0x000000008e400000, 0x000000008e400000| Untracked 
| 229|0x000000008e500000, 0x000000008e500000, 0x000000008e600000|  0%| F|  |TAMS 0x000000008e500000, 0x000000008e500000| Untracked 
| 230|0x000000008e600000, 0x000000008e600000, 0x000000008e700000|  0%| F|  |TAMS 0x000000008e600000, 0x000000008e600000| Untracked 
| 231|0x000000008e700000, 0x000000008e700000, 0x000000008e800000|  0%| F|  |TAMS 0x000000008e700000, 0x000000008e700000| Untracked 
| 232|0x000000008e800000, 0x000000008e800000, 0x000000008e900000|  0%| F|  |TAMS 0x000000008e800000, 0x000000008e800000| Untracked 
| 233|0x000000008e900000, 0x000000008e900000, 0x000000008ea00000|  0%| F|  |TAMS 0x000000008e900000, 0x000000008e900000| Untracked 
| 234|0x000000008ea00000, 0x000000008ea00000, 0x000000008eb00000|  0%| F|  |TAMS 0x000000008ea00000, 0x000000008ea00000| Untracked 
| 235|0x000000008eb00000, 0x000000008eb00000, 0x000000008ec00000|  0%| F|  |TAMS 0x000000008eb00000, 0x000000008eb00000| Untracked 
| 236|0x000000008ec00000, 0x000000008ec00000, 0x000000008ed00000|  0%| F|  |TAMS 0x000000008ec00000, 0x000000008ec00000| Untracked 
| 237|0x000000008ed00000, 0x000000008ed00000, 0x000000008ee00000|  0%| F|  |TAMS 0x000000008ed00000, 0x000000008ed00000| Untracked 
| 238|0x000000008ee00000, 0x000000008ee00000, 0x000000008ef00000|  0%| F|  |TAMS 0x000000008ee00000, 0x000000008ee00000| Untracked 
| 239|0x000000008ef00000, 0x000000008ef00000, 0x000000008f000000|  0%| F|  |TAMS 0x000000008ef00000, 0x000000008ef00000| Untracked 
| 240|0x000000008f000000, 0x000000008f000000, 0x000000008f100000|  0%| F|  |TAMS 0x000000008f000000, 0x000000008f000000| Untracked 
| 241|0x000000008f100000, 0x000000008f100000, 0x000000008f200000|  0%| F|  |TAMS 0x000000008f100000, 0x000000008f100000| Untracked 
| 242|0x000000008f200000, 0x000000008f200000, 0x000000008f300000|  0%| F|  |TAMS 0x000000008f200000, 0x000000008f200000| Untracked 
| 243|0x000000008f300000, 0x000000008f300000, 0x000000008f400000|  0%| F|  |TAMS 0x000000008f300000, 0x000000008f300000| Untracked 
| 244|0x000000008f400000, 0x000000008f400000, 0x000000008f500000|  0%| F|  |TAMS 0x000000008f400000, 0x000000008f400000| Untracked 
| 245|0x000000008f500000, 0x000000008f500000, 0x000000008f600000|  0%| F|  |TAMS 0x000000008f500000, 0x000000008f500000| Untracked 
| 246|0x000000008f600000, 0x000000008f600000, 0x000000008f700000|  0%| F|  |TAMS 0x000000008f600000, 0x000000008f600000| Untracked 
| 247|0x000000008f700000, 0x000000008f700000, 0x000000008f800000|  0%| F|  |TAMS 0x000000008f700000, 0x000000008f700000| Untracked 
| 248|0x000000008f800000, 0x000000008f800000, 0x000000008f900000|  0%| F|  |TAMS 0x000000008f800000, 0x000000008f800000| Untracked 
| 249|0x000000008f900000, 0x000000008f900000, 0x000000008fa00000|  0%| F|  |TAMS 0x000000008f900000, 0x000000008f900000| Untracked 
| 250|0x000000008fa00000, 0x000000008fa00000, 0x000000008fb00000|  0%| F|  |TAMS 0x000000008fa00000, 0x000000008fa00000| Untracked 
| 251|0x000000008fb00000, 0x000000008fb00000, 0x000000008fc00000|  0%| F|  |TAMS 0x000000008fb00000, 0x000000008fb00000| Untracked 
| 252|0x000000008fc00000, 0x000000008fc00000, 0x000000008fd00000|  0%| F|  |TAMS 0x000000008fc00000, 0x000000008fc00000| Untracked 
| 253|0x000000008fd00000, 0x000000008fd00000, 0x000000008fe00000|  0%| F|  |TAMS 0x000000008fd00000, 0x000000008fd00000| Untracked 
| 254|0x000000008fe00000, 0x000000008fe00000, 0x000000008ff00000|  0%| F|  |TAMS 0x000000008fe00000, 0x000000008fe00000| Untracked 
| 255|0x000000008ff00000, 0x000000008ff00000, 0x0000000090000000|  0%| F|  |TAMS 0x000000008ff00000, 0x000000008ff00000| Untracked 
| 256|0x0000000090000000, 0x0000000090000000, 0x0000000090100000|  0%| F|  |TAMS 0x0000000090000000, 0x0000000090000000| Untracked 
| 257|0x0000000090100000, 0x0000000090100000, 0x0000000090200000|  0%| F|  |TAMS 0x0000000090100000, 0x0000000090100000| Untracked 
| 258|0x0000000090200000, 0x0000000090200000, 0x0000000090300000|  0%| F|  |TAMS 0x0000000090200000, 0x0000000090200000| Untracked 
| 259|0x0000000090300000, 0x0000000090300000, 0x0000000090400000|  0%| F|  |TAMS 0x0000000090300000, 0x0000000090300000| Untracked 
| 260|0x0000000090400000, 0x0000000090400000, 0x0000000090500000|  0%| F|  |TAMS 0x0000000090400000, 0x0000000090400000| Untracked 
| 261|0x0000000090500000, 0x0000000090600000, 0x0000000090600000|100%| S|CS|TAMS 0x0000000090500000, 0x0000000090500000| Complete 
| 262|0x0000000090600000, 0x0000000090700000, 0x0000000090700000|100%| S|CS|TAMS 0x0000000090600000, 0x0000000090600000| Complete 
| 263|0x0000000090700000, 0x0000000090800000, 0x0000000090800000|100%| S|CS|TAMS 0x0000000090700000, 0x0000000090700000| Complete 
| 264|0x0000000090800000, 0x0000000090900000, 0x0000000090900000|100%| S|CS|TAMS 0x0000000090800000, 0x0000000090800000| Complete 
| 265|0x0000000090900000, 0x0000000090a00000, 0x0000000090a00000|100%| S|CS|TAMS 0x0000000090900000, 0x0000000090900000| Complete 
| 266|0x0000000090a00000, 0x0000000090b00000, 0x0000000090b00000|100%| S|CS|TAMS 0x0000000090a00000, 0x0000000090a00000| Complete 
| 267|0x0000000090b00000, 0x0000000090b00000, 0x0000000090c00000|  0%| F|  |TAMS 0x0000000090b00000, 0x0000000090b00000| Untracked 
| 268|0x0000000090c00000, 0x0000000090c00000, 0x0000000090d00000|  0%| F|  |TAMS 0x0000000090c00000, 0x0000000090c00000| Untracked 
| 269|0x0000000090d00000, 0x0000000090d00000, 0x0000000090e00000|  0%| F|  |TAMS 0x0000000090d00000, 0x0000000090d00000| Untracked 
| 270|0x0000000090e00000, 0x0000000090e00000, 0x0000000090f00000|  0%| F|  |TAMS 0x0000000090e00000, 0x0000000090e00000| Untracked 
| 271|0x0000000090f00000, 0x0000000090f00000, 0x0000000091000000|  0%| F|  |TAMS 0x0000000090f00000, 0x0000000090f00000| Untracked 
| 272|0x0000000091000000, 0x0000000091000000, 0x0000000091100000|  0%| F|  |TAMS 0x0000000091000000, 0x0000000091000000| Untracked 
| 273|0x0000000091100000, 0x0000000091100000, 0x0000000091200000|  0%| F|  |TAMS 0x0000000091100000, 0x0000000091100000| Untracked 
| 274|0x0000000091200000, 0x0000000091200000, 0x0000000091300000|  0%| F|  |TAMS 0x0000000091200000, 0x0000000091200000| Untracked 
| 275|0x0000000091300000, 0x0000000091300000, 0x0000000091400000|  0%| F|  |TAMS 0x0000000091300000, 0x0000000091300000| Untracked 
| 276|0x0000000091400000, 0x0000000091400000, 0x0000000091500000|  0%| F|  |TAMS 0x0000000091400000, 0x0000000091400000| Untracked 
| 277|0x0000000091500000, 0x0000000091500000, 0x0000000091600000|  0%| F|  |TAMS 0x0000000091500000, 0x0000000091500000| Untracked 
| 278|0x0000000091600000, 0x0000000091600000, 0x0000000091700000|  0%| F|  |TAMS 0x0000000091600000, 0x0000000091600000| Untracked 
| 279|0x0000000091700000, 0x0000000091700000, 0x0000000091800000|  0%| F|  |TAMS 0x0000000091700000, 0x0000000091700000| Untracked 
| 280|0x0000000091800000, 0x0000000091800000, 0x0000000091900000|  0%| F|  |TAMS 0x0000000091800000, 0x0000000091800000| Untracked 
| 281|0x0000000091900000, 0x0000000091900000, 0x0000000091a00000|  0%| F|  |TAMS 0x0000000091900000, 0x0000000091900000| Untracked 
| 282|0x0000000091a00000, 0x0000000091a00000, 0x0000000091b00000|  0%| F|  |TAMS 0x0000000091a00000, 0x0000000091a00000| Untracked 
| 283|0x0000000091b00000, 0x0000000091b00000, 0x0000000091c00000|  0%| F|  |TAMS 0x0000000091b00000, 0x0000000091b00000| Untracked 
| 284|0x0000000091c00000, 0x0000000091d00000, 0x0000000091d00000|100%| E|  |TAMS 0x0000000091c00000, 0x0000000091c00000| Complete 
| 285|0x0000000091d00000, 0x0000000091e00000, 0x0000000091e00000|100%| E|CS|TAMS 0x0000000091d00000, 0x0000000091d00000| Complete 
| 286|0x0000000091e00000, 0x0000000091f00000, 0x0000000091f00000|100%| E|CS|TAMS 0x0000000091e00000, 0x0000000091e00000| Complete 
| 287|0x0000000091f00000, 0x0000000092000000, 0x0000000092000000|100%| E|CS|TAMS 0x0000000091f00000, 0x0000000091f00000| Complete 
| 288|0x0000000092000000, 0x0000000092100000, 0x0000000092100000|100%| E|CS|TAMS 0x0000000092000000, 0x0000000092000000| Complete 
| 289|0x0000000092100000, 0x0000000092200000, 0x0000000092200000|100%| E|CS|TAMS 0x0000000092100000, 0x0000000092100000| Complete 
| 290|0x0000000092200000, 0x0000000092300000, 0x0000000092300000|100%| E|CS|TAMS 0x0000000092200000, 0x0000000092200000| Complete 
| 291|0x0000000092300000, 0x0000000092400000, 0x0000000092400000|100%| E|CS|TAMS 0x0000000092300000, 0x0000000092300000| Complete 
| 292|0x0000000092400000, 0x0000000092500000, 0x0000000092500000|100%| E|CS|TAMS 0x0000000092400000, 0x0000000092400000| Complete 
| 293|0x0000000092500000, 0x0000000092600000, 0x0000000092600000|100%| E|  |TAMS 0x0000000092500000, 0x0000000092500000| Complete 
| 294|0x0000000092600000, 0x0000000092700000, 0x0000000092700000|100%| E|CS|TAMS 0x0000000092600000, 0x0000000092600000| Complete 
| 295|0x0000000092700000, 0x0000000092800000, 0x0000000092800000|100%| E|CS|TAMS 0x0000000092700000, 0x0000000092700000| Complete 
| 296|0x0000000092800000, 0x0000000092900000, 0x0000000092900000|100%| E|CS|TAMS 0x0000000092800000, 0x0000000092800000| Complete 
| 297|0x0000000092900000, 0x0000000092a00000, 0x0000000092a00000|100%| E|CS|TAMS 0x0000000092900000, 0x0000000092900000| Complete 
| 298|0x0000000092a00000, 0x0000000092b00000, 0x0000000092b00000|100%| E|CS|TAMS 0x0000000092a00000, 0x0000000092a00000| Complete 
| 299|0x0000000092b00000, 0x0000000092c00000, 0x0000000092c00000|100%| E|CS|TAMS 0x0000000092b00000, 0x0000000092b00000| Complete 
| 300|0x0000000092c00000, 0x0000000092d00000, 0x0000000092d00000|100%| E|CS|TAMS 0x0000000092c00000, 0x0000000092c00000| Complete 
| 301|0x0000000092d00000, 0x0000000092e00000, 0x0000000092e00000|100%| E|CS|TAMS 0x0000000092d00000, 0x0000000092d00000| Complete 
| 302|0x0000000092e00000, 0x0000000092f00000, 0x0000000092f00000|100%| E|CS|TAMS 0x0000000092e00000, 0x0000000092e00000| Complete 
| 303|0x0000000092f00000, 0x0000000093000000, 0x0000000093000000|100%| E|CS|TAMS 0x0000000092f00000, 0x0000000092f00000| Complete 
| 304|0x0000000093000000, 0x0000000093100000, 0x0000000093100000|100%| E|CS|TAMS 0x0000000093000000, 0x0000000093000000| Complete 
| 305|0x0000000093100000, 0x0000000093200000, 0x0000000093200000|100%| E|CS|TAMS 0x0000000093100000, 0x0000000093100000| Complete 
| 306|0x0000000093200000, 0x0000000093300000, 0x0000000093300000|100%| E|CS|TAMS 0x0000000093200000, 0x0000000093200000| Complete 
| 307|0x0000000093300000, 0x0000000093400000, 0x0000000093400000|100%| E|CS|TAMS 0x0000000093300000, 0x0000000093300000| Complete 
| 308|0x0000000093400000, 0x0000000093500000, 0x0000000093500000|100%| E|CS|TAMS 0x0000000093400000, 0x0000000093400000| Complete 
| 309|0x0000000093500000, 0x0000000093600000, 0x0000000093600000|100%| E|CS|TAMS 0x0000000093500000, 0x0000000093500000| Complete 
| 310|0x0000000093600000, 0x0000000093700000, 0x0000000093700000|100%| E|CS|TAMS 0x0000000093600000, 0x0000000093600000| Complete 
| 311|0x0000000093700000, 0x0000000093800000, 0x0000000093800000|100%| E|CS|TAMS 0x0000000093700000, 0x0000000093700000| Complete 
| 312|0x0000000093800000, 0x0000000093800000, 0x0000000093900000|  0%| F|  |TAMS 0x0000000093800000, 0x0000000093800000| Untracked 
| 313|0x0000000093900000, 0x0000000093900000, 0x0000000093a00000|  0%| F|  |TAMS 0x0000000093900000, 0x0000000093900000| Untracked 
| 314|0x0000000093a00000, 0x0000000093a00000, 0x0000000093b00000|  0%| F|  |TAMS 0x0000000093a00000, 0x0000000093a00000| Untracked 
| 315|0x0000000093b00000, 0x0000000093b00000, 0x0000000093c00000|  0%| F|  |TAMS 0x0000000093b00000, 0x0000000093b00000| Untracked 
| 316|0x0000000093c00000, 0x0000000093c00000, 0x0000000093d00000|  0%| F|  |TAMS 0x0000000093c00000, 0x0000000093c00000| Untracked 
| 317|0x0000000093d00000, 0x0000000093d00000, 0x0000000093e00000|  0%| F|  |TAMS 0x0000000093d00000, 0x0000000093d00000| Untracked 
| 318|0x0000000093e00000, 0x0000000093e00000, 0x0000000093f00000|  0%| F|  |TAMS 0x0000000093e00000, 0x0000000093e00000| Untracked 
| 319|0x0000000093f00000, 0x0000000093f00000, 0x0000000094000000|  0%| F|  |TAMS 0x0000000093f00000, 0x0000000093f00000| Untracked 
| 320|0x0000000094000000, 0x0000000094000000, 0x0000000094100000|  0%| F|  |TAMS 0x0000000094000000, 0x0000000094000000| Untracked 
| 321|0x0000000094100000, 0x0000000094100000, 0x0000000094200000|  0%| F|  |TAMS 0x0000000094100000, 0x0000000094100000| Untracked 
| 322|0x0000000094200000, 0x0000000094200000, 0x0000000094300000|  0%| F|  |TAMS 0x0000000094200000, 0x0000000094200000| Untracked 
| 323|0x0000000094300000, 0x0000000094300000, 0x0000000094400000|  0%| F|  |TAMS 0x0000000094300000, 0x0000000094300000| Untracked 
| 324|0x0000000094400000, 0x0000000094400000, 0x0000000094500000|  0%| F|  |TAMS 0x0000000094400000, 0x0000000094400000| Untracked 
| 325|0x0000000094500000, 0x0000000094500000, 0x0000000094600000|  0%| F|  |TAMS 0x0000000094500000, 0x0000000094500000| Untracked 
| 326|0x0000000094600000, 0x0000000094600000, 0x0000000094700000|  0%| F|  |TAMS 0x0000000094600000, 0x0000000094600000| Untracked 
| 327|0x0000000094700000, 0x0000000094700000, 0x0000000094800000|  0%| F|  |TAMS 0x0000000094700000, 0x0000000094700000| Untracked 
| 328|0x0000000094800000, 0x0000000094800000, 0x0000000094900000|  0%| F|  |TAMS 0x0000000094800000, 0x0000000094800000| Untracked 
| 329|0x0000000094900000, 0x0000000094900000, 0x0000000094a00000|  0%| F|  |TAMS 0x0000000094900000, 0x0000000094900000| Untracked 
| 330|0x0000000094a00000, 0x0000000094a00000, 0x0000000094b00000|  0%| F|  |TAMS 0x0000000094a00000, 0x0000000094a00000| Untracked 
| 331|0x0000000094b00000, 0x0000000094b00000, 0x0000000094c00000|  0%| F|  |TAMS 0x0000000094b00000, 0x0000000094b00000| Untracked 
| 332|0x0000000094c00000, 0x0000000094c00000, 0x0000000094d00000|  0%| F|  |TAMS 0x0000000094c00000, 0x0000000094c00000| Untracked 
| 333|0x0000000094d00000, 0x0000000094d00000, 0x0000000094e00000|  0%| F|  |TAMS 0x0000000094d00000, 0x0000000094d00000| Untracked 
| 334|0x0000000094e00000, 0x0000000094e00000, 0x0000000094f00000|  0%| F|  |TAMS 0x0000000094e00000, 0x0000000094e00000| Untracked 
| 335|0x0000000094f00000, 0x0000000094f00000, 0x0000000095000000|  0%| F|  |TAMS 0x0000000094f00000, 0x0000000094f00000| Untracked 
| 336|0x0000000095000000, 0x0000000095000000, 0x0000000095100000|  0%| F|  |TAMS 0x0000000095000000, 0x0000000095000000| Untracked 
| 337|0x0000000095100000, 0x0000000095100000, 0x0000000095200000|  0%| F|  |TAMS 0x0000000095100000, 0x0000000095100000| Untracked 
| 338|0x0000000095200000, 0x0000000095200000, 0x0000000095300000|  0%| F|  |TAMS 0x0000000095200000, 0x0000000095200000| Untracked 
| 339|0x0000000095300000, 0x0000000095300000, 0x0000000095400000|  0%| F|  |TAMS 0x0000000095300000, 0x0000000095300000| Untracked 
| 340|0x0000000095400000, 0x0000000095400000, 0x0000000095500000|  0%| F|  |TAMS 0x0000000095400000, 0x0000000095400000| Untracked 
| 341|0x0000000095500000, 0x0000000095500000, 0x0000000095600000|  0%| F|  |TAMS 0x0000000095500000, 0x0000000095500000| Untracked 
| 342|0x0000000095600000, 0x0000000095600000, 0x0000000095700000|  0%| F|  |TAMS 0x0000000095600000, 0x0000000095600000| Untracked 
| 343|0x0000000095700000, 0x0000000095700000, 0x0000000095800000|  0%| F|  |TAMS 0x0000000095700000, 0x0000000095700000| Untracked 
| 344|0x0000000095800000, 0x0000000095800000, 0x0000000095900000|  0%| F|  |TAMS 0x0000000095800000, 0x0000000095800000| Untracked 
| 345|0x0000000095900000, 0x0000000095900000, 0x0000000095a00000|  0%| F|  |TAMS 0x0000000095900000, 0x0000000095900000| Untracked 
| 346|0x0000000095a00000, 0x0000000095a00000, 0x0000000095b00000|  0%| F|  |TAMS 0x0000000095a00000, 0x0000000095a00000| Untracked 
| 347|0x0000000095b00000, 0x0000000095b00000, 0x0000000095c00000|  0%| F|  |TAMS 0x0000000095b00000, 0x0000000095b00000| Untracked 
| 348|0x0000000095c00000, 0x0000000095c00000, 0x0000000095d00000|  0%| F|  |TAMS 0x0000000095c00000, 0x0000000095c00000| Untracked 
| 349|0x0000000095d00000, 0x0000000095d00000, 0x0000000095e00000|  0%| F|  |TAMS 0x0000000095d00000, 0x0000000095d00000| Untracked 
| 350|0x0000000095e00000, 0x0000000095e00000, 0x0000000095f00000|  0%| F|  |TAMS 0x0000000095e00000, 0x0000000095e00000| Untracked 
| 351|0x0000000095f00000, 0x0000000095f00000, 0x0000000096000000|  0%| F|  |TAMS 0x0000000095f00000, 0x0000000095f00000| Untracked 
| 352|0x0000000096000000, 0x0000000096100000, 0x0000000096100000|100%| E|CS|TAMS 0x0000000096000000, 0x0000000096000000| Complete 
| 353|0x0000000096100000, 0x0000000096200000, 0x0000000096200000|100%| E|CS|TAMS 0x0000000096100000, 0x0000000096100000| Complete 

Card table byte_map: [0x000001e4354d0000,0x000001e4358d0000] _byte_map_base: 0x000001e4350d0000

Marking Bits (Prev, Next): (CMBitMap*) 0x000001e41e1d2000, (CMBitMap*) 0x000001e41e1d2040
 Prev Bits: [0x000001e435cd0000, 0x000001e437cd0000)
 Next Bits: [0x000001e437cd0000, 0x000001e439cd0000)

Polling page: 0x000001e41d930000

Metaspace:

Usage:
  Non-class:    132.49 MB used.
      Class:     19.25 MB used.
       Both:    151.74 MB used.

Virtual space:
  Non-class space:      192.00 MB reserved,     133.69 MB ( 70%) committed,  3 nodes.
      Class space:        1.00 GB reserved,      20.56 MB (  2%) committed,  1 nodes.
             Both:        1.19 GB reserved,     154.25 MB ( 13%) committed. 

Chunk freelists:
   Non-Class:  1.72 MB
       Class:  3.38 MB
        Both:  5.09 MB

MaxMetaspaceSize: unlimited
CompressedClassSpaceSize: 1.00 GB
Initial GC threshold: 21.00 MB
Current GC threshold: 169.19 MB
CDS: on
MetaspaceReclaimPolicy: balanced
 - commit_granule_bytes: 65536.
 - commit_granule_words: 8192.
 - virtual_space_node_default_size: 8388608.
 - enlarge_chunks_in_place: 1.
 - new_chunks_are_fully_committed: 0.
 - uncommit_free_chunks: 1.
 - use_allocation_guard: 0.


Internal statistics:

num_allocs_failed_limit: 9.
num_arena_births: 4854.
num_arena_deaths: 0.
num_vsnodes_births: 4.
num_vsnodes_deaths: 0.
num_space_committed: 2465.
num_space_uncommitted: 0.
num_chunks_returned_to_freelist: 9.
num_chunks_taken_from_freelist: 11544.
num_chunk_merges: 9.
num_chunk_splits: 8012.
num_chunks_enlarged: 5495.
num_inconsistent_stats: 0.

CodeHeap 'non-profiled nmethods': size=120064Kb used=9139Kb max_used=9139Kb free=110924Kb
 bounds [0x000001e42db90000, 0x000001e42e480000, 0x000001e4350d0000]
CodeHeap 'profiled nmethods': size=120000Kb used=33588Kb max_used=33819Kb free=86411Kb
 bounds [0x000001e4260d0000, 0x000001e4281f0000, 0x000001e42d600000]
CodeHeap 'non-nmethods': size=5696Kb used=2677Kb max_used=2710Kb free=3018Kb
 bounds [0x000001e42d600000, 0x000001e42d8b0000, 0x000001e42db90000]
 total_blobs=17077 nmethods=15916 adapters=1069
 compilation: enabled
              stopped_count=0, restarted_count=0
 full_count=0

Compilation events (20 events):
Event: 263.681 Thread 0x000001e43be3dcf0 18826       4       com.android.tools.r8.graph.y1::a (31 bytes)
Event: 263.697 Thread 0x000001e43be3dcf0 nmethod 18826 0x000001e42e478290 code [0x000001e42e478460, 0x000001e42e478c88]
Event: 263.700 Thread 0x000001e43be3dcf0 18827       4       com.android.tools.r8.graph.h1::o0 (34 bytes)
Event: 263.714 Thread 0x000001e43be3dcf0 nmethod 18827 0x000001e42e479110 code [0x000001e42e4792a0, 0x000001e42e479938]
Event: 263.719 Thread 0x000001e43be40fb0 18828       3       com.android.tools.r8.graph.A2::c (62 bytes)
Event: 263.720 Thread 0x000001e43be40fb0 nmethod 18828 0x000001e426e43b90 code [0x000001e426e43dc0, 0x000001e426e447a8]
Event: 263.720 Thread 0x000001e43be40fb0 18829       3       com.android.tools.r8.graph.G2::equals (37 bytes)
Event: 263.720 Thread 0x000001e43be40fb0 nmethod 18829 0x000001e426e43490 code [0x000001e426e43660, 0x000001e426e43a88]
Event: 263.733 Thread 0x000001e43be3dcf0 18830       4       com.android.tools.r8.graph.r5::c (33 bytes)
Event: 263.734 Thread 0x000001e43be3dcf0 nmethod 18830 0x000001e42e479d90 code [0x000001e42e479f20, 0x000001e42e479fd8]
Event: 263.746 Thread 0x000001e43be40fb0 18831       3       com.android.tools.r8.graph.s2::c (62 bytes)
Event: 263.747 Thread 0x000001e43be40fb0 nmethod 18831 0x000001e426e42490 code [0x000001e426e426e0, 0x000001e426e431c8]
Event: 263.748 Thread 0x000001e43be3dcf0 18832       4       com.android.tools.r8.graph.y1::a (31 bytes)
Event: 263.768 Thread 0x000001e43be3dcf0 nmethod 18832 0x000001e42e47a090 code [0x000001e42e47a280, 0x000001e42e47aba0]
Event: 263.780 Thread 0x000001e43be3dcf0 18833       4       com.android.tools.r8.graph.s2::o0 (37 bytes)
Event: 263.801 Thread 0x000001e43be3dcf0 nmethod 18833 0x000001e42e47b110 code [0x000001e42e47b2e0, 0x000001e42e47bc78]
Event: 263.806 Thread 0x000001e43be3dcf0 18834       4       com.android.tools.r8.dex.C::f (49 bytes)
Event: 263.820 Thread 0x000001e43be3dcf0 nmethod 18834 0x000001e42e47c390 code [0x000001e42e47c540, 0x000001e42e47c9d8]
Event: 263.860 Thread 0x000001e43be40fb0 18835 % !   3       com.android.tools.r8.dex.a::b @ 935 (3881 bytes)
Event: 263.876 Thread 0x000001e43be40fb0 nmethod 18835% 0x000001e4281d6c10 code [0x000001e4281d7fa0, 0x000001e4281e6108]

GC Heap History (20 events):
Event: 167.277 GC heap before
{Heap before GC invocations=35 (full 0):
 garbage-first heap   total 321536K, used 281271K [0x0000000080000000, 0x0000000100000000)
  region size 1024K, 188 young (192512K), 13 survivors (13312K)
 Metaspace       used 119313K, committed 121600K, reserved 1179648K
  class space    used 15312K, committed 16512K, reserved 1048576K
}
Event: 167.568 GC heap after
{Heap after GC invocations=36 (full 0):
 garbage-first heap   total 321536K, used 107884K [0x0000000080000000, 0x0000000100000000)
  region size 1024K, 23 young (23552K), 23 survivors (23552K)
 Metaspace       used 119313K, committed 121600K, reserved 1179648K
  class space    used 15312K, committed 16512K, reserved 1048576K
}
Event: 167.612 GC heap before
{Heap before GC invocations=36 (full 0):
 garbage-first heap   total 321536K, used 108908K [0x0000000080000000, 0x0000000100000000)
  region size 1024K, 24 young (24576K), 23 survivors (23552K)
 Metaspace       used 119377K, committed 121664K, reserved 1179648K
  class space    used 15318K, committed 16512K, reserved 1048576K
}
Event: 168.360 GC heap after
{Heap after GC invocations=37 (full 0):
 garbage-first heap   total 321536K, used 108111K [0x0000000080000000, 0x0000000100000000)
  region size 1024K, 1 young (1024K), 1 survivors (1024K)
 Metaspace       used 119377K, committed 121664K, reserved 1179648K
  class space    used 15318K, committed 16512K, reserved 1048576K
}
Event: 174.435 GC heap before
{Heap before GC invocations=37 (full 0):
 garbage-first heap   total 321536K, used 191055K [0x0000000080000000, 0x0000000100000000)
  region size 1024K, 82 young (83968K), 1 survivors (1024K)
 Metaspace       used 123454K, committed 125824K, reserved 1179648K
  class space    used 15799K, committed 17088K, reserved 1048576K
}
Event: 174.458 GC heap after
{Heap after GC invocations=38 (full 0):
 garbage-first heap   total 321536K, used 116303K [0x0000000080000000, 0x0000000100000000)
  region size 1024K, 9 young (9216K), 9 survivors (9216K)
 Metaspace       used 123454K, committed 125824K, reserved 1179648K
  class space    used 15799K, committed 17088K, reserved 1048576K
}
Event: 174.990 GC heap before
{Heap before GC invocations=38 (full 0):
 garbage-first heap   total 321536K, used 143951K [0x0000000080000000, 0x0000000100000000)
  region size 1024K, 36 young (36864K), 9 survivors (9216K)
 Metaspace       used 123713K, committed 126080K, reserved 1179648K
  class space    used 15806K, committed 17088K, reserved 1048576K
}
Event: 175.015 GC heap after
{Heap after GC invocations=39 (full 0):
 garbage-first heap   total 321536K, used 118272K [0x0000000080000000, 0x0000000100000000)
  region size 1024K, 3 young (3072K), 3 survivors (3072K)
 Metaspace       used 123713K, committed 126080K, reserved 1179648K
  class space    used 15806K, committed 17088K, reserved 1048576K
}
Event: 189.418 GC heap before
{Heap before GC invocations=39 (full 0):
 garbage-first heap   total 321536K, used 260608K [0x0000000080000000, 0x0000000100000000)
  region size 1024K, 141 young (144384K), 3 survivors (3072K)
 Metaspace       used 131853K, committed 134208K, reserved 1179648K
  class space    used 16706K, committed 17984K, reserved 1048576K
}
Event: 189.452 GC heap after
{Heap after GC invocations=40 (full 0):
 garbage-first heap   total 321536K, used 128679K [0x0000000080000000, 0x0000000100000000)
  region size 1024K, 13 young (13312K), 13 survivors (13312K)
 Metaspace       used 131853K, committed 134208K, reserved 1179648K
  class space    used 16706K, committed 17984K, reserved 1048576K
}
Event: 195.443 GC heap before
{Heap before GC invocations=40 (full 0):
 garbage-first heap   total 321536K, used 204455K [0x0000000080000000, 0x0000000100000000)
  region size 1024K, 87 young (89088K), 13 survivors (13312K)
 Metaspace       used 137426K, committed 139904K, reserved 1179648K
  class space    used 17542K, committed 18880K, reserved 1048576K
}
Event: 195.500 GC heap after
{Heap after GC invocations=41 (full 0):
 garbage-first heap   total 321536K, used 125621K [0x0000000080000000, 0x0000000100000000)
  region size 1024K, 5 young (5120K), 5 survivors (5120K)
 Metaspace       used 137426K, committed 139904K, reserved 1179648K
  class space    used 17542K, committed 18880K, reserved 1048576K
}
Event: 213.870 GC heap before
{Heap before GC invocations=41 (full 0):
 garbage-first heap   total 321536K, used 265909K [0x0000000080000000, 0x0000000100000000)
  region size 1024K, 138 young (141312K), 5 survivors (5120K)
 Metaspace       used 146389K, committed 148928K, reserved 1179648K
  class space    used 18664K, committed 20032K, reserved 1048576K
}
Event: 213.916 GC heap after
{Heap after GC invocations=42 (full 0):
 garbage-first heap   total 321536K, used 138421K [0x0000000080000000, 0x0000000100000000)
  region size 1024K, 17 young (17408K), 17 survivors (17408K)
 Metaspace       used 146389K, committed 148928K, reserved 1179648K
  class space    used 18664K, committed 20032K, reserved 1048576K
}
Event: 232.454 GC heap before
{Heap before GC invocations=42 (full 0):
 garbage-first heap   total 321536K, used 239797K [0x0000000080000000, 0x0000000100000000)
  region size 1024K, 117 young (119808K), 17 survivors (17408K)
 Metaspace       used 149493K, committed 152000K, reserved 1245184K
  class space    used 18979K, committed 20352K, reserved 1048576K
}
Event: 232.577 GC heap after
{Heap after GC invocations=43 (full 0):
 garbage-first heap   total 321536K, used 146406K [0x0000000080000000, 0x0000000100000000)
  region size 1024K, 9 young (9216K), 9 survivors (9216K)
 Metaspace       used 149493K, committed 152000K, reserved 1245184K
  class space    used 18979K, committed 20352K, reserved 1048576K
}
Event: 254.230 GC heap before
{Heap before GC invocations=43 (full 0):
 garbage-first heap   total 321536K, used 269286K [0x0000000080000000, 0x0000000100000000)
  region size 1024K, 120 young (122880K), 9 survivors (9216K)
 Metaspace       used 151610K, committed 154240K, reserved 1245184K
  class space    used 19213K, committed 20608K, reserved 1048576K
}
Event: 254.315 GC heap after
{Heap after GC invocations=44 (full 0):
 garbage-first heap   total 321536K, used 167424K [0x0000000080000000, 0x0000000100000000)
  region size 1024K, 12 young (12288K), 12 survivors (12288K)
 Metaspace       used 151610K, committed 154240K, reserved 1245184K
  class space    used 19213K, committed 20608K, reserved 1048576K
}
Event: 262.349 GC heap before
{Heap before GC invocations=44 (full 0):
 garbage-first heap   total 321536K, used 235008K [0x0000000080000000, 0x0000000100000000)
  region size 1024K, 59 young (60416K), 12 survivors (12288K)
 Metaspace       used 155080K, committed 157696K, reserved 1245184K
  class space    used 19675K, committed 21056K, reserved 1048576K
}
Event: 262.454 GC heap after
{Heap after GC invocations=45 (full 0):
 garbage-first heap   total 321536K, used 189952K [0x0000000080000000, 0x0000000100000000)
  region size 1024K, 6 young (6144K), 6 survivors (6144K)
 Metaspace       used 155080K, committed 157696K, reserved 1245184K
  class space    used 19675K, committed 21056K, reserved 1048576K
}

Dll operation events (15 events):
Event: 0.254 Loaded shared library C:\Program Files\Java\jdk-19\bin\java.dll
Event: 0.363 Loaded shared library C:\Program Files\Java\jdk-19\bin\jsvml.dll
Event: 1.854 Loaded shared library C:\Program Files\Java\jdk-19\bin\zip.dll
Event: 1.877 Loaded shared library C:\Program Files\Java\jdk-19\bin\instrument.dll
Event: 2.119 Loaded shared library C:\Program Files\Java\jdk-19\bin\net.dll
Event: 2.217 Loaded shared library C:\Program Files\Java\jdk-19\bin\nio.dll
Event: 2.285 Loaded shared library C:\Program Files\Java\jdk-19\bin\zip.dll
Event: 4.371 Loaded shared library C:\Program Files\Java\jdk-19\bin\jimage.dll
Event: 8.566 Loaded shared library C:\Program Files\Java\jdk-19\bin\verify.dll
Event: 14.595 Loaded shared library D:\native\c067742578af261105cb4f569cf0c3c89f3d7b1fecec35dd04571415982c5e48\windows-amd64\native-platform.dll
Event: 58.769 Loaded shared library D:\native\38dada09dfb8b06ba9b0570ebf7e218e3eb74d4ef43ca46872605cf95ebc2f47\windows-amd64\native-platform-file-events.dll
Event: 63.768 Loaded shared library C:\Program Files\Java\jdk-19\bin\management.dll
Event: 63.790 Loaded shared library C:\Program Files\Java\jdk-19\bin\management_ext.dll
Event: 64.493 Loaded shared library C:\Program Files\Java\jdk-19\bin\extnet.dll
Event: 65.248 Loaded shared library C:\Program Files\Java\jdk-19\bin\sunmscapi.dll

Deoptimization events (20 events):
Event: 263.240 Thread 0x000001e440b9c850 DEOPT PACKING pc=0x000001e42622ab72 sp=0x00000036cb9fd720
Event: 263.240 Thread 0x000001e440b9c850 DEOPT UNPACKING pc=0x000001e42d667543 sp=0x00000036cb9fcba0 mode 0
Event: 263.345 Thread 0x000001e440b9c850 Uncommon trap: trap_request=0xffffff45 fr.pc=0x000001e42e46b624 relative=0x0000000000000084
Event: 263.345 Thread 0x000001e440b9c850 Uncommon trap: reason=unstable_if action=reinterpret pc=0x000001e42e46b624 method=com.android.tools.r8.utils.j1.d(I)Z @ 45 c2
Event: 263.345 Thread 0x000001e440b9c850 DEOPT PACKING pc=0x000001e42e46b624 sp=0x00000036cb9fd710
Event: 263.345 Thread 0x000001e440b9c850 DEOPT UNPACKING pc=0x000001e42d666da3 sp=0x00000036cb9fd6a0 mode 2
Event: 263.444 Thread 0x000001e440b9c850 Uncommon trap: trap_request=0xffffff45 fr.pc=0x000001e42e46d274 relative=0x0000000000000334
Event: 263.444 Thread 0x000001e440b9c850 Uncommon trap: reason=unstable_if action=reinterpret pc=0x000001e42e46d274 method=com.android.tools.r8.dex.C.f(I)Lcom/android/tools/r8/dex/E; @ 14 c2
Event: 263.445 Thread 0x000001e440b9c850 DEOPT PACKING pc=0x000001e42e46d274 sp=0x00000036cb9fd900
Event: 263.445 Thread 0x000001e440b9c850 DEOPT UNPACKING pc=0x000001e42d666da3 sp=0x00000036cb9fd898 mode 2
Event: 263.448 Thread 0x000001e440b9c850 DEOPT PACKING pc=0x000001e427bf2e5f sp=0x00000036cb9fd940
Event: 263.448 Thread 0x000001e440b9c850 DEOPT UNPACKING pc=0x000001e42d667543 sp=0x00000036cb9fd140 mode 0
Event: 263.460 Thread 0x000001e440b9c850 Uncommon trap: trap_request=0x00000236 fr.pc=0x000001e42e463ae8 relative=0x00000000000011e8
Event: 263.460 Thread 0x000001e440b9c850 Uncommon trap: reason=unloaded action=reinterpret pc=0x000001e42e463ae8 method=com.android.tools.r8.dex.a.b(Ljava/util/ArrayList;Ljava/util/concurrent/ConcurrentLinkedQueue;)V @ 1067 c2
Event: 263.460 Thread 0x000001e440b9c850 DEOPT PACKING pc=0x000001e42e463ae8 sp=0x00000036cb9fdc90
Event: 263.460 Thread 0x000001e440b9c850 DEOPT UNPACKING pc=0x000001e42d666da3 sp=0x00000036cb9fdc58 mode 2
Event: 263.849 Thread 0x000001e440b9c850 Uncommon trap: trap_request=0x000002ea fr.pc=0x000001e42e4716c4 relative=0x0000000000003c84
Event: 263.849 Thread 0x000001e440b9c850 Uncommon trap: reason=unloaded action=reinterpret pc=0x000001e42e4716c4 method=com.android.tools.r8.dex.a.b(Ljava/util/ArrayList;Ljava/util/concurrent/ConcurrentLinkedQueue;)V @ 3442 c2
Event: 263.849 Thread 0x000001e440b9c850 DEOPT PACKING pc=0x000001e42e4716c4 sp=0x00000036cb9fdc40
Event: 263.849 Thread 0x000001e440b9c850 DEOPT UNPACKING pc=0x000001e42d666da3 sp=0x00000036cb9fdc48 mode 2

Classes loaded (20 events):
Event: 233.432 Loading class java/util/TreeMap$NavigableSubMap$DescendingSubMapEntryIterator
Event: 233.432 Loading class java/util/TreeMap$NavigableSubMap$SubMapIterator
Event: 233.434 Loading class java/util/TreeMap$NavigableSubMap$SubMapIterator done
Event: 233.434 Loading class java/util/TreeMap$NavigableSubMap$DescendingSubMapEntryIterator done
Event: 250.118 Loading class java/nio/file/FileTreeIterator
Event: 250.127 Loading class java/nio/file/FileTreeIterator done
Event: 250.216 Loading class java/util/concurrent/ConcurrentSkipListMap$KeySet
Event: 250.219 Loading class java/util/concurrent/ConcurrentSkipListMap$KeySet done
Event: 250.219 Loading class java/util/concurrent/ConcurrentSkipListMap$KeyIterator
Event: 250.221 Loading class java/util/concurrent/ConcurrentSkipListMap$KeyIterator done
Event: 250.943 Loading class sun/nio/fs/Globs
Event: 250.945 Loading class sun/nio/fs/Globs done
Event: 250.945 Loading class java/util/regex/Pattern$SliceU
Event: 250.946 Loading class java/util/regex/Pattern$SliceU done
Event: 250.947 Loading class sun/nio/fs/WindowsFileSystem$2
Event: 250.948 Loading class java/nio/file/PathMatcher
Event: 250.949 Loading class java/nio/file/PathMatcher done
Event: 250.949 Loading class sun/nio/fs/WindowsFileSystem$2 done
Event: 262.154 Loading class java/nio/BufferUnderflowException
Event: 262.156 Loading class java/nio/BufferUnderflowException done

Classes unloaded (0 events):
No events

Classes redefined (0 events):
No events

Internal exceptions (20 events):
Event: 257.786 Thread 0x000001e4439db5a0 Exception <a 'sun/nio/fs/WindowsException'{0x000000009248d180}> (0x000000009248d180) 
thrown [s\open\src\hotspot\share\prims\jni.cpp, line 517]
Event: 257.786 Thread 0x000001e4439db5a0 Exception <a 'sun/nio/fs/WindowsException'{0x000000009248e2e0}> (0x000000009248e2e0) 
thrown [s\open\src\hotspot\share\prims\jni.cpp, line 517]
Event: 257.786 Thread 0x000001e4439db5a0 Exception <a 'sun/nio/fs/WindowsException'{0x000000009248e370}> (0x000000009248e370) 
thrown [s\open\src\hotspot\share\prims\jni.cpp, line 517]
Event: 257.786 Thread 0x000001e4439db5a0 Exception <a 'sun/nio/fs/WindowsException'{0x000000009248e700}> (0x000000009248e700) 
thrown [s\open\src\hotspot\share\prims\jni.cpp, line 517]
Event: 257.787 Thread 0x000001e4439db5a0 Exception <a 'sun/nio/fs/WindowsException'{0x0000000092490ac8}> (0x0000000092490ac8) 
thrown [s\open\src\hotspot\share\prims\jni.cpp, line 517]
Event: 257.787 Thread 0x000001e4439db5a0 Exception <a 'sun/nio/fs/WindowsException'{0x0000000092491c38}> (0x0000000092491c38) 
thrown [s\open\src\hotspot\share\prims\jni.cpp, line 517]
Event: 257.787 Thread 0x000001e4439db5a0 Exception <a 'sun/nio/fs/WindowsException'{0x0000000092491cc8}> (0x0000000092491cc8) 
thrown [s\open\src\hotspot\share\prims\jni.cpp, line 517]
Event: 257.787 Thread 0x000001e4439db5a0 Exception <a 'sun/nio/fs/WindowsException'{0x00000000924920a0}> (0x00000000924920a0) 
thrown [s\open\src\hotspot\share\prims\jni.cpp, line 517]
Event: 257.787 Thread 0x000001e4439db5a0 Exception <a 'sun/nio/fs/WindowsException'{0x0000000092494408}> (0x0000000092494408) 
thrown [s\open\src\hotspot\share\prims\jni.cpp, line 517]
Event: 257.787 Thread 0x000001e4439db5a0 Exception <a 'sun/nio/fs/WindowsException'{0x0000000092495548}> (0x0000000092495548) 
thrown [s\open\src\hotspot\share\prims\jni.cpp, line 517]
Event: 257.787 Thread 0x000001e4439db5a0 Exception <a 'sun/nio/fs/WindowsException'{0x00000000924955d8}> (0x00000000924955d8) 
thrown [s\open\src\hotspot\share\prims\jni.cpp, line 517]
Event: 257.787 Thread 0x000001e4439db5a0 Exception <a 'sun/nio/fs/WindowsException'{0x0000000092495920}> (0x0000000092495920) 
thrown [s\open\src\hotspot\share\prims\jni.cpp, line 517]
Event: 257.787 Thread 0x000001e4439db5a0 Exception <a 'sun/nio/fs/WindowsException'{0x0000000092497c88}> (0x0000000092497c88) 
thrown [s\open\src\hotspot\share\prims\jni.cpp, line 517]
Event: 257.932 Thread 0x000001e4439db5a0 Exception <a 'java/lang/NoSuchMethodError'{0x0000000092210bd0}: static Lcom/android/builder/internal/aapt/AaptOptions;.<clinit>()V> (0x0000000092210bd0) 
thrown [s\open\src\hotspot\share\prims\jni.cpp, line 1107]
Event: 257.936 Thread 0x000001e4439db5a0 Exception <a 'java/lang/NoSuchMethodError'{0x0000000092227af8}: static Ljava/lang/Object;.<clinit>()V> (0x0000000092227af8) 
thrown [s\open\src\hotspot\share\prims\jni.cpp, line 1107]
Event: 257.938 Thread 0x000001e4439db5a0 Exception <a 'java/lang/NoSuchMethodError'{0x0000000092247c08}: static Lcom/android/build/api/variant/impl/SerializableApplicationMultiOutputHandler;.<clinit>()V> (0x0000000092247c08) 
thrown [s\open\src\hotspot\share\prims\jni.cpp, line 1107]
Event: 257.941 Thread 0x000001e4439db5a0 Exception <a 'java/lang/NoSuchMethodError'{0x000000009225fc10}: static Lcom/android/build/api/variant/impl/VariantOutputImpl$SerializedForm;.<clinit>()V> (0x000000009225fc10) 
thrown [s\open\src\hotspot\share\prims\jni.cpp, line 1107]
Event: 257.946 Thread 0x000001e4439db5a0 Exception <a 'java/lang/NoSuchMethodError'{0x0000000092275da0}: static Lcom/android/build/api/variant/impl/VariantOutputConfigurationImpl;.<clinit>()V> (0x0000000092275da0) 
thrown [s\open\src\hotspot\share\prims\jni.cpp, line 1107]
Event: 258.249 Thread 0x000001e440b9c850 Exception <a 'sun/nio/fs/WindowsException'{0x00000000921f91c0}> (0x00000000921f91c0) 
thrown [s\open\src\hotspot\share\prims\jni.cpp, line 517]
Event: 262.330 Thread 0x000001e440b9c850 Exception <a 'java/lang/NoSuchMethodError'{0x0000000090daa9f0}: 'java.lang.Object java.lang.invoke.DirectMethodHandle$Holder.invokeStaticInit(java.lang.Object, java.lang.Object, java.lang.Object, java.lang.Object, java.lang.Object, java.lang.Object, java.lang.Object, java.lang.Object, java.lang.Object, java.lang.Object, java.lang.Object, java.lang.Object, java.lang.Object, java.lang.Object, java.lang.Object, java.lang.Object, java.lang.Object, java.lang.Object, java.lang.Object, java.lang.Object, int, java

VM Operations (20 events):
Event: 257.188 Executing VM operation: HandshakeAllThreads done
Event: 258.186 Executing VM operation: Cleanup
Event: 258.186 Executing VM operation: Cleanup done
Event: 258.507 Executing VM operation: HandshakeAllThreads
Event: 258.507 Executing VM operation: HandshakeAllThreads done
Event: 259.501 Executing VM operation: Cleanup
Event: 259.502 Executing VM operation: Cleanup done
Event: 259.869 Executing VM operation: HandshakeAllThreads
Event: 259.872 Executing VM operation: HandshakeAllThreads done
Event: 259.936 Executing VM operation: HandshakeAllThreads
Event: 259.937 Executing VM operation: HandshakeAllThreads done
Event: 260.937 Executing VM operation: Cleanup
Event: 260.938 Executing VM operation: Cleanup done
Event: 261.939 Executing VM operation: Cleanup
Event: 261.939 Executing VM operation: Cleanup done
Event: 262.349 Executing VM operation: G1TryInitiateConcMark
Event: 262.455 Executing VM operation: G1TryInitiateConcMark done
Event: 263.456 Executing VM operation: Cleanup
Event: 263.457 Executing VM operation: Cleanup done
Event: 263.885 Executing VM operation: G1PauseRemark

Events (20 events):
Event: 259.912 Thread 0x000001e43be450e0 flushing nmethod 0x000001e426b5c810
Event: 259.912 Thread 0x000001e43be450e0 flushing nmethod 0x000001e426b79e90
Event: 259.912 Thread 0x000001e43be450e0 flushing nmethod 0x000001e426b7ab10
Event: 259.913 Thread 0x000001e43be450e0 flushing nmethod 0x000001e426ca3810
Event: 259.913 Thread 0x000001e43be450e0 flushing nmethod 0x000001e426ca4190
Event: 259.914 Thread 0x000001e43be450e0 flushing nmethod 0x000001e426cdbc10
Event: 259.914 Thread 0x000001e43be450e0 flushing nmethod 0x000001e426cdcb10
Event: 259.916 Thread 0x000001e43be450e0 flushing nmethod 0x000001e426f44c10
Event: 259.916 Thread 0x000001e43be450e0 flushing nmethod 0x000001e426f45690
Event: 259.931 Thread 0x000001e43be450e0 flushing nmethod 0x000001e427c5cf10
Event: 259.932 Thread 0x000001e43be450e0 flushing nmethod 0x000001e427d4c090
Event: 259.932 Thread 0x000001e43be450e0 flushing nmethod 0x000001e427d4eb90
Event: 259.932 Thread 0x000001e43be450e0 flushing nmethod 0x000001e427d51b10
Event: 259.932 Thread 0x000001e43be450e0 flushing nmethod 0x000001e427d58a90
Event: 259.932 Thread 0x000001e43be450e0 flushing nmethod 0x000001e427d73e90
Event: 259.932 Thread 0x000001e43be450e0 flushing nmethod 0x000001e427da0810
Event: 259.933 Thread 0x000001e43be450e0 flushing nmethod 0x000001e427e40710
Event: 259.935 Thread 0x000001e43be450e0 flushing nmethod 0x000001e42800fc10
Event: 259.935 Thread 0x000001e43be450e0 flushing nmethod 0x000001e42804bf10
Event: 259.935 Thread 0x000001e43be450e0 flushing nmethod 0x000001e42810ec10


Dynamic libraries:
0x00007ff70fbc0000 - 0x00007ff70fbd0000 	C:\Program Files\Java\jdk-19\bin\java.exe
0x00007ff898f50000 - 0x00007ff899167000 	C:\WINDOWS\SYSTEM32\ntdll.dll
0x00007ff897190000 - 0x00007ff897254000 	C:\WINDOWS\System32\KERNEL32.DLL
0x00007ff896360000 - 0x00007ff896706000 	C:\WINDOWS\System32\KERNELBASE.dll
0x00007ff896b00000 - 0x00007ff896c11000 	C:\WINDOWS\System32\ucrtbase.dll
0x00007ff891030000 - 0x00007ff891048000 	C:\Program Files\Java\jdk-19\bin\jli.dll
0x00007ff898800000 - 0x00007ff8988b3000 	C:\WINDOWS\System32\ADVAPI32.dll
0x00007ff898670000 - 0x00007ff898717000 	C:\WINDOWS\System32\msvcrt.dll
0x00007ff881f50000 - 0x00007ff881f6b000 	C:\Program Files\Java\jdk-19\bin\VCRUNTIME140.dll
0x00007ff897510000 - 0x00007ff8975b8000 	C:\WINDOWS\System32\sechost.dll
0x00007ff8968f0000 - 0x00007ff896918000 	C:\WINDOWS\System32\bcrypt.dll
0x00007ff898210000 - 0x00007ff898327000 	C:\WINDOWS\System32\RPCRT4.dll
0x00007ff897260000 - 0x00007ff89740e000 	C:\WINDOWS\System32\USER32.dll
0x00007ff896330000 - 0x00007ff896356000 	C:\WINDOWS\System32\win32u.dll
0x00007ff898430000 - 0x00007ff898459000 	C:\WINDOWS\System32\GDI32.dll
0x00007ff8969e0000 - 0x00007ff896af8000 	C:\WINDOWS\System32\gdi32full.dll
0x00007ff896290000 - 0x00007ff89632a000 	C:\WINDOWS\System32\msvcp_win.dll
0x00007ff88ff00000 - 0x00007ff88ff0a000 	C:\WINDOWS\SYSTEM32\VERSION.dll
0x00007ff881a50000 - 0x00007ff881ce3000 	C:\WINDOWS\WinSxS\amd64_microsoft.windows.common-controls_6595b64144ccf1df_6.0.22621.2506_none_270c5ae97388e100\COMCTL32.dll
0x00007ff898140000 - 0x00007ff898171000 	C:\WINDOWS\System32\IMM32.DLL
0x00007ff882140000 - 0x00007ff88214c000 	C:\Program Files\Java\jdk-19\bin\vcruntime140_1.dll
0x00007ff87ed40000 - 0x00007ff87edce000 	C:\Program Files\Java\jdk-19\bin\msvcp140.dll
0x00007ff8480f0000 - 0x00007ff848db0000 	C:\Program Files\Java\jdk-19\bin\server\jvm.dll
0x00007ff8802d0000 - 0x00007ff8802d9000 	C:\WINDOWS\SYSTEM32\WSOCK32.dll
0x00007ff898a10000 - 0x00007ff898a81000 	C:\WINDOWS\System32\WS2_32.dll
0x00007ff890470000 - 0x00007ff8904a4000 	C:\WINDOWS\SYSTEM32\WINMM.dll
0x00007ff8952d0000 - 0x00007ff8952e8000 	C:\WINDOWS\SYSTEM32\kernel.appcore.dll
0x00007ff881f40000 - 0x00007ff881f4a000 	C:\Program Files\Java\jdk-19\bin\jimage.dll
0x00007ff8808f0000 - 0x00007ff880b23000 	C:\WINDOWS\SYSTEM32\DBGHELP.DLL
0x00007ff896e00000 - 0x00007ff897189000 	C:\WINDOWS\System32\combase.dll
0x00007ff898720000 - 0x00007ff8987f7000 	C:\WINDOWS\System32\OLEAUT32.dll
0x00007ff880720000 - 0x00007ff880752000 	C:\WINDOWS\SYSTEM32\dbgcore.DLL
0x00007ff896c20000 - 0x00007ff896c9a000 	C:\WINDOWS\System32\bcryptPrimitives.dll
0x00007ff87feb0000 - 0x00007ff87febe000 	C:\Program Files\Java\jdk-19\bin\instrument.dll
0x00007ff87ed10000 - 0x00007ff87ed36000 	C:\Program Files\Java\jdk-19\bin\java.dll
0x00007ff85d610000 - 0x00007ff85d6e7000 	C:\Program Files\Java\jdk-19\bin\jsvml.dll
0x00007ff897600000 - 0x00007ff897e5b000 	C:\WINDOWS\System32\SHELL32.dll
0x00007ff8941f0000 - 0x00007ff894ae6000 	C:\WINDOWS\SYSTEM32\windows.storage.dll
0x00007ff8940b0000 - 0x00007ff8941ee000 	C:\WINDOWS\SYSTEM32\wintypes.dll
0x00007ff898330000 - 0x00007ff898423000 	C:\WINDOWS\System32\SHCORE.dll
0x00007ff898190000 - 0x00007ff8981ee000 	C:\WINDOWS\System32\shlwapi.dll
0x00007ff8961c0000 - 0x00007ff8961e6000 	C:\WINDOWS\SYSTEM32\profapi.dll
0x00007ff87ecf0000 - 0x00007ff87ed08000 	C:\Program Files\Java\jdk-19\bin\zip.dll
0x00007ff873730000 - 0x00007ff873743000 	C:\Program Files\Java\jdk-19\bin\net.dll
0x00007ff8906a0000 - 0x00007ff8907d7000 	C:\WINDOWS\SYSTEM32\WINHTTP.dll
0x00007ff895750000 - 0x00007ff8957b9000 	C:\WINDOWS\system32\mswsock.dll
0x00007ff86bdf0000 - 0x00007ff86be06000 	C:\Program Files\Java\jdk-19\bin\nio.dll
0x00007ff87c450000 - 0x00007ff87c460000 	C:\Program Files\Java\jdk-19\bin\verify.dll
0x00007ff8752a0000 - 0x00007ff8752c7000 	D:\native\c067742578af261105cb4f569cf0c3c89f3d7b1fecec35dd04571415982c5e48\windows-amd64\native-platform.dll
0x00007ff873560000 - 0x00007ff8736a4000 	D:\native\38dada09dfb8b06ba9b0570ebf7e218e3eb74d4ef43ca46872605cf95ebc2f47\windows-amd64\native-platform-file-events.dll
0x00007ff8790b0000 - 0x00007ff8790ba000 	C:\Program Files\Java\jdk-19\bin\management.dll
0x00007ff873df0000 - 0x00007ff873dfb000 	C:\Program Files\Java\jdk-19\bin\management_ext.dll
0x00007ff8981f0000 - 0x00007ff8981f8000 	C:\WINDOWS\System32\PSAPI.DLL
0x00007ff8959a0000 - 0x00007ff8959bb000 	C:\WINDOWS\SYSTEM32\CRYPTSP.dll
0x00007ff895230000 - 0x00007ff895265000 	C:\WINDOWS\system32\rsaenh.dll
0x00007ff895840000 - 0x00007ff89586c000 	C:\WINDOWS\SYSTEM32\USERENV.dll
0x00007ff8959c0000 - 0x00007ff8959cc000 	C:\WINDOWS\SYSTEM32\CRYPTBASE.dll
0x00007ff894de0000 - 0x00007ff894e0d000 	C:\WINDOWS\SYSTEM32\IPHLPAPI.DLL
0x00007ff898180000 - 0x00007ff898189000 	C:\WINDOWS\System32\NSI.dll
0x00007ff890450000 - 0x00007ff890469000 	C:\WINDOWS\SYSTEM32\dhcpcsvc6.DLL
0x00007ff890430000 - 0x00007ff89044f000 	C:\WINDOWS\SYSTEM32\dhcpcsvc.DLL
0x00007ff894e10000 - 0x00007ff894f09000 	C:\WINDOWS\SYSTEM32\DNSAPI.dll
0x00007ff8712b0000 - 0x00007ff8712b8000 	C:\Program Files\Java\jdk-19\bin\extnet.dll
0x00007ff86cbf0000 - 0x00007ff86cbfe000 	C:\Program Files\Java\jdk-19\bin\sunmscapi.dll
0x00007ff896710000 - 0x00007ff896876000 	C:\WINDOWS\System32\CRYPT32.dll
0x00007ff895b60000 - 0x00007ff895b8e000 	C:\WINDOWS\SYSTEM32\ncrypt.dll
0x00007ff895b20000 - 0x00007ff895b57000 	C:\WINDOWS\SYSTEM32\NTASN1.dll
0x00007ff87e940000 - 0x00007ff87e948000 	C:\WINDOWS\system32\wshunix.dll

dbghelp: loaded successfully - version: 4.0.5 - missing functions: none
symbol engine: initialized successfully - sym options: 0x614 - pdb path: .;C:\Program Files\Java\jdk-19\bin;C:\WINDOWS\SYSTEM32;C:\WINDOWS\WinSxS\amd64_microsoft.windows.common-controls_6595b64144ccf1df_6.0.22621.2506_none_270c5ae97388e100;C:\Program Files\Java\jdk-19\bin\server;D:\native\c067742578af261105cb4f569cf0c3c89f3d7b1fecec35dd04571415982c5e48\windows-amd64;D:\native\38dada09dfb8b06ba9b0570ebf7e218e3eb74d4ef43ca46872605cf95ebc2f47\windows-amd64

VM Arguments:
jvm_args: --add-opens=java.base/java.util=ALL-UNNAMED --add-opens=java.base/java.lang=ALL-UNNAMED --add-opens=java.base/java.lang.invoke=ALL-UNNAMED --add-opens=java.prefs/java.util.prefs=ALL-UNNAMED --add-opens=java.base/java.nio.charset=ALL-UNNAMED --add-opens=java.base/java.net=ALL-UNNAMED --add-opens=java.base/java.util.concurrent.atomic=ALL-UNNAMED -Xmx2048m -Dfile.encoding=UTF-8 -Duser.country=IT -Duser.language=it -Duser.variant -javaagent:D:\wrapper\dists\gradle-8.4-bin\1w5dpkrfk8irigvoxmyhowfim\gradle-8.4\lib\agents\gradle-instrumentation-agent-8.4.jar 
java_command: org.gradle.launcher.daemon.bootstrap.GradleDaemon 8.4
java_class_path (initial): D:\wrapper\dists\gradle-8.4-bin\1w5dpkrfk8irigvoxmyhowfim\gradle-8.4\lib\gradle-launcher-8.4.jar
Launcher Type: SUN_STANDARD

[Global flags]
     intx CICompilerCount                          = 2                                         {product} {ergonomic}
     uint ConcGCThreads                            = 1                                         {product} {ergonomic}
     uint G1ConcRefinementThreads                  = 2                                         {product} {ergonomic}
   size_t G1HeapRegionSize                         = 1048576                                   {product} {ergonomic}
    uintx GCDrainStackTargetSize                   = 64                                        {product} {ergonomic}
   size_t InitialHeapSize                          = 58720256                                  {product} {ergonomic}
   size_t MarkStackSize                            = 4194304                                   {product} {ergonomic}
   size_t MaxHeapSize                              = 2147483648                                {product} {command line}
   size_t MaxNewSize                               = 1287651328                                {product} {ergonomic}
   size_t MinHeapDeltaBytes                        = 1048576                                   {product} {ergonomic}
   size_t MinHeapSize                              = 8388608                                   {product} {ergonomic}
    uintx NonNMethodCodeHeapSize                   = 5826188                                {pd product} {ergonomic}
    uintx NonProfiledCodeHeapSize                  = 122916026                              {pd product} {ergonomic}
    uintx ProfiledCodeHeapSize                     = 122916026                              {pd product} {ergonomic}
    uintx ReservedCodeCacheSize                    = 251658240                              {pd product} {ergonomic}
     bool SegmentedCodeCache                       = true                                      {product} {ergonomic}
   size_t SoftMaxHeapSize                          = 2147483648                             {manageable} {ergonomic}
     bool UseCompressedClassPointers               = true                           {product lp64_product} {ergonomic}
     bool UseCompressedOops                        = true                           {product lp64_product} {ergonomic}
     bool UseG1GC                                  = true                                      {product} {ergonomic}
     bool UseLargePagesIndividualAllocation        = false                                  {pd product} {ergonomic}

Logging:
Log output configuration:
 #0: stdout all=warning uptime,level,tags foldmultilines=false
 #1: stderr all=off uptime,level,tags foldmultilines=false

Environment Variables:
JAVA_HOME=C:\Program Files\Java\jdk-19
PATH=C:\Program Files\Java\jdk-19\bin;C:\Program Files\Common Files\Oracle\Java\javapath;C:\Program Files (x86)\Common Files\Oracle\Java\javapath;C:\ProgramData\Oracle\Java\javapath;C:\WINDOWS\system32;C:\WINDOWS;C:\WINDOWS\System32\Wbem;C:\WINDOWS\System32\WindowsPowerShell\v1.0\;C:\WINDOWS\System32\OpenSSH\;C:\Program Files\Microsoft SQL Server\130\Tools\Binn\;C:\msys64\mingw64\bin;C:\Users\pc\OneDrive\Desktop\apache-maven-3.9.5\bin;C:\Program Files\TortoiseSVN\bin;C:\Users\pc\OneDrive\Desktop\FLCLI;C:\Users\pc\.fortify\tools\sc-client\23.1.0\bin;C:\Users\pc\.fortify\tools\sc-client\23.1.0\bin;C:\Users\pc\AppData\Local\Programs\Python\Python312;C:\Program Files\Git\cmd;C:\Users\pc\AppData\Local\Programs\Python\Python312\Scripts\;C:\Users\pc\AppData\Local\Programs\Python\Python312\;C:\Users\pc\AppData\Local\Microsoft\WindowsApps
USERNAME=pc
OS=Windows_NT
PROCESSOR_IDENTIFIER=AMD64 Family 23 Model 32 Stepping 1, AuthenticAMD
TMP=C:\Users\pc\AppData\Local\Temp
TEMP=C:\Users\pc\AppData\Local\Temp



---------------  S Y S T E M  ---------------

OS:
 Windows 11 , 64 bit Build 22621 (10.0.22621.3085)
OS uptime: 0 days 6:32 hours

CPU: total 2 (initial active 2) (2 cores per cpu, 1 threads per core) family 23 model 32 stepping 1 microcode 0x0, cx8, cmov, fxsr, mmx, 3dnowpref, sse, sse2, sse3, ssse3, sse4a, sse4.1, sse4.2, popcnt, lzcnt, tsc, tscinvbit, avx, avx2, aes, clmul, bmi1, bmi2, adx, sha, fma, vzeroupper, clflush, clflushopt, rdtscp

Memory: 4k page, system-wide physical 3463M (248M free)
TotalPageFile size 10808M (AvailPageFile size 22M)
current process WorkingSet (physical memory assigned to process): 470M, peak: 563M
current process commit charge ("private bytes"): 733M, peak: 796M

vm_info: Java HotSpot(TM) 64-Bit Server VM (19.0.2+7-44) for windows-amd64 JRE (19.0.2+7-44), built on 2022-11-30T18:02:09Z by "mach5one" with MS VC++ 17.1 (VS2022)

END.
