#
# There is insufficient memory for the Java Runtime Environment to continue.
# Native memory allocation (mmap) failed to map 220200960 bytes for G1 virtual space
# Possible reasons:
#   The system is out of physical RAM or swap space
#   The process is running with CompressedOops enabled, and the Java Heap may be blocking the growth of the native heap
# Possible solutions:
#   Reduce memory load on the system
#   Increase physical memory or swap space
#   Check if swap backing store is full
#   Decrease Java heap size (-Xmx/-Xms)
#   Decrease number of Java threads
#   Decrease Java thread stack sizes (-Xss)
#   Set larger code cache with -XX:ReservedCodeCacheSize=
#   JVM is running with Unscaled Compressed Oops mode in which the Java heap is
#     placed in the first 4GB address space. The Java Heap base address is the
#     maximum limit for the native heap growth. Please use -XX:HeapBaseMinAddress
#     to set the Java Heap base and to place the Java Heap above 4GB virtual address.
# This output file may be truncated or incomplete.
#
#  Out of Memory Error (os_windows.cpp:3536), pid=10012, tid=7656
#
# JRE version: Java(TM) SE Runtime Environment (19.0.2+7) (build 19.0.2+7-44)
# Java VM: Java HotSpot(TM) 64-Bit Server VM (19.0.2+7-44, mixed mode, sharing, tiered, compressed oops, compressed class ptrs, g1 gc, windows-amd64)
# No core dump will be written. Minidumps are not enabled by default on client versions of Windows
#

---------------  S U M M A R Y ------------

Command Line: --add-opens=java.base/java.util=ALL-UNNAMED --add-opens=java.base/java.lang=ALL-UNNAMED --add-opens=java.base/java.lang.invoke=ALL-UNNAMED --add-opens=java.prefs/java.util.prefs=ALL-UNNAMED --add-opens=java.base/java.nio.charset=ALL-UNNAMED --add-opens=java.base/java.net=ALL-UNNAMED --add-opens=java.base/java.util.concurrent.atomic=ALL-UNNAMED -Xmx2048m -Dfile.encoding=UTF-8 -Duser.country=IT -Duser.language=it -Duser.variant -javaagent:D:\wrapper\dists\gradle-8.4-bin\1w5dpkrfk8irigvoxmyhowfim\gradle-8.4\lib\agents\gradle-instrumentation-agent-8.4.jar org.gradle.launcher.daemon.bootstrap.GradleDaemon 8.4

Host: AMD 3020e with Radeon Graphics                 , 2 cores, 3G,  Windows 11 , 64 bit Build 22621 (10.0.22621.3085)
Time: Sat Feb  3 01:43:01 2024 ora solare Europa occidentale elapsed time: 61.369828 seconds (0d 0h 1m 1s)

---------------  T H R E A D  ---------------

Current thread (0x00000261b3318e50):  VMThread "VM Thread" [stack: 0x000000e8a1700000,0x000000e8a1800000] [id=7656]

Stack: [0x000000e8a1700000,0x000000e8a1800000]
Native frames: (J=compiled Java code, j=interpreted, Vv=VM code, C=native code)
V  [jvm.dll+0x6ee21a]
V  [jvm.dll+0x85765e]
V  [jvm.dll+0x85904e]
V  [jvm.dll+0x859703]
V  [jvm.dll+0x28298f]
V  [jvm.dll+0x6eb009]
V  [jvm.dll+0x6dfbaa]
V  [jvm.dll+0x3573f6]
V  [jvm.dll+0x35ee56]
V  [jvm.dll+0x3b541e]
V  [jvm.dll+0x3b564f]
V  [jvm.dll+0x32c9ea]
V  [jvm.dll+0x32ca97]
V  [jvm.dll+0x374cd2]
V  [jvm.dll+0x37340f]
V  [jvm.dll+0x32c210]
V  [jvm.dll+0x3729ab]
V  [jvm.dll+0x85ebc3]
V  [jvm.dll+0x85f989]
V  [jvm.dll+0x85febd]
V  [jvm.dll+0x86034b]
V  [jvm.dll+0x860407]
V  [jvm.dll+0x80125a]
V  [jvm.dll+0x6ecf0b]
C  [ucrtbase.dll+0x29363]
C  [KERNEL32.DLL+0x1257d]
C  [ntdll.dll+0x5aa58]

VM_Operation (0x000000e8a2beb840): G1CollectForAllocation, mode: safepoint, requested by thread 0x00000261b8fc7570


---------------  P R O C E S S  ---------------

Threads class SMR info:
_java_thread_list=0x00000261bbebf500, length=39, elements={
0x000002619585a4e0, 0x00000261b3333340, 0x00000261b3333f70, 0x00000261b3334b60,
0x00000261b33368a0, 0x00000261b33371d0, 0x00000261b3337b00, 0x00000261b3338760,
0x00000261b3394740, 0x00000261b339fcd0, 0x00000261b3307570, 0x00000261b77038a0,
0x00000261b8a69390, 0x00000261b8b4cbe0, 0x00000261b90cd440, 0x00000261b88bd010,
0x00000261b88bdcf0, 0x00000261b8fa38c0, 0x00000261b8fc7570, 0x00000261b8fc5ae0,
0x00000261b8fc6030, 0x00000261b8fc6ad0, 0x00000261b8fc6580, 0x00000261b8fc7020,
0x00000261b8fc7ac0, 0x00000261b8fc8010, 0x00000261b8fc8560, 0x00000261b8fc5590,
0x00000261b8399920, 0x00000261b8397e90, 0x00000261b8392990, 0x00000261b8394ec0,
0x00000261b8395eb0, 0x00000261b8392ee0, 0x00000261b8396ea0, 0x00000261b8398e80,
0x00000261b8391ef0, 0x00000261b8394420, 0x00000261b8393ed0
}

Java Threads: ( => current thread )
  0x000002619585a4e0 JavaThread "main" [_thread_blocked, id=228, stack(0x000000e8a1100000,0x000000e8a1200000)]
  0x00000261b3333340 JavaThread "Reference Handler" daemon [_thread_blocked, id=4624, stack(0x000000e8a1800000,0x000000e8a1900000)]
  0x00000261b3333f70 JavaThread "Finalizer" daemon [_thread_blocked, id=3484, stack(0x000000e8a1900000,0x000000e8a1a00000)]
  0x00000261b3334b60 JavaThread "Signal Dispatcher" daemon [_thread_blocked, id=2408, stack(0x000000e8a1a00000,0x000000e8a1b00000)]
  0x00000261b33368a0 JavaThread "Attach Listener" daemon [_thread_blocked, id=2068, stack(0x000000e8a1b00000,0x000000e8a1c00000)]
  0x00000261b33371d0 JavaThread "Service Thread" daemon [_thread_blocked, id=2848, stack(0x000000e8a1c00000,0x000000e8a1d00000)]
  0x00000261b3337b00 JavaThread "Monitor Deflation Thread" daemon [_thread_blocked, id=11044, stack(0x000000e8a1d00000,0x000000e8a1e00000)]
  0x00000261b3338760 JavaThread "C2 CompilerThread0" daemon [_thread_blocked, id=7436, stack(0x000000e8a1e00000,0x000000e8a1f00000)]
  0x00000261b3394740 JavaThread "C1 CompilerThread0" daemon [_thread_blocked, id=6008, stack(0x000000e8a1f00000,0x000000e8a2000000)]
  0x00000261b339fcd0 JavaThread "Sweeper thread" daemon [_thread_blocked, id=8716, stack(0x000000e8a2000000,0x000000e8a2100000)]
  0x00000261b3307570 JavaThread "Common-Cleaner" daemon [_thread_blocked, id=9964, stack(0x000000e8a2100000,0x000000e8a2200000)]
  0x00000261b77038a0 JavaThread "Notification Thread" daemon [_thread_blocked, id=7024, stack(0x000000e8a2200000,0x000000e8a2300000)]
  0x00000261b8a69390 JavaThread "Daemon health stats" [_thread_blocked, id=7176, stack(0x000000e8a2500000,0x000000e8a2600000)]
  0x00000261b8b4cbe0 JavaThread "Incoming local TCP Connector on port 51691" [_thread_in_native, id=1684, stack(0x000000e8a2600000,0x000000e8a2700000)]
  0x00000261b90cd440 JavaThread "Daemon periodic checks" [_thread_blocked, id=1896, stack(0x000000e8a2700000,0x000000e8a2800000)]
  0x00000261b88bd010 JavaThread "Daemon" [_thread_blocked, id=4760, stack(0x000000e8a2800000,0x000000e8a2900000)]
  0x00000261b88bdcf0 JavaThread "Handler for socket connection from /127.0.0.1:51691 to /127.0.0.1:51692" [_thread_in_native, id=8012, stack(0x000000e8a2900000,0x000000e8a2a00000)]
  0x00000261b8fa38c0 JavaThread "Cancel handler" [_thread_blocked, id=4952, stack(0x000000e8a2a00000,0x000000e8a2b00000)]
  0x00000261b8fc7570 JavaThread "Daemon worker" [_thread_blocked, id=10256, stack(0x000000e8a2b00000,0x000000e8a2c00000)]
  0x00000261b8fc5ae0 JavaThread "Asynchronous log dispatcher for DefaultDaemonConnection: socket connection from /127.0.0.1:51691 to /127.0.0.1:51692" [_thread_blocked, id=10296, stack(0x000000e8a2c00000,0x000000e8a2d00000)]
  0x00000261b8fc6030 JavaThread "Stdin handler" [_thread_blocked, id=9980, stack(0x000000e8a2d00000,0x000000e8a2e00000)]
  0x00000261b8fc6ad0 JavaThread "Daemon client event forwarder" [_thread_blocked, id=10804, stack(0x000000e8a2e00000,0x000000e8a2f00000)]
  0x00000261b8fc6580 JavaThread "Cache worker for journal cache (D:\caches\journal-1)" [_thread_blocked, id=5676, stack(0x000000e8a2f00000,0x000000e8a3000000)]
  0x00000261b8fc7020 JavaThread "File lock request listener" [_thread_in_native, id=7072, stack(0x000000e8a3000000,0x000000e8a3100000)]
  0x00000261b8fc7ac0 JavaThread "Cache worker for file hash cache (D:\caches\8.4\fileHashes)" [_thread_blocked, id=2076, stack(0x000000e8a3100000,0x000000e8a3200000)]
  0x00000261b8fc8010 JavaThread "File watcher server" daemon [_thread_in_native, id=2500, stack(0x000000e8a3200000,0x000000e8a3300000)]
  0x00000261b8fc8560 JavaThread "File watcher consumer" daemon [_thread_blocked, id=8788, stack(0x000000e8a3300000,0x000000e8a3400000)]
  0x00000261b8fc5590 JavaThread "jar transforms" [_thread_blocked, id=7052, stack(0x000000e8a3400000,0x000000e8a3500000)]
  0x00000261b8399920 JavaThread "jar transforms Thread 2" [_thread_blocked, id=6472, stack(0x000000e8a3500000,0x000000e8a3600000)]
  0x00000261b8397e90 JavaThread "Cache worker for checksums cache (D:\AndroidStudioProjects\ScanApp\.gradle\8.4\checksums)" [_thread_blocked, id=4848, stack(0x000000e8a3600000,0x000000e8a3700000)]
  0x00000261b8392990 JavaThread "Cache worker for file hash cache (D:\AndroidStudioProjects\ScanApp\.gradle\8.4\fileHashes)" [_thread_blocked, id=6128, stack(0x000000e8a3700000,0x000000e8a3800000)]
  0x00000261b8394ec0 JavaThread "Cache worker for cache directory md-supplier (D:\caches\8.4\md-supplier)" [_thread_blocked, id=1516, stack(0x000000e8a3800000,0x000000e8a3900000)]
  0x00000261b8395eb0 JavaThread "Cache worker for file content cache (D:\caches\8.4\fileContent)" [_thread_blocked, id=5812, stack(0x000000e8a3900000,0x000000e8a3a00000)]
  0x00000261b8392ee0 JavaThread "Cache worker for cache directory md-rule (D:\caches\8.4\md-rule)" [_thread_blocked, id=6992, stack(0x000000e8a3a00000,0x000000e8a3b00000)]
  0x00000261b8396ea0 JavaThread "Cache worker for execution history cache (D:\caches\8.4\executionHistory)" [_thread_blocked, id=6500, stack(0x000000e8a3b00000,0x000000e8a3c00000)]
  0x00000261b8398e80 JavaThread "Cache worker for kotlin-dsl (D:\caches\8.4\kotlin-dsl)" [_thread_blocked, id=3488, stack(0x000000e8a3c00000,0x000000e8a3d00000)]
  0x00000261b8391ef0 JavaThread "Cache worker for dependencies-accessors (D:\AndroidStudioProjects\ScanApp\.gradle\8.4\dependencies-accessors)" [_thread_blocked, id=10688, stack(0x000000e8a3d00000,0x000000e8a3e00000)]
  0x00000261b8394420 JavaThread "Cache worker for Build Output Cleanup Cache (D:\AndroidStudioProjects\ScanApp\.gradle\buildOutputCleanup)" [_thread_blocked, id=3556, stack(0x000000e8a3e00000,0x000000e8a3f00000)]
  0x00000261b8393ed0 JavaThread "Unconstrained build operations" [_thread_blocked, id=2464, stack(0x000000e8a4100000,0x000000e8a4200000)]

Other Threads:
=>0x00000261b3318e50 VMThread "VM Thread" [stack: 0x000000e8a1700000,0x000000e8a1800000] [id=7656]
  0x000002619585af70 WatcherThread "VM Periodic Task Thread" [stack: 0x000000e8a2300000,0x000000e8a2400000] [id=7848]
  0x000002619373e870 WorkerThread "GC Thread#0" [stack: 0x000000e8a1200000,0x000000e8a1300000] [id=10784]
  0x00000261b77d0cf0 WorkerThread "GC Thread#1" [stack: 0x000000e8a2400000,0x000000e8a2500000] [id=8048]
  0x00000261958c6670 ConcurrentGCThread "G1 Main Marker" [stack: 0x000000e8a1300000,0x000000e8a1400000] [id=4752]
  0x00000261958c7140 WorkerThread "G1 Conc#0" [stack: 0x000000e8a1400000,0x000000e8a1500000] [id=3608]
  0x00000261958fdcc0 ConcurrentGCThread "G1 Refine#0" [stack: 0x000000e8a1500000,0x000000e8a1600000] [id=4792]
  0x00000261958fe8a0 ConcurrentGCThread "G1 Service" [stack: 0x000000e8a1600000,0x000000e8a1700000] [id=4552]

Threads with active compile tasks:

VM state: at safepoint (normal execution)

VM Mutex/Monitor currently owned by a thread:  ([mutex/lock_event])
[0x0000026195855dd0] Threads_lock - owner thread: 0x00000261b3318e50
[0x00000261958554d0] Heap_lock - owner thread: 0x00000261b8fc7570

Heap address: 0x0000000080000000, size: 2048 MB, Compressed Oops mode: 32-bit

CDS archive(s) mapped at: [0x0000000800000000-0x0000000800c40000-0x0000000800c40000), size 12845056, SharedBaseAddress: 0x0000000800000000, ArchiveRelocationMode: 0.
Compressed class space mapped at: 0x0000000801000000-0x0000000841000000, reserved size: 1073741824
Narrow klass base: 0x0000000800000000, Narrow klass shift: 0, Narrow klass range: 0x100000000

GC Precious Log:
 CardTable entry size: 512
 Card Set container configuration: InlinePtr #cards 5 size 8 Array Of Cards #cards 12 size 40 Howl #buckets 4 coarsen threshold 1843 Howl Bitmap #cards 512 size 80 coarsen threshold 460 Card regions per heap region 1 cards per card region 2048
 CPUs: 2 total, 2 available
 Memory: 3463M
 Large Page Support: Disabled
 NUMA Support: Disabled
 Compressed Oops: Enabled (32-bit)
 Heap Region Size: 1M
 Heap Min Capacity: 8M
 Heap Initial Capacity: 56M
 Heap Max Capacity: 2G
 Pre-touch: Disabled
 Parallel Workers: 2
 Concurrent Workers: 1
 Concurrent Refinement Workers: 2
 Periodic GC: Disabled

Heap:
 garbage-first heap   total 192512K, used 121168K [0x0000000080000000, 0x0000000100000000)
  region size 1024K, 4 young (4096K), 4 survivors (4096K)
 Metaspace       used 91256K, committed 93504K, reserved 1179648K
  class space    used 12194K, committed 13376K, reserved 1048576K

Heap Regions: E=young(eden), S=young(survivor), O=old, HS=humongous(starts), HC=humongous(continues), CS=collection set, F=free, OA=open archive, CA=closed archive, TAMS=top-at-mark-start (previous, next)
|   0|0x0000000080000000, 0x0000000080100000, 0x0000000080100000|100%| O|  |TAMS 0x0000000080100000, 0x0000000080000000| Untracked 
|   1|0x0000000080100000, 0x0000000080200000, 0x0000000080200000|100%| O|  |TAMS 0x0000000080200000, 0x0000000080100000| Untracked 
|   2|0x0000000080200000, 0x0000000080300000, 0x0000000080300000|100%|HS|  |TAMS 0x0000000080300000, 0x0000000080200000| Complete 
|   3|0x0000000080300000, 0x0000000080400000, 0x0000000080400000|100%|HC|  |TAMS 0x0000000080400000, 0x0000000080300000| Complete 
|   4|0x0000000080400000, 0x0000000080500000, 0x0000000080500000|100%|HC|  |TAMS 0x0000000080500000, 0x0000000080400000| Complete 
|   5|0x0000000080500000, 0x0000000080600000, 0x0000000080600000|100%|HC|  |TAMS 0x0000000080600000, 0x0000000080500000| Complete 
|   6|0x0000000080600000, 0x0000000080700000, 0x0000000080700000|100%| O|  |TAMS 0x0000000080700000, 0x0000000080600000| Untracked 
|   7|0x0000000080700000, 0x0000000080800000, 0x0000000080800000|100%| O|  |TAMS 0x0000000080800000, 0x0000000080700000| Untracked 
|   8|0x0000000080800000, 0x0000000080900000, 0x0000000080900000|100%| O|  |TAMS 0x0000000080900000, 0x0000000080800000| Untracked 
|   9|0x0000000080900000, 0x0000000080a00000, 0x0000000080a00000|100%| O|  |TAMS 0x0000000080a00000, 0x0000000080900000| Untracked 
|  10|0x0000000080a00000, 0x0000000080b00000, 0x0000000080b00000|100%| O|  |TAMS 0x0000000080b00000, 0x0000000080a00000| Untracked 
|  11|0x0000000080b00000, 0x0000000080c00000, 0x0000000080c00000|100%| O|  |TAMS 0x0000000080c00000, 0x0000000080b00000| Untracked 
|  12|0x0000000080c00000, 0x0000000080d00000, 0x0000000080d00000|100%| O|  |TAMS 0x0000000080d00000, 0x0000000080c00000| Untracked 
|  13|0x0000000080d00000, 0x0000000080e00000, 0x0000000080e00000|100%| O|  |TAMS 0x0000000080e00000, 0x0000000080d00000| Untracked 
|  14|0x0000000080e00000, 0x0000000080f00000, 0x0000000080f00000|100%| O|  |TAMS 0x0000000080f00000, 0x0000000080e00000| Untracked 
|  15|0x0000000080f00000, 0x0000000081000000, 0x0000000081000000|100%| O|  |TAMS 0x0000000081000000, 0x0000000080f00000| Untracked 
|  16|0x0000000081000000, 0x0000000081100000, 0x0000000081100000|100%| O|  |TAMS 0x0000000081100000, 0x0000000081000000| Untracked 
|  17|0x0000000081100000, 0x0000000081200000, 0x0000000081200000|100%| O|  |TAMS 0x0000000081200000, 0x0000000081100000| Untracked 
|  18|0x0000000081200000, 0x0000000081300000, 0x0000000081300000|100%| O|  |TAMS 0x0000000081300000, 0x0000000081200000| Untracked 
|  19|0x0000000081300000, 0x0000000081400000, 0x0000000081400000|100%| O|  |TAMS 0x0000000081400000, 0x0000000081300000| Untracked 
|  20|0x0000000081400000, 0x0000000081500000, 0x0000000081500000|100%| O|  |TAMS 0x0000000081500000, 0x0000000081400000| Untracked 
|  21|0x0000000081500000, 0x0000000081600000, 0x0000000081600000|100%| O|  |TAMS 0x0000000081600000, 0x0000000081500000| Untracked 
|  22|0x0000000081600000, 0x0000000081700000, 0x0000000081700000|100%|HS|  |TAMS 0x0000000081700000, 0x0000000081600000| Complete 
|  23|0x0000000081700000, 0x0000000081800000, 0x0000000081800000|100%|HC|  |TAMS 0x0000000081800000, 0x0000000081700000| Complete 
|  24|0x0000000081800000, 0x0000000081900000, 0x0000000081900000|100%|HS|  |TAMS 0x0000000081900000, 0x0000000081800000| Complete 
|  25|0x0000000081900000, 0x0000000081a00000, 0x0000000081a00000|100%|HC|  |TAMS 0x0000000081a00000, 0x0000000081900000| Complete 
|  26|0x0000000081a00000, 0x0000000081b00000, 0x0000000081b00000|100%|HC|  |TAMS 0x0000000081b00000, 0x0000000081a00000| Complete 
|  27|0x0000000081b00000, 0x0000000081c00000, 0x0000000081c00000|100%|HS|  |TAMS 0x0000000081c00000, 0x0000000081b00000| Complete 
|  28|0x0000000081c00000, 0x0000000081d00000, 0x0000000081d00000|100%|HC|  |TAMS 0x0000000081d00000, 0x0000000081c00000| Complete 
|  29|0x0000000081d00000, 0x0000000081e00000, 0x0000000081e00000|100%|HS|  |TAMS 0x0000000081e00000, 0x0000000081d00000| Complete 
|  30|0x0000000081e00000, 0x0000000081f00000, 0x0000000081f00000|100%|HC|  |TAMS 0x0000000081f00000, 0x0000000081e00000| Complete 
|  31|0x0000000081f00000, 0x0000000082000000, 0x0000000082000000|100%| O|  |TAMS 0x0000000082000000, 0x0000000081f00000| Untracked 
|  32|0x0000000082000000, 0x0000000082100000, 0x0000000082100000|100%| O|  |TAMS 0x0000000082100000, 0x0000000082000000| Untracked 
|  33|0x0000000082100000, 0x0000000082200000, 0x0000000082200000|100%| O|  |TAMS 0x0000000082200000, 0x0000000082100000| Untracked 
|  34|0x0000000082200000, 0x0000000082300000, 0x0000000082300000|100%|HS|  |TAMS 0x0000000082200000, 0x0000000082200000| Complete 
|  35|0x0000000082300000, 0x0000000082400000, 0x0000000082400000|100%| O|  |TAMS 0x0000000082400000, 0x0000000082300000| Untracked 
|  36|0x0000000082400000, 0x0000000082500000, 0x0000000082500000|100%| O|  |TAMS 0x0000000082500000, 0x0000000082400000| Untracked 
|  37|0x0000000082500000, 0x0000000082600000, 0x0000000082600000|100%| O|  |TAMS 0x0000000082600000, 0x0000000082500000| Untracked 
|  38|0x0000000082600000, 0x0000000082700000, 0x0000000082700000|100%| O|  |TAMS 0x0000000082700000, 0x0000000082600000| Untracked 
|  39|0x0000000082700000, 0x0000000082800000, 0x0000000082800000|100%| O|  |TAMS 0x0000000082800000, 0x0000000082700000| Untracked 
|  40|0x0000000082800000, 0x0000000082900000, 0x0000000082900000|100%| O|  |TAMS 0x0000000082900000, 0x0000000082800000| Untracked 
|  41|0x0000000082900000, 0x0000000082a00000, 0x0000000082a00000|100%| O|  |TAMS 0x0000000082a00000, 0x0000000082900000| Untracked 
|  42|0x0000000082a00000, 0x0000000082b00000, 0x0000000082b00000|100%| O|  |TAMS 0x0000000082b00000, 0x0000000082a00000| Untracked 
|  43|0x0000000082b00000, 0x0000000082c00000, 0x0000000082c00000|100%|HS|  |TAMS 0x0000000082c00000, 0x0000000082b00000| Complete 
|  44|0x0000000082c00000, 0x0000000082d00000, 0x0000000082d00000|100%|HC|  |TAMS 0x0000000082d00000, 0x0000000082c00000| Complete 
|  45|0x0000000082d00000, 0x0000000082e00000, 0x0000000082e00000|100%|HC|  |TAMS 0x0000000082e00000, 0x0000000082d00000| Complete 
|  46|0x0000000082e00000, 0x0000000082f00000, 0x0000000082f00000|100%| O|  |TAMS 0x0000000082f00000, 0x0000000082e00000| Untracked 
|  47|0x0000000082f00000, 0x0000000083000000, 0x0000000083000000|100%| O|  |TAMS 0x0000000083000000, 0x0000000082f00000| Untracked 
|  48|0x0000000083000000, 0x0000000083100000, 0x0000000083100000|100%| O|  |TAMS 0x0000000083100000, 0x0000000083000000| Untracked 
|  49|0x0000000083100000, 0x0000000083200000, 0x0000000083200000|100%| O|  |TAMS 0x0000000083200000, 0x0000000083100000| Untracked 
|  50|0x0000000083200000, 0x0000000083300000, 0x0000000083300000|100%| O|  |TAMS 0x0000000083300000, 0x0000000083200000| Untracked 
|  51|0x0000000083300000, 0x0000000083400000, 0x0000000083400000|100%| O|  |TAMS 0x0000000083400000, 0x0000000083300000| Untracked 
|  52|0x0000000083400000, 0x0000000083500000, 0x0000000083500000|100%| O|  |TAMS 0x00000000834b3a00, 0x0000000083400000| Untracked 
|  53|0x0000000083500000, 0x0000000083600000, 0x0000000083600000|100%| O|  |TAMS 0x0000000083500000, 0x0000000083500000| Untracked 
|  54|0x0000000083600000, 0x0000000083700000, 0x0000000083700000|100%| O|  |TAMS 0x0000000083600000, 0x0000000083600000| Untracked 
|  55|0x0000000083700000, 0x0000000083800000, 0x0000000083800000|100%| O|  |TAMS 0x0000000083700000, 0x0000000083700000| Untracked 
|  56|0x0000000083800000, 0x0000000083900000, 0x0000000083900000|100%|HS|  |TAMS 0x0000000083900000, 0x0000000083800000| Complete 
|  57|0x0000000083900000, 0x0000000083a00000, 0x0000000083a00000|100%|HC|  |TAMS 0x0000000083a00000, 0x0000000083900000| Complete 
|  58|0x0000000083a00000, 0x0000000083b00000, 0x0000000083b00000|100%|HC|  |TAMS 0x0000000083b00000, 0x0000000083a00000| Complete 
|  59|0x0000000083b00000, 0x0000000083c00000, 0x0000000083c00000|100%|HC|  |TAMS 0x0000000083c00000, 0x0000000083b00000| Complete 
|  60|0x0000000083c00000, 0x0000000083d00000, 0x0000000083d00000|100%|HC|  |TAMS 0x0000000083d00000, 0x0000000083c00000| Complete 
|  61|0x0000000083d00000, 0x0000000083e00000, 0x0000000083e00000|100%|HC|  |TAMS 0x0000000083e00000, 0x0000000083d00000| Complete 
|  62|0x0000000083e00000, 0x0000000083f00000, 0x0000000083f00000|100%|HC|  |TAMS 0x0000000083f00000, 0x0000000083e00000| Complete 
|  63|0x0000000083f00000, 0x0000000084000000, 0x0000000084000000|100%|HC|  |TAMS 0x0000000084000000, 0x0000000083f00000| Complete 
|  64|0x0000000084000000, 0x0000000084100000, 0x0000000084100000|100%|HC|  |TAMS 0x0000000084100000, 0x0000000084000000| Complete 
|  65|0x0000000084100000, 0x0000000084200000, 0x0000000084200000|100%|HC|  |TAMS 0x0000000084200000, 0x0000000084100000| Complete 
|  66|0x0000000084200000, 0x0000000084300000, 0x0000000084300000|100%|HC|  |TAMS 0x0000000084300000, 0x0000000084200000| Complete 
|  67|0x0000000084300000, 0x0000000084400000, 0x0000000084400000|100%|HC|  |TAMS 0x0000000084400000, 0x0000000084300000| Complete 
|  68|0x0000000084400000, 0x0000000084500000, 0x0000000084500000|100%| O|  |TAMS 0x0000000084400000, 0x0000000084400000| Untracked 
|  69|0x0000000084500000, 0x0000000084600000, 0x0000000084600000|100%| O|  |TAMS 0x0000000084500000, 0x0000000084500000| Untracked 
|  70|0x0000000084600000, 0x0000000084700000, 0x0000000084700000|100%| O|  |TAMS 0x0000000084600000, 0x0000000084600000| Untracked 
|  71|0x0000000084700000, 0x0000000084800000, 0x0000000084800000|100%|HS|  |TAMS 0x0000000084700000, 0x0000000084700000| Complete 
|  72|0x0000000084800000, 0x0000000084900000, 0x0000000084900000|100%|HC|  |TAMS 0x0000000084800000, 0x0000000084800000| Complete 
|  73|0x0000000084900000, 0x0000000084a00000, 0x0000000084a00000|100%|HC|  |TAMS 0x0000000084900000, 0x0000000084900000| Complete 
|  74|0x0000000084a00000, 0x0000000084b00000, 0x0000000084b00000|100%|HC|  |TAMS 0x0000000084a00000, 0x0000000084a00000| Complete 
|  75|0x0000000084b00000, 0x0000000084c00000, 0x0000000084c00000|100%|HC|  |TAMS 0x0000000084b00000, 0x0000000084b00000| Complete 
|  76|0x0000000084c00000, 0x0000000084d00000, 0x0000000084d00000|100%|HC|  |TAMS 0x0000000084c00000, 0x0000000084c00000| Complete 
|  77|0x0000000084d00000, 0x0000000084e00000, 0x0000000084e00000|100%|HS|  |TAMS 0x0000000084d00000, 0x0000000084d00000| Complete 
|  78|0x0000000084e00000, 0x0000000084f00000, 0x0000000084f00000|100%| O|  |TAMS 0x0000000084e00000, 0x0000000084e00000| Untracked 
|  79|0x0000000084f00000, 0x0000000085000000, 0x0000000085000000|100%| O|  |TAMS 0x0000000084f00000, 0x0000000084f00000| Untracked 
|  80|0x0000000085000000, 0x0000000085100000, 0x0000000085100000|100%| O|  |TAMS 0x0000000085000000, 0x0000000085000000| Untracked 
|  81|0x0000000085100000, 0x0000000085200000, 0x0000000085200000|100%| O|  |TAMS 0x0000000085100000, 0x0000000085100000| Untracked 
|  82|0x0000000085200000, 0x0000000085300000, 0x0000000085300000|100%| O|  |TAMS 0x0000000085200000, 0x0000000085200000| Untracked 
|  83|0x0000000085300000, 0x0000000085400000, 0x0000000085400000|100%|HS|  |TAMS 0x0000000085300000, 0x0000000085300000| Complete 
|  84|0x0000000085400000, 0x0000000085500000, 0x0000000085500000|100%|HS|  |TAMS 0x0000000085400000, 0x0000000085400000| Complete 
|  85|0x0000000085500000, 0x0000000085600000, 0x0000000085600000|100%| O|  |TAMS 0x0000000085500000, 0x0000000085500000| Untracked 
|  86|0x0000000085600000, 0x0000000085700000, 0x0000000085700000|100%| O|  |TAMS 0x0000000085600000, 0x0000000085600000| Untracked 
|  87|0x0000000085700000, 0x0000000085800000, 0x0000000085800000|100%| O|  |TAMS 0x0000000085700000, 0x0000000085700000| Untracked 
|  88|0x0000000085800000, 0x0000000085900000, 0x0000000085900000|100%| O|  |TAMS 0x0000000085800000, 0x0000000085800000| Untracked 
|  89|0x0000000085900000, 0x0000000085a00000, 0x0000000085a00000|100%| O|  |TAMS 0x0000000085900000, 0x0000000085900000| Untracked 
|  90|0x0000000085a00000, 0x0000000085b00000, 0x0000000085b00000|100%| O|  |TAMS 0x0000000085a00000, 0x0000000085a00000| Untracked 
|  91|0x0000000085b00000, 0x0000000085c00000, 0x0000000085c00000|100%| O|  |TAMS 0x0000000085b00000, 0x0000000085b00000| Untracked 
|  92|0x0000000085c00000, 0x0000000085d00000, 0x0000000085d00000|100%| O|  |TAMS 0x0000000085c00000, 0x0000000085c00000| Untracked 
|  93|0x0000000085d00000, 0x0000000085e00000, 0x0000000085e00000|100%| O|  |TAMS 0x0000000085d00000, 0x0000000085d00000| Untracked 
|  94|0x0000000085e00000, 0x0000000085f00000, 0x0000000085f00000|100%| O|  |TAMS 0x0000000085e00000, 0x0000000085e00000| Untracked 
|  95|0x0000000085f00000, 0x0000000086000000, 0x0000000086000000|100%| O|  |TAMS 0x0000000085f00000, 0x0000000085f00000| Untracked 
|  96|0x0000000086000000, 0x0000000086100000, 0x0000000086100000|100%| O|  |TAMS 0x0000000086000000, 0x0000000086000000| Untracked 
|  97|0x0000000086100000, 0x0000000086200000, 0x0000000086200000|100%| O|  |TAMS 0x0000000086100000, 0x0000000086100000| Untracked 
|  98|0x0000000086200000, 0x0000000086300000, 0x0000000086300000|100%| O|  |TAMS 0x0000000086200000, 0x0000000086200000| Untracked 
|  99|0x0000000086300000, 0x0000000086400000, 0x0000000086400000|100%| O|  |TAMS 0x0000000086300000, 0x0000000086300000| Untracked 
| 100|0x0000000086400000, 0x0000000086500000, 0x0000000086500000|100%| O|  |TAMS 0x0000000086400000, 0x0000000086400000| Untracked 
| 101|0x0000000086500000, 0x0000000086600000, 0x0000000086600000|100%| O|  |TAMS 0x0000000086500000, 0x0000000086500000| Untracked 
| 102|0x0000000086600000, 0x0000000086700000, 0x0000000086700000|100%| O|  |TAMS 0x0000000086600000, 0x0000000086600000| Untracked 
| 103|0x0000000086700000, 0x0000000086800000, 0x0000000086800000|100%| O|  |TAMS 0x0000000086700000, 0x0000000086700000| Untracked 
| 104|0x0000000086800000, 0x0000000086900000, 0x0000000086900000|100%| O|  |TAMS 0x0000000086800000, 0x0000000086800000| Untracked 
| 105|0x0000000086900000, 0x0000000086a00000, 0x0000000086a00000|100%| O|  |TAMS 0x0000000086900000, 0x0000000086900000| Untracked 
| 106|0x0000000086a00000, 0x0000000086b00000, 0x0000000086b00000|100%| O|  |TAMS 0x0000000086a00000, 0x0000000086a00000| Untracked 
| 107|0x0000000086b00000, 0x0000000086c00000, 0x0000000086c00000|100%| O|  |TAMS 0x0000000086b00000, 0x0000000086b00000| Untracked 
| 108|0x0000000086c00000, 0x0000000086d00000, 0x0000000086d00000|100%| O|  |TAMS 0x0000000086c00000, 0x0000000086c00000| Untracked 
| 109|0x0000000086d00000, 0x0000000086e00000, 0x0000000086e00000|100%| O|  |TAMS 0x0000000086d00000, 0x0000000086d00000| Untracked 
| 110|0x0000000086e00000, 0x0000000086f00000, 0x0000000086f00000|100%| O|  |TAMS 0x0000000086e00000, 0x0000000086e00000| Untracked 
| 111|0x0000000086f00000, 0x0000000086ff1200, 0x0000000087000000| 94%| O|  |TAMS 0x0000000086f00000, 0x0000000086f00000| Untracked 
| 112|0x0000000087000000, 0x0000000087000000, 0x0000000087100000|  0%| F|  |TAMS 0x0000000087000000, 0x0000000087000000| Untracked 
| 113|0x0000000087100000, 0x0000000087100000, 0x0000000087200000|  0%| F|  |TAMS 0x0000000087100000, 0x0000000087100000| Untracked 
| 114|0x0000000087200000, 0x0000000087200000, 0x0000000087300000|  0%| F|  |TAMS 0x0000000087200000, 0x0000000087200000| Untracked 
| 115|0x0000000087300000, 0x0000000087300000, 0x0000000087400000|  0%| F|  |TAMS 0x0000000087300000, 0x0000000087300000| Untracked 
| 116|0x0000000087400000, 0x0000000087400000, 0x0000000087500000|  0%| F|  |TAMS 0x0000000087400000, 0x0000000087400000| Untracked 
| 117|0x0000000087500000, 0x0000000087500000, 0x0000000087600000|  0%| F|  |TAMS 0x0000000087500000, 0x0000000087500000| Untracked 
| 118|0x0000000087600000, 0x0000000087600000, 0x0000000087700000|  0%| F|  |TAMS 0x0000000087600000, 0x0000000087600000| Untracked 
| 119|0x0000000087700000, 0x0000000087700000, 0x0000000087800000|  0%| F|  |TAMS 0x0000000087700000, 0x0000000087700000| Untracked 
| 120|0x0000000087800000, 0x0000000087800000, 0x0000000087900000|  0%| F|  |TAMS 0x0000000087800000, 0x0000000087800000| Untracked 
| 121|0x0000000087900000, 0x0000000087900000, 0x0000000087a00000|  0%| F|  |TAMS 0x0000000087900000, 0x0000000087900000| Untracked 
| 122|0x0000000087a00000, 0x0000000087a00000, 0x0000000087b00000|  0%| F|  |TAMS 0x0000000087a00000, 0x0000000087a00000| Untracked 
| 123|0x0000000087b00000, 0x0000000087b00000, 0x0000000087c00000|  0%| F|  |TAMS 0x0000000087b00000, 0x0000000087b00000| Untracked 
| 124|0x0000000087c00000, 0x0000000087c00000, 0x0000000087d00000|  0%| F|  |TAMS 0x0000000087c00000, 0x0000000087c00000| Untracked 
| 125|0x0000000087d00000, 0x0000000087d00000, 0x0000000087e00000|  0%| F|  |TAMS 0x0000000087d00000, 0x0000000087d00000| Untracked 
| 126|0x0000000087e00000, 0x0000000087e00000, 0x0000000087f00000|  0%| F|  |TAMS 0x0000000087e00000, 0x0000000087e00000| Untracked 
| 127|0x0000000087f00000, 0x0000000087f00000, 0x0000000088000000|  0%| F|  |TAMS 0x0000000087f00000, 0x0000000087f00000| Untracked 
| 128|0x0000000088000000, 0x0000000088000000, 0x0000000088100000|  0%| F|  |TAMS 0x0000000088000000, 0x0000000088000000| Untracked 
| 129|0x0000000088100000, 0x0000000088100000, 0x0000000088200000|  0%| F|  |TAMS 0x0000000088100000, 0x0000000088100000| Untracked 
| 130|0x0000000088200000, 0x0000000088200000, 0x0000000088300000|  0%| F|  |TAMS 0x0000000088200000, 0x0000000088200000| Untracked 
| 131|0x0000000088300000, 0x0000000088300000, 0x0000000088400000|  0%| F|  |TAMS 0x0000000088300000, 0x0000000088300000| Untracked 
| 132|0x0000000088400000, 0x0000000088400000, 0x0000000088500000|  0%| F|  |TAMS 0x0000000088400000, 0x0000000088400000| Untracked 
| 133|0x0000000088500000, 0x0000000088500000, 0x0000000088600000|  0%| F|  |TAMS 0x0000000088500000, 0x0000000088500000| Untracked 
| 134|0x0000000088600000, 0x0000000088600000, 0x0000000088700000|  0%| F|  |TAMS 0x0000000088600000, 0x0000000088600000| Untracked 
| 135|0x0000000088700000, 0x0000000088700000, 0x0000000088800000|  0%| F|  |TAMS 0x0000000088700000, 0x0000000088700000| Untracked 
| 136|0x0000000088800000, 0x0000000088800000, 0x0000000088900000|  0%| F|  |TAMS 0x0000000088800000, 0x0000000088800000| Untracked 
| 137|0x0000000088900000, 0x0000000088900000, 0x0000000088a00000|  0%| F|  |TAMS 0x0000000088900000, 0x0000000088900000| Untracked 
| 138|0x0000000088a00000, 0x0000000088a00000, 0x0000000088b00000|  0%| F|  |TAMS 0x0000000088a00000, 0x0000000088a00000| Untracked 
| 139|0x0000000088b00000, 0x0000000088b62eb0, 0x0000000088c00000| 38%| S|CS|TAMS 0x0000000088b00000, 0x0000000088b00000| Complete 
| 140|0x0000000088c00000, 0x0000000088d00000, 0x0000000088d00000|100%| S|CS|TAMS 0x0000000088c00000, 0x0000000088c00000| Complete 
| 141|0x0000000088d00000, 0x0000000088e00000, 0x0000000088e00000|100%| S|CS|TAMS 0x0000000088d00000, 0x0000000088d00000| Complete 
| 142|0x0000000088e00000, 0x0000000088f00000, 0x0000000088f00000|100%| S|CS|TAMS 0x0000000088e00000, 0x0000000088e00000| Complete 
| 143|0x0000000088f00000, 0x0000000088f00000, 0x0000000089000000|  0%| F|  |TAMS 0x0000000088f00000, 0x0000000088f00000| Untracked 
| 144|0x0000000089000000, 0x0000000089000000, 0x0000000089100000|  0%| F|  |TAMS 0x0000000089000000, 0x0000000089000000| Untracked 
| 145|0x0000000089100000, 0x0000000089100000, 0x0000000089200000|  0%| F|  |TAMS 0x0000000089100000, 0x0000000089100000| Untracked 
| 146|0x0000000089200000, 0x0000000089200000, 0x0000000089300000|  0%| F|  |TAMS 0x0000000089200000, 0x0000000089200000| Untracked 
| 147|0x0000000089300000, 0x0000000089300000, 0x0000000089400000|  0%| F|  |TAMS 0x0000000089300000, 0x0000000089300000| Untracked 
| 148|0x0000000089400000, 0x0000000089400000, 0x0000000089500000|  0%| F|  |TAMS 0x0000000089400000, 0x0000000089400000| Untracked 
| 149|0x0000000089500000, 0x0000000089500000, 0x0000000089600000|  0%| F|  |TAMS 0x0000000089500000, 0x0000000089500000| Untracked 
| 150|0x0000000089600000, 0x0000000089600000, 0x0000000089700000|  0%| F|  |TAMS 0x0000000089600000, 0x0000000089600000| Untracked 
| 151|0x0000000089700000, 0x0000000089700000, 0x0000000089800000|  0%| F|  |TAMS 0x0000000089700000, 0x0000000089700000| Untracked 
| 152|0x0000000089800000, 0x0000000089800000, 0x0000000089900000|  0%| F|  |TAMS 0x0000000089800000, 0x0000000089800000| Untracked 
| 153|0x0000000089900000, 0x0000000089900000, 0x0000000089a00000|  0%| F|  |TAMS 0x0000000089900000, 0x0000000089900000| Untracked 
| 154|0x0000000089a00000, 0x0000000089a00000, 0x0000000089b00000|  0%| F|  |TAMS 0x0000000089a00000, 0x0000000089a00000| Untracked 
| 155|0x0000000089b00000, 0x0000000089b00000, 0x0000000089c00000|  0%| F|  |TAMS 0x0000000089b00000, 0x0000000089b00000| Untracked 
| 156|0x0000000089c00000, 0x0000000089c00000, 0x0000000089d00000|  0%| F|  |TAMS 0x0000000089c00000, 0x0000000089c00000| Untracked 
| 157|0x0000000089d00000, 0x0000000089d00000, 0x0000000089e00000|  0%| F|  |TAMS 0x0000000089d00000, 0x0000000089d00000| Untracked 
| 158|0x0000000089e00000, 0x0000000089e00000, 0x0000000089f00000|  0%| F|  |TAMS 0x0000000089e00000, 0x0000000089e00000| Untracked 
| 159|0x0000000089f00000, 0x0000000089f00000, 0x000000008a000000|  0%| F|  |TAMS 0x0000000089f00000, 0x0000000089f00000| Untracked 
| 160|0x000000008a000000, 0x000000008a000000, 0x000000008a100000|  0%| F|  |TAMS 0x000000008a000000, 0x000000008a000000| Untracked 
| 161|0x000000008a100000, 0x000000008a100000, 0x000000008a200000|  0%| F|  |TAMS 0x000000008a100000, 0x000000008a100000| Untracked 
| 162|0x000000008a200000, 0x000000008a200000, 0x000000008a300000|  0%| F|  |TAMS 0x000000008a200000, 0x000000008a200000| Untracked 
| 163|0x000000008a300000, 0x000000008a300000, 0x000000008a400000|  0%| F|  |TAMS 0x000000008a300000, 0x000000008a300000| Untracked 
| 164|0x000000008a400000, 0x000000008a400000, 0x000000008a500000|  0%| F|  |TAMS 0x000000008a400000, 0x000000008a400000| Untracked 
| 165|0x000000008a500000, 0x000000008a500000, 0x000000008a600000|  0%| F|  |TAMS 0x000000008a500000, 0x000000008a500000| Untracked 
| 166|0x000000008a600000, 0x000000008a600000, 0x000000008a700000|  0%| F|  |TAMS 0x000000008a600000, 0x000000008a600000| Untracked 
| 167|0x000000008a700000, 0x000000008a700000, 0x000000008a800000|  0%| F|  |TAMS 0x000000008a700000, 0x000000008a700000| Untracked 
| 168|0x000000008a800000, 0x000000008a800000, 0x000000008a900000|  0%| F|  |TAMS 0x000000008a800000, 0x000000008a800000| Untracked 
| 169|0x000000008a900000, 0x000000008a900000, 0x000000008aa00000|  0%| F|  |TAMS 0x000000008a900000, 0x000000008a900000| Untracked 
| 170|0x000000008aa00000, 0x000000008aa00000, 0x000000008ab00000|  0%| F|  |TAMS 0x000000008aa00000, 0x000000008aa00000| Untracked 
| 171|0x000000008ab00000, 0x000000008ab00000, 0x000000008ac00000|  0%| F|  |TAMS 0x000000008ab00000, 0x000000008ab00000| Untracked 
| 172|0x000000008ac00000, 0x000000008ac00000, 0x000000008ad00000|  0%| F|  |TAMS 0x000000008ac00000, 0x000000008ac00000| Untracked 
| 173|0x000000008ad00000, 0x000000008ad00000, 0x000000008ae00000|  0%| F|  |TAMS 0x000000008ad00000, 0x000000008ad00000| Untracked 
| 174|0x000000008ae00000, 0x000000008ae00000, 0x000000008af00000|  0%| F|  |TAMS 0x000000008ae00000, 0x000000008ae00000| Untracked 
| 175|0x000000008af00000, 0x000000008af00000, 0x000000008b000000|  0%| F|  |TAMS 0x000000008af00000, 0x000000008af00000| Untracked 
| 176|0x000000008b000000, 0x000000008b000000, 0x000000008b100000|  0%| F|  |TAMS 0x000000008b000000, 0x000000008b000000| Untracked 
| 177|0x000000008b100000, 0x000000008b100000, 0x000000008b200000|  0%| F|  |TAMS 0x000000008b100000, 0x000000008b100000| Untracked 
| 178|0x000000008b200000, 0x000000008b200000, 0x000000008b300000|  0%| F|  |TAMS 0x000000008b200000, 0x000000008b200000| Untracked 
| 179|0x000000008b300000, 0x000000008b300000, 0x000000008b400000|  0%| F|  |TAMS 0x000000008b300000, 0x000000008b300000| Untracked 
| 180|0x000000008b400000, 0x000000008b400000, 0x000000008b500000|  0%| F|  |TAMS 0x000000008b400000, 0x000000008b400000| Untracked 
| 181|0x000000008b500000, 0x000000008b500000, 0x000000008b600000|  0%| F|  |TAMS 0x000000008b500000, 0x000000008b500000| Untracked 
| 182|0x000000008b600000, 0x000000008b600000, 0x000000008b700000|  0%| F|  |TAMS 0x000000008b600000, 0x000000008b600000| Untracked 
| 183|0x000000008b700000, 0x000000008b700000, 0x000000008b800000|  0%| F|  |TAMS 0x000000008b700000, 0x000000008b700000| Untracked 
| 184|0x000000008b800000, 0x000000008b800000, 0x000000008b900000|  0%| F|  |TAMS 0x000000008b800000, 0x000000008b800000| Untracked 
|2045|0x00000000ffd00000, 0x00000000ffe00000, 0x00000000ffe00000|100%| O|  |TAMS 0x00000000ffe00000, 0x00000000ffd00000| Untracked 
|2046|0x00000000ffe00000, 0x00000000fff00000, 0x00000000fff00000|100%| O|  |TAMS 0x00000000fff00000, 0x00000000ffe00000| Untracked 
|2047|0x00000000fff00000, 0x0000000100000000, 0x0000000100000000|100%| O|  |TAMS 0x0000000100000000, 0x00000000fff00000| Untracked 

Card table byte_map: [0x00000261ac7b0000,0x00000261acbb0000] _byte_map_base: 0x00000261ac3b0000

Marking Bits (Prev, Next): (CMBitMap*) 0x00000261958b5fc0, (CMBitMap*) 0x00000261958b5f80
 Prev Bits: [0x00000261aefb0000, 0x00000261b0fb0000)
 Next Bits: [0x00000261acfb0000, 0x00000261aefb0000)

Polling page: 0x0000026193780000

Metaspace:

Usage:
  Non-class:     77.21 MB used.
      Class:     11.91 MB used.
       Both:     89.12 MB used.

Virtual space:
  Non-class space:      128.00 MB reserved,      78.25 MB ( 61%) committed,  2 nodes.
      Class space:        1.00 GB reserved,      13.06 MB (  1%) committed,  1 nodes.
             Both:        1.12 GB reserved,      91.31 MB (  8%) committed. 

Chunk freelists:
   Non-Class:  1.41 MB
       Class:  2.97 MB
        Both:  4.38 MB

MaxMetaspaceSize: unlimited
CompressedClassSpaceSize: 1.00 GB
Initial GC threshold: 21.00 MB
Current GC threshold: 101.50 MB
CDS: on
MetaspaceReclaimPolicy: balanced
 - commit_granule_bytes: 65536.
 - commit_granule_words: 8192.
 - virtual_space_node_default_size: 8388608.
 - enlarge_chunks_in_place: 1.
 - new_chunks_are_fully_committed: 0.
 - uncommit_free_chunks: 1.
 - use_allocation_guard: 0.


Internal statistics:

num_allocs_failed_limit: 9.
num_arena_births: 3948.
num_arena_deaths: 0.
num_vsnodes_births: 3.
num_vsnodes_deaths: 0.
num_space_committed: 1459.
num_space_uncommitted: 0.
num_chunks_returned_to_freelist: 9.
num_chunks_taken_from_freelist: 8048.
num_chunk_merges: 9.
num_chunk_splits: 5484.
num_chunks_enlarged: 3566.
num_inconsistent_stats: 0.

CodeHeap 'non-profiled nmethods': size=120064Kb used=3911Kb max_used=3911Kb free=116152Kb
 bounds [0x00000261a5270000, 0x00000261a5650000, 0x00000261ac7b0000]
CodeHeap 'profiled nmethods': size=120000Kb used=15425Kb max_used=15425Kb free=104574Kb
 bounds [0x000002619d7b0000, 0x000002619e6d0000, 0x00000261a4ce0000]
CodeHeap 'non-nmethods': size=5696Kb used=2511Kb max_used=2525Kb free=3184Kb
 bounds [0x00000261a4ce0000, 0x00000261a4f60000, 0x00000261a5270000]
 total_blobs=8668 nmethods=7699 adapters=879
 compilation: enabled
              stopped_count=0, restarted_count=0
 full_count=0

Compilation events (20 events):
Event: 60.564 Thread 0x00000261b3394740 8541       3       org.jetbrains.kotlin.com.intellij.openapi.vfs.VirtualFile::findFileByRelativePath (145 bytes)
Event: 60.565 Thread 0x00000261b3394740 nmethod 8541 0x000002619e6bc290 code [0x000002619e6bc5a0, 0x000002619e6bd4b8]
Event: 60.565 Thread 0x00000261b3394740 8539       3       org.jetbrains.kotlin.com.intellij.util.text.CharArrayUtil::shiftForward (31 bytes)
Event: 60.565 Thread 0x00000261b3394740 nmethod 8539 0x000002619e6bdb10 code [0x000002619e6bdce0, 0x000002619e6bdfb8]
Event: 60.639 Thread 0x00000261b3338760 8542       4       java.lang.String::substring (58 bytes)
Event: 60.646 Thread 0x00000261b3338760 nmethod 8542 0x00000261a563fd10 code [0x00000261a563fec0, 0x00000261a56403e8]
Event: 60.649 Thread 0x00000261b3338760 8543       4       jdk.internal.loader.URLClassPath$JarLoader$2::getBytes (48 bytes)
Event: 60.656 Thread 0x00000261b3338760 nmethod 8543 0x00000261a5640690 code [0x00000261a5640820, 0x00000261a5640968]
Event: 60.698 Thread 0x00000261b3338760 8544       4       java.security.SecureClassLoader::getProtectionDomain (38 bytes)
Event: 60.700 Thread 0x00000261b3338760 nmethod 8544 0x00000261a5640b90 code [0x00000261a5640d40, 0x00000261a5640f48]
Event: 60.755 Thread 0x00000261b3394740 8545       3       sun.invoke.util.VerifyType::isNullConversion (157 bytes)
Event: 60.756 Thread 0x00000261b3394740 nmethod 8545 0x000002619e6be110 code [0x000002619e6be440, 0x000002619e6bfa28]
Event: 60.770 Thread 0x00000261b3394740 8546       3       org.jetbrains.kotlin.com.intellij.diagnostic.LoadingState::checkOccurred (38 bytes)
Event: 60.770 Thread 0x00000261b3394740 nmethod 8546 0x000002619e6bff10 code [0x000002619e6c0100, 0x000002619e6c04e8]
Event: 60.917 Thread 0x00000261b3338760 8547       4       java.lang.StringConcatHelper::prepend (37 bytes)
Event: 60.920 Thread 0x00000261b3338760 nmethod 8547 0x00000261a5641110 code [0x00000261a56412a0, 0x00000261a5641508]
Event: 61.012 Thread 0x00000261b3338760 8548       4       java.lang.ClassLoader::compareCerts (197 bytes)
Event: 61.013 Thread 0x00000261b3338760 nmethod 8548 0x00000261a5641690 code [0x00000261a5641820, 0x00000261a56418f8]
Event: 61.067 Thread 0x00000261b3338760 8549       4       org.jetbrains.kotlin.com.intellij.util.containers.IntArrayList::checkRange (52 bytes)
Event: 61.067 Thread 0x00000261b3338760 nmethod 8549 0x00000261a5641a10 code [0x00000261a5641ba0, 0x00000261a5641c58]

GC Heap History (20 events):
Event: 20.318 GC heap after
{Heap after GC invocations=26 (full 0):
 garbage-first heap   total 192512K, used 59725K [0x0000000080000000, 0x0000000100000000)
  region size 1024K, 3 young (3072K), 3 survivors (3072K)
 Metaspace       used 38971K, committed 40320K, reserved 1114112K
  class space    used 5298K, committed 6016K, reserved 1048576K
}
Event: 26.502 GC heap before
{Heap before GC invocations=26 (full 0):
 garbage-first heap   total 192512K, used 149837K [0x0000000080000000, 0x0000000100000000)
  region size 1024K, 87 young (89088K), 3 survivors (3072K)
 Metaspace       used 46992K, committed 48576K, reserved 1114112K
  class space    used 6422K, committed 7232K, reserved 1048576K
}
Event: 26.538 GC heap after
{Heap after GC invocations=27 (full 0):
 garbage-first heap   total 192512K, used 69613K [0x0000000080000000, 0x0000000100000000)
  region size 1024K, 9 young (9216K), 9 survivors (9216K)
 Metaspace       used 46992K, committed 48576K, reserved 1114112K
  class space    used 6422K, committed 7232K, reserved 1048576K
}
Event: 40.362 GC heap before
{Heap before GC invocations=27 (full 0):
 garbage-first heap   total 192512K, used 143341K [0x0000000080000000, 0x0000000100000000)
  region size 1024K, 82 young (83968K), 9 survivors (9216K)
 Metaspace       used 53750K, committed 55488K, reserved 1114112K
  class space    used 7410K, committed 8320K, reserved 1048576K
}
Event: 40.458 GC heap after
{Heap after GC invocations=28 (full 0):
 garbage-first heap   total 192512K, used 75982K [0x0000000080000000, 0x0000000100000000)
  region size 1024K, 7 young (7168K), 7 survivors (7168K)
 Metaspace       used 53750K, committed 55488K, reserved 1114112K
  class space    used 7410K, committed 8320K, reserved 1048576K
}
Event: 41.950 GC heap before
{Heap before GC invocations=28 (full 0):
 garbage-first heap   total 192512K, used 114894K [0x0000000080000000, 0x0000000100000000)
  region size 1024K, 46 young (47104K), 7 survivors (7168K)
 Metaspace       used 59952K, committed 61696K, reserved 1114112K
  class space    used 8636K, committed 9536K, reserved 1048576K
}
Event: 41.975 GC heap after
{Heap after GC invocations=29 (full 0):
 garbage-first heap   total 192512K, used 77312K [0x0000000080000000, 0x0000000100000000)
  region size 1024K, 2 young (2048K), 2 survivors (2048K)
 Metaspace       used 59952K, committed 61696K, reserved 1114112K
  class space    used 8636K, committed 9536K, reserved 1048576K
}
Event: 45.952 GC heap before
{Heap before GC invocations=30 (full 0):
 garbage-first heap   total 192512K, used 162304K [0x0000000080000000, 0x0000000100000000)
  region size 1024K, 78 young (79872K), 2 survivors (2048K)
 Metaspace       used 70924K, committed 72832K, reserved 1114112K
  class space    used 9956K, committed 10944K, reserved 1048576K
}
Event: 46.108 GC heap after
{Heap after GC invocations=31 (full 0):
 garbage-first heap   total 192512K, used 87736K [0x0000000080000000, 0x0000000100000000)
  region size 1024K, 5 young (5120K), 5 survivors (5120K)
 Metaspace       used 70924K, committed 72832K, reserved 1114112K
  class space    used 9956K, committed 10944K, reserved 1048576K
}
Event: 46.165 GC heap before
{Heap before GC invocations=31 (full 0):
 garbage-first heap   total 192512K, used 91832K [0x0000000080000000, 0x0000000100000000)
  region size 1024K, 9 young (9216K), 5 survivors (5120K)
 Metaspace       used 70924K, committed 72832K, reserved 1114112K
  class space    used 9956K, committed 10944K, reserved 1048576K
}
Event: 46.224 GC heap after
{Heap after GC invocations=32 (full 0):
 garbage-first heap   total 192512K, used 88317K [0x0000000080000000, 0x0000000100000000)
  region size 1024K, 2 young (2048K), 2 survivors (2048K)
 Metaspace       used 70924K, committed 72832K, reserved 1114112K
  class space    used 9956K, committed 10944K, reserved 1048576K
}
Event: 50.216 GC heap before
{Heap before GC invocations=32 (full 0):
 garbage-first heap   total 192512K, used 159997K [0x0000000080000000, 0x0000000100000000)
  region size 1024K, 70 young (71680K), 2 survivors (2048K)
 Metaspace       used 71869K, committed 73664K, reserved 1114112K
  class space    used 10054K, committed 11008K, reserved 1048576K
}
Event: 50.282 GC heap after
{Heap after GC invocations=33 (full 0):
 garbage-first heap   total 192512K, used 99328K [0x0000000080000000, 0x0000000100000000)
  region size 1024K, 9 young (9216K), 9 survivors (9216K)
 Metaspace       used 71869K, committed 73664K, reserved 1114112K
  class space    used 10054K, committed 11008K, reserved 1048576K
}
Event: 52.311 GC heap before
{Heap before GC invocations=33 (full 0):
 garbage-first heap   total 192512K, used 146432K [0x0000000080000000, 0x0000000100000000)
  region size 1024K, 45 young (46080K), 9 survivors (9216K)
 Metaspace       used 76008K, committed 77888K, reserved 1179648K
  class space    used 10486K, committed 11456K, reserved 1048576K
}
Event: 52.339 GC heap after
{Heap after GC invocations=34 (full 0):
 garbage-first heap   total 192512K, used 113664K [0x0000000080000000, 0x0000000100000000)
  region size 1024K, 4 young (4096K), 4 survivors (4096K)
 Metaspace       used 76008K, committed 77888K, reserved 1179648K
  class space    used 10486K, committed 11456K, reserved 1048576K
}
Event: 54.584 GC heap before
{Heap before GC invocations=34 (full 0):
 garbage-first heap   total 192512K, used 156672K [0x0000000080000000, 0x0000000100000000)
  region size 1024K, 46 young (47104K), 4 survivors (4096K)
 Metaspace       used 81032K, committed 82944K, reserved 1179648K
  class space    used 10921K, committed 11904K, reserved 1048576K
}
Event: 54.599 GC heap after
{Heap after GC invocations=35 (full 0):
 garbage-first heap   total 192512K, used 118178K [0x0000000080000000, 0x0000000100000000)
  region size 1024K, 4 young (4096K), 4 survivors (4096K)
 Metaspace       used 81032K, committed 82944K, reserved 1179648K
  class space    used 10921K, committed 11904K, reserved 1048576K
}
Event: 57.227 GC heap before
{Heap before GC invocations=35 (full 0):
 garbage-first heap   total 192512K, used 158114K [0x0000000080000000, 0x0000000100000000)
  region size 1024K, 43 young (44032K), 4 survivors (4096K)
 Metaspace       used 85755K, committed 88000K, reserved 1179648K
  class space    used 11538K, committed 12736K, reserved 1048576K
}
Event: 57.291 GC heap after
{Heap after GC invocations=36 (full 0):
 garbage-first heap   total 192512K, used 119421K [0x0000000080000000, 0x0000000100000000)
  region size 1024K, 2 young (2048K), 2 survivors (2048K)
 Metaspace       used 85755K, committed 88000K, reserved 1179648K
  class space    used 11538K, committed 12736K, reserved 1048576K
}
Event: 61.093 GC heap before
{Heap before GC invocations=36 (full 0):
 garbage-first heap   total 192512K, used 160381K [0x0000000080000000, 0x0000000100000000)
  region size 1024K, 42 young (43008K), 2 survivors (2048K)
 Metaspace       used 91256K, committed 93504K, reserved 1179648K
  class space    used 12194K, committed 13376K, reserved 1048576K
}

Dll operation events (15 events):
Event: 0.018 Loaded shared library C:\Program Files\Java\jdk-19\bin\java.dll
Event: 0.085 Loaded shared library C:\Program Files\Java\jdk-19\bin\jsvml.dll
Event: 0.383 Loaded shared library C:\Program Files\Java\jdk-19\bin\zip.dll
Event: 0.398 Loaded shared library C:\Program Files\Java\jdk-19\bin\instrument.dll
Event: 0.435 Loaded shared library C:\Program Files\Java\jdk-19\bin\net.dll
Event: 0.476 Loaded shared library C:\Program Files\Java\jdk-19\bin\nio.dll
Event: 0.514 Loaded shared library C:\Program Files\Java\jdk-19\bin\zip.dll
Event: 0.835 Loaded shared library C:\Program Files\Java\jdk-19\bin\jimage.dll
Event: 0.949 Loaded shared library C:\Program Files\Java\jdk-19\bin\verify.dll
Event: 1.364 Loaded shared library D:\native\c067742578af261105cb4f569cf0c3c89f3d7b1fecec35dd04571415982c5e48\windows-amd64\native-platform.dll
Event: 1.447 Loaded shared library D:\native\38dada09dfb8b06ba9b0570ebf7e218e3eb74d4ef43ca46872605cf95ebc2f47\windows-amd64\native-platform-file-events.dll
Event: 3.573 Loaded shared library C:\Program Files\Java\jdk-19\bin\management.dll
Event: 3.585 Loaded shared library C:\Program Files\Java\jdk-19\bin\management_ext.dll
Event: 4.090 Loaded shared library C:\Program Files\Java\jdk-19\bin\extnet.dll
Event: 4.703 Loaded shared library C:\Program Files\Java\jdk-19\bin\sunmscapi.dll

Deoptimization events (20 events):
Event: 56.774 Thread 0x00000261b8fc7570 Uncommon trap: trap_request=0xffffffc6 fr.pc=0x00000261a55e9894 relative=0x0000000000000494
Event: 56.774 Thread 0x00000261b8fc7570 Uncommon trap: reason=bimorphic_or_optimized_type_check action=maybe_recompile pc=0x00000261a55e9894 method=org.jetbrains.kotlin.protobuf.CodedInputStream.tryRefillBuffer(I)Z @ 177 c2
Event: 56.774 Thread 0x00000261b8fc7570 DEOPT PACKING pc=0x00000261a55e9894 sp=0x000000e8a2bf3aa0
Event: 56.774 Thread 0x00000261b8fc7570 DEOPT UNPACKING pc=0x00000261a4d46da3 sp=0x000000e8a2bf3980 mode 2
Event: 56.778 Thread 0x00000261b8fc7570 Uncommon trap: trap_request=0xffffffc6 fr.pc=0x00000261a55e9894 relative=0x0000000000000494
Event: 56.778 Thread 0x00000261b8fc7570 Uncommon trap: reason=bimorphic_or_optimized_type_check action=maybe_recompile pc=0x00000261a55e9894 method=org.jetbrains.kotlin.protobuf.CodedInputStream.tryRefillBuffer(I)Z @ 177 c2
Event: 56.778 Thread 0x00000261b8fc7570 DEOPT PACKING pc=0x00000261a55e9894 sp=0x000000e8a2bf3aa0
Event: 56.778 Thread 0x00000261b8fc7570 DEOPT UNPACKING pc=0x00000261a4d46da3 sp=0x000000e8a2bf3980 mode 2
Event: 56.834 Thread 0x00000261b8fc7570 Uncommon trap: trap_request=0xffffff45 fr.pc=0x00000261a55de674 relative=0x00000000000006b4
Event: 56.834 Thread 0x00000261b8fc7570 Uncommon trap: reason=unstable_if action=reinterpret pc=0x00000261a55de674 method=org.jetbrains.org.objectweb.asm.ClassReader.readUtf(II[C)Ljava/lang/String; @ 41 c2
Event: 56.834 Thread 0x00000261b8fc7570 DEOPT PACKING pc=0x00000261a55de674 sp=0x000000e8a2bf2ef0
Event: 56.834 Thread 0x00000261b8fc7570 DEOPT UNPACKING pc=0x00000261a4d46da3 sp=0x000000e8a2bf2e08 mode 2
Event: 56.835 Thread 0x00000261b8fc7570 Uncommon trap: trap_request=0xffffffc6 fr.pc=0x00000261a55e8e50 relative=0x0000000000000270
Event: 56.835 Thread 0x00000261b8fc7570 Uncommon trap: reason=bimorphic_or_optimized_type_check action=maybe_recompile pc=0x00000261a55e8e50 method=org.jetbrains.kotlin.protobuf.CodedInputStream.tryRefillBuffer(I)Z @ 177 c2
Event: 56.835 Thread 0x00000261b8fc7570 DEOPT PACKING pc=0x00000261a55e8e50 sp=0x000000e8a2bf3160
Event: 56.835 Thread 0x00000261b8fc7570 DEOPT UNPACKING pc=0x00000261a4d46da3 sp=0x000000e8a2bf3098 mode 2
Event: 57.431 Thread 0x00000261b8fc7570 Uncommon trap: trap_request=0xffffff45 fr.pc=0x00000261a55d7e24 relative=0x0000000000000564
Event: 57.431 Thread 0x00000261b8fc7570 Uncommon trap: reason=unstable_if action=reinterpret pc=0x00000261a55d7e24 method=org.jetbrains.org.objectweb.asm.ClassReader.readUtf(II[C)Ljava/lang/String; @ 41 c2
Event: 57.431 Thread 0x00000261b8fc7570 DEOPT PACKING pc=0x00000261a55d7e24 sp=0x000000e8a2bf21c0
Event: 57.431 Thread 0x00000261b8fc7570 DEOPT UNPACKING pc=0x00000261a4d46da3 sp=0x000000e8a2bf2168 mode 2

Classes loaded (20 events):
Event: 45.747 Loading class java/util/zip/ZipFile$ZipEntryIterator
Event: 45.748 Loading class java/util/zip/ZipFile$ZipEntryIterator done
Event: 49.834 Loading class java/nio/channels/NonWritableChannelException
Event: 49.834 Loading class java/nio/channels/NonWritableChannelException done
Event: 56.934 Loading class java/text/StringCharacterIterator
Event: 56.976 Loading class java/text/CharacterIterator
Event: 56.993 Loading class java/text/CharacterIterator done
Event: 56.993 Loading class java/text/StringCharacterIterator done
Event: 57.158 Loading class java/io/NotSerializableException
Event: 57.160 Loading class java/io/NotSerializableException done
Event: 57.609 Loading class java/util/AbstractList$ListItr
Event: 57.622 Loading class java/util/AbstractList$ListItr done
Event: 58.459 Loading class java/util/AbstractList$RandomAccessSubList
Event: 59.664 Loading class java/util/AbstractList$SubList
Event: 60.058 Loading class java/util/AbstractList$SubList done
Event: 60.058 Loading class java/util/AbstractList$RandomAccessSubList done
Event: 60.873 Loading class java/util/function/IntUnaryOperator
Event: 60.894 Loading class java/util/function/IntUnaryOperator done
Event: 61.018 Loading class java/util/AbstractList$SubList$1
Event: 61.018 Loading class java/util/AbstractList$SubList$1 done

Classes unloaded (0 events):
No events

Classes redefined (0 events):
No events

Internal exceptions (20 events):
Event: 43.222 Thread 0x00000261b8fc7570 Exception <a 'java/lang/NoSuchMethodError'{0x0000000089c39a70}: 'int java.lang.invoke.DelegatingMethodHandle$Holder.reinvoke_L(java.lang.Object, java.lang.Object, java.lang.Object, long, int, int)'> (0x0000000089c39a70) 
thrown [s\open\src\hotspot\share\interpreter\linkResolver.cpp, line 774]
Event: 43.223 Thread 0x00000261b8fc7570 Exception <a 'java/lang/NoSuchMethodError'{0x0000000089c49a08}: 'int java.lang.invoke.DelegatingMethodHandle$Holder.reinvoke_L(java.lang.Object, java.lang.Object, java.lang.Object, long, long, long)'> (0x0000000089c49a08) 
thrown [s\open\src\hotspot\share\interpreter\linkResolver.cpp, line 774]
Event: 43.224 Thread 0x00000261b8fc7570 Exception <a 'java/lang/NoSuchMethodError'{0x0000000089c59678}: 'int java.lang.invoke.DelegatingMethodHandle$Holder.reinvoke_L(java.lang.Object, java.lang.Object, java.lang.Object, long, int)'> (0x0000000089c59678) 
thrown [s\open\src\hotspot\share\interpreter\linkResolver.cpp, line 774]
Event: 45.319 Thread 0x00000261b8fc7570 Exception <a 'java/lang/NoSuchMethodError'{0x00000000873094a8}: 'java.lang.Object java.lang.invoke.Invokers$Holder.invokeExact_MT(java.lang.Object, java.lang.Object, long, java.lang.Object)'> (0x00000000873094a8) 
thrown [s\open\src\hotspot\share\interpreter\linkResolver.cpp, line 774]
Event: 45.445 Thread 0x00000261b8fc7570 Exception <a 'java/lang/NoSuchMethodError'{0x000000008716da60}: 'long java.lang.invoke.DirectMethodHandle$Holder.invokeStatic(java.lang.Object, java.lang.Object, int)'> (0x000000008716da60) 
thrown [s\open\src\hotspot\share\interpreter\linkResolver.cpp, line 774]
Event: 45.445 Thread 0x00000261b8fc7570 Exception <a 'java/lang/NoSuchMethodError'{0x000000008717a9e8}: 'java.lang.Object java.lang.invoke.DelegatingMethodHandle$Holder.reinvoke_L(java.lang.Object, int, long, java.lang.Object, java.lang.Object, int, java.lang.Object)'> (0x000000008717a9e8) 
thrown [s\open\src\hotspot\share\interpreter\linkResolver.cpp, line 774]
Event: 45.748 Thread 0x00000261b8fc7570 Implicit null exception at 0x00000261a544091c to 0x00000261a54413cc
Event: 47.613 Thread 0x00000261b8fc7570 Implicit null exception at 0x00000261a55a17d5 to 0x00000261a55a30ec
Event: 47.613 Thread 0x00000261b8fc7570 Implicit null exception at 0x00000261a55a5779 to 0x00000261a55a5d88
Event: 55.033 Thread 0x00000261b8fc7570 Exception <a 'java/lang/NoSuchMethodError'{0x000000008b168350}: 'java.lang.Object java.lang.invoke.DirectMethodHandle$Holder.newInvokeSpecial(java.lang.Object, java.lang.Object, java.lang.Object, java.lang.Object, java.lang.Object, java.lang.Object, java.lang.Object, java.lang.Object, java.lang.Object, java.lang.Object, java.lang.Object, java.lang.Object, java.lang.Object, java.lang.Object)'> (0x000000008b168350) 
thrown [s\open\src\hotspot\share\interpreter\linkResolver.cpp, line 774]
Event: 55.034 Thread 0x00000261b8fc7570 Exception <a 'java/lang/NoSuchMethodError'{0x000000008b16f1c0}: 'java.lang.Object java.lang.invoke.DirectMethodHandle$Holder.invokeSpecial(java.lang.Object, java.lang.Object, java.lang.Object, java.lang.Object, java.lang.Object, java.lang.Object, java.lang.Object, java.lang.Object, java.lang.Object, java.lang.Object, java.lang.Object, java.lang.Object, java.lang.Object, java.lang.Object, java.lang.Object)'> (0x000000008b16f1c0) 
thrown [s\open\src\hotspot\share\interpreter\linkResolver.cpp, line 774]
Event: 55.034 Thread 0x00000261b8fc7570 Exception <a 'java/lang/NoSuchMethodError'{0x000000008b175588}: 'java.lang.Object java.lang.invoke.DelegatingMethodHandle$Holder.reinvoke_L(java.lang.Object, java.lang.Object, java.lang.Object, java.lang.Object, java.lang.Object, java.lang.Object, java.lang.Object, java.lang.Object, java.lang.Object, java.lang.Object, java.lang.Object, java.lang.Object, java.lang.Object, java.lang.Object)'> (0x000000008b175588) 
thrown [s\open\src\hotspot\share\interpreter\linkResolver.cpp, line 774]
Event: 55.061 Thread 0x00000261b8fc7570 Exception <a 'java/lang/NoSuchMethodError'{0x000000008b0cdcb0}: 'java.lang.Object java.lang.invoke.DirectMethodHandle$Holder.newInvokeSpecial(java.lang.Object, java.lang.Object, java.lang.Object, java.lang.Object, java.lang.Object, java.lang.Object, java.lang.Object, java.lang.Object, java.lang.Object, java.lang.Object, java.lang.Object, java.lang.Object, java.lang.Object, java.lang.Object, java.lang.Object, java.lang.Object, java.lang.Object, java.lang.Object, java.lang.Object, java.lang.Object, java.lang
Event: 55.238 Thread 0x00000261b8fc7570 Exception <a 'java/lang/NoSuchMethodError'{0x000000008acd8b08}: 'java.lang.Object java.lang.invoke.DirectMethodHandle$Holder.newInvokeSpecial(java.lang.Object, java.lang.Object, java.lang.Object, java.lang.Object, java.lang.Object, java.lang.Object, java.lang.Object, java.lang.Object, java.lang.Object, java.lang.Object, java.lang.Object, java.lang.Object, java.lang.Object, java.lang.Object, java.lang.Object, java.lang.Object)'> (0x000000008acd8b08) 
thrown [s\open\src\hotspot\share\interpreter\linkResolver
Event: 55.245 Thread 0x00000261b8fc7570 Exception <a 'java/lang/NoSuchMethodError'{0x000000008acdffa8}: 'java.lang.Object java.lang.invoke.DirectMethodHandle$Holder.invokeSpecial(java.lang.Object, java.lang.Object, java.lang.Object, java.lang.Object, java.lang.Object, java.lang.Object, java.lang.Object, java.lang.Object, java.lang.Object, java.lang.Object, java.lang.Object, java.lang.Object, java.lang.Object, java.lang.Object, java.lang.Object, java.lang.Object, java.lang.Object)'> (0x000000008acdffa8) 
thrown [s\open\src\hotspot\share\interpret
Event: 55.245 Thread 0x00000261b8fc7570 Exception <a 'java/lang/NoSuchMethodError'{0x000000008ace63a0}: 'java.lang.Object java.lang.invoke.DelegatingMethodHandle$Holder.reinvoke_L(java.lang.Object, java.lang.Object, java.lang.Object, java.lang.Object, java.lang.Object, java.lang.Object, java.lang.Object, java.lang.Object, java.lang.Object, java.lang.Object, java.lang.Object, java.lang.Object, java.lang.Object, java.lang.Object, java.lang.Object, java.lang.Object)'> (0x000000008ace63a0) 
thrown [s\open\src\hotspot\share\interpreter\linkResolver.c
Event: 55.416 Thread 0x00000261b8fc7570 Exception <a 'java/lang/NoSuchMethodError'{0x000000008aba32f8}: 'java.lang.Object java.lang.invoke.DirectMethodHandle$Holder.newInvokeSpecial(java.lang.Object, java.lang.Object, java.lang.Object, java.lang.Object, java.lang.Object, java.lang.Object, java.lang.Object, java.lang.Object, java.lang.Object, java.lang.Object, java.lang.Object, java.lang.Object, java.lang.Object, java.lang.Object, java.lang.Object, java.lang.Object, java.lang.Object, java.lang.Object)'> (0x000000008aba32f8) 
thrown [s\open\src\ho
Event: 55.424 Thread 0x00000261b8fc7570 Exception <a 'java/lang/NoSuchMethodError'{0x000000008abaab88}: 'java.lang.Object java.lang.invoke.DirectMethodHandle$Holder.invokeSpecial(java.lang.Object, java.lang.Object, java.lang.Object, java.lang.Object, java.lang.Object, java.lang.Object, java.lang.Object, java.lang.Object, java.lang.Object, java.lang.Object, java.lang.Object, java.lang.Object, java.lang.Object, java.lang.Object, java.lang.Object, java.lang.Object, java.lang.Object, java.lang.Object, java.lang.Object)'> (0x000000008abaab88) 
thrown
Event: 55.430 Thread 0x00000261b8fc7570 Exception <a 'java/lang/NoSuchMethodError'{0x000000008abb1268}: 'java.lang.Object java.lang.invoke.DelegatingMethodHandle$Holder.reinvoke_L(java.lang.Object, java.lang.Object, java.lang.Object, java.lang.Object, java.lang.Object, java.lang.Object, java.lang.Object, java.lang.Object, java.lang.Object, java.lang.Object, java.lang.Object, java.lang.Object, java.lang.Object, java.lang.Object, java.lang.Object, java.lang.Object, java.lang.Object, java.lang.Object)'> (0x000000008abb1268) 
thrown [s\open\src\hots
Event: 55.467 Thread 0x00000261b8fc7570 Exception <a 'java/lang/NoSuchMethodError'{0x000000008aa4fb88}: 'java.lang.Object java.lang.invoke.DirectMethodHandle$Holder.newInvokeSpecial(java.lang.Object, java.lang.Object, java.lang.Object, java.lang.Object, java.lang.Object, java.lang.Object, java.lang.Object, java.lang.Object, java.lang.Object, java.lang.Object, java.lang.Object, java.lang.Object, java.lang.Object, java.lang.Object, java.lang.Object, java.lang.Object, java.lang.Object, java.lang.Object, java.lang.Object, java.lang.Object, java.lang

VM Operations (20 events):
Event: 53.348 Executing VM operation: Cleanup done
Event: 54.354 Executing VM operation: Cleanup
Event: 54.356 Executing VM operation: Cleanup done
Event: 54.584 Executing VM operation: G1CollectForAllocation
Event: 54.600 Executing VM operation: G1CollectForAllocation done
Event: 56.107 Executing VM operation: HandshakeAllThreads
Event: 56.108 Executing VM operation: HandshakeAllThreads done
Event: 56.108 Executing VM operation: Cleanup
Event: 56.108 Executing VM operation: Cleanup done
Event: 56.323 Executing VM operation: HandshakeAllThreads
Event: 56.324 Executing VM operation: HandshakeAllThreads done
Event: 56.735 Executing VM operation: HandshakeAllThreads
Event: 56.735 Executing VM operation: HandshakeAllThreads done
Event: 57.225 Executing VM operation: G1CollectForAllocation
Event: 57.291 Executing VM operation: G1CollectForAllocation done
Event: 59.289 Executing VM operation: Cleanup
Event: 59.664 Executing VM operation: Cleanup done
Event: 60.674 Executing VM operation: Cleanup
Event: 60.675 Executing VM operation: Cleanup done
Event: 61.093 Executing VM operation: G1CollectForAllocation

Events (20 events):
Event: 23.702 Thread 0x00000261b339fcd0 flushing nmethod 0x000002619e000090
Event: 23.702 Thread 0x00000261b339fcd0 flushing nmethod 0x000002619e001110
Event: 23.702 Thread 0x00000261b339fcd0 flushing nmethod 0x000002619e016510
Event: 23.702 Thread 0x00000261b339fcd0 flushing nmethod 0x000002619e017010
Event: 23.702 Thread 0x00000261b339fcd0 flushing nmethod 0x000002619e017810
Event: 23.702 Thread 0x00000261b339fcd0 flushing nmethod 0x000002619e018290
Event: 23.702 Thread 0x00000261b339fcd0 flushing nmethod 0x000002619e019010
Event: 23.702 Thread 0x00000261b339fcd0 flushing nmethod 0x000002619e01ac10
Event: 23.702 Thread 0x00000261b339fcd0 flushing nmethod 0x000002619e01c390
Event: 23.702 Thread 0x00000261b339fcd0 flushing nmethod 0x000002619e01dd90
Event: 23.702 Thread 0x00000261b339fcd0 flushing nmethod 0x000002619e030190
Event: 23.702 Thread 0x00000261b339fcd0 flushing nmethod 0x000002619e058b10
Event: 23.702 Thread 0x00000261b339fcd0 flushing nmethod 0x000002619e061890
Event: 23.702 Thread 0x00000261b339fcd0 flushing nmethod 0x000002619e073e90
Event: 23.702 Thread 0x00000261b339fcd0 flushing nmethod 0x000002619e0a7e90
Event: 24.478 Thread 0x00000261b8398e80 Thread added: 0x00000261b8398e80
Event: 26.320 Thread 0x00000261b8391ef0 Thread added: 0x00000261b8391ef0
Event: 29.736 Thread 0x00000261b8394420 Thread added: 0x00000261b8394420
Event: 38.566 Thread 0x00000261b8393ed0 Thread added: 0x00000261b8393ed0
Event: 45.170 Thread 0x00000261b339fcd0 flushing nmethod 0x000002619df5b710


Dynamic libraries:
0x00007ff70fbc0000 - 0x00007ff70fbd0000 	C:\Program Files\Java\jdk-19\bin\java.exe
0x00007ff898f50000 - 0x00007ff899167000 	C:\WINDOWS\SYSTEM32\ntdll.dll
0x00007ff897190000 - 0x00007ff897254000 	C:\WINDOWS\System32\KERNEL32.DLL
0x00007ff896360000 - 0x00007ff896706000 	C:\WINDOWS\System32\KERNELBASE.dll
0x00007ff896b00000 - 0x00007ff896c11000 	C:\WINDOWS\System32\ucrtbase.dll
0x00007ff881f50000 - 0x00007ff881f6b000 	C:\Program Files\Java\jdk-19\bin\VCRUNTIME140.dll
0x00007ff891030000 - 0x00007ff891048000 	C:\Program Files\Java\jdk-19\bin\jli.dll
0x00007ff898800000 - 0x00007ff8988b3000 	C:\WINDOWS\System32\ADVAPI32.dll
0x00007ff898670000 - 0x00007ff898717000 	C:\WINDOWS\System32\msvcrt.dll
0x00007ff897510000 - 0x00007ff8975b8000 	C:\WINDOWS\System32\sechost.dll
0x00007ff8968f0000 - 0x00007ff896918000 	C:\WINDOWS\System32\bcrypt.dll
0x00007ff898210000 - 0x00007ff898327000 	C:\WINDOWS\System32\RPCRT4.dll
0x00007ff897260000 - 0x00007ff89740e000 	C:\WINDOWS\System32\USER32.dll
0x00007ff896330000 - 0x00007ff896356000 	C:\WINDOWS\System32\win32u.dll
0x00007ff898430000 - 0x00007ff898459000 	C:\WINDOWS\System32\GDI32.dll
0x00007ff8969e0000 - 0x00007ff896af8000 	C:\WINDOWS\System32\gdi32full.dll
0x00007ff896290000 - 0x00007ff89632a000 	C:\WINDOWS\System32\msvcp_win.dll
0x00007ff881a50000 - 0x00007ff881ce3000 	C:\WINDOWS\WinSxS\amd64_microsoft.windows.common-controls_6595b64144ccf1df_6.0.22621.2506_none_270c5ae97388e100\COMCTL32.dll
0x00007ff88ff00000 - 0x00007ff88ff0a000 	C:\WINDOWS\SYSTEM32\VERSION.dll
0x00007ff898140000 - 0x00007ff898171000 	C:\WINDOWS\System32\IMM32.DLL
0x00007ff882140000 - 0x00007ff88214c000 	C:\Program Files\Java\jdk-19\bin\vcruntime140_1.dll
0x00007ff87ed40000 - 0x00007ff87edce000 	C:\Program Files\Java\jdk-19\bin\msvcp140.dll
0x00007ff8480f0000 - 0x00007ff848db0000 	C:\Program Files\Java\jdk-19\bin\server\jvm.dll
0x00007ff8802d0000 - 0x00007ff8802d9000 	C:\WINDOWS\SYSTEM32\WSOCK32.dll
0x00007ff898a10000 - 0x00007ff898a81000 	C:\WINDOWS\System32\WS2_32.dll
0x00007ff890470000 - 0x00007ff8904a4000 	C:\WINDOWS\SYSTEM32\WINMM.dll
0x00007ff8952d0000 - 0x00007ff8952e8000 	C:\WINDOWS\SYSTEM32\kernel.appcore.dll
0x00007ff881f40000 - 0x00007ff881f4a000 	C:\Program Files\Java\jdk-19\bin\jimage.dll
0x00007ff8808f0000 - 0x00007ff880b23000 	C:\WINDOWS\SYSTEM32\DBGHELP.DLL
0x00007ff896e00000 - 0x00007ff897189000 	C:\WINDOWS\System32\combase.dll
0x00007ff898720000 - 0x00007ff8987f7000 	C:\WINDOWS\System32\OLEAUT32.dll
0x00007ff880720000 - 0x00007ff880752000 	C:\WINDOWS\SYSTEM32\dbgcore.DLL
0x00007ff896c20000 - 0x00007ff896c9a000 	C:\WINDOWS\System32\bcryptPrimitives.dll
0x00007ff87feb0000 - 0x00007ff87febe000 	C:\Program Files\Java\jdk-19\bin\instrument.dll
0x00007ff87ed10000 - 0x00007ff87ed36000 	C:\Program Files\Java\jdk-19\bin\java.dll
0x00007ff85d610000 - 0x00007ff85d6e7000 	C:\Program Files\Java\jdk-19\bin\jsvml.dll
0x00007ff897600000 - 0x00007ff897e5b000 	C:\WINDOWS\System32\SHELL32.dll
0x00007ff8941f0000 - 0x00007ff894ae6000 	C:\WINDOWS\SYSTEM32\windows.storage.dll
0x00007ff8940b0000 - 0x00007ff8941ee000 	C:\WINDOWS\SYSTEM32\wintypes.dll
0x00007ff898330000 - 0x00007ff898423000 	C:\WINDOWS\System32\SHCORE.dll
0x00007ff898190000 - 0x00007ff8981ee000 	C:\WINDOWS\System32\shlwapi.dll
0x00007ff8961c0000 - 0x00007ff8961e6000 	C:\WINDOWS\SYSTEM32\profapi.dll
0x00007ff87ecf0000 - 0x00007ff87ed08000 	C:\Program Files\Java\jdk-19\bin\zip.dll
0x00007ff873730000 - 0x00007ff873743000 	C:\Program Files\Java\jdk-19\bin\net.dll
0x00007ff8906a0000 - 0x00007ff8907d7000 	C:\WINDOWS\SYSTEM32\WINHTTP.dll
0x00007ff895750000 - 0x00007ff8957b9000 	C:\WINDOWS\system32\mswsock.dll
0x00007ff86bdf0000 - 0x00007ff86be06000 	C:\Program Files\Java\jdk-19\bin\nio.dll
0x00007ff87c450000 - 0x00007ff87c460000 	C:\Program Files\Java\jdk-19\bin\verify.dll
0x00007ff8752a0000 - 0x00007ff8752c7000 	D:\native\c067742578af261105cb4f569cf0c3c89f3d7b1fecec35dd04571415982c5e48\windows-amd64\native-platform.dll
0x00007ff85d7b0000 - 0x00007ff85d8f4000 	D:\native\38dada09dfb8b06ba9b0570ebf7e218e3eb74d4ef43ca46872605cf95ebc2f47\windows-amd64\native-platform-file-events.dll
0x00007ff8790b0000 - 0x00007ff8790ba000 	C:\Program Files\Java\jdk-19\bin\management.dll
0x00007ff873df0000 - 0x00007ff873dfb000 	C:\Program Files\Java\jdk-19\bin\management_ext.dll
0x00007ff8981f0000 - 0x00007ff8981f8000 	C:\WINDOWS\System32\PSAPI.DLL
0x00007ff8959a0000 - 0x00007ff8959bb000 	C:\WINDOWS\SYSTEM32\CRYPTSP.dll
0x00007ff895230000 - 0x00007ff895265000 	C:\WINDOWS\system32\rsaenh.dll
0x00007ff895840000 - 0x00007ff89586c000 	C:\WINDOWS\SYSTEM32\USERENV.dll
0x00007ff8959c0000 - 0x00007ff8959cc000 	C:\WINDOWS\SYSTEM32\CRYPTBASE.dll
0x00007ff894de0000 - 0x00007ff894e0d000 	C:\WINDOWS\SYSTEM32\IPHLPAPI.DLL
0x00007ff898180000 - 0x00007ff898189000 	C:\WINDOWS\System32\NSI.dll
0x00007ff890450000 - 0x00007ff890469000 	C:\WINDOWS\SYSTEM32\dhcpcsvc6.DLL
0x00007ff890430000 - 0x00007ff89044f000 	C:\WINDOWS\SYSTEM32\dhcpcsvc.DLL
0x00007ff894e10000 - 0x00007ff894f09000 	C:\WINDOWS\SYSTEM32\DNSAPI.dll
0x00007ff8712b0000 - 0x00007ff8712b8000 	C:\Program Files\Java\jdk-19\bin\extnet.dll
0x00007ff86cbf0000 - 0x00007ff86cbfe000 	C:\Program Files\Java\jdk-19\bin\sunmscapi.dll
0x00007ff896710000 - 0x00007ff896876000 	C:\WINDOWS\System32\CRYPT32.dll
0x00007ff895b60000 - 0x00007ff895b8e000 	C:\WINDOWS\SYSTEM32\ncrypt.dll
0x00007ff895b20000 - 0x00007ff895b57000 	C:\WINDOWS\SYSTEM32\NTASN1.dll
0x00007ff87e940000 - 0x00007ff87e948000 	C:\WINDOWS\system32\wshunix.dll

dbghelp: loaded successfully - version: 4.0.5 - missing functions: none
symbol engine: initialized successfully - sym options: 0x614 - pdb path: .;C:\Program Files\Java\jdk-19\bin;C:\WINDOWS\SYSTEM32;C:\WINDOWS\WinSxS\amd64_microsoft.windows.common-controls_6595b64144ccf1df_6.0.22621.2506_none_270c5ae97388e100;C:\Program Files\Java\jdk-19\bin\server;D:\native\c067742578af261105cb4f569cf0c3c89f3d7b1fecec35dd04571415982c5e48\windows-amd64;D:\native\38dada09dfb8b06ba9b0570ebf7e218e3eb74d4ef43ca46872605cf95ebc2f47\windows-amd64

VM Arguments:
jvm_args: --add-opens=java.base/java.util=ALL-UNNAMED --add-opens=java.base/java.lang=ALL-UNNAMED --add-opens=java.base/java.lang.invoke=ALL-UNNAMED --add-opens=java.prefs/java.util.prefs=ALL-UNNAMED --add-opens=java.base/java.nio.charset=ALL-UNNAMED --add-opens=java.base/java.net=ALL-UNNAMED --add-opens=java.base/java.util.concurrent.atomic=ALL-UNNAMED -Xmx2048m -Dfile.encoding=UTF-8 -Duser.country=IT -Duser.language=it -Duser.variant -javaagent:D:\wrapper\dists\gradle-8.4-bin\1w5dpkrfk8irigvoxmyhowfim\gradle-8.4\lib\agents\gradle-instrumentation-agent-8.4.jar 
java_command: org.gradle.launcher.daemon.bootstrap.GradleDaemon 8.4
java_class_path (initial): D:\wrapper\dists\gradle-8.4-bin\1w5dpkrfk8irigvoxmyhowfim\gradle-8.4\lib\gradle-launcher-8.4.jar
Launcher Type: SUN_STANDARD

[Global flags]
     intx CICompilerCount                          = 2                                         {product} {ergonomic}
     uint ConcGCThreads                            = 1                                         {product} {ergonomic}
     uint G1ConcRefinementThreads                  = 2                                         {product} {ergonomic}
   size_t G1HeapRegionSize                         = 1048576                                   {product} {ergonomic}
    uintx GCDrainStackTargetSize                   = 64                                        {product} {ergonomic}
   size_t InitialHeapSize                          = 58720256                                  {product} {ergonomic}
   size_t MarkStackSize                            = 4194304                                   {product} {ergonomic}
   size_t MaxHeapSize                              = 2147483648                                {product} {command line}
   size_t MaxNewSize                               = 1287651328                                {product} {ergonomic}
   size_t MinHeapDeltaBytes                        = 1048576                                   {product} {ergonomic}
   size_t MinHeapSize                              = 8388608                                   {product} {ergonomic}
    uintx NonNMethodCodeHeapSize                   = 5826188                                {pd product} {ergonomic}
    uintx NonProfiledCodeHeapSize                  = 122916026                              {pd product} {ergonomic}
    uintx ProfiledCodeHeapSize                     = 122916026                              {pd product} {ergonomic}
    uintx ReservedCodeCacheSize                    = 251658240                              {pd product} {ergonomic}
     bool SegmentedCodeCache                       = true                                      {product} {ergonomic}
   size_t SoftMaxHeapSize                          = 2147483648                             {manageable} {ergonomic}
     bool UseCompressedClassPointers               = true                           {product lp64_product} {ergonomic}
     bool UseCompressedOops                        = true                           {product lp64_product} {ergonomic}
     bool UseG1GC                                  = true                                      {product} {ergonomic}
     bool UseLargePagesIndividualAllocation        = false                                  {pd product} {ergonomic}

Logging:
Log output configuration:
 #0: stdout all=warning uptime,level,tags foldmultilines=false
 #1: stderr all=off uptime,level,tags foldmultilines=false

Environment Variables:
JAVA_HOME=C:\Program Files\Java\jdk-19
PATH=C:\Program Files\Java\jdk-19\bin;C:\Program Files\Common Files\Oracle\Java\javapath;C:\Program Files (x86)\Common Files\Oracle\Java\javapath;C:\ProgramData\Oracle\Java\javapath;C:\WINDOWS\system32;C:\WINDOWS;C:\WINDOWS\System32\Wbem;C:\WINDOWS\System32\WindowsPowerShell\v1.0\;C:\WINDOWS\System32\OpenSSH\;C:\Program Files\Microsoft SQL Server\130\Tools\Binn\;C:\msys64\mingw64\bin;C:\Users\pc\OneDrive\Desktop\apache-maven-3.9.5\bin;C:\Program Files\TortoiseSVN\bin;C:\Users\pc\OneDrive\Desktop\FLCLI;C:\Users\pc\.fortify\tools\sc-client\23.1.0\bin;C:\Users\pc\.fortify\tools\sc-client\23.1.0\bin;C:\Users\pc\AppData\Local\Programs\Python\Python312;C:\Program Files\Git\cmd;C:\Users\pc\AppData\Local\Programs\Python\Python312\Scripts\;C:\Users\pc\AppData\Local\Programs\Python\Python312\;C:\Users\pc\AppData\Local\Microsoft\WindowsApps
USERNAME=pc
OS=Windows_NT
PROCESSOR_IDENTIFIER=AMD64 Family 23 Model 32 Stepping 1, AuthenticAMD
TMP=C:\Users\pc\AppData\Local\Temp
TEMP=C:\Users\pc\AppData\Local\Temp



---------------  S Y S T E M  ---------------

OS:
 Windows 11 , 64 bit Build 22621 (10.0.22621.3085)
OS uptime: 0 days 4:25 hours

CPU: total 2 (initial active 2) (2 cores per cpu, 1 threads per core) family 23 model 32 stepping 1 microcode 0x0, cx8, cmov, fxsr, mmx, 3dnowpref, sse, sse2, sse3, ssse3, sse4a, sse4.1, sse4.2, popcnt, lzcnt, tsc, tscinvbit, avx, avx2, aes, clmul, bmi1, bmi2, adx, sha, fma, vzeroupper, clflush, clflushopt, rdtscp

Memory: 4k page, system-wide physical 3463M (316M free)
TotalPageFile size 10808M (AvailPageFile size 100M)
current process WorkingSet (physical memory assigned to process): 258M, peak: 299M
current process commit charge ("private bytes"): 431M, peak: 640M

vm_info: Java HotSpot(TM) 64-Bit Server VM (19.0.2+7-44) for windows-amd64 JRE (19.0.2+7-44), built on 2022-11-30T18:02:09Z by "mach5one" with MS VC++ 17.1 (VS2022)

END.
